 Loading feature files...
 <s> = 1
 </s> = 2
 All scenes loaded.
 Hyperparameters:Namespace(LR=0.01, alternatives=1, batch_size=100, dec='LSTM', dropout=0.0, epochs=40, hidden_sz=50, load=None, log_interval=10, model='l0', no_cuda=False, save=False, seed=1)
 Listener0: Listener0Model(
  (scene_encoder): LinearSceneEncoder(
    (fc): Linear(in_features=280, out_features=50)
  )
  (string_encoder): LinearStringEncoder(
    (fc): Linear(in_features=1063, out_features=50)
  )
  (scorer): MLPScorer(
    (linear_4): Linear(in_features=50, out_features=50)
    (linear_5): Linear(in_features=50, out_features=50)
    (linear_3): Linear(in_features=50, out_features=1)
  )
)
 Training Listener0...
 Epoch [1/40], Step[0/483], loss: 0.6922
 Epoch [1/40], Step[10/483], loss: 0.6913
 Epoch [1/40], Step[20/483], loss: 0.6815
 Epoch [1/40], Step[30/483], loss: 0.6930
 Epoch [1/40], Step[40/483], loss: 0.7222
 Epoch [1/40], Step[50/483], loss: 0.6958
 Epoch [1/40], Step[60/483], loss: 0.6851
 Epoch [1/40], Step[70/483], loss: 0.6856
 Epoch [1/40], Step[80/483], loss: 0.6780
 Epoch [1/40], Step[90/483], loss: 0.6483
 Epoch [1/40], Step[100/483], loss: 0.6451
 Epoch [1/40], Step[110/483], loss: 0.8267
 Epoch [1/40], Step[120/483], loss: 0.6599
 Epoch [1/40], Step[130/483], loss: 0.6457
 Epoch [1/40], Step[140/483], loss: 0.6501
 Epoch [1/40], Step[150/483], loss: 0.7616
 Epoch [1/40], Step[160/483], loss: 0.6442
 Epoch [1/40], Step[170/483], loss: 0.7673
 Epoch [1/40], Step[180/483], loss: 0.8041
 Epoch [1/40], Step[190/483], loss: 0.6160
 Epoch [1/40], Step[200/483], loss: 0.6611
 Epoch [1/40], Step[210/483], loss: 0.6096
 Epoch [1/40], Step[220/483], loss: 0.6493
 Epoch [1/40], Step[230/483], loss: 0.6098
 Epoch [1/40], Step[240/483], loss: 0.5818
 Epoch [1/40], Step[250/483], loss: 0.5275
 Epoch [1/40], Step[260/483], loss: 0.3446
 Epoch [1/40], Step[270/483], loss: 0.6092
 Epoch [1/40], Step[280/483], loss: 0.5933
 Epoch [1/40], Step[290/483], loss: 0.6186
 Epoch [1/40], Step[300/483], loss: 0.4874
 Epoch [1/40], Step[310/483], loss: 0.5883
 Epoch [1/40], Step[320/483], loss: 0.7946
 Epoch [1/40], Step[330/483], loss: 0.4768
 Epoch [1/40], Step[340/483], loss: 0.4579
 Epoch [1/40], Step[350/483], loss: 0.6181
 Epoch [1/40], Step[360/483], loss: 0.7150
 Epoch [1/40], Step[370/483], loss: 0.4917
 Epoch [1/40], Step[380/483], loss: 0.6736
 Epoch [1/40], Step[390/483], loss: 0.6832
 Epoch [1/40], Step[400/483], loss: 0.7337
 Epoch [1/40], Step[410/483], loss: 0.5696
 Epoch [1/40], Step[420/483], loss: 0.3721
 Epoch [1/40], Step[430/483], loss: 0.5890
 Epoch [1/40], Step[440/483], loss: 0.6454
 Epoch [1/40], Step[450/483], loss: 0.5913
 Epoch [1/40], Step[460/483], loss: 0.6001
 Epoch [1/40], Step[470/483], loss: 0.4603
 Epoch [1/40], Step[480/483], loss: 0.4903
 ====> Epoch 1: Training loss: 299.0484
 Accuracy: 0.630352
 Epoch [2/40], Step[0/483], loss: 0.5276
 Epoch [2/40], Step[10/483], loss: 0.4921
 Epoch [2/40], Step[20/483], loss: 0.6422
 Epoch [2/40], Step[30/483], loss: 0.5708
 Epoch [2/40], Step[40/483], loss: 0.4602
 Epoch [2/40], Step[50/483], loss: 0.5039
 Epoch [2/40], Step[60/483], loss: 0.5893
 Epoch [2/40], Step[70/483], loss: 0.4645
 Epoch [2/40], Step[80/483], loss: 0.4237
 Epoch [2/40], Step[90/483], loss: 0.4679
 Epoch [2/40], Step[100/483], loss: 0.4514
 Epoch [2/40], Step[110/483], loss: 0.6062
 Epoch [2/40], Step[120/483], loss: 0.5250
 Epoch [2/40], Step[130/483], loss: 0.5322
 Epoch [2/40], Step[140/483], loss: 0.4780
 Epoch [2/40], Step[150/483], loss: 0.4546
 Epoch [2/40], Step[160/483], loss: 0.6246
 Epoch [2/40], Step[170/483], loss: 0.6673
 Epoch [2/40], Step[180/483], loss: 0.4367
 Epoch [2/40], Step[190/483], loss: 0.4405
 Epoch [2/40], Step[200/483], loss: 0.6118
 Epoch [2/40], Step[210/483], loss: 0.3610
 Epoch [2/40], Step[220/483], loss: 0.5107
 Epoch [2/40], Step[230/483], loss: 0.5481
 Epoch [2/40], Step[240/483], loss: 0.3963
 Epoch [2/40], Step[250/483], loss: 0.4816
 Epoch [2/40], Step[260/483], loss: 0.3104
 Epoch [2/40], Step[270/483], loss: 0.4639
 Epoch [2/40], Step[280/483], loss: 0.5243
 Epoch [2/40], Step[290/483], loss: 0.5014
 Epoch [2/40], Step[300/483], loss: 0.4787
 Epoch [2/40], Step[310/483], loss: 0.5095
 Epoch [2/40], Step[320/483], loss: 0.7309
 Epoch [2/40], Step[330/483], loss: 0.5218
 Epoch [2/40], Step[340/483], loss: 0.3588
 Epoch [2/40], Step[350/483], loss: 0.4261
 Epoch [2/40], Step[360/483], loss: 0.4611
 Epoch [2/40], Step[370/483], loss: 0.3840
 Epoch [2/40], Step[380/483], loss: 0.5028
 Epoch [2/40], Step[390/483], loss: 0.5365
 Epoch [2/40], Step[400/483], loss: 0.4967
 Epoch [2/40], Step[410/483], loss: 0.4922
 Epoch [2/40], Step[420/483], loss: 0.4551
 Epoch [2/40], Step[430/483], loss: 0.4546
 Epoch [2/40], Step[440/483], loss: 0.4546
 Epoch [2/40], Step[450/483], loss: 0.4655
 Epoch [2/40], Step[460/483], loss: 0.5541
 Epoch [2/40], Step[470/483], loss: 0.4703
 Epoch [2/40], Step[480/483], loss: 0.3233
 ====> Epoch 2: Training loss: 238.4468
 Accuracy: 0.739710
 Epoch [3/40], Step[0/483], loss: 0.4172
 Epoch [3/40], Step[10/483], loss: 0.4333
 Epoch [3/40], Step[20/483], loss: 0.5174
 Epoch [3/40], Step[30/483], loss: 0.5937
 Epoch [3/40], Step[40/483], loss: 0.4235
 Epoch [3/40], Step[50/483], loss: 0.5211
 Epoch [3/40], Step[60/483], loss: 0.5293
 Epoch [3/40], Step[70/483], loss: 0.4356
 Epoch [3/40], Step[80/483], loss: 0.4650
 Epoch [3/40], Step[90/483], loss: 0.4160
 Epoch [3/40], Step[100/483], loss: 0.3536
 Epoch [3/40], Step[110/483], loss: 0.5123
 Epoch [3/40], Step[120/483], loss: 0.4341
 Epoch [3/40], Step[130/483], loss: 0.5136
 Epoch [3/40], Step[140/483], loss: 0.4211
 Epoch [3/40], Step[150/483], loss: 0.3882
 Epoch [3/40], Step[160/483], loss: 0.6408
 Epoch [3/40], Step[170/483], loss: 0.4748
 Epoch [3/40], Step[180/483], loss: 0.3463
 Epoch [3/40], Step[190/483], loss: 0.3787
 Epoch [3/40], Step[200/483], loss: 0.4598
 Epoch [3/40], Step[210/483], loss: 0.3300
 Epoch [3/40], Step[220/483], loss: 0.4524
 Epoch [3/40], Step[230/483], loss: 0.4887
 Epoch [3/40], Step[240/483], loss: 0.4150
 Epoch [3/40], Step[250/483], loss: 0.3413
 Epoch [3/40], Step[260/483], loss: 0.3222
 Epoch [3/40], Step[270/483], loss: 0.4021
 Epoch [3/40], Step[280/483], loss: 0.4694
 Epoch [3/40], Step[290/483], loss: 0.3870
 Epoch [3/40], Step[300/483], loss: 0.4492
 Epoch [3/40], Step[310/483], loss: 0.4043
 Epoch [3/40], Step[320/483], loss: 0.4805
 Epoch [3/40], Step[330/483], loss: 0.4331
 Epoch [3/40], Step[340/483], loss: 0.3538
 Epoch [3/40], Step[350/483], loss: 0.4932
 Epoch [3/40], Step[360/483], loss: 0.4429
 Epoch [3/40], Step[370/483], loss: 0.2922
 Epoch [3/40], Step[380/483], loss: 0.4424
 Epoch [3/40], Step[390/483], loss: 0.4808
 Epoch [3/40], Step[400/483], loss: 0.4520
 Epoch [3/40], Step[410/483], loss: 0.3287
 Epoch [3/40], Step[420/483], loss: 0.3461
 Epoch [3/40], Step[430/483], loss: 0.3906
 Epoch [3/40], Step[440/483], loss: 0.3175
 Epoch [3/40], Step[450/483], loss: 0.4505
 Epoch [3/40], Step[460/483], loss: 0.4773
 Epoch [3/40], Step[470/483], loss: 0.4600
 Epoch [3/40], Step[480/483], loss: 0.4573
 ====> Epoch 3: Training loss: 205.2296
 Accuracy: 0.783416
 Epoch [4/40], Step[0/483], loss: 0.4203
 Epoch [4/40], Step[10/483], loss: 0.2901
 Epoch [4/40], Step[20/483], loss: 0.3657
 Epoch [4/40], Step[30/483], loss: 0.4498
 Epoch [4/40], Step[40/483], loss: 0.3931
 Epoch [4/40], Step[50/483], loss: 0.3096
 Epoch [4/40], Step[60/483], loss: 0.5342
 Epoch [4/40], Step[70/483], loss: 0.3715
 Epoch [4/40], Step[80/483], loss: 0.4732
 Epoch [4/40], Step[90/483], loss: 0.3771
 Epoch [4/40], Step[100/483], loss: 0.3584
 Epoch [4/40], Step[110/483], loss: 0.4218
 Epoch [4/40], Step[120/483], loss: 0.2711
 Epoch [4/40], Step[130/483], loss: 0.6320
 Epoch [4/40], Step[140/483], loss: 0.4552
 Epoch [4/40], Step[150/483], loss: 0.4550
 Epoch [4/40], Step[160/483], loss: 0.4905
 Epoch [4/40], Step[170/483], loss: 0.4645
 Epoch [4/40], Step[180/483], loss: 0.3073
 Epoch [4/40], Step[190/483], loss: 0.3828
 Epoch [4/40], Step[200/483], loss: 0.3154
 Epoch [4/40], Step[210/483], loss: 0.3082
 Epoch [4/40], Step[220/483], loss: 0.3043
 Epoch [4/40], Step[230/483], loss: 0.4220
 Epoch [4/40], Step[240/483], loss: 0.2388
 Epoch [4/40], Step[250/483], loss: 0.3638
 Epoch [4/40], Step[260/483], loss: 0.2976
 Epoch [4/40], Step[270/483], loss: 0.3399
 Epoch [4/40], Step[280/483], loss: 0.4497
 Epoch [4/40], Step[290/483], loss: 0.4635
 Epoch [4/40], Step[300/483], loss: 0.3003
 Epoch [4/40], Step[310/483], loss: 0.3611
 Epoch [4/40], Step[320/483], loss: 0.4813
 Epoch [4/40], Step[330/483], loss: 0.3879
 Epoch [4/40], Step[340/483], loss: 0.3214
 Epoch [4/40], Step[350/483], loss: 0.3156
 Epoch [4/40], Step[360/483], loss: 0.3935
 Epoch [4/40], Step[370/483], loss: 0.2560
 Epoch [4/40], Step[380/483], loss: 0.3483
 Epoch [4/40], Step[390/483], loss: 0.5058
 Epoch [4/40], Step[400/483], loss: 0.4427
 Epoch [4/40], Step[410/483], loss: 0.2842
 Epoch [4/40], Step[420/483], loss: 0.3541
 Epoch [4/40], Step[430/483], loss: 0.3785
 Epoch [4/40], Step[440/483], loss: 0.3156
 Epoch [4/40], Step[450/483], loss: 0.2331
 Epoch [4/40], Step[460/483], loss: 0.4662
 Epoch [4/40], Step[470/483], loss: 0.3361
 Epoch [4/40], Step[480/483], loss: 0.3635
 ====> Epoch 4: Training loss: 179.2648
 Accuracy: 0.814348
 Epoch [5/40], Step[0/483], loss: 0.3650
 Epoch [5/40], Step[10/483], loss: 0.3194
 Epoch [5/40], Step[20/483], loss: 0.2849
 Epoch [5/40], Step[30/483], loss: 0.3963
 Epoch [5/40], Step[40/483], loss: 0.2624
 Epoch [5/40], Step[50/483], loss: 0.3337
 Epoch [5/40], Step[60/483], loss: 0.2893
 Epoch [5/40], Step[70/483], loss: 0.2602
 Epoch [5/40], Step[80/483], loss: 0.3321
 Epoch [5/40], Step[90/483], loss: 0.3100
 Epoch [5/40], Step[100/483], loss: 0.2823
 Epoch [5/40], Step[110/483], loss: 0.3579
 Epoch [5/40], Step[120/483], loss: 0.3206
 Epoch [5/40], Step[130/483], loss: 0.3496
 Epoch [5/40], Step[140/483], loss: 0.3505
 Epoch [5/40], Step[150/483], loss: 0.2395
 Epoch [5/40], Step[160/483], loss: 0.2836
 Epoch [5/40], Step[170/483], loss: 0.4786
 Epoch [5/40], Step[180/483], loss: 0.3023
 Epoch [5/40], Step[190/483], loss: 0.2855
 Epoch [5/40], Step[200/483], loss: 0.2682
 Epoch [5/40], Step[210/483], loss: 0.2717
 Epoch [5/40], Step[220/483], loss: 0.3418
 Epoch [5/40], Step[230/483], loss: 0.3811
 Epoch [5/40], Step[240/483], loss: 0.2749
 Epoch [5/40], Step[250/483], loss: 0.2723
 Epoch [5/40], Step[260/483], loss: 0.2050
 Epoch [5/40], Step[270/483], loss: 0.3077
 Epoch [5/40], Step[280/483], loss: 0.4527
 Epoch [5/40], Step[290/483], loss: 0.3454
 Epoch [5/40], Step[300/483], loss: 0.2715
 Epoch [5/40], Step[310/483], loss: 0.2893
 Epoch [5/40], Step[320/483], loss: 0.3935
 Epoch [5/40], Step[330/483], loss: 0.3894
 Epoch [5/40], Step[340/483], loss: 0.2853
 Epoch [5/40], Step[350/483], loss: 0.3478
 Epoch [5/40], Step[360/483], loss: 0.4264
 Epoch [5/40], Step[370/483], loss: 0.2620
 Epoch [5/40], Step[380/483], loss: 0.3380
 Epoch [5/40], Step[390/483], loss: 0.3276
 Epoch [5/40], Step[400/483], loss: 0.3464
 Epoch [5/40], Step[410/483], loss: 0.3365
 Epoch [5/40], Step[420/483], loss: 0.2929
 Epoch [5/40], Step[430/483], loss: 0.3350
 Epoch [5/40], Step[440/483], loss: 0.3883
 Epoch [5/40], Step[450/483], loss: 0.3368
 Epoch [5/40], Step[460/483], loss: 0.2616
 Epoch [5/40], Step[470/483], loss: 0.2568
 Epoch [5/40], Step[480/483], loss: 0.2701
 ====> Epoch 5: Training loss: 156.2875
 Accuracy: 0.843271
 Epoch [6/40], Step[0/483], loss: 0.2233
 Epoch [6/40], Step[10/483], loss: 0.2735
 Epoch [6/40], Step[20/483], loss: 0.2525
 Epoch [6/40], Step[30/483], loss: 0.3233
 Epoch [6/40], Step[40/483], loss: 0.2483
 Epoch [6/40], Step[50/483], loss: 0.2578
 Epoch [6/40], Step[60/483], loss: 0.5286
 Epoch [6/40], Step[70/483], loss: 0.2694
 Epoch [6/40], Step[80/483], loss: 0.2253
 Epoch [6/40], Step[90/483], loss: 0.2808
 Epoch [6/40], Step[100/483], loss: 0.2877
 Epoch [6/40], Step[110/483], loss: 0.2010
 Epoch [6/40], Step[120/483], loss: 0.2266
 Epoch [6/40], Step[130/483], loss: 0.3155
 Epoch [6/40], Step[140/483], loss: 0.3319
 Epoch [6/40], Step[150/483], loss: 0.3413
 Epoch [6/40], Step[160/483], loss: 0.3630
 Epoch [6/40], Step[170/483], loss: 0.4351
 Epoch [6/40], Step[180/483], loss: 0.2904
 Epoch [6/40], Step[190/483], loss: 0.2728
 Epoch [6/40], Step[200/483], loss: 0.2561
 Epoch [6/40], Step[210/483], loss: 0.2075
 Epoch [6/40], Step[220/483], loss: 0.3155
 Epoch [6/40], Step[230/483], loss: 0.3817
 Epoch [6/40], Step[240/483], loss: 0.3813
 Epoch [6/40], Step[250/483], loss: 0.2444
 Epoch [6/40], Step[260/483], loss: 0.1970
 Epoch [6/40], Step[270/483], loss: 0.2516
 Epoch [6/40], Step[280/483], loss: 0.3364
 Epoch [6/40], Step[290/483], loss: 0.3575
 Epoch [6/40], Step[300/483], loss: 0.3341
 Epoch [6/40], Step[310/483], loss: 0.3371
 Epoch [6/40], Step[320/483], loss: 0.1906
 Epoch [6/40], Step[330/483], loss: 0.3751
 Epoch [6/40], Step[340/483], loss: 0.1696
 Epoch [6/40], Step[350/483], loss: 0.3086
 Epoch [6/40], Step[360/483], loss: 0.2837
 Epoch [6/40], Step[370/483], loss: 0.3255
 Epoch [6/40], Step[380/483], loss: 0.2816
 Epoch [6/40], Step[390/483], loss: 0.3856
 Epoch [6/40], Step[400/483], loss: 0.5092
 Epoch [6/40], Step[410/483], loss: 0.3191
 Epoch [6/40], Step[420/483], loss: 0.2869
 Epoch [6/40], Step[430/483], loss: 0.2767
 Epoch [6/40], Step[440/483], loss: 0.3591
 Epoch [6/40], Step[450/483], loss: 0.3116
 Epoch [6/40], Step[460/483], loss: 0.2751
 Epoch [6/40], Step[470/483], loss: 0.2492
 Epoch [6/40], Step[480/483], loss: 0.2435
 ====> Epoch 6: Training loss: 143.3670
 Accuracy: 0.854762
 Epoch [7/40], Step[0/483], loss: 0.2899
 Epoch [7/40], Step[10/483], loss: 0.2536
 Epoch [7/40], Step[20/483], loss: 0.3476
 Epoch [7/40], Step[30/483], loss: 0.3499
 Epoch [7/40], Step[40/483], loss: 0.3431
 Epoch [7/40], Step[50/483], loss: 0.1892
 Epoch [7/40], Step[60/483], loss: 0.3539
 Epoch [7/40], Step[70/483], loss: 0.2099
 Epoch [7/40], Step[80/483], loss: 0.2253
 Epoch [7/40], Step[90/483], loss: 0.2064
 Epoch [7/40], Step[100/483], loss: 0.2407
 Epoch [7/40], Step[110/483], loss: 0.3411
 Epoch [7/40], Step[120/483], loss: 0.2506
 Epoch [7/40], Step[130/483], loss: 0.3034
 Epoch [7/40], Step[140/483], loss: 0.2382
 Epoch [7/40], Step[150/483], loss: 0.2517
 Epoch [7/40], Step[160/483], loss: 0.2954
 Epoch [7/40], Step[170/483], loss: 0.2664
 Epoch [7/40], Step[180/483], loss: 0.2102
 Epoch [7/40], Step[190/483], loss: 0.3580
 Epoch [7/40], Step[200/483], loss: 0.3878
 Epoch [7/40], Step[210/483], loss: 0.1830
 Epoch [7/40], Step[220/483], loss: 0.3028
 Epoch [7/40], Step[230/483], loss: 0.3631
 Epoch [7/40], Step[240/483], loss: 0.3685
 Epoch [7/40], Step[250/483], loss: 0.2775
 Epoch [7/40], Step[260/483], loss: 0.1778
 Epoch [7/40], Step[270/483], loss: 0.1663
 Epoch [7/40], Step[280/483], loss: 0.3481
 Epoch [7/40], Step[290/483], loss: 0.2922
 Epoch [7/40], Step[300/483], loss: 0.4011
 Epoch [7/40], Step[310/483], loss: 0.2521
 Epoch [7/40], Step[320/483], loss: 0.4330
 Epoch [7/40], Step[330/483], loss: 0.2686
 Epoch [7/40], Step[340/483], loss: 0.1285
 Epoch [7/40], Step[350/483], loss: 0.2667
 Epoch [7/40], Step[360/483], loss: 0.2312
 Epoch [7/40], Step[370/483], loss: 0.2270
 Epoch [7/40], Step[380/483], loss: 0.3917
 Epoch [7/40], Step[390/483], loss: 0.2473
 Epoch [7/40], Step[400/483], loss: 0.4338
 Epoch [7/40], Step[410/483], loss: 0.2943
 Epoch [7/40], Step[420/483], loss: 0.3061
 Epoch [7/40], Step[430/483], loss: 0.2353
 Epoch [7/40], Step[440/483], loss: 0.2772
 Epoch [7/40], Step[450/483], loss: 0.2366
 Epoch [7/40], Step[460/483], loss: 0.2726
 Epoch [7/40], Step[470/483], loss: 0.1894
 Epoch [7/40], Step[480/483], loss: 0.2138
 ====> Epoch 7: Training loss: 136.7882
 Accuracy: 0.860331
 Epoch [8/40], Step[0/483], loss: 0.2144
 Epoch [8/40], Step[10/483], loss: 0.2742
 Epoch [8/40], Step[20/483], loss: 0.2255
 Epoch [8/40], Step[30/483], loss: 0.2842
 Epoch [8/40], Step[40/483], loss: 0.1889
 Epoch [8/40], Step[50/483], loss: 0.2134
 Epoch [8/40], Step[60/483], loss: 0.3313
 Epoch [8/40], Step[70/483], loss: 0.2776
 Epoch [8/40], Step[80/483], loss: 0.2653
 Epoch [8/40], Step[90/483], loss: 0.2261
 Epoch [8/40], Step[100/483], loss: 0.2658
 Epoch [8/40], Step[110/483], loss: 0.2417
 Epoch [8/40], Step[120/483], loss: 0.2756
 Epoch [8/40], Step[130/483], loss: 0.2710
 Epoch [8/40], Step[140/483], loss: 0.2033
 Epoch [8/40], Step[150/483], loss: 0.2704
 Epoch [8/40], Step[160/483], loss: 0.2190
 Epoch [8/40], Step[170/483], loss: 0.3439
 Epoch [8/40], Step[180/483], loss: 0.1521
 Epoch [8/40], Step[190/483], loss: 0.3507
 Epoch [8/40], Step[200/483], loss: 0.2091
 Epoch [8/40], Step[210/483], loss: 0.2965
 Epoch [8/40], Step[220/483], loss: 0.2665
 Epoch [8/40], Step[230/483], loss: 0.3814
 Epoch [8/40], Step[240/483], loss: 0.4313
 Epoch [8/40], Step[250/483], loss: 0.3089
 Epoch [8/40], Step[260/483], loss: 0.1694
 Epoch [8/40], Step[270/483], loss: 0.2863
 Epoch [8/40], Step[280/483], loss: 0.2750
 Epoch [8/40], Step[290/483], loss: 0.2603
 Epoch [8/40], Step[300/483], loss: 0.2000
 Epoch [8/40], Step[310/483], loss: 0.3112
 Epoch [8/40], Step[320/483], loss: 0.2597
 Epoch [8/40], Step[330/483], loss: 0.3195
 Epoch [8/40], Step[340/483], loss: 0.1993
 Epoch [8/40], Step[350/483], loss: 0.3062
 Epoch [8/40], Step[360/483], loss: 0.2519
 Epoch [8/40], Step[370/483], loss: 0.2123
 Epoch [8/40], Step[380/483], loss: 0.3296
 Epoch [8/40], Step[390/483], loss: 0.3997
 Epoch [8/40], Step[400/483], loss: 0.3231
 Epoch [8/40], Step[410/483], loss: 0.3032
 Epoch [8/40], Step[420/483], loss: 0.2415
 Epoch [8/40], Step[430/483], loss: 0.3297
 Epoch [8/40], Step[440/483], loss: 0.2914
 Epoch [8/40], Step[450/483], loss: 0.1938
 Epoch [8/40], Step[460/483], loss: 0.2576
 Epoch [8/40], Step[470/483], loss: 0.2282
 Epoch [8/40], Step[480/483], loss: 0.2650
 ====> Epoch 8: Training loss: 129.8894
 Accuracy: 0.867867
 Epoch [9/40], Step[0/483], loss: 0.1729
 Epoch [9/40], Step[10/483], loss: 0.2504
 Epoch [9/40], Step[20/483], loss: 0.2159
 Epoch [9/40], Step[30/483], loss: 0.2386
 Epoch [9/40], Step[40/483], loss: 0.2190
 Epoch [9/40], Step[50/483], loss: 0.1907
 Epoch [9/40], Step[60/483], loss: 0.2570
 Epoch [9/40], Step[70/483], loss: 0.1978
 Epoch [9/40], Step[80/483], loss: 0.2563
 Epoch [9/40], Step[90/483], loss: 0.2294
 Epoch [9/40], Step[100/483], loss: 0.1440
 Epoch [9/40], Step[110/483], loss: 0.2372
 Epoch [9/40], Step[120/483], loss: 0.2510
 Epoch [9/40], Step[130/483], loss: 0.2580
 Epoch [9/40], Step[140/483], loss: 0.2170
 Epoch [9/40], Step[150/483], loss: 0.2526
 Epoch [9/40], Step[160/483], loss: 0.2383
 Epoch [9/40], Step[170/483], loss: 0.2299
 Epoch [9/40], Step[180/483], loss: 0.2610
 Epoch [9/40], Step[190/483], loss: 0.3774
 Epoch [9/40], Step[200/483], loss: 0.3207
 Epoch [9/40], Step[210/483], loss: 0.1943
 Epoch [9/40], Step[220/483], loss: 0.3522
 Epoch [9/40], Step[230/483], loss: 0.3367
 Epoch [9/40], Step[240/483], loss: 0.1945
 Epoch [9/40], Step[250/483], loss: 0.3281
 Epoch [9/40], Step[260/483], loss: 0.1804
 Epoch [9/40], Step[270/483], loss: 0.2055
 Epoch [9/40], Step[280/483], loss: 0.2909
 Epoch [9/40], Step[290/483], loss: 0.2242
 Epoch [9/40], Step[300/483], loss: 0.2488
 Epoch [9/40], Step[310/483], loss: 0.2737
 Epoch [9/40], Step[320/483], loss: 0.2419
 Epoch [9/40], Step[330/483], loss: 0.3108
 Epoch [9/40], Step[340/483], loss: 0.1490
 Epoch [9/40], Step[350/483], loss: 0.2083
 Epoch [9/40], Step[360/483], loss: 0.2485
 Epoch [9/40], Step[370/483], loss: 0.3426
 Epoch [9/40], Step[380/483], loss: 0.2781
 Epoch [9/40], Step[390/483], loss: 0.2660
 Epoch [9/40], Step[400/483], loss: 0.3648
 Epoch [9/40], Step[410/483], loss: 0.2729
 Epoch [9/40], Step[420/483], loss: 0.2840
 Epoch [9/40], Step[430/483], loss: 0.2902
 Epoch [9/40], Step[440/483], loss: 0.3639
 Epoch [9/40], Step[450/483], loss: 0.1845
 Epoch [9/40], Step[460/483], loss: 0.2291
 Epoch [9/40], Step[470/483], loss: 0.2111
 Epoch [9/40], Step[480/483], loss: 0.1409
 ====> Epoch 9: Training loss: 122.6777
 Accuracy: 0.875963
 Epoch [10/40], Step[0/483], loss: 0.2397
 Epoch [10/40], Step[10/483], loss: 0.1962
 Epoch [10/40], Step[20/483], loss: 0.2453
 Epoch [10/40], Step[30/483], loss: 0.2422
 Epoch [10/40], Step[40/483], loss: 0.1934
 Epoch [10/40], Step[50/483], loss: 0.1820
 Epoch [10/40], Step[60/483], loss: 0.2314
 Epoch [10/40], Step[70/483], loss: 0.2265
 Epoch [10/40], Step[80/483], loss: 0.2376
 Epoch [10/40], Step[90/483], loss: 0.1858
 Epoch [10/40], Step[100/483], loss: 0.2280
 Epoch [10/40], Step[110/483], loss: 0.3467
 Epoch [10/40], Step[120/483], loss: 0.1874
 Epoch [10/40], Step[130/483], loss: 0.2403
 Epoch [10/40], Step[140/483], loss: 0.1838
 Epoch [10/40], Step[150/483], loss: 0.3162
 Epoch [10/40], Step[160/483], loss: 0.2059
 Epoch [10/40], Step[170/483], loss: 0.2290
 Epoch [10/40], Step[180/483], loss: 0.2374
 Epoch [10/40], Step[190/483], loss: 0.2081
 Epoch [10/40], Step[200/483], loss: 0.2614
 Epoch [10/40], Step[210/483], loss: 0.2051
 Epoch [10/40], Step[220/483], loss: 0.3120
 Epoch [10/40], Step[230/483], loss: 0.2110
 Epoch [10/40], Step[240/483], loss: 0.2962
 Epoch [10/40], Step[250/483], loss: 0.2452
 Epoch [10/40], Step[260/483], loss: 0.1716
 Epoch [10/40], Step[270/483], loss: 0.2673
 Epoch [10/40], Step[280/483], loss: 0.2695
 Epoch [10/40], Step[290/483], loss: 0.1765
 Epoch [10/40], Step[300/483], loss: 0.1756
 Epoch [10/40], Step[310/483], loss: 0.3106
 Epoch [10/40], Step[320/483], loss: 0.2261
 Epoch [10/40], Step[330/483], loss: 0.2660
 Epoch [10/40], Step[340/483], loss: 0.2114
 Epoch [10/40], Step[350/483], loss: 0.2315
 Epoch [10/40], Step[360/483], loss: 0.2396
 Epoch [10/40], Step[370/483], loss: 0.3447
 Epoch [10/40], Step[380/483], loss: 0.2872
 Epoch [10/40], Step[390/483], loss: 0.3453
 Epoch [10/40], Step[400/483], loss: 0.2734
 Epoch [10/40], Step[410/483], loss: 0.2070
 Epoch [10/40], Step[420/483], loss: 0.2897
 Epoch [10/40], Step[430/483], loss: 0.2441
 Epoch [10/40], Step[440/483], loss: 0.2383
 Epoch [10/40], Step[450/483], loss: 0.1820
 Epoch [10/40], Step[460/483], loss: 0.2095
 Epoch [10/40], Step[470/483], loss: 0.1811
 Epoch [10/40], Step[480/483], loss: 0.1555
 ====> Epoch 10: Training loss: 118.7208
 Accuracy: 0.879110
 Epoch [11/40], Step[0/483], loss: 0.1843
 Epoch [11/40], Step[10/483], loss: 0.1838
 Epoch [11/40], Step[20/483], loss: 0.2172
 Epoch [11/40], Step[30/483], loss: 0.2443
 Epoch [11/40], Step[40/483], loss: 0.1931
 Epoch [11/40], Step[50/483], loss: 0.1786
 Epoch [11/40], Step[60/483], loss: 0.3245
 Epoch [11/40], Step[70/483], loss: 0.1703
 Epoch [11/40], Step[80/483], loss: 0.2521
 Epoch [11/40], Step[90/483], loss: 0.2750
 Epoch [11/40], Step[100/483], loss: 0.3140
 Epoch [11/40], Step[110/483], loss: 0.2098
 Epoch [11/40], Step[120/483], loss: 0.2355
 Epoch [11/40], Step[130/483], loss: 0.1848
 Epoch [11/40], Step[140/483], loss: 0.2434
 Epoch [11/40], Step[150/483], loss: 0.2796
 Epoch [11/40], Step[160/483], loss: 0.1947
 Epoch [11/40], Step[170/483], loss: 0.1841
 Epoch [11/40], Step[180/483], loss: 0.2288
 Epoch [11/40], Step[190/483], loss: 0.2400
 Epoch [11/40], Step[200/483], loss: 0.1597
 Epoch [11/40], Step[210/483], loss: 0.2533
 Epoch [11/40], Step[220/483], loss: 0.3059
 Epoch [11/40], Step[230/483], loss: 0.1908
 Epoch [11/40], Step[240/483], loss: 0.1994
 Epoch [11/40], Step[250/483], loss: 0.2579
 Epoch [11/40], Step[260/483], loss: 0.2638
 Epoch [11/40], Step[270/483], loss: 0.2749
 Epoch [11/40], Step[280/483], loss: 0.2636
 Epoch [11/40], Step[290/483], loss: 0.2986
 Epoch [11/40], Step[300/483], loss: 0.2881
 Epoch [11/40], Step[310/483], loss: 0.2727
 Epoch [11/40], Step[320/483], loss: 0.1915
 Epoch [11/40], Step[330/483], loss: 0.2815
 Epoch [11/40], Step[340/483], loss: 0.2116
 Epoch [11/40], Step[350/483], loss: 0.2784
 Epoch [11/40], Step[360/483], loss: 0.2823
 Epoch [11/40], Step[370/483], loss: 0.1832
 Epoch [11/40], Step[380/483], loss: 0.2418
 Epoch [11/40], Step[390/483], loss: 0.2785
 Epoch [11/40], Step[400/483], loss: 0.3591
 Epoch [11/40], Step[410/483], loss: 0.3109
 Epoch [11/40], Step[420/483], loss: 0.2472
 Epoch [11/40], Step[430/483], loss: 0.2253
 Epoch [11/40], Step[440/483], loss: 0.3287
 Epoch [11/40], Step[450/483], loss: 0.2944
 Epoch [11/40], Step[460/483], loss: 0.2835
 Epoch [11/40], Step[470/483], loss: 0.1765
 Epoch [11/40], Step[480/483], loss: 0.1891
 ====> Epoch 11: Training loss: 116.3028
 Accuracy: 0.881884
 Epoch [12/40], Step[0/483], loss: 0.1702
 Epoch [12/40], Step[10/483], loss: 0.1646
 Epoch [12/40], Step[20/483], loss: 0.2995
 Epoch [12/40], Step[30/483], loss: 0.2717
 Epoch [12/40], Step[40/483], loss: 0.2451
 Epoch [12/40], Step[50/483], loss: 0.1458
 Epoch [12/40], Step[60/483], loss: 0.2850
 Epoch [12/40], Step[70/483], loss: 0.1835
 Epoch [12/40], Step[80/483], loss: 0.2101
 Epoch [12/40], Step[90/483], loss: 0.3223
 Epoch [12/40], Step[100/483], loss: 0.1719
 Epoch [12/40], Step[110/483], loss: 0.1367
 Epoch [12/40], Step[120/483], loss: 0.1586
 Epoch [12/40], Step[130/483], loss: 0.3570
 Epoch [12/40], Step[140/483], loss: 0.1869
 Epoch [12/40], Step[150/483], loss: 0.3220
 Epoch [12/40], Step[160/483], loss: 0.2364
 Epoch [12/40], Step[170/483], loss: 0.2289
 Epoch [12/40], Step[180/483], loss: 0.1609
 Epoch [12/40], Step[190/483], loss: 0.2337
 Epoch [12/40], Step[200/483], loss: 0.1305
 Epoch [12/40], Step[210/483], loss: 0.2024
 Epoch [12/40], Step[220/483], loss: 0.2988
 Epoch [12/40], Step[230/483], loss: 0.2887
 Epoch [12/40], Step[240/483], loss: 0.2123
 Epoch [12/40], Step[250/483], loss: 0.1962
 Epoch [12/40], Step[260/483], loss: 0.1657
 Epoch [12/40], Step[270/483], loss: 0.2074
 Epoch [12/40], Step[280/483], loss: 0.3339
 Epoch [12/40], Step[290/483], loss: 0.2008
 Epoch [12/40], Step[300/483], loss: 0.2762
 Epoch [12/40], Step[310/483], loss: 0.3050
 Epoch [12/40], Step[320/483], loss: 0.1994
 Epoch [12/40], Step[330/483], loss: 0.2012
 Epoch [12/40], Step[340/483], loss: 0.1586
 Epoch [12/40], Step[350/483], loss: 0.2091
 Epoch [12/40], Step[360/483], loss: 0.2046
 Epoch [12/40], Step[370/483], loss: 0.2007
 Epoch [12/40], Step[380/483], loss: 0.2990
 Epoch [12/40], Step[390/483], loss: 0.2908
 Epoch [12/40], Step[400/483], loss: 0.2844
 Epoch [12/40], Step[410/483], loss: 0.2622
 Epoch [12/40], Step[420/483], loss: 0.2625
 Epoch [12/40], Step[430/483], loss: 0.2334
 Epoch [12/40], Step[440/483], loss: 0.1741
 Epoch [12/40], Step[450/483], loss: 0.2180
 Epoch [12/40], Step[460/483], loss: 0.2537
 Epoch [12/40], Step[470/483], loss: 0.2000
 Epoch [12/40], Step[480/483], loss: 0.1922
 ====> Epoch 12: Training loss: 110.1974
 Accuracy: 0.889379
 Epoch [13/40], Step[0/483], loss: 0.1067
 Epoch [13/40], Step[10/483], loss: 0.1885
 Epoch [13/40], Step[20/483], loss: 0.1538
 Epoch [13/40], Step[30/483], loss: 0.2259
 Epoch [13/40], Step[40/483], loss: 0.3085
 Epoch [13/40], Step[50/483], loss: 0.2086
 Epoch [13/40], Step[60/483], loss: 0.2829
 Epoch [13/40], Step[70/483], loss: 0.1823
 Epoch [13/40], Step[80/483], loss: 0.2276
 Epoch [13/40], Step[90/483], loss: 0.2291
 Epoch [13/40], Step[100/483], loss: 0.2550
 Epoch [13/40], Step[110/483], loss: 0.2372
 Epoch [13/40], Step[120/483], loss: 0.2156
 Epoch [13/40], Step[130/483], loss: 0.2391
 Epoch [13/40], Step[140/483], loss: 0.2283
 Epoch [13/40], Step[150/483], loss: 0.2089
 Epoch [13/40], Step[160/483], loss: 0.2044
 Epoch [13/40], Step[170/483], loss: 0.2547
 Epoch [13/40], Step[180/483], loss: 0.2417
 Epoch [13/40], Step[190/483], loss: 0.2005
 Epoch [13/40], Step[200/483], loss: 0.1600
 Epoch [13/40], Step[210/483], loss: 0.2297
 Epoch [13/40], Step[220/483], loss: 0.3090
 Epoch [13/40], Step[230/483], loss: 0.2369
 Epoch [13/40], Step[240/483], loss: 0.2604
 Epoch [13/40], Step[250/483], loss: 0.1984
 Epoch [13/40], Step[260/483], loss: 0.1420
 Epoch [13/40], Step[270/483], loss: 0.2308
 Epoch [13/40], Step[280/483], loss: 0.2619
 Epoch [13/40], Step[290/483], loss: 0.1977
 Epoch [13/40], Step[300/483], loss: 0.1731
 Epoch [13/40], Step[310/483], loss: 0.2030
 Epoch [13/40], Step[320/483], loss: 0.2195
 Epoch [13/40], Step[330/483], loss: 0.2501
 Epoch [13/40], Step[340/483], loss: 0.1560
 Epoch [13/40], Step[350/483], loss: 0.2318
 Epoch [13/40], Step[360/483], loss: 0.2474
 Epoch [13/40], Step[370/483], loss: 0.1488
 Epoch [13/40], Step[380/483], loss: 0.1898
 Epoch [13/40], Step[390/483], loss: 0.1982
 Epoch [13/40], Step[400/483], loss: 0.2950
 Epoch [13/40], Step[410/483], loss: 0.1810
 Epoch [13/40], Step[420/483], loss: 0.2041
 Epoch [13/40], Step[430/483], loss: 0.2435
 Epoch [13/40], Step[440/483], loss: 0.3203
 Epoch [13/40], Step[450/483], loss: 0.2335
 Epoch [13/40], Step[460/483], loss: 0.3667
 Epoch [13/40], Step[470/483], loss: 0.1620
 Epoch [13/40], Step[480/483], loss: 0.2618
 ====> Epoch 13: Training loss: 108.4307
 Accuracy: 0.890248
 Epoch [14/40], Step[0/483], loss: 0.2335
 Epoch [14/40], Step[10/483], loss: 0.2238
 Epoch [14/40], Step[20/483], loss: 0.1696
 Epoch [14/40], Step[30/483], loss: 0.2194
 Epoch [14/40], Step[40/483], loss: 0.2513
 Epoch [14/40], Step[50/483], loss: 0.2526
 Epoch [14/40], Step[60/483], loss: 0.1993
 Epoch [14/40], Step[70/483], loss: 0.1582
 Epoch [14/40], Step[80/483], loss: 0.1815
 Epoch [14/40], Step[90/483], loss: 0.2002
 Epoch [14/40], Step[100/483], loss: 0.3163
 Epoch [14/40], Step[110/483], loss: 0.1524
 Epoch [14/40], Step[120/483], loss: 0.1550
 Epoch [14/40], Step[130/483], loss: 0.2169
 Epoch [14/40], Step[140/483], loss: 0.1162
 Epoch [14/40], Step[150/483], loss: 0.3028
 Epoch [14/40], Step[160/483], loss: 0.1508
 Epoch [14/40], Step[170/483], loss: 0.2728
 Epoch [14/40], Step[180/483], loss: 0.1889
 Epoch [14/40], Step[190/483], loss: 0.1762
 Epoch [14/40], Step[200/483], loss: 0.1539
 Epoch [14/40], Step[210/483], loss: 0.1633
 Epoch [14/40], Step[220/483], loss: 0.2159
 Epoch [14/40], Step[230/483], loss: 0.2576
 Epoch [14/40], Step[240/483], loss: 0.2567
 Epoch [14/40], Step[250/483], loss: 0.2186
 Epoch [14/40], Step[260/483], loss: 0.1296
 Epoch [14/40], Step[270/483], loss: 0.1903
 Epoch [14/40], Step[280/483], loss: 0.1572
 Epoch [14/40], Step[290/483], loss: 0.3127
 Epoch [14/40], Step[300/483], loss: 0.1836
 Epoch [14/40], Step[310/483], loss: 0.2332
 Epoch [14/40], Step[320/483], loss: 0.1950
 Epoch [14/40], Step[330/483], loss: 0.2426
 Epoch [14/40], Step[340/483], loss: 0.1327
 Epoch [14/40], Step[350/483], loss: 0.2385
 Epoch [14/40], Step[360/483], loss: 0.2117
 Epoch [14/40], Step[370/483], loss: 0.1217
 Epoch [14/40], Step[380/483], loss: 0.3822
 Epoch [14/40], Step[390/483], loss: 0.1891
 Epoch [14/40], Step[400/483], loss: 0.4409
 Epoch [14/40], Step[410/483], loss: 0.1801
 Epoch [14/40], Step[420/483], loss: 0.3455
 Epoch [14/40], Step[430/483], loss: 0.2567
 Epoch [14/40], Step[440/483], loss: 0.1847
 Epoch [14/40], Step[450/483], loss: 0.2442
 Epoch [14/40], Step[460/483], loss: 0.2436
 Epoch [14/40], Step[470/483], loss: 0.1581
 Epoch [14/40], Step[480/483], loss: 0.1592
 ====> Epoch 14: Training loss: 106.3557
 Accuracy: 0.893126
 Epoch [15/40], Step[0/483], loss: 0.2354
 Epoch [15/40], Step[10/483], loss: 0.1374
 Epoch [15/40], Step[20/483], loss: 0.2776
 Epoch [15/40], Step[30/483], loss: 0.2952
 Epoch [15/40], Step[40/483], loss: 0.1478
 Epoch [15/40], Step[50/483], loss: 0.2005
 Epoch [15/40], Step[60/483], loss: 0.2341
 Epoch [15/40], Step[70/483], loss: 0.1029
 Epoch [15/40], Step[80/483], loss: 0.2045
 Epoch [15/40], Step[90/483], loss: 0.2498
 Epoch [15/40], Step[100/483], loss: 0.1771
 Epoch [15/40], Step[110/483], loss: 0.1581
 Epoch [15/40], Step[120/483], loss: 0.1340
 Epoch [15/40], Step[130/483], loss: 0.2177
 Epoch [15/40], Step[140/483], loss: 0.2490
 Epoch [15/40], Step[150/483], loss: 0.1923
 Epoch [15/40], Step[160/483], loss: 0.2516
 Epoch [15/40], Step[170/483], loss: 0.1912
 Epoch [15/40], Step[180/483], loss: 0.2002
 Epoch [15/40], Step[190/483], loss: 0.1914
 Epoch [15/40], Step[200/483], loss: 0.1705
 Epoch [15/40], Step[210/483], loss: 0.1902
 Epoch [15/40], Step[220/483], loss: 0.2493
 Epoch [15/40], Step[230/483], loss: 0.2542
 Epoch [15/40], Step[240/483], loss: 0.1951
 Epoch [15/40], Step[250/483], loss: 0.2015
 Epoch [15/40], Step[260/483], loss: 0.1642
 Epoch [15/40], Step[270/483], loss: 0.1540
 Epoch [15/40], Step[280/483], loss: 0.2052
 Epoch [15/40], Step[290/483], loss: 0.1424
 Epoch [15/40], Step[300/483], loss: 0.2015
 Epoch [15/40], Step[310/483], loss: 0.2708
 Epoch [15/40], Step[320/483], loss: 0.1999
 Epoch [15/40], Step[330/483], loss: 0.1920
 Epoch [15/40], Step[340/483], loss: 0.2101
 Epoch [15/40], Step[350/483], loss: 0.2351
 Epoch [15/40], Step[360/483], loss: 0.2474
 Epoch [15/40], Step[370/483], loss: 0.1730
 Epoch [15/40], Step[380/483], loss: 0.2237
 Epoch [15/40], Step[390/483], loss: 0.3351
 Epoch [15/40], Step[400/483], loss: 0.2762
 Epoch [15/40], Step[410/483], loss: 0.1950
 Epoch [15/40], Step[420/483], loss: 0.3103
 Epoch [15/40], Step[430/483], loss: 0.2084
 Epoch [15/40], Step[440/483], loss: 0.1966
 Epoch [15/40], Step[450/483], loss: 0.2433
 Epoch [15/40], Step[460/483], loss: 0.3012
 Epoch [15/40], Step[470/483], loss: 0.2297
 Epoch [15/40], Step[480/483], loss: 0.2432
 ====> Epoch 15: Training loss: 104.6508
 Accuracy: 0.895466
 Epoch [16/40], Step[0/483], loss: 0.2415
 Epoch [16/40], Step[10/483], loss: 0.2234
 Epoch [16/40], Step[20/483], loss: 0.1266
 Epoch [16/40], Step[30/483], loss: 0.2911
 Epoch [16/40], Step[40/483], loss: 0.2246
 Epoch [16/40], Step[50/483], loss: 0.1671
 Epoch [16/40], Step[60/483], loss: 0.2578
 Epoch [16/40], Step[70/483], loss: 0.1747
 Epoch [16/40], Step[80/483], loss: 0.1670
 Epoch [16/40], Step[90/483], loss: 0.2244
 Epoch [16/40], Step[100/483], loss: 0.2586
 Epoch [16/40], Step[110/483], loss: 0.2949
 Epoch [16/40], Step[120/483], loss: 0.2150
 Epoch [16/40], Step[130/483], loss: 0.1673
 Epoch [16/40], Step[140/483], loss: 0.2035
 Epoch [16/40], Step[150/483], loss: 0.1803
 Epoch [16/40], Step[160/483], loss: 0.2652
 Epoch [16/40], Step[170/483], loss: 0.2362
 Epoch [16/40], Step[180/483], loss: 0.2128
 Epoch [16/40], Step[190/483], loss: 0.2280
 Epoch [16/40], Step[200/483], loss: 0.1634
 Epoch [16/40], Step[210/483], loss: 0.1625
 Epoch [16/40], Step[220/483], loss: 0.3091
 Epoch [16/40], Step[230/483], loss: 0.2536
 Epoch [16/40], Step[240/483], loss: 0.2665
 Epoch [16/40], Step[250/483], loss: 0.2452
 Epoch [16/40], Step[260/483], loss: 0.1091
 Epoch [16/40], Step[270/483], loss: 0.2522
 Epoch [16/40], Step[280/483], loss: 0.1992
 Epoch [16/40], Step[290/483], loss: 0.2178
 Epoch [16/40], Step[300/483], loss: 0.1991
 Epoch [16/40], Step[310/483], loss: 0.3355
 Epoch [16/40], Step[320/483], loss: 0.1576
 Epoch [16/40], Step[330/483], loss: 0.2820
 Epoch [16/40], Step[340/483], loss: 0.1768
 Epoch [16/40], Step[350/483], loss: 0.2206
 Epoch [16/40], Step[360/483], loss: 0.1818
 Epoch [16/40], Step[370/483], loss: 0.1440
 Epoch [16/40], Step[380/483], loss: 0.3119
 Epoch [16/40], Step[390/483], loss: 0.3112
 Epoch [16/40], Step[400/483], loss: 0.2777
 Epoch [16/40], Step[410/483], loss: 0.2746
 Epoch [16/40], Step[420/483], loss: 0.2361
 Epoch [16/40], Step[430/483], loss: 0.2125
 Epoch [16/40], Step[440/483], loss: 0.1944
 Epoch [16/40], Step[450/483], loss: 0.1477
 Epoch [16/40], Step[460/483], loss: 0.3070
 Epoch [16/40], Step[470/483], loss: 0.1841
 Epoch [16/40], Step[480/483], loss: 0.2063
 ====> Epoch 16: Training loss: 104.3049
 Accuracy: 0.893810
 Epoch [17/40], Step[0/483], loss: 0.1974
 Epoch [17/40], Step[10/483], loss: 0.1790
 Epoch [17/40], Step[20/483], loss: 0.2208
 Epoch [17/40], Step[30/483], loss: 0.2891
 Epoch [17/40], Step[40/483], loss: 0.1590
 Epoch [17/40], Step[50/483], loss: 0.2345
 Epoch [17/40], Step[60/483], loss: 0.1957
 Epoch [17/40], Step[70/483], loss: 0.1550
 Epoch [17/40], Step[80/483], loss: 0.2019
 Epoch [17/40], Step[90/483], loss: 0.1668
 Epoch [17/40], Step[100/483], loss: 0.1523
 Epoch [17/40], Step[110/483], loss: 0.1857
 Epoch [17/40], Step[120/483], loss: 0.1564
 Epoch [17/40], Step[130/483], loss: 0.1963
 Epoch [17/40], Step[140/483], loss: 0.2727
 Epoch [17/40], Step[150/483], loss: 0.2126
 Epoch [17/40], Step[160/483], loss: 0.1994
 Epoch [17/40], Step[170/483], loss: 0.1889
 Epoch [17/40], Step[180/483], loss: 0.1296
 Epoch [17/40], Step[190/483], loss: 0.2383
 Epoch [17/40], Step[200/483], loss: 0.2193
 Epoch [17/40], Step[210/483], loss: 0.1999
 Epoch [17/40], Step[220/483], loss: 0.2606
 Epoch [17/40], Step[230/483], loss: 0.2346
 Epoch [17/40], Step[240/483], loss: 0.2408
 Epoch [17/40], Step[250/483], loss: 0.2386
 Epoch [17/40], Step[260/483], loss: 0.1278
 Epoch [17/40], Step[270/483], loss: 0.1904
 Epoch [17/40], Step[280/483], loss: 0.2576
 Epoch [17/40], Step[290/483], loss: 0.1515
 Epoch [17/40], Step[300/483], loss: 0.1926
 Epoch [17/40], Step[310/483], loss: 0.2128
 Epoch [17/40], Step[320/483], loss: 0.1798
 Epoch [17/40], Step[330/483], loss: 0.2307
 Epoch [17/40], Step[340/483], loss: 0.1358
 Epoch [17/40], Step[350/483], loss: 0.1935
 Epoch [17/40], Step[360/483], loss: 0.2204
 Epoch [17/40], Step[370/483], loss: 0.1493
 Epoch [17/40], Step[380/483], loss: 0.2185
 Epoch [17/40], Step[390/483], loss: 0.3261
 Epoch [17/40], Step[400/483], loss: 0.2669
 Epoch [17/40], Step[410/483], loss: 0.2134
 Epoch [17/40], Step[420/483], loss: 0.1997
 Epoch [17/40], Step[430/483], loss: 0.1234
 Epoch [17/40], Step[440/483], loss: 0.2288
 Epoch [17/40], Step[450/483], loss: 0.1568
 Epoch [17/40], Step[460/483], loss: 0.3153
 Epoch [17/40], Step[470/483], loss: 0.2919
 Epoch [17/40], Step[480/483], loss: 0.1328
 ====> Epoch 17: Training loss: 102.0396
 Accuracy: 0.897681
 Epoch [18/40], Step[0/483], loss: 0.2152
 Epoch [18/40], Step[10/483], loss: 0.1343
 Epoch [18/40], Step[20/483], loss: 0.2284
 Epoch [18/40], Step[30/483], loss: 0.2236
 Epoch [18/40], Step[40/483], loss: 0.1595
 Epoch [18/40], Step[50/483], loss: 0.1947
 Epoch [18/40], Step[60/483], loss: 0.2259
 Epoch [18/40], Step[70/483], loss: 0.1339
 Epoch [18/40], Step[80/483], loss: 0.2015
 Epoch [18/40], Step[90/483], loss: 0.1564
 Epoch [18/40], Step[100/483], loss: 0.1537
 Epoch [18/40], Step[110/483], loss: 0.2686
 Epoch [18/40], Step[120/483], loss: 0.1567
 Epoch [18/40], Step[130/483], loss: 0.3101
 Epoch [18/40], Step[140/483], loss: 0.1395
 Epoch [18/40], Step[150/483], loss: 0.2891
 Epoch [18/40], Step[160/483], loss: 0.2312
 Epoch [18/40], Step[170/483], loss: 0.2592
 Epoch [18/40], Step[180/483], loss: 0.1711
 Epoch [18/40], Step[190/483], loss: 0.2259
 Epoch [18/40], Step[200/483], loss: 0.1884
 Epoch [18/40], Step[210/483], loss: 0.1366
 Epoch [18/40], Step[220/483], loss: 0.2892
 Epoch [18/40], Step[230/483], loss: 0.2645
 Epoch [18/40], Step[240/483], loss: 0.2552
 Epoch [18/40], Step[250/483], loss: 0.2097
 Epoch [18/40], Step[260/483], loss: 0.1623
 Epoch [18/40], Step[270/483], loss: 0.1729
 Epoch [18/40], Step[280/483], loss: 0.1821
 Epoch [18/40], Step[290/483], loss: 0.2284
 Epoch [18/40], Step[300/483], loss: 0.1539
 Epoch [18/40], Step[310/483], loss: 0.1934
 Epoch [18/40], Step[320/483], loss: 0.1555
 Epoch [18/40], Step[330/483], loss: 0.2551
 Epoch [18/40], Step[340/483], loss: 0.1496
 Epoch [18/40], Step[350/483], loss: 0.1824
 Epoch [18/40], Step[360/483], loss: 0.2249
 Epoch [18/40], Step[370/483], loss: 0.2763
 Epoch [18/40], Step[380/483], loss: 0.2145
 Epoch [18/40], Step[390/483], loss: 0.2659
 Epoch [18/40], Step[400/483], loss: 0.2087
 Epoch [18/40], Step[410/483], loss: 0.1835
 Epoch [18/40], Step[420/483], loss: 0.2691
 Epoch [18/40], Step[430/483], loss: 0.1804
 Epoch [18/40], Step[440/483], loss: 0.2456
 Epoch [18/40], Step[450/483], loss: 0.1188
 Epoch [18/40], Step[460/483], loss: 0.2480
 Epoch [18/40], Step[470/483], loss: 0.1325
 Epoch [18/40], Step[480/483], loss: 0.1257
 ====> Epoch 18: Training loss: 98.3500
 Accuracy: 0.902878
 Epoch [19/40], Step[0/483], loss: 0.1380
 Epoch [19/40], Step[10/483], loss: 0.2248
 Epoch [19/40], Step[20/483], loss: 0.2435
 Epoch [19/40], Step[30/483], loss: 0.1889
 Epoch [19/40], Step[40/483], loss: 0.1745
 Epoch [19/40], Step[50/483], loss: 0.2214
 Epoch [19/40], Step[60/483], loss: 0.2926
 Epoch [19/40], Step[70/483], loss: 0.2201
 Epoch [19/40], Step[80/483], loss: 0.2187
 Epoch [19/40], Step[90/483], loss: 0.2857
 Epoch [19/40], Step[100/483], loss: 0.2244
 Epoch [19/40], Step[110/483], loss: 0.1473
 Epoch [19/40], Step[120/483], loss: 0.2545
 Epoch [19/40], Step[130/483], loss: 0.2498
 Epoch [19/40], Step[140/483], loss: 0.1796
 Epoch [19/40], Step[150/483], loss: 0.2639
 Epoch [19/40], Step[160/483], loss: 0.2077
 Epoch [19/40], Step[170/483], loss: 0.3303
 Epoch [19/40], Step[180/483], loss: 0.1620
 Epoch [19/40], Step[190/483], loss: 0.1645
 Epoch [19/40], Step[200/483], loss: 0.2559
 Epoch [19/40], Step[210/483], loss: 0.1718
 Epoch [19/40], Step[220/483], loss: 0.2114
 Epoch [19/40], Step[230/483], loss: 0.2376
 Epoch [19/40], Step[240/483], loss: 0.2095
 Epoch [19/40], Step[250/483], loss: 0.2058
 Epoch [19/40], Step[260/483], loss: 0.1169
 Epoch [19/40], Step[270/483], loss: 0.2210
 Epoch [19/40], Step[280/483], loss: 0.2594
 Epoch [19/40], Step[290/483], loss: 0.1790
 Epoch [19/40], Step[300/483], loss: 0.1463
 Epoch [19/40], Step[310/483], loss: 0.2079
 Epoch [19/40], Step[320/483], loss: 0.1714
 Epoch [19/40], Step[330/483], loss: 0.2693
 Epoch [19/40], Step[340/483], loss: 0.1115
 Epoch [19/40], Step[350/483], loss: 0.1913
 Epoch [19/40], Step[360/483], loss: 0.2548
 Epoch [19/40], Step[370/483], loss: 0.1470
 Epoch [19/40], Step[380/483], loss: 0.3302
 Epoch [19/40], Step[390/483], loss: 0.2027
 Epoch [19/40], Step[400/483], loss: 0.2832
 Epoch [19/40], Step[410/483], loss: 0.2045
 Epoch [19/40], Step[420/483], loss: 0.1887
 Epoch [19/40], Step[430/483], loss: 0.2026
 Epoch [19/40], Step[440/483], loss: 0.2275
 Epoch [19/40], Step[450/483], loss: 0.1546
 Epoch [19/40], Step[460/483], loss: 0.2727
 Epoch [19/40], Step[470/483], loss: 0.1203
 Epoch [19/40], Step[480/483], loss: 0.1599
 ====> Epoch 19: Training loss: 98.9868
 Accuracy: 0.901366
 Epoch [20/40], Step[0/483], loss: 0.1026
 Epoch [20/40], Step[10/483], loss: 0.1719
 Epoch [20/40], Step[20/483], loss: 0.2723
 Epoch [20/40], Step[30/483], loss: 0.1451
 Epoch [20/40], Step[40/483], loss: 0.1718
 Epoch [20/40], Step[50/483], loss: 0.2570
 Epoch [20/40], Step[60/483], loss: 0.2015
 Epoch [20/40], Step[70/483], loss: 0.1267
 Epoch [20/40], Step[80/483], loss: 0.1579
 Epoch [20/40], Step[90/483], loss: 0.2412
 Epoch [20/40], Step[100/483], loss: 0.2375
 Epoch [20/40], Step[110/483], loss: 0.2204
 Epoch [20/40], Step[120/483], loss: 0.1965
 Epoch [20/40], Step[130/483], loss: 0.1700
 Epoch [20/40], Step[140/483], loss: 0.1601
 Epoch [20/40], Step[150/483], loss: 0.2934
 Epoch [20/40], Step[160/483], loss: 0.1876
 Epoch [20/40], Step[170/483], loss: 0.2046
 Epoch [20/40], Step[180/483], loss: 0.1752
 Epoch [20/40], Step[190/483], loss: 0.1846
 Epoch [20/40], Step[200/483], loss: 0.1991
 Epoch [20/40], Step[210/483], loss: 0.1653
 Epoch [20/40], Step[220/483], loss: 0.2956
 Epoch [20/40], Step[230/483], loss: 0.3010
 Epoch [20/40], Step[240/483], loss: 0.3281
 Epoch [20/40], Step[250/483], loss: 0.2973
 Epoch [20/40], Step[260/483], loss: 0.2043
 Epoch [20/40], Step[270/483], loss: 0.2086
 Epoch [20/40], Step[280/483], loss: 0.2500
 Epoch [20/40], Step[290/483], loss: 0.2331
 Epoch [20/40], Step[300/483], loss: 0.1997
 Epoch [20/40], Step[310/483], loss: 0.2216
 Epoch [20/40], Step[320/483], loss: 0.2848
 Epoch [20/40], Step[330/483], loss: 0.2493
 Epoch [20/40], Step[340/483], loss: 0.1597
 Epoch [20/40], Step[350/483], loss: 0.2083
 Epoch [20/40], Step[360/483], loss: 0.2134
 Epoch [20/40], Step[370/483], loss: 0.1299
 Epoch [20/40], Step[380/483], loss: 0.2240
 Epoch [20/40], Step[390/483], loss: 0.2870
 Epoch [20/40], Step[400/483], loss: 0.3705
 Epoch [20/40], Step[410/483], loss: 0.1335
 Epoch [20/40], Step[420/483], loss: 0.3035
 Epoch [20/40], Step[430/483], loss: 0.1698
 Epoch [20/40], Step[440/483], loss: 0.3090
 Epoch [20/40], Step[450/483], loss: 0.1633
 Epoch [20/40], Step[460/483], loss: 0.1935
 Epoch [20/40], Step[470/483], loss: 0.1178
 Epoch [20/40], Step[480/483], loss: 0.2973
 ====> Epoch 20: Training loss: 97.1238
 Accuracy: 0.902733
 Epoch [21/40], Step[0/483], loss: 0.1332
 Epoch [21/40], Step[10/483], loss: 0.2033
 Epoch [21/40], Step[20/483], loss: 0.2183
 Epoch [21/40], Step[30/483], loss: 0.1676
 Epoch [21/40], Step[40/483], loss: 0.1565
 Epoch [21/40], Step[50/483], loss: 0.1568
 Epoch [21/40], Step[60/483], loss: 0.1635
 Epoch [21/40], Step[70/483], loss: 0.3009
 Epoch [21/40], Step[80/483], loss: 0.1520
 Epoch [21/40], Step[90/483], loss: 0.1692
 Epoch [21/40], Step[100/483], loss: 0.2663
 Epoch [21/40], Step[110/483], loss: 0.2410
 Epoch [21/40], Step[120/483], loss: 0.1708
 Epoch [21/40], Step[130/483], loss: 0.2486
 Epoch [21/40], Step[140/483], loss: 0.2702
 Epoch [21/40], Step[150/483], loss: 0.2454
 Epoch [21/40], Step[160/483], loss: 0.1835
 Epoch [21/40], Step[170/483], loss: 0.3077
 Epoch [21/40], Step[180/483], loss: 0.2235
 Epoch [21/40], Step[190/483], loss: 0.2518
 Epoch [21/40], Step[200/483], loss: 0.1909
 Epoch [21/40], Step[210/483], loss: 0.1848
 Epoch [21/40], Step[220/483], loss: 0.3252
 Epoch [21/40], Step[230/483], loss: 0.3047
 Epoch [21/40], Step[240/483], loss: 0.1642
 Epoch [21/40], Step[250/483], loss: 0.2194
 Epoch [21/40], Step[260/483], loss: 0.1330
 Epoch [21/40], Step[270/483], loss: 0.1486
 Epoch [21/40], Step[280/483], loss: 0.2268
 Epoch [21/40], Step[290/483], loss: 0.2131
 Epoch [21/40], Step[300/483], loss: 0.2814
 Epoch [21/40], Step[310/483], loss: 0.2867
 Epoch [21/40], Step[320/483], loss: 0.1284
 Epoch [21/40], Step[330/483], loss: 0.2559
 Epoch [21/40], Step[340/483], loss: 0.1129
 Epoch [21/40], Step[350/483], loss: 0.2295
 Epoch [21/40], Step[360/483], loss: 0.2677
 Epoch [21/40], Step[370/483], loss: 0.2380
 Epoch [21/40], Step[380/483], loss: 0.1922
 Epoch [21/40], Step[390/483], loss: 0.3110
 Epoch [21/40], Step[400/483], loss: 0.1912
 Epoch [21/40], Step[410/483], loss: 0.1494
 Epoch [21/40], Step[420/483], loss: 0.2339
 Epoch [21/40], Step[430/483], loss: 0.1691
 Epoch [21/40], Step[440/483], loss: 0.2714
 Epoch [21/40], Step[450/483], loss: 0.1029
 Epoch [21/40], Step[460/483], loss: 0.2145
 Epoch [21/40], Step[470/483], loss: 0.1530
 Epoch [21/40], Step[480/483], loss: 0.1846
 ====> Epoch 21: Training loss: 95.5091
 Accuracy: 0.906377
 Epoch [22/40], Step[0/483], loss: 0.1169
 Epoch [22/40], Step[10/483], loss: 0.1293
 Epoch [22/40], Step[20/483], loss: 0.1684
 Epoch [22/40], Step[30/483], loss: 0.1408
 Epoch [22/40], Step[40/483], loss: 0.2259
 Epoch [22/40], Step[50/483], loss: 0.1646
 Epoch [22/40], Step[60/483], loss: 0.1754
 Epoch [22/40], Step[70/483], loss: 0.2366
 Epoch [22/40], Step[80/483], loss: 0.1245
 Epoch [22/40], Step[90/483], loss: 0.1942
 Epoch [22/40], Step[100/483], loss: 0.2505
 Epoch [22/40], Step[110/483], loss: 0.1719
 Epoch [22/40], Step[120/483], loss: 0.1263
 Epoch [22/40], Step[130/483], loss: 0.3666
 Epoch [22/40], Step[140/483], loss: 0.2258
 Epoch [22/40], Step[150/483], loss: 0.2167
 Epoch [22/40], Step[160/483], loss: 0.2216
 Epoch [22/40], Step[170/483], loss: 0.2603
 Epoch [22/40], Step[180/483], loss: 0.1261
 Epoch [22/40], Step[190/483], loss: 0.2064
 Epoch [22/40], Step[200/483], loss: 0.1588
 Epoch [22/40], Step[210/483], loss: 0.1268
 Epoch [22/40], Step[220/483], loss: 0.2551
 Epoch [22/40], Step[230/483], loss: 0.3364
 Epoch [22/40], Step[240/483], loss: 0.1788
 Epoch [22/40], Step[250/483], loss: 0.2022
 Epoch [22/40], Step[260/483], loss: 0.1219
 Epoch [22/40], Step[270/483], loss: 0.2016
 Epoch [22/40], Step[280/483], loss: 0.2925
 Epoch [22/40], Step[290/483], loss: 0.1350
 Epoch [22/40], Step[300/483], loss: 0.2034
 Epoch [22/40], Step[310/483], loss: 0.2007
 Epoch [22/40], Step[320/483], loss: 0.1707
 Epoch [22/40], Step[330/483], loss: 0.1976
 Epoch [22/40], Step[340/483], loss: 0.0959
 Epoch [22/40], Step[350/483], loss: 0.2488
 Epoch [22/40], Step[360/483], loss: 0.1854
 Epoch [22/40], Step[370/483], loss: 0.1334
 Epoch [22/40], Step[380/483], loss: 0.3417
 Epoch [22/40], Step[390/483], loss: 0.2172
 Epoch [22/40], Step[400/483], loss: 0.2672
 Epoch [22/40], Step[410/483], loss: 0.2066
 Epoch [22/40], Step[420/483], loss: 0.1646
 Epoch [22/40], Step[430/483], loss: 0.1894
 Epoch [22/40], Step[440/483], loss: 0.2227
 Epoch [22/40], Step[450/483], loss: 0.1412
 Epoch [22/40], Step[460/483], loss: 0.1958
 Epoch [22/40], Step[470/483], loss: 0.1000
 Epoch [22/40], Step[480/483], loss: 0.1791
 ====> Epoch 22: Training loss: 93.5702
 Accuracy: 0.907412
 Epoch [23/40], Step[0/483], loss: 0.1070
 Epoch [23/40], Step[10/483], loss: 0.1551
 Epoch [23/40], Step[20/483], loss: 0.1804
 Epoch [23/40], Step[30/483], loss: 0.2408
 Epoch [23/40], Step[40/483], loss: 0.1166
 Epoch [23/40], Step[50/483], loss: 0.2240
 Epoch [23/40], Step[60/483], loss: 0.3054
 Epoch [23/40], Step[70/483], loss: 0.1885
 Epoch [23/40], Step[80/483], loss: 0.1599
 Epoch [23/40], Step[90/483], loss: 0.1948
 Epoch [23/40], Step[100/483], loss: 0.2431
 Epoch [23/40], Step[110/483], loss: 0.1887
 Epoch [23/40], Step[120/483], loss: 0.1561
 Epoch [23/40], Step[130/483], loss: 0.1902
 Epoch [23/40], Step[140/483], loss: 0.1765
 Epoch [23/40], Step[150/483], loss: 0.2179
 Epoch [23/40], Step[160/483], loss: 0.1633
 Epoch [23/40], Step[170/483], loss: 0.2143
 Epoch [23/40], Step[180/483], loss: 0.1877
 Epoch [23/40], Step[190/483], loss: 0.2442
 Epoch [23/40], Step[200/483], loss: 0.2402
 Epoch [23/40], Step[210/483], loss: 0.1719
 Epoch [23/40], Step[220/483], loss: 0.3415
 Epoch [23/40], Step[230/483], loss: 0.1527
 Epoch [23/40], Step[240/483], loss: 0.1728
 Epoch [23/40], Step[250/483], loss: 0.1817
 Epoch [23/40], Step[260/483], loss: 0.1761
 Epoch [23/40], Step[270/483], loss: 0.2333
 Epoch [23/40], Step[280/483], loss: 0.1894
 Epoch [23/40], Step[290/483], loss: 0.1634
 Epoch [23/40], Step[300/483], loss: 0.1755
 Epoch [23/40], Step[310/483], loss: 0.1990
 Epoch [23/40], Step[320/483], loss: 0.2041
 Epoch [23/40], Step[330/483], loss: 0.2384
 Epoch [23/40], Step[340/483], loss: 0.1984
 Epoch [23/40], Step[350/483], loss: 0.1797
 Epoch [23/40], Step[360/483], loss: 0.1915
 Epoch [23/40], Step[370/483], loss: 0.1293
 Epoch [23/40], Step[380/483], loss: 0.1961
 Epoch [23/40], Step[390/483], loss: 0.2821
 Epoch [23/40], Step[400/483], loss: 0.2162
 Epoch [23/40], Step[410/483], loss: 0.1655
 Epoch [23/40], Step[420/483], loss: 0.1912
 Epoch [23/40], Step[430/483], loss: 0.2151
 Epoch [23/40], Step[440/483], loss: 0.2533
 Epoch [23/40], Step[450/483], loss: 0.2714
 Epoch [23/40], Step[460/483], loss: 0.1966
 Epoch [23/40], Step[470/483], loss: 0.1521
 Epoch [23/40], Step[480/483], loss: 0.1133
 ====> Epoch 23: Training loss: 93.1199
 Accuracy: 0.908841
 Epoch [24/40], Step[0/483], loss: 0.1156
 Epoch [24/40], Step[10/483], loss: 0.1968
 Epoch [24/40], Step[20/483], loss: 0.1574
 Epoch [24/40], Step[30/483], loss: 0.3538
 Epoch [24/40], Step[40/483], loss: 0.1292
 Epoch [24/40], Step[50/483], loss: 0.2427
 Epoch [24/40], Step[60/483], loss: 0.2567
 Epoch [24/40], Step[70/483], loss: 0.1357
 Epoch [24/40], Step[80/483], loss: 0.2286
 Epoch [24/40], Step[90/483], loss: 0.1644
 Epoch [24/40], Step[100/483], loss: 0.1680
 Epoch [24/40], Step[110/483], loss: 0.2361
 Epoch [24/40], Step[120/483], loss: 0.1165
 Epoch [24/40], Step[130/483], loss: 0.1418
 Epoch [24/40], Step[140/483], loss: 0.2608
 Epoch [24/40], Step[150/483], loss: 0.1810
 Epoch [24/40], Step[160/483], loss: 0.2051
 Epoch [24/40], Step[170/483], loss: 0.1560
 Epoch [24/40], Step[180/483], loss: 0.1099
 Epoch [24/40], Step[190/483], loss: 0.2841
 Epoch [24/40], Step[200/483], loss: 0.1807
 Epoch [24/40], Step[210/483], loss: 0.1787
 Epoch [24/40], Step[220/483], loss: 0.2731
 Epoch [24/40], Step[230/483], loss: 0.2486
 Epoch [24/40], Step[240/483], loss: 0.1878
 Epoch [24/40], Step[250/483], loss: 0.1420
 Epoch [24/40], Step[260/483], loss: 0.2237
 Epoch [24/40], Step[270/483], loss: 0.1773
 Epoch [24/40], Step[280/483], loss: 0.2102
 Epoch [24/40], Step[290/483], loss: 0.1291
 Epoch [24/40], Step[300/483], loss: 0.1439
 Epoch [24/40], Step[310/483], loss: 0.1590
 Epoch [24/40], Step[320/483], loss: 0.2528
 Epoch [24/40], Step[330/483], loss: 0.1916
 Epoch [24/40], Step[340/483], loss: 0.1143
 Epoch [24/40], Step[350/483], loss: 0.1623
 Epoch [24/40], Step[360/483], loss: 0.2331
 Epoch [24/40], Step[370/483], loss: 0.1328
 Epoch [24/40], Step[380/483], loss: 0.1886
 Epoch [24/40], Step[390/483], loss: 0.2357
 Epoch [24/40], Step[400/483], loss: 0.3005
 Epoch [24/40], Step[410/483], loss: 0.1740
 Epoch [24/40], Step[420/483], loss: 0.2033
 Epoch [24/40], Step[430/483], loss: 0.1144
 Epoch [24/40], Step[440/483], loss: 0.2611
 Epoch [24/40], Step[450/483], loss: 0.1627
 Epoch [24/40], Step[460/483], loss: 0.2263
 Epoch [24/40], Step[470/483], loss: 0.1388
 Epoch [24/40], Step[480/483], loss: 0.1672
 ====> Epoch 24: Training loss: 93.4849
 Accuracy: 0.906874
 Epoch [25/40], Step[0/483], loss: 0.1634
 Epoch [25/40], Step[10/483], loss: 0.1425
 Epoch [25/40], Step[20/483], loss: 0.1825
 Epoch [25/40], Step[30/483], loss: 0.1659
 Epoch [25/40], Step[40/483], loss: 0.1484
 Epoch [25/40], Step[50/483], loss: 0.1890
 Epoch [25/40], Step[60/483], loss: 0.1975
 Epoch [25/40], Step[70/483], loss: 0.1234
 Epoch [25/40], Step[80/483], loss: 0.1384
 Epoch [25/40], Step[90/483], loss: 0.2170
 Epoch [25/40], Step[100/483], loss: 0.1785
 Epoch [25/40], Step[110/483], loss: 0.1791
 Epoch [25/40], Step[120/483], loss: 0.1639
 Epoch [25/40], Step[130/483], loss: 0.3060
 Epoch [25/40], Step[140/483], loss: 0.1397
 Epoch [25/40], Step[150/483], loss: 0.2895
 Epoch [25/40], Step[160/483], loss: 0.2388
 Epoch [25/40], Step[170/483], loss: 0.1998
 Epoch [25/40], Step[180/483], loss: 0.2746
 Epoch [25/40], Step[190/483], loss: 0.2357
 Epoch [25/40], Step[200/483], loss: 0.1608
 Epoch [25/40], Step[210/483], loss: 0.1926
 Epoch [25/40], Step[220/483], loss: 0.2331
 Epoch [25/40], Step[230/483], loss: 0.2372
 Epoch [25/40], Step[240/483], loss: 0.2655
 Epoch [25/40], Step[250/483], loss: 0.1600
 Epoch [25/40], Step[260/483], loss: 0.1069
 Epoch [25/40], Step[270/483], loss: 0.2538
 Epoch [25/40], Step[280/483], loss: 0.1928
 Epoch [25/40], Step[290/483], loss: 0.1786
 Epoch [25/40], Step[300/483], loss: 0.2236
 Epoch [25/40], Step[310/483], loss: 0.1926
 Epoch [25/40], Step[320/483], loss: 0.2326
 Epoch [25/40], Step[330/483], loss: 0.2399
 Epoch [25/40], Step[340/483], loss: 0.1963
 Epoch [25/40], Step[350/483], loss: 0.1713
 Epoch [25/40], Step[360/483], loss: 0.1791
 Epoch [25/40], Step[370/483], loss: 0.1459
 Epoch [25/40], Step[380/483], loss: 0.3062
 Epoch [25/40], Step[390/483], loss: 0.3492
 Epoch [25/40], Step[400/483], loss: 0.2634
 Epoch [25/40], Step[410/483], loss: 0.1365
 Epoch [25/40], Step[420/483], loss: 0.2241
 Epoch [25/40], Step[430/483], loss: 0.1330
 Epoch [25/40], Step[440/483], loss: 0.1866
 Epoch [25/40], Step[450/483], loss: 0.1844
 Epoch [25/40], Step[460/483], loss: 0.1960
 Epoch [25/40], Step[470/483], loss: 0.1220
 Epoch [25/40], Step[480/483], loss: 0.2614
 ====> Epoch 25: Training loss: 91.7606
 Accuracy: 0.907474
 Epoch [26/40], Step[0/483], loss: 0.1804
 Epoch [26/40], Step[10/483], loss: 0.1140
 Epoch [26/40], Step[20/483], loss: 0.1876
 Epoch [26/40], Step[30/483], loss: 0.1219
 Epoch [26/40], Step[40/483], loss: 0.1629
 Epoch [26/40], Step[50/483], loss: 0.1951
 Epoch [26/40], Step[60/483], loss: 0.1737
 Epoch [26/40], Step[70/483], loss: 0.1222
 Epoch [26/40], Step[80/483], loss: 0.1560
 Epoch [26/40], Step[90/483], loss: 0.1423
 Epoch [26/40], Step[100/483], loss: 0.2074
 Epoch [26/40], Step[110/483], loss: 0.1613
 Epoch [26/40], Step[120/483], loss: 0.1921
 Epoch [26/40], Step[130/483], loss: 0.1984
 Epoch [26/40], Step[140/483], loss: 0.1319
 Epoch [26/40], Step[150/483], loss: 0.1544
 Epoch [26/40], Step[160/483], loss: 0.1892
 Epoch [26/40], Step[170/483], loss: 0.2764
 Epoch [26/40], Step[180/483], loss: 0.2265
 Epoch [26/40], Step[190/483], loss: 0.1673
 Epoch [26/40], Step[200/483], loss: 0.1532
 Epoch [26/40], Step[210/483], loss: 0.1106
 Epoch [26/40], Step[220/483], loss: 0.2939
 Epoch [26/40], Step[230/483], loss: 0.2386
 Epoch [26/40], Step[240/483], loss: 0.2970
 Epoch [26/40], Step[250/483], loss: 0.2053
 Epoch [26/40], Step[260/483], loss: 0.1418
 Epoch [26/40], Step[270/483], loss: 0.1576
 Epoch [26/40], Step[280/483], loss: 0.1567
 Epoch [26/40], Step[290/483], loss: 0.1648
 Epoch [26/40], Step[300/483], loss: 0.1243
 Epoch [26/40], Step[310/483], loss: 0.1384
 Epoch [26/40], Step[320/483], loss: 0.1197
 Epoch [26/40], Step[330/483], loss: 0.2673
 Epoch [26/40], Step[340/483], loss: 0.1173
 Epoch [26/40], Step[350/483], loss: 0.1333
 Epoch [26/40], Step[360/483], loss: 0.1847
 Epoch [26/40], Step[370/483], loss: 0.1540
 Epoch [26/40], Step[380/483], loss: 0.2546
 Epoch [26/40], Step[390/483], loss: 0.3776
 Epoch [26/40], Step[400/483], loss: 0.1555
 Epoch [26/40], Step[410/483], loss: 0.1762
 Epoch [26/40], Step[420/483], loss: 0.1695
 Epoch [26/40], Step[430/483], loss: 0.1639
 Epoch [26/40], Step[440/483], loss: 0.2586
 Epoch [26/40], Step[450/483], loss: 0.1547
 Epoch [26/40], Step[460/483], loss: 0.2777
 Epoch [26/40], Step[470/483], loss: 0.1218
 Epoch [26/40], Step[480/483], loss: 0.1657
 ====> Epoch 26: Training loss: 90.0260
 Accuracy: 0.911139
 Epoch [27/40], Step[0/483], loss: 0.1858
 Epoch [27/40], Step[10/483], loss: 0.0797
 Epoch [27/40], Step[20/483], loss: 0.2528
 Epoch [27/40], Step[30/483], loss: 0.2169
 Epoch [27/40], Step[40/483], loss: 0.1071
 Epoch [27/40], Step[50/483], loss: 0.2066
 Epoch [27/40], Step[60/483], loss: 0.2957
 Epoch [27/40], Step[70/483], loss: 0.1669
 Epoch [27/40], Step[80/483], loss: 0.2149
 Epoch [27/40], Step[90/483], loss: 0.1611
 Epoch [27/40], Step[100/483], loss: 0.1281
 Epoch [27/40], Step[110/483], loss: 0.2704
 Epoch [27/40], Step[120/483], loss: 0.2280
 Epoch [27/40], Step[130/483], loss: 0.2189
 Epoch [27/40], Step[140/483], loss: 0.2057
 Epoch [27/40], Step[150/483], loss: 0.1531
 Epoch [27/40], Step[160/483], loss: 0.2360
 Epoch [27/40], Step[170/483], loss: 0.3120
 Epoch [27/40], Step[180/483], loss: 0.2135
 Epoch [27/40], Step[190/483], loss: 0.1741
 Epoch [27/40], Step[200/483], loss: 0.1845
 Epoch [27/40], Step[210/483], loss: 0.1571
 Epoch [27/40], Step[220/483], loss: 0.2843
 Epoch [27/40], Step[230/483], loss: 0.2600
 Epoch [27/40], Step[240/483], loss: 0.2266
 Epoch [27/40], Step[250/483], loss: 0.1054
 Epoch [27/40], Step[260/483], loss: 0.1582
 Epoch [27/40], Step[270/483], loss: 0.2165
 Epoch [27/40], Step[280/483], loss: 0.2200
 Epoch [27/40], Step[290/483], loss: 0.1549
 Epoch [27/40], Step[300/483], loss: 0.1442
 Epoch [27/40], Step[310/483], loss: 0.2107
 Epoch [27/40], Step[320/483], loss: 0.1338
 Epoch [27/40], Step[330/483], loss: 0.2677
 Epoch [27/40], Step[340/483], loss: 0.1135
 Epoch [27/40], Step[350/483], loss: 0.2361
 Epoch [27/40], Step[360/483], loss: 0.1967
 Epoch [27/40], Step[370/483], loss: 0.2883
 Epoch [27/40], Step[380/483], loss: 0.2368
 Epoch [27/40], Step[390/483], loss: 0.2157
 Epoch [27/40], Step[400/483], loss: 0.2304
 Epoch [27/40], Step[410/483], loss: 0.1806
 Epoch [27/40], Step[420/483], loss: 0.2011
 Epoch [27/40], Step[430/483], loss: 0.1450
 Epoch [27/40], Step[440/483], loss: 0.1908
 Epoch [27/40], Step[450/483], loss: 0.1914
 Epoch [27/40], Step[460/483], loss: 0.1917
 Epoch [27/40], Step[470/483], loss: 0.1040
 Epoch [27/40], Step[480/483], loss: 0.1308
 ====> Epoch 27: Training loss: 91.7442
 Accuracy: 0.908592
 Epoch [28/40], Step[0/483], loss: 0.1129
 Epoch [28/40], Step[10/483], loss: 0.2125
 Epoch [28/40], Step[20/483], loss: 0.2033
 Epoch [28/40], Step[30/483], loss: 0.2236
 Epoch [28/40], Step[40/483], loss: 0.2598
 Epoch [28/40], Step[50/483], loss: 0.1499
 Epoch [28/40], Step[60/483], loss: 0.2054
 Epoch [28/40], Step[70/483], loss: 0.1079
 Epoch [28/40], Step[80/483], loss: 0.1638
 Epoch [28/40], Step[90/483], loss: 0.2949
 Epoch [28/40], Step[100/483], loss: 0.1962
 Epoch [28/40], Step[110/483], loss: 0.1947
 Epoch [28/40], Step[120/483], loss: 0.1225
 Epoch [28/40], Step[130/483], loss: 0.2227
 Epoch [28/40], Step[140/483], loss: 0.1519
 Epoch [28/40], Step[150/483], loss: 0.2176
 Epoch [28/40], Step[160/483], loss: 0.1400
 Epoch [28/40], Step[170/483], loss: 0.2547
 Epoch [28/40], Step[180/483], loss: 0.2041
 Epoch [28/40], Step[190/483], loss: 0.2447
 Epoch [28/40], Step[200/483], loss: 0.2001
 Epoch [28/40], Step[210/483], loss: 0.1847
 Epoch [28/40], Step[220/483], loss: 0.2466
 Epoch [28/40], Step[230/483], loss: 0.1984
 Epoch [28/40], Step[240/483], loss: 0.2652
 Epoch [28/40], Step[250/483], loss: 0.1861
 Epoch [28/40], Step[260/483], loss: 0.1122
 Epoch [28/40], Step[270/483], loss: 0.2056
 Epoch [28/40], Step[280/483], loss: 0.2133
 Epoch [28/40], Step[290/483], loss: 0.1736
 Epoch [28/40], Step[300/483], loss: 0.1886
 Epoch [28/40], Step[310/483], loss: 0.1490
 Epoch [28/40], Step[320/483], loss: 0.1278
 Epoch [28/40], Step[330/483], loss: 0.2887
 Epoch [28/40], Step[340/483], loss: 0.1425
 Epoch [28/40], Step[350/483], loss: 0.2976
 Epoch [28/40], Step[360/483], loss: 0.1571
 Epoch [28/40], Step[370/483], loss: 0.1605
 Epoch [28/40], Step[380/483], loss: 0.2098
 Epoch [28/40], Step[390/483], loss: 0.4002
 Epoch [28/40], Step[400/483], loss: 0.2017
 Epoch [28/40], Step[410/483], loss: 0.1876
 Epoch [28/40], Step[420/483], loss: 0.1406
 Epoch [28/40], Step[430/483], loss: 0.1659
 Epoch [28/40], Step[440/483], loss: 0.1987
 Epoch [28/40], Step[450/483], loss: 0.1082
 Epoch [28/40], Step[460/483], loss: 0.2309
 Epoch [28/40], Step[470/483], loss: 0.1832
 Epoch [28/40], Step[480/483], loss: 0.1696
 ====> Epoch 28: Training loss: 89.3863
 Accuracy: 0.911843
 Epoch [29/40], Step[0/483], loss: 0.1494
 Epoch [29/40], Step[10/483], loss: 0.1547
 Epoch [29/40], Step[20/483], loss: 0.1840
 Epoch [29/40], Step[30/483], loss: 0.2091
 Epoch [29/40], Step[40/483], loss: 0.1534
 Epoch [29/40], Step[50/483], loss: 0.2325
 Epoch [29/40], Step[60/483], loss: 0.2476
 Epoch [29/40], Step[70/483], loss: 0.2589
 Epoch [29/40], Step[80/483], loss: 0.1687
 Epoch [29/40], Step[90/483], loss: 0.1656
 Epoch [29/40], Step[100/483], loss: 0.2083
 Epoch [29/40], Step[110/483], loss: 0.1749
 Epoch [29/40], Step[120/483], loss: 0.1387
 Epoch [29/40], Step[130/483], loss: 0.1264
 Epoch [29/40], Step[140/483], loss: 0.1374
 Epoch [29/40], Step[150/483], loss: 0.1712
 Epoch [29/40], Step[160/483], loss: 0.1997
 Epoch [29/40], Step[170/483], loss: 0.3149
 Epoch [29/40], Step[180/483], loss: 0.1694
 Epoch [29/40], Step[190/483], loss: 0.2062
 Epoch [29/40], Step[200/483], loss: 0.1806
 Epoch [29/40], Step[210/483], loss: 0.0841
 Epoch [29/40], Step[220/483], loss: 0.2793
 Epoch [29/40], Step[230/483], loss: 0.2663
 Epoch [29/40], Step[240/483], loss: 0.1774
 Epoch [29/40], Step[250/483], loss: 0.1390
 Epoch [29/40], Step[260/483], loss: 0.1504
 Epoch [29/40], Step[270/483], loss: 0.2320
 Epoch [29/40], Step[280/483], loss: 0.2090
 Epoch [29/40], Step[290/483], loss: 0.0829
 Epoch [29/40], Step[300/483], loss: 0.2065
 Epoch [29/40], Step[310/483], loss: 0.1720
 Epoch [29/40], Step[320/483], loss: 0.2318
 Epoch [29/40], Step[330/483], loss: 0.2068
 Epoch [29/40], Step[340/483], loss: 0.1439
 Epoch [29/40], Step[350/483], loss: 0.1891
 Epoch [29/40], Step[360/483], loss: 0.2162
 Epoch [29/40], Step[370/483], loss: 0.1557
 Epoch [29/40], Step[380/483], loss: 0.2886
 Epoch [29/40], Step[390/483], loss: 0.2494
 Epoch [29/40], Step[400/483], loss: 0.2066
 Epoch [29/40], Step[410/483], loss: 0.1908
 Epoch [29/40], Step[420/483], loss: 0.1776
 Epoch [29/40], Step[430/483], loss: 0.1682
 Epoch [29/40], Step[440/483], loss: 0.2643
 Epoch [29/40], Step[450/483], loss: 0.1452
 Epoch [29/40], Step[460/483], loss: 0.1333
 Epoch [29/40], Step[470/483], loss: 0.1444
 Epoch [29/40], Step[480/483], loss: 0.2198
 ====> Epoch 29: Training loss: 89.1918
 Accuracy: 0.912236
 Epoch [30/40], Step[0/483], loss: 0.1167
 Epoch [30/40], Step[10/483], loss: 0.1387
 Epoch [30/40], Step[20/483], loss: 0.1476
 Epoch [30/40], Step[30/483], loss: 0.2065
 Epoch [30/40], Step[40/483], loss: 0.1227
 Epoch [30/40], Step[50/483], loss: 0.1766
 Epoch [30/40], Step[60/483], loss: 0.2595
 Epoch [30/40], Step[70/483], loss: 0.2455
 Epoch [30/40], Step[80/483], loss: 0.1674
 Epoch [30/40], Step[90/483], loss: 0.1483
 Epoch [30/40], Step[100/483], loss: 0.1998
 Epoch [30/40], Step[110/483], loss: 0.1617
 Epoch [30/40], Step[120/483], loss: 0.0911
 Epoch [30/40], Step[130/483], loss: 0.2034
 Epoch [30/40], Step[140/483], loss: 0.1360
 Epoch [30/40], Step[150/483], loss: 0.1247
 Epoch [30/40], Step[160/483], loss: 0.1447
 Epoch [30/40], Step[170/483], loss: 0.2305
 Epoch [30/40], Step[180/483], loss: 0.1947
 Epoch [30/40], Step[190/483], loss: 0.2129
 Epoch [30/40], Step[200/483], loss: 0.1789
 Epoch [30/40], Step[210/483], loss: 0.1652
 Epoch [30/40], Step[220/483], loss: 0.2717
 Epoch [30/40], Step[230/483], loss: 0.2896
 Epoch [30/40], Step[240/483], loss: 0.1150
 Epoch [30/40], Step[250/483], loss: 0.1790
 Epoch [30/40], Step[260/483], loss: 0.1569
 Epoch [30/40], Step[270/483], loss: 0.1335
 Epoch [30/40], Step[280/483], loss: 0.2420
 Epoch [30/40], Step[290/483], loss: 0.1622
 Epoch [30/40], Step[300/483], loss: 0.1931
 Epoch [30/40], Step[310/483], loss: 0.2020
 Epoch [30/40], Step[320/483], loss: 0.1859
 Epoch [30/40], Step[330/483], loss: 0.1933
 Epoch [30/40], Step[340/483], loss: 0.1435
 Epoch [30/40], Step[350/483], loss: 0.2001
 Epoch [30/40], Step[360/483], loss: 0.2443
 Epoch [30/40], Step[370/483], loss: 0.1544
 Epoch [30/40], Step[380/483], loss: 0.2011
 Epoch [30/40], Step[390/483], loss: 0.2544
 Epoch [30/40], Step[400/483], loss: 0.2104
 Epoch [30/40], Step[410/483], loss: 0.2252
 Epoch [30/40], Step[420/483], loss: 0.1564
 Epoch [30/40], Step[430/483], loss: 0.2242
 Epoch [30/40], Step[440/483], loss: 0.2188
 Epoch [30/40], Step[450/483], loss: 0.1242
 Epoch [30/40], Step[460/483], loss: 0.3336
 Epoch [30/40], Step[470/483], loss: 0.1171
 Epoch [30/40], Step[480/483], loss: 0.1190
 ====> Epoch 30: Training loss: 89.0362
 Accuracy: 0.911781
 Epoch [31/40], Step[0/483], loss: 0.1876
 Epoch [31/40], Step[10/483], loss: 0.1189
 Epoch [31/40], Step[20/483], loss: 0.1847
 Epoch [31/40], Step[30/483], loss: 0.1731
 Epoch [31/40], Step[40/483], loss: 0.1951
 Epoch [31/40], Step[50/483], loss: 0.1618
 Epoch [31/40], Step[60/483], loss: 0.2178
 Epoch [31/40], Step[70/483], loss: 0.2239
 Epoch [31/40], Step[80/483], loss: 0.1766
 Epoch [31/40], Step[90/483], loss: 0.1365
 Epoch [31/40], Step[100/483], loss: 0.2131
 Epoch [31/40], Step[110/483], loss: 0.2068
 Epoch [31/40], Step[120/483], loss: 0.1332
 Epoch [31/40], Step[130/483], loss: 0.1901
 Epoch [31/40], Step[140/483], loss: 0.1571
 Epoch [31/40], Step[150/483], loss: 0.1407
 Epoch [31/40], Step[160/483], loss: 0.2435
 Epoch [31/40], Step[170/483], loss: 0.2073
 Epoch [31/40], Step[180/483], loss: 0.1682
 Epoch [31/40], Step[190/483], loss: 0.1965
 Epoch [31/40], Step[200/483], loss: 0.1770
 Epoch [31/40], Step[210/483], loss: 0.1403
 Epoch [31/40], Step[220/483], loss: 0.1816
 Epoch [31/40], Step[230/483], loss: 0.1774
 Epoch [31/40], Step[240/483], loss: 0.1603
 Epoch [31/40], Step[250/483], loss: 0.1810
 Epoch [31/40], Step[260/483], loss: 0.1148
 Epoch [31/40], Step[270/483], loss: 0.1237
 Epoch [31/40], Step[280/483], loss: 0.2122
 Epoch [31/40], Step[290/483], loss: 0.1242
 Epoch [31/40], Step[300/483], loss: 0.2054
 Epoch [31/40], Step[310/483], loss: 0.2800
 Epoch [31/40], Step[320/483], loss: 0.1825
 Epoch [31/40], Step[330/483], loss: 0.2679
 Epoch [31/40], Step[340/483], loss: 0.2079
 Epoch [31/40], Step[350/483], loss: 0.1607
 Epoch [31/40], Step[360/483], loss: 0.2554
 Epoch [31/40], Step[370/483], loss: 0.2041
 Epoch [31/40], Step[380/483], loss: 0.1965
 Epoch [31/40], Step[390/483], loss: 0.2615
 Epoch [31/40], Step[400/483], loss: 0.2275
 Epoch [31/40], Step[410/483], loss: 0.1835
 Epoch [31/40], Step[420/483], loss: 0.1615
 Epoch [31/40], Step[430/483], loss: 0.1401
 Epoch [31/40], Step[440/483], loss: 0.1997
 Epoch [31/40], Step[450/483], loss: 0.1564
 Epoch [31/40], Step[460/483], loss: 0.1947
 Epoch [31/40], Step[470/483], loss: 0.1403
 Epoch [31/40], Step[480/483], loss: 0.1892
 ====> Epoch 31: Training loss: 87.7621
 Accuracy: 0.913623
 Epoch [32/40], Step[0/483], loss: 0.1450
 Epoch [32/40], Step[10/483], loss: 0.1423
 Epoch [32/40], Step[20/483], loss: 0.1459
 Epoch [32/40], Step[30/483], loss: 0.2322
 Epoch [32/40], Step[40/483], loss: 0.2348
 Epoch [32/40], Step[50/483], loss: 0.1317
 Epoch [32/40], Step[60/483], loss: 0.2357
 Epoch [32/40], Step[70/483], loss: 0.1598
 Epoch [32/40], Step[80/483], loss: 0.0861
 Epoch [32/40], Step[90/483], loss: 0.1635
 Epoch [32/40], Step[100/483], loss: 0.1678
 Epoch [32/40], Step[110/483], loss: 0.1810
 Epoch [32/40], Step[120/483], loss: 0.1672
 Epoch [32/40], Step[130/483], loss: 0.2360
 Epoch [32/40], Step[140/483], loss: 0.0897
 Epoch [32/40], Step[150/483], loss: 0.1465
 Epoch [32/40], Step[160/483], loss: 0.1498
 Epoch [32/40], Step[170/483], loss: 0.1659
 Epoch [32/40], Step[180/483], loss: 0.2963
 Epoch [32/40], Step[190/483], loss: 0.1618
 Epoch [32/40], Step[200/483], loss: 0.2059
 Epoch [32/40], Step[210/483], loss: 0.2082
 Epoch [32/40], Step[220/483], loss: 0.2376
 Epoch [32/40], Step[230/483], loss: 0.2476
 Epoch [32/40], Step[240/483], loss: 0.2394
 Epoch [32/40], Step[250/483], loss: 0.1600
 Epoch [32/40], Step[260/483], loss: 0.2089
 Epoch [32/40], Step[270/483], loss: 0.2049
 Epoch [32/40], Step[280/483], loss: 0.2414
 Epoch [32/40], Step[290/483], loss: 0.1858
 Epoch [32/40], Step[300/483], loss: 0.1991
 Epoch [32/40], Step[310/483], loss: 0.2011
 Epoch [32/40], Step[320/483], loss: 0.1429
 Epoch [32/40], Step[330/483], loss: 0.1574
 Epoch [32/40], Step[340/483], loss: 0.0735
 Epoch [32/40], Step[350/483], loss: 0.1828
 Epoch [32/40], Step[360/483], loss: 0.1649
 Epoch [32/40], Step[370/483], loss: 0.1353
 Epoch [32/40], Step[380/483], loss: 0.1678
 Epoch [32/40], Step[390/483], loss: 0.2209
 Epoch [32/40], Step[400/483], loss: 0.3717
 Epoch [32/40], Step[410/483], loss: 0.2440
 Epoch [32/40], Step[420/483], loss: 0.1626
 Epoch [32/40], Step[430/483], loss: 0.1147
 Epoch [32/40], Step[440/483], loss: 0.1763
 Epoch [32/40], Step[450/483], loss: 0.1795
 Epoch [32/40], Step[460/483], loss: 0.2051
 Epoch [32/40], Step[470/483], loss: 0.1694
 Epoch [32/40], Step[480/483], loss: 0.1439
 ====> Epoch 32: Training loss: 87.0145
 Accuracy: 0.914348
 Epoch [33/40], Step[0/483], loss: 0.1593
 Epoch [33/40], Step[10/483], loss: 0.1774
 Epoch [33/40], Step[20/483], loss: 0.1195
 Epoch [33/40], Step[30/483], loss: 0.1444
 Epoch [33/40], Step[40/483], loss: 0.0907
 Epoch [33/40], Step[50/483], loss: 0.1845
 Epoch [33/40], Step[60/483], loss: 0.2433
 Epoch [33/40], Step[70/483], loss: 0.1457
 Epoch [33/40], Step[80/483], loss: 0.1498
 Epoch [33/40], Step[90/483], loss: 0.2142
 Epoch [33/40], Step[100/483], loss: 0.1375
 Epoch [33/40], Step[110/483], loss: 0.1626
 Epoch [33/40], Step[120/483], loss: 0.1821
 Epoch [33/40], Step[130/483], loss: 0.1302
 Epoch [33/40], Step[140/483], loss: 0.1177
 Epoch [33/40], Step[150/483], loss: 0.1941
 Epoch [33/40], Step[160/483], loss: 0.2938
 Epoch [33/40], Step[170/483], loss: 0.1641
 Epoch [33/40], Step[180/483], loss: 0.1525
 Epoch [33/40], Step[190/483], loss: 0.0942
 Epoch [33/40], Step[200/483], loss: 0.1530
 Epoch [33/40], Step[210/483], loss: 0.2304
 Epoch [33/40], Step[220/483], loss: 0.2006
 Epoch [33/40], Step[230/483], loss: 0.2472
 Epoch [33/40], Step[240/483], loss: 0.2466
 Epoch [33/40], Step[250/483], loss: 0.1379
 Epoch [33/40], Step[260/483], loss: 0.1764
 Epoch [33/40], Step[270/483], loss: 0.1778
 Epoch [33/40], Step[280/483], loss: 0.1913
 Epoch [33/40], Step[290/483], loss: 0.2438
 Epoch [33/40], Step[300/483], loss: 0.1429
 Epoch [33/40], Step[310/483], loss: 0.1708
 Epoch [33/40], Step[320/483], loss: 0.1980
 Epoch [33/40], Step[330/483], loss: 0.2722
 Epoch [33/40], Step[340/483], loss: 0.1805
 Epoch [33/40], Step[350/483], loss: 0.1963
 Epoch [33/40], Step[360/483], loss: 0.2118
 Epoch [33/40], Step[370/483], loss: 0.1441
 Epoch [33/40], Step[380/483], loss: 0.1996
 Epoch [33/40], Step[390/483], loss: 0.2305
 Epoch [33/40], Step[400/483], loss: 0.2113
 Epoch [33/40], Step[410/483], loss: 0.1725
 Epoch [33/40], Step[420/483], loss: 0.1328
 Epoch [33/40], Step[430/483], loss: 0.2140
 Epoch [33/40], Step[440/483], loss: 0.2026
 Epoch [33/40], Step[450/483], loss: 0.1308
 Epoch [33/40], Step[460/483], loss: 0.1551
 Epoch [33/40], Step[470/483], loss: 0.2613
 Epoch [33/40], Step[480/483], loss: 0.0976
 ====> Epoch 33: Training loss: 87.1262
 Accuracy: 0.914224
 Epoch [34/40], Step[0/483], loss: 0.1234
 Epoch [34/40], Step[10/483], loss: 0.0852
 Epoch [34/40], Step[20/483], loss: 0.0907
 Epoch [34/40], Step[30/483], loss: 0.1610
 Epoch [34/40], Step[40/483], loss: 0.1480
 Epoch [34/40], Step[50/483], loss: 0.2094
 Epoch [34/40], Step[60/483], loss: 0.1494
 Epoch [34/40], Step[70/483], loss: 0.1241
 Epoch [34/40], Step[80/483], loss: 0.1870
 Epoch [34/40], Step[90/483], loss: 0.2607
 Epoch [34/40], Step[100/483], loss: 0.1890
 Epoch [34/40], Step[110/483], loss: 0.2080
 Epoch [34/40], Step[120/483], loss: 0.1963
 Epoch [34/40], Step[130/483], loss: 0.1170
 Epoch [34/40], Step[140/483], loss: 0.1759
 Epoch [34/40], Step[150/483], loss: 0.2445
 Epoch [34/40], Step[160/483], loss: 0.2482
 Epoch [34/40], Step[170/483], loss: 0.2664
 Epoch [34/40], Step[180/483], loss: 0.1199
 Epoch [34/40], Step[190/483], loss: 0.1580
 Epoch [34/40], Step[200/483], loss: 0.1504
 Epoch [34/40], Step[210/483], loss: 0.1082
 Epoch [34/40], Step[220/483], loss: 0.1770
 Epoch [34/40], Step[230/483], loss: 0.2546
 Epoch [34/40], Step[240/483], loss: 0.2890
 Epoch [34/40], Step[250/483], loss: 0.1401
 Epoch [34/40], Step[260/483], loss: 0.1733
 Epoch [34/40], Step[270/483], loss: 0.1990
 Epoch [34/40], Step[280/483], loss: 0.1624
 Epoch [34/40], Step[290/483], loss: 0.2068
 Epoch [34/40], Step[300/483], loss: 0.1507
 Epoch [34/40], Step[310/483], loss: 0.1942
 Epoch [34/40], Step[320/483], loss: 0.1675
 Epoch [34/40], Step[330/483], loss: 0.2080
 Epoch [34/40], Step[340/483], loss: 0.1123
 Epoch [34/40], Step[350/483], loss: 0.1589
 Epoch [34/40], Step[360/483], loss: 0.3254
 Epoch [34/40], Step[370/483], loss: 0.2048
 Epoch [34/40], Step[380/483], loss: 0.1976
 Epoch [34/40], Step[390/483], loss: 0.2836
 Epoch [34/40], Step[400/483], loss: 0.3294
 Epoch [34/40], Step[410/483], loss: 0.1945
 Epoch [34/40], Step[420/483], loss: 0.2151
 Epoch [34/40], Step[430/483], loss: 0.1690
 Epoch [34/40], Step[440/483], loss: 0.2380
 Epoch [34/40], Step[450/483], loss: 0.1491
 Epoch [34/40], Step[460/483], loss: 0.1680
 Epoch [34/40], Step[470/483], loss: 0.1969
 Epoch [34/40], Step[480/483], loss: 0.1520
 ====> Epoch 34: Training loss: 87.1624
 Accuracy: 0.913747
 Epoch [35/40], Step[0/483], loss: 0.1057
 Epoch [35/40], Step[10/483], loss: 0.1541
 Epoch [35/40], Step[20/483], loss: 0.1805
 Epoch [35/40], Step[30/483], loss: 0.1889
 Epoch [35/40], Step[40/483], loss: 0.1616
 Epoch [35/40], Step[50/483], loss: 0.1382
 Epoch [35/40], Step[60/483], loss: 0.2553
 Epoch [35/40], Step[70/483], loss: 0.2014
 Epoch [35/40], Step[80/483], loss: 0.1017
 Epoch [35/40], Step[90/483], loss: 0.1414
 Epoch [35/40], Step[100/483], loss: 0.1068
 Epoch [35/40], Step[110/483], loss: 0.1900
 Epoch [35/40], Step[120/483], loss: 0.1902
 Epoch [35/40], Step[130/483], loss: 0.1716
 Epoch [35/40], Step[140/483], loss: 0.1107
 Epoch [35/40], Step[150/483], loss: 0.3392
 Epoch [35/40], Step[160/483], loss: 0.2420
 Epoch [35/40], Step[170/483], loss: 0.2110
 Epoch [35/40], Step[180/483], loss: 0.1347
 Epoch [35/40], Step[190/483], loss: 0.1925
 Epoch [35/40], Step[200/483], loss: 0.1091
 Epoch [35/40], Step[210/483], loss: 0.1160
 Epoch [35/40], Step[220/483], loss: 0.1860
 Epoch [35/40], Step[230/483], loss: 0.2624
 Epoch [35/40], Step[240/483], loss: 0.2382
 Epoch [35/40], Step[250/483], loss: 0.1212
 Epoch [35/40], Step[260/483], loss: 0.1712
 Epoch [35/40], Step[270/483], loss: 0.3073
 Epoch [35/40], Step[280/483], loss: 0.2268
 Epoch [35/40], Step[290/483], loss: 0.4249
 Epoch [35/40], Step[300/483], loss: 0.2828
 Epoch [35/40], Step[310/483], loss: 0.2923
 Epoch [35/40], Step[320/483], loss: 0.1706
 Epoch [35/40], Step[330/483], loss: 0.2213
 Epoch [35/40], Step[340/483], loss: 0.1329
 Epoch [35/40], Step[350/483], loss: 0.2314
 Epoch [35/40], Step[360/483], loss: 0.2749
 Epoch [35/40], Step[370/483], loss: 0.2307
 Epoch [35/40], Step[380/483], loss: 0.2253
 Epoch [35/40], Step[390/483], loss: 0.1863
 Epoch [35/40], Step[400/483], loss: 0.2088
 Epoch [35/40], Step[410/483], loss: 0.2380
 Epoch [35/40], Step[420/483], loss: 0.1243
 Epoch [35/40], Step[430/483], loss: 0.1305
 Epoch [35/40], Step[440/483], loss: 0.2475
 Epoch [35/40], Step[450/483], loss: 0.1285
 Epoch [35/40], Step[460/483], loss: 0.1351
 Epoch [35/40], Step[470/483], loss: 0.1729
 Epoch [35/40], Step[480/483], loss: 0.1162
 ====> Epoch 35: Training loss: 88.0540
 Accuracy: 0.910911
 Epoch [36/40], Step[0/483], loss: 0.1439
 Epoch [36/40], Step[10/483], loss: 0.1123
 Epoch [36/40], Step[20/483], loss: 0.1994
 Epoch [36/40], Step[30/483], loss: 0.2488
 Epoch [36/40], Step[40/483], loss: 0.2745
 Epoch [36/40], Step[50/483], loss: 0.0911
 Epoch [36/40], Step[60/483], loss: 0.3269
 Epoch [36/40], Step[70/483], loss: 0.1760
 Epoch [36/40], Step[80/483], loss: 0.1858
 Epoch [36/40], Step[90/483], loss: 0.1663
 Epoch [36/40], Step[100/483], loss: 0.1836
 Epoch [36/40], Step[110/483], loss: 0.1942
 Epoch [36/40], Step[120/483], loss: 0.2156
 Epoch [36/40], Step[130/483], loss: 0.1713
 Epoch [36/40], Step[140/483], loss: 0.1747
 Epoch [36/40], Step[150/483], loss: 0.1567
 Epoch [36/40], Step[160/483], loss: 0.2752
 Epoch [36/40], Step[170/483], loss: 0.1633
 Epoch [36/40], Step[180/483], loss: 0.1455
 Epoch [36/40], Step[190/483], loss: 0.2475
 Epoch [36/40], Step[200/483], loss: 0.1461
 Epoch [36/40], Step[210/483], loss: 0.1734
 Epoch [36/40], Step[220/483], loss: 0.3189
 Epoch [36/40], Step[230/483], loss: 0.2029
 Epoch [36/40], Step[240/483], loss: 0.1193
 Epoch [36/40], Step[250/483], loss: 0.2077
 Epoch [36/40], Step[260/483], loss: 0.1698
 Epoch [36/40], Step[270/483], loss: 0.2292
 Epoch [36/40], Step[280/483], loss: 0.2479
 Epoch [36/40], Step[290/483], loss: 0.1695
 Epoch [36/40], Step[300/483], loss: 0.1653
 Epoch [36/40], Step[310/483], loss: 0.1851
 Epoch [36/40], Step[320/483], loss: 0.1368
 Epoch [36/40], Step[330/483], loss: 0.1966
 Epoch [36/40], Step[340/483], loss: 0.1681
 Epoch [36/40], Step[350/483], loss: 0.1196
 Epoch [36/40], Step[360/483], loss: 0.1803
 Epoch [36/40], Step[370/483], loss: 0.1756
 Epoch [36/40], Step[380/483], loss: 0.1923
 Epoch [36/40], Step[390/483], loss: 0.2240
 Epoch [36/40], Step[400/483], loss: 0.1754
 Epoch [36/40], Step[410/483], loss: 0.1657
 Epoch [36/40], Step[420/483], loss: 0.1571
 Epoch [36/40], Step[430/483], loss: 0.1750
 Epoch [36/40], Step[440/483], loss: 0.1848
 Epoch [36/40], Step[450/483], loss: 0.1501
 Epoch [36/40], Step[460/483], loss: 0.1563
 Epoch [36/40], Step[470/483], loss: 0.1092
 Epoch [36/40], Step[480/483], loss: 0.1207
 ====> Epoch 36: Training loss: 84.7911
 Accuracy: 0.916749
 Epoch [37/40], Step[0/483], loss: 0.1113
 Epoch [37/40], Step[10/483], loss: 0.1181
 Epoch [37/40], Step[20/483], loss: 0.1691
 Epoch [37/40], Step[30/483], loss: 0.1691
 Epoch [37/40], Step[40/483], loss: 0.2663
 Epoch [37/40], Step[50/483], loss: 0.1338
 Epoch [37/40], Step[60/483], loss: 0.2893
 Epoch [37/40], Step[70/483], loss: 0.1475
 Epoch [37/40], Step[80/483], loss: 0.1433
 Epoch [37/40], Step[90/483], loss: 0.1663
 Epoch [37/40], Step[100/483], loss: 0.2292
 Epoch [37/40], Step[110/483], loss: 0.1971
 Epoch [37/40], Step[120/483], loss: 0.1516
 Epoch [37/40], Step[130/483], loss: 0.1875
 Epoch [37/40], Step[140/483], loss: 0.1135
 Epoch [37/40], Step[150/483], loss: 0.1016
 Epoch [37/40], Step[160/483], loss: 0.1605
 Epoch [37/40], Step[170/483], loss: 0.2332
 Epoch [37/40], Step[180/483], loss: 0.1320
 Epoch [37/40], Step[190/483], loss: 0.1477
 Epoch [37/40], Step[200/483], loss: 0.1643
 Epoch [37/40], Step[210/483], loss: 0.1679
 Epoch [37/40], Step[220/483], loss: 0.2441
 Epoch [37/40], Step[230/483], loss: 0.1389
 Epoch [37/40], Step[240/483], loss: 0.2031
 Epoch [37/40], Step[250/483], loss: 0.1665
 Epoch [37/40], Step[260/483], loss: 0.1185
 Epoch [37/40], Step[270/483], loss: 0.2280
 Epoch [37/40], Step[280/483], loss: 0.2607
 Epoch [37/40], Step[290/483], loss: 0.1627
 Epoch [37/40], Step[300/483], loss: 0.2780
 Epoch [37/40], Step[310/483], loss: 0.2309
 Epoch [37/40], Step[320/483], loss: 0.1317
 Epoch [37/40], Step[330/483], loss: 0.2399
 Epoch [37/40], Step[340/483], loss: 0.1643
 Epoch [37/40], Step[350/483], loss: 0.1766
 Epoch [37/40], Step[360/483], loss: 0.1344
 Epoch [37/40], Step[370/483], loss: 0.1607
 Epoch [37/40], Step[380/483], loss: 0.2148
 Epoch [37/40], Step[390/483], loss: 0.2639
 Epoch [37/40], Step[400/483], loss: 0.2995
 Epoch [37/40], Step[410/483], loss: 0.1408
 Epoch [37/40], Step[420/483], loss: 0.1649
 Epoch [37/40], Step[430/483], loss: 0.1177
 Epoch [37/40], Step[440/483], loss: 0.2797
 Epoch [37/40], Step[450/483], loss: 0.1363
 Epoch [37/40], Step[460/483], loss: 0.2265
 Epoch [37/40], Step[470/483], loss: 0.2043
 Epoch [37/40], Step[480/483], loss: 0.1069
 ====> Epoch 37: Training loss: 86.4660
 Accuracy: 0.913934
 Epoch [38/40], Step[0/483], loss: 0.1147
 Epoch [38/40], Step[10/483], loss: 0.1344
 Epoch [38/40], Step[20/483], loss: 0.1709
 Epoch [38/40], Step[30/483], loss: 0.2066
 Epoch [38/40], Step[40/483], loss: 0.1350
 Epoch [38/40], Step[50/483], loss: 0.1526
 Epoch [38/40], Step[60/483], loss: 0.3123
 Epoch [38/40], Step[70/483], loss: 0.2315
 Epoch [38/40], Step[80/483], loss: 0.1012
 Epoch [38/40], Step[90/483], loss: 0.1849
 Epoch [38/40], Step[100/483], loss: 0.0959
 Epoch [38/40], Step[110/483], loss: 0.1918
 Epoch [38/40], Step[120/483], loss: 0.1304
 Epoch [38/40], Step[130/483], loss: 0.1265
 Epoch [38/40], Step[140/483], loss: 0.1135
 Epoch [38/40], Step[150/483], loss: 0.1757
 Epoch [38/40], Step[160/483], loss: 0.2093
 Epoch [38/40], Step[170/483], loss: 0.2294
 Epoch [38/40], Step[180/483], loss: 0.1376
 Epoch [38/40], Step[190/483], loss: 0.2484
 Epoch [38/40], Step[200/483], loss: 0.1305
 Epoch [38/40], Step[210/483], loss: 0.1792
 Epoch [38/40], Step[220/483], loss: 0.2047
 Epoch [38/40], Step[230/483], loss: 0.2196
 Epoch [38/40], Step[240/483], loss: 0.1622
 Epoch [38/40], Step[250/483], loss: 0.1630
 Epoch [38/40], Step[260/483], loss: 0.2001
 Epoch [38/40], Step[270/483], loss: 0.3265
 Epoch [38/40], Step[280/483], loss: 0.1532
 Epoch [38/40], Step[290/483], loss: 0.1263
 Epoch [38/40], Step[300/483], loss: 0.1398
 Epoch [38/40], Step[310/483], loss: 0.1743
 Epoch [38/40], Step[320/483], loss: 0.1252
 Epoch [38/40], Step[330/483], loss: 0.2377
 Epoch [38/40], Step[340/483], loss: 0.1729
 Epoch [38/40], Step[350/483], loss: 0.1801
 Epoch [38/40], Step[360/483], loss: 0.2251
 Epoch [38/40], Step[370/483], loss: 0.2111
 Epoch [38/40], Step[380/483], loss: 0.1945
 Epoch [38/40], Step[390/483], loss: 0.2296
 Epoch [38/40], Step[400/483], loss: 0.1992
 Epoch [38/40], Step[410/483], loss: 0.2143
 Epoch [38/40], Step[420/483], loss: 0.1349
 Epoch [38/40], Step[430/483], loss: 0.1626
 Epoch [38/40], Step[440/483], loss: 0.1668
 Epoch [38/40], Step[450/483], loss: 0.0914
 Epoch [38/40], Step[460/483], loss: 0.3139
 Epoch [38/40], Step[470/483], loss: 0.1691
 Epoch [38/40], Step[480/483], loss: 0.1820
 ====> Epoch 38: Training loss: 84.4769
 Accuracy: 0.916460
 Epoch [39/40], Step[0/483], loss: 0.0866
 Epoch [39/40], Step[10/483], loss: 0.1169
 Epoch [39/40], Step[20/483], loss: 0.1882
 Epoch [39/40], Step[30/483], loss: 0.1930
 Epoch [39/40], Step[40/483], loss: 0.2518
 Epoch [39/40], Step[50/483], loss: 0.1650
 Epoch [39/40], Step[60/483], loss: 0.2704
 Epoch [39/40], Step[70/483], loss: 0.1691
 Epoch [39/40], Step[80/483], loss: 0.1261
 Epoch [39/40], Step[90/483], loss: 0.1891
 Epoch [39/40], Step[100/483], loss: 0.1813
 Epoch [39/40], Step[110/483], loss: 0.1855
 Epoch [39/40], Step[120/483], loss: 0.1540
 Epoch [39/40], Step[130/483], loss: 0.1753
 Epoch [39/40], Step[140/483], loss: 0.2056
 Epoch [39/40], Step[150/483], loss: 0.0903
 Epoch [39/40], Step[160/483], loss: 0.1990
 Epoch [39/40], Step[170/483], loss: 0.2227
 Epoch [39/40], Step[180/483], loss: 0.2350
 Epoch [39/40], Step[190/483], loss: 0.1004
 Epoch [39/40], Step[200/483], loss: 0.1223
 Epoch [39/40], Step[210/483], loss: 0.1299
 Epoch [39/40], Step[220/483], loss: 0.2137
 Epoch [39/40], Step[230/483], loss: 0.2432
 Epoch [39/40], Step[240/483], loss: 0.1214
 Epoch [39/40], Step[250/483], loss: 0.1169
 Epoch [39/40], Step[260/483], loss: 0.1034
 Epoch [39/40], Step[270/483], loss: 0.1765
 Epoch [39/40], Step[280/483], loss: 0.1797
 Epoch [39/40], Step[290/483], loss: 0.1542
 Epoch [39/40], Step[300/483], loss: 0.2054
 Epoch [39/40], Step[310/483], loss: 0.2435
 Epoch [39/40], Step[320/483], loss: 0.1915
 Epoch [39/40], Step[330/483], loss: 0.1906
 Epoch [39/40], Step[340/483], loss: 0.1272
 Epoch [39/40], Step[350/483], loss: 0.1651
 Epoch [39/40], Step[360/483], loss: 0.2964
 Epoch [39/40], Step[370/483], loss: 0.1454
 Epoch [39/40], Step[380/483], loss: 0.2255
 Epoch [39/40], Step[390/483], loss: 0.2488
 Epoch [39/40], Step[400/483], loss: 0.1957
 Epoch [39/40], Step[410/483], loss: 0.1846
 Epoch [39/40], Step[420/483], loss: 0.1536
 Epoch [39/40], Step[430/483], loss: 0.1613
 Epoch [39/40], Step[440/483], loss: 0.1884
 Epoch [39/40], Step[450/483], loss: 0.1853
 Epoch [39/40], Step[460/483], loss: 0.2363
 Epoch [39/40], Step[470/483], loss: 0.1674
 Epoch [39/40], Step[480/483], loss: 0.1558
 ====> Epoch 39: Training loss: 84.6107
 Accuracy: 0.915259
 Epoch [40/40], Step[0/483], loss: 0.1856
 Epoch [40/40], Step[10/483], loss: 0.1396
 Epoch [40/40], Step[20/483], loss: 0.1055
 Epoch [40/40], Step[30/483], loss: 0.1872
 Epoch [40/40], Step[40/483], loss: 0.1624
 Epoch [40/40], Step[50/483], loss: 0.1276
 Epoch [40/40], Step[60/483], loss: 0.2353
 Epoch [40/40], Step[70/483], loss: 0.1618
 Epoch [40/40], Step[80/483], loss: 0.1107
 Epoch [40/40], Step[90/483], loss: 0.1761
 Epoch [40/40], Step[100/483], loss: 0.1307
 Epoch [40/40], Step[110/483], loss: 0.1411
 Epoch [40/40], Step[120/483], loss: 0.1608
 Epoch [40/40], Step[130/483], loss: 0.1660
 Epoch [40/40], Step[140/483], loss: 0.1380
 Epoch [40/40], Step[150/483], loss: 0.1785
 Epoch [40/40], Step[160/483], loss: 0.1580
 Epoch [40/40], Step[170/483], loss: 0.3464
 Epoch [40/40], Step[180/483], loss: 0.1162
 Epoch [40/40], Step[190/483], loss: 0.1090
 Epoch [40/40], Step[200/483], loss: 0.1424
 Epoch [40/40], Step[210/483], loss: 0.1609
 Epoch [40/40], Step[220/483], loss: 0.2107
 Epoch [40/40], Step[230/483], loss: 0.2247
 Epoch [40/40], Step[240/483], loss: 0.1363
 Epoch [40/40], Step[250/483], loss: 0.1084
 Epoch [40/40], Step[260/483], loss: 0.1592
 Epoch [40/40], Step[270/483], loss: 0.1831
 Epoch [40/40], Step[280/483], loss: 0.1739
 Epoch [40/40], Step[290/483], loss: 0.0763
 Epoch [40/40], Step[300/483], loss: 0.2637
 Epoch [40/40], Step[310/483], loss: 0.2568
 Epoch [40/40], Step[320/483], loss: 0.2515
 Epoch [40/40], Step[330/483], loss: 0.2734
 Epoch [40/40], Step[340/483], loss: 0.0999
 Epoch [40/40], Step[350/483], loss: 0.0937
 Epoch [40/40], Step[360/483], loss: 0.1596
 Epoch [40/40], Step[370/483], loss: 0.1913
 Epoch [40/40], Step[380/483], loss: 0.1822
 Epoch [40/40], Step[390/483], loss: 0.2482
 Epoch [40/40], Step[400/483], loss: 0.2125
 Epoch [40/40], Step[410/483], loss: 0.1915
 Epoch [40/40], Step[420/483], loss: 0.2088
 Epoch [40/40], Step[430/483], loss: 0.1187
 Epoch [40/40], Step[440/483], loss: 0.1740
 Epoch [40/40], Step[450/483], loss: 0.1852
 Epoch [40/40], Step[460/483], loss: 0.1791
 Epoch [40/40], Step[470/483], loss: 0.1175
 Epoch [40/40], Step[480/483], loss: 0.1860
 ====> Epoch 40: Training loss: 83.6451
 Accuracy: 0.915424
 Saved model to models/l0197.pth
