 Loading feature files...
 <s> = 1
 </s> = 2
 All scenes loaded.
 Hyperparameters:Namespace(LR=0.01, alternatives=1, batch_size=100, dec='LSTM', dropout=0.3, epochs=30, hidden_sz=50, k=10, load=None, log_interval=10, model='l0', no_cuda=False, save=None, seed=1)
 Listener0: Listener0Model(
  (scene_encoder): LinearSceneEncoder(
    (fc): Linear(in_features=280, out_features=50)
  )
  (string_encoder): LinearStringEncoder(
    (fc): Linear(in_features=1063, out_features=50)
  )
  (scorer): MLPScorer(
    (dropout): Dropout(p=0.3)
    (linear_4): Linear(in_features=50, out_features=50)
    (linear_5): Linear(in_features=50, out_features=50)
    (linear_3): Linear(in_features=50, out_features=1)
  )
)
 Training Listener0...
 Epoch [1/30], Step[0/483], loss: 0.6901
 Epoch [1/30], Step[10/483], loss: 0.6648
 Epoch [1/30], Step[20/483], loss: 0.6534
 Epoch [1/30], Step[30/483], loss: 0.6952
 Epoch [1/30], Step[40/483], loss: 0.7038
 Epoch [1/30], Step[50/483], loss: 0.6924
 Epoch [1/30], Step[60/483], loss: 0.6828
 Epoch [1/30], Step[70/483], loss: 0.6934
 Epoch [1/30], Step[80/483], loss: 0.6804
 Epoch [1/30], Step[90/483], loss: 0.6820
 Epoch [1/30], Step[100/483], loss: 0.6709
 Epoch [1/30], Step[110/483], loss: 0.6885
 Epoch [1/30], Step[120/483], loss: 0.6432
 Epoch [1/30], Step[130/483], loss: 0.6906
 Epoch [1/30], Step[140/483], loss: 0.6827
 Epoch [1/30], Step[150/483], loss: 0.7539
 Epoch [1/30], Step[160/483], loss: 0.6499
 Epoch [1/30], Step[170/483], loss: 0.6799
 Epoch [1/30], Step[180/483], loss: 0.6610
 Epoch [1/30], Step[190/483], loss: 0.7248
 Epoch [1/30], Step[200/483], loss: 0.7480
 Epoch [1/30], Step[210/483], loss: 0.7161
 Epoch [1/30], Step[220/483], loss: 0.6514
 Epoch [1/30], Step[230/483], loss: 0.6905
 Epoch [1/30], Step[240/483], loss: 0.6353
 Epoch [1/30], Step[250/483], loss: 0.4624
 Epoch [1/30], Step[260/483], loss: 0.6256
 Epoch [1/30], Step[270/483], loss: 0.6007
 Epoch [1/30], Step[280/483], loss: 0.6580
 Epoch [1/30], Step[290/483], loss: 0.5395
 Epoch [1/30], Step[300/483], loss: 0.5339
 Epoch [1/30], Step[310/483], loss: 0.6653
 Epoch [1/30], Step[320/483], loss: 0.7309
 Epoch [1/30], Step[330/483], loss: 0.6437
 Epoch [1/30], Step[340/483], loss: 0.5729
 Epoch [1/30], Step[350/483], loss: 0.5601
 Epoch [1/30], Step[360/483], loss: 0.6077
 Epoch [1/30], Step[370/483], loss: 0.5896
 Epoch [1/30], Step[380/483], loss: 0.7000
 Epoch [1/30], Step[390/483], loss: 0.6520
 Epoch [1/30], Step[400/483], loss: 0.6071
 Epoch [1/30], Step[410/483], loss: 0.5916
 Epoch [1/30], Step[420/483], loss: 0.5111
 Epoch [1/30], Step[430/483], loss: 0.5854
 Epoch [1/30], Step[440/483], loss: 0.6251
 Epoch [1/30], Step[450/483], loss: 0.7177
 Epoch [1/30], Step[460/483], loss: 0.6961
 Epoch [1/30], Step[470/483], loss: 0.5451
 Epoch [1/30], Step[480/483], loss: 0.5476
 ====> Epoch 1: Training loss: 312.5876
 Training Accuracy: 0.620124
 ====> Epoch 1: Validation loss: 35.1478
 Validation Accuracy: 0.729000
 Epoch [2/30], Step[0/483], loss: 0.5844
 Epoch [2/30], Step[10/483], loss: 0.4064
 Epoch [2/30], Step[20/483], loss: 0.6511
 Epoch [2/30], Step[30/483], loss: 0.6193
 Epoch [2/30], Step[40/483], loss: 0.4814
 Epoch [2/30], Step[50/483], loss: 0.5335
 Epoch [2/30], Step[60/483], loss: 0.6147
 Epoch [2/30], Step[70/483], loss: 0.4465
 Epoch [2/30], Step[80/483], loss: 0.5335
 Epoch [2/30], Step[90/483], loss: 0.5598
 Epoch [2/30], Step[100/483], loss: 0.5405
 Epoch [2/30], Step[110/483], loss: 0.7150
 Epoch [2/30], Step[120/483], loss: 0.5039
 Epoch [2/30], Step[130/483], loss: 0.4343
 Epoch [2/30], Step[140/483], loss: 0.5012
 Epoch [2/30], Step[150/483], loss: 0.6474
 Epoch [2/30], Step[160/483], loss: 0.4944
 Epoch [2/30], Step[170/483], loss: 0.5371
 Epoch [2/30], Step[180/483], loss: 0.5266
 Epoch [2/30], Step[190/483], loss: 0.6117
 Epoch [2/30], Step[200/483], loss: 0.4786
 Epoch [2/30], Step[210/483], loss: 0.4905
 Epoch [2/30], Step[220/483], loss: 0.4589
 Epoch [2/30], Step[230/483], loss: 0.6094
 Epoch [2/30], Step[240/483], loss: 0.5480
 Epoch [2/30], Step[250/483], loss: 0.5417
 Epoch [2/30], Step[260/483], loss: 0.3297
 Epoch [2/30], Step[270/483], loss: 0.4105
 Epoch [2/30], Step[280/483], loss: 0.4121
 Epoch [2/30], Step[290/483], loss: 0.5931
 Epoch [2/30], Step[300/483], loss: 0.4985
 Epoch [2/30], Step[310/483], loss: 0.4618
 Epoch [2/30], Step[320/483], loss: 0.5888
 Epoch [2/30], Step[330/483], loss: 0.5456
 Epoch [2/30], Step[340/483], loss: 0.4409
 Epoch [2/30], Step[350/483], loss: 0.4499
 Epoch [2/30], Step[360/483], loss: 0.4275
 Epoch [2/30], Step[370/483], loss: 0.4945
 Epoch [2/30], Step[380/483], loss: 0.4916
 Epoch [2/30], Step[390/483], loss: 0.4921
 Epoch [2/30], Step[400/483], loss: 0.4972
 Epoch [2/30], Step[410/483], loss: 0.4860
 Epoch [2/30], Step[420/483], loss: 0.4168
 Epoch [2/30], Step[430/483], loss: 0.4473
 Epoch [2/30], Step[440/483], loss: 0.5430
 Epoch [2/30], Step[450/483], loss: 0.5071
 Epoch [2/30], Step[460/483], loss: 0.4376
 Epoch [2/30], Step[470/483], loss: 0.5103
 Epoch [2/30], Step[480/483], loss: 0.4479
 ====> Epoch 2: Training loss: 245.3161
 Training Accuracy: 0.731967
 ====> Epoch 2: Validation loss: 27.5532
 Validation Accuracy: 0.775833
 Epoch [3/30], Step[0/483], loss: 0.4470
 Epoch [3/30], Step[10/483], loss: 0.3266
 Epoch [3/30], Step[20/483], loss: 0.4454
 Epoch [3/30], Step[30/483], loss: 0.5174
 Epoch [3/30], Step[40/483], loss: 0.3124
 Epoch [3/30], Step[50/483], loss: 0.5575
 Epoch [3/30], Step[60/483], loss: 0.4784
 Epoch [3/30], Step[70/483], loss: 0.3735
 Epoch [3/30], Step[80/483], loss: 0.3577
 Epoch [3/30], Step[90/483], loss: 0.4513
 Epoch [3/30], Step[100/483], loss: 0.3947
 Epoch [3/30], Step[110/483], loss: 0.5943
 Epoch [3/30], Step[120/483], loss: 0.3643
 Epoch [3/30], Step[130/483], loss: 0.3751
 Epoch [3/30], Step[140/483], loss: 0.4313
 Epoch [3/30], Step[150/483], loss: 0.6076
 Epoch [3/30], Step[160/483], loss: 0.3926
 Epoch [3/30], Step[170/483], loss: 0.4267
 Epoch [3/30], Step[180/483], loss: 0.2970
 Epoch [3/30], Step[190/483], loss: 0.4876
 Epoch [3/30], Step[200/483], loss: 0.3577
 Epoch [3/30], Step[210/483], loss: 0.4497
 Epoch [3/30], Step[220/483], loss: 0.4736
 Epoch [3/30], Step[230/483], loss: 0.5206
 Epoch [3/30], Step[240/483], loss: 0.3818
 Epoch [3/30], Step[250/483], loss: 0.4220
 Epoch [3/30], Step[260/483], loss: 0.1795
 Epoch [3/30], Step[270/483], loss: 0.3308
 Epoch [3/30], Step[280/483], loss: 0.4857
 Epoch [3/30], Step[290/483], loss: 0.3492
 Epoch [3/30], Step[300/483], loss: 0.3260
 Epoch [3/30], Step[310/483], loss: 0.4134
 Epoch [3/30], Step[320/483], loss: 0.3877
 Epoch [3/30], Step[330/483], loss: 0.5109
 Epoch [3/30], Step[340/483], loss: 0.3556
 Epoch [3/30], Step[350/483], loss: 0.3271
 Epoch [3/30], Step[360/483], loss: 0.4377
 Epoch [3/30], Step[370/483], loss: 0.3689
 Epoch [3/30], Step[380/483], loss: 0.4120
 Epoch [3/30], Step[390/483], loss: 0.5344
 Epoch [3/30], Step[400/483], loss: 0.4480
 Epoch [3/30], Step[410/483], loss: 0.3532
 Epoch [3/30], Step[420/483], loss: 0.3392
 Epoch [3/30], Step[430/483], loss: 0.4582
 Epoch [3/30], Step[440/483], loss: 0.3887
 Epoch [3/30], Step[450/483], loss: 0.3544
 Epoch [3/30], Step[460/483], loss: 0.4301
 Epoch [3/30], Step[470/483], loss: 0.4427
 Epoch [3/30], Step[480/483], loss: 0.3189
 ====> Epoch 3: Training loss: 197.9649
 Training Accuracy: 0.795776
 ====> Epoch 3: Validation loss: 23.2684
 Validation Accuracy: 0.809333
 Epoch [4/30], Step[0/483], loss: 0.3550
 Epoch [4/30], Step[10/483], loss: 0.2957
 Epoch [4/30], Step[20/483], loss: 0.3873
 Epoch [4/30], Step[30/483], loss: 0.3395
 Epoch [4/30], Step[40/483], loss: 0.3157
 Epoch [4/30], Step[50/483], loss: 0.2750
 Epoch [4/30], Step[60/483], loss: 0.3922
 Epoch [4/30], Step[70/483], loss: 0.3025
 Epoch [4/30], Step[80/483], loss: 0.2491
 Epoch [4/30], Step[90/483], loss: 0.3690
 Epoch [4/30], Step[100/483], loss: 0.4153
 Epoch [4/30], Step[110/483], loss: 0.3578
 Epoch [4/30], Step[120/483], loss: 0.3611
 Epoch [4/30], Step[130/483], loss: 0.3702
 Epoch [4/30], Step[140/483], loss: 0.3372
 Epoch [4/30], Step[150/483], loss: 0.3326
 Epoch [4/30], Step[160/483], loss: 0.2652
 Epoch [4/30], Step[170/483], loss: 0.3648
 Epoch [4/30], Step[180/483], loss: 0.3407
 Epoch [4/30], Step[190/483], loss: 0.4115
 Epoch [4/30], Step[200/483], loss: 0.3860
 Epoch [4/30], Step[210/483], loss: 0.2753
 Epoch [4/30], Step[220/483], loss: 0.4169
 Epoch [4/30], Step[230/483], loss: 0.4356
 Epoch [4/30], Step[240/483], loss: 0.3467
 Epoch [4/30], Step[250/483], loss: 0.3391
 Epoch [4/30], Step[260/483], loss: 0.2052
 Epoch [4/30], Step[270/483], loss: 0.2894
 Epoch [4/30], Step[280/483], loss: 0.3452
 Epoch [4/30], Step[290/483], loss: 0.3426
 Epoch [4/30], Step[300/483], loss: 0.3475
 Epoch [4/30], Step[310/483], loss: 0.3286
 Epoch [4/30], Step[320/483], loss: 0.4109
 Epoch [4/30], Step[330/483], loss: 0.4521
 Epoch [4/30], Step[340/483], loss: 0.2753
 Epoch [4/30], Step[350/483], loss: 0.2717
 Epoch [4/30], Step[360/483], loss: 0.4587
 Epoch [4/30], Step[370/483], loss: 0.3487
 Epoch [4/30], Step[380/483], loss: 0.3703
 Epoch [4/30], Step[390/483], loss: 0.3434
 Epoch [4/30], Step[400/483], loss: 0.2899
 Epoch [4/30], Step[410/483], loss: 0.4082
 Epoch [4/30], Step[420/483], loss: 0.2807
 Epoch [4/30], Step[430/483], loss: 0.3067
 Epoch [4/30], Step[440/483], loss: 0.4175
 Epoch [4/30], Step[450/483], loss: 0.3827
 Epoch [4/30], Step[460/483], loss: 0.4353
 Epoch [4/30], Step[470/483], loss: 0.3420
 Epoch [4/30], Step[480/483], loss: 0.3714
 ====> Epoch 4: Training loss: 170.4693
 Training Accuracy: 0.825135
 ====> Epoch 4: Validation loss: 21.6313
 Validation Accuracy: 0.819333
 Epoch [5/30], Step[0/483], loss: 0.2890
 Epoch [5/30], Step[10/483], loss: 0.2316
 Epoch [5/30], Step[20/483], loss: 0.3031
 Epoch [5/30], Step[30/483], loss: 0.4277
 Epoch [5/30], Step[40/483], loss: 0.2203
 Epoch [5/30], Step[50/483], loss: 0.2587
 Epoch [5/30], Step[60/483], loss: 0.3977
 Epoch [5/30], Step[70/483], loss: 0.2772
 Epoch [5/30], Step[80/483], loss: 0.2871
 Epoch [5/30], Step[90/483], loss: 0.3161
 Epoch [5/30], Step[100/483], loss: 0.2116
 Epoch [5/30], Step[110/483], loss: 0.4057
 Epoch [5/30], Step[120/483], loss: 0.2891
 Epoch [5/30], Step[130/483], loss: 0.3479
 Epoch [5/30], Step[140/483], loss: 0.2700
 Epoch [5/30], Step[150/483], loss: 0.3314
 Epoch [5/30], Step[160/483], loss: 0.3713
 Epoch [5/30], Step[170/483], loss: 0.3793
 Epoch [5/30], Step[180/483], loss: 0.3749
 Epoch [5/30], Step[190/483], loss: 0.3452
 Epoch [5/30], Step[200/483], loss: 0.3554
 Epoch [5/30], Step[210/483], loss: 0.3859
 Epoch [5/30], Step[220/483], loss: 0.3913
 Epoch [5/30], Step[230/483], loss: 0.3795
 Epoch [5/30], Step[240/483], loss: 0.3626
 Epoch [5/30], Step[250/483], loss: 0.4000
 Epoch [5/30], Step[260/483], loss: 0.2287
 Epoch [5/30], Step[270/483], loss: 0.2839
 Epoch [5/30], Step[280/483], loss: 0.3025
 Epoch [5/30], Step[290/483], loss: 0.3227
 Epoch [5/30], Step[300/483], loss: 0.3802
 Epoch [5/30], Step[310/483], loss: 0.2898
 Epoch [5/30], Step[320/483], loss: 0.3021
 Epoch [5/30], Step[330/483], loss: 0.3193
 Epoch [5/30], Step[340/483], loss: 0.3457
 Epoch [5/30], Step[350/483], loss: 0.2384
 Epoch [5/30], Step[360/483], loss: 0.3901
 Epoch [5/30], Step[370/483], loss: 0.2549
 Epoch [5/30], Step[380/483], loss: 0.3367
 Epoch [5/30], Step[390/483], loss: 0.3796
 Epoch [5/30], Step[400/483], loss: 0.3498
 Epoch [5/30], Step[410/483], loss: 0.2700
 Epoch [5/30], Step[420/483], loss: 0.3441
 Epoch [5/30], Step[430/483], loss: 0.2939
 Epoch [5/30], Step[440/483], loss: 0.2572
 Epoch [5/30], Step[450/483], loss: 0.2513
 Epoch [5/30], Step[460/483], loss: 0.4812
 Epoch [5/30], Step[470/483], loss: 0.2639
 Epoch [5/30], Step[480/483], loss: 0.2906
 ====> Epoch 5: Training loss: 155.1881
 Training Accuracy: 0.847495
 ====> Epoch 5: Validation loss: 19.1450
 Validation Accuracy: 0.847000
 Epoch [6/30], Step[0/483], loss: 0.2771
 Epoch [6/30], Step[10/483], loss: 0.3396
 Epoch [6/30], Step[20/483], loss: 0.3046
 Epoch [6/30], Step[30/483], loss: 0.3515
 Epoch [6/30], Step[40/483], loss: 0.2807
 Epoch [6/30], Step[50/483], loss: 0.3515
 Epoch [6/30], Step[60/483], loss: 0.2692
 Epoch [6/30], Step[70/483], loss: 0.2218
 Epoch [6/30], Step[80/483], loss: 0.2603
 Epoch [6/30], Step[90/483], loss: 0.2661
 Epoch [6/30], Step[100/483], loss: 0.2737
 Epoch [6/30], Step[110/483], loss: 0.3134
 Epoch [6/30], Step[120/483], loss: 0.2491
 Epoch [6/30], Step[130/483], loss: 0.2478
 Epoch [6/30], Step[140/483], loss: 0.2405
 Epoch [6/30], Step[150/483], loss: 0.3101
 Epoch [6/30], Step[160/483], loss: 0.2269
 Epoch [6/30], Step[170/483], loss: 0.2922
 Epoch [6/30], Step[180/483], loss: 0.2144
 Epoch [6/30], Step[190/483], loss: 0.2731
 Epoch [6/30], Step[200/483], loss: 0.3411
 Epoch [6/30], Step[210/483], loss: 0.2837
 Epoch [6/30], Step[220/483], loss: 0.3254
 Epoch [6/30], Step[230/483], loss: 0.3533
 Epoch [6/30], Step[240/483], loss: 0.3170
 Epoch [6/30], Step[250/483], loss: 0.2759
 Epoch [6/30], Step[260/483], loss: 0.1967
 Epoch [6/30], Step[270/483], loss: 0.2682
 Epoch [6/30], Step[280/483], loss: 0.2676
 Epoch [6/30], Step[290/483], loss: 0.3254
 Epoch [6/30], Step[300/483], loss: 0.2164
 Epoch [6/30], Step[310/483], loss: 0.2905
 Epoch [6/30], Step[320/483], loss: 0.2506
 Epoch [6/30], Step[330/483], loss: 0.3565
 Epoch [6/30], Step[340/483], loss: 0.3113
 Epoch [6/30], Step[350/483], loss: 0.2631
 Epoch [6/30], Step[360/483], loss: 0.3300
 Epoch [6/30], Step[370/483], loss: 0.2860
 Epoch [6/30], Step[380/483], loss: 0.2573
 Epoch [6/30], Step[390/483], loss: 0.3610
 Epoch [6/30], Step[400/483], loss: 0.2923
 Epoch [6/30], Step[410/483], loss: 0.3917
 Epoch [6/30], Step[420/483], loss: 0.2989
 Epoch [6/30], Step[430/483], loss: 0.3245
 Epoch [6/30], Step[440/483], loss: 0.2518
 Epoch [6/30], Step[450/483], loss: 0.3080
 Epoch [6/30], Step[460/483], loss: 0.2402
 Epoch [6/30], Step[470/483], loss: 0.3607
 Epoch [6/30], Step[480/483], loss: 0.3474
 ====> Epoch 6: Training loss: 145.4221
 Training Accuracy: 0.856439
 ====> Epoch 6: Validation loss: 18.8631
 Validation Accuracy: 0.852000
 Epoch [7/30], Step[0/483], loss: 0.3579
 Epoch [7/30], Step[10/483], loss: 0.2677
 Epoch [7/30], Step[20/483], loss: 0.2408
 Epoch [7/30], Step[30/483], loss: 0.2520
 Epoch [7/30], Step[40/483], loss: 0.3279
 Epoch [7/30], Step[50/483], loss: 0.2693
 Epoch [7/30], Step[60/483], loss: 0.2764
 Epoch [7/30], Step[70/483], loss: 0.1534
 Epoch [7/30], Step[80/483], loss: 0.3103
 Epoch [7/30], Step[90/483], loss: 0.2329
 Epoch [7/30], Step[100/483], loss: 0.3811
 Epoch [7/30], Step[110/483], loss: 0.3357
 Epoch [7/30], Step[120/483], loss: 0.2465
 Epoch [7/30], Step[130/483], loss: 0.3434
 Epoch [7/30], Step[140/483], loss: 0.3432
 Epoch [7/30], Step[150/483], loss: 0.3556
 Epoch [7/30], Step[160/483], loss: 0.3062
 Epoch [7/30], Step[170/483], loss: 0.2691
 Epoch [7/30], Step[180/483], loss: 0.2612
 Epoch [7/30], Step[190/483], loss: 0.3468
 Epoch [7/30], Step[200/483], loss: 0.2382
 Epoch [7/30], Step[210/483], loss: 0.3000
 Epoch [7/30], Step[220/483], loss: 0.2635
 Epoch [7/30], Step[230/483], loss: 0.3124
 Epoch [7/30], Step[240/483], loss: 0.2225
 Epoch [7/30], Step[250/483], loss: 0.2552
 Epoch [7/30], Step[260/483], loss: 0.1495
 Epoch [7/30], Step[270/483], loss: 0.2455
 Epoch [7/30], Step[280/483], loss: 0.4055
 Epoch [7/30], Step[290/483], loss: 0.2135
 Epoch [7/30], Step[300/483], loss: 0.2921
 Epoch [7/30], Step[310/483], loss: 0.3629
 Epoch [7/30], Step[320/483], loss: 0.3285
 Epoch [7/30], Step[330/483], loss: 0.3194
 Epoch [7/30], Step[340/483], loss: 0.2523
 Epoch [7/30], Step[350/483], loss: 0.2628
 Epoch [7/30], Step[360/483], loss: 0.2464
 Epoch [7/30], Step[370/483], loss: 0.2472
 Epoch [7/30], Step[380/483], loss: 0.2596
 Epoch [7/30], Step[390/483], loss: 0.2935
 Epoch [7/30], Step[400/483], loss: 0.2779
 Epoch [7/30], Step[410/483], loss: 0.2291
 Epoch [7/30], Step[420/483], loss: 0.3060
 Epoch [7/30], Step[430/483], loss: 0.2871
 Epoch [7/30], Step[440/483], loss: 0.2991
 Epoch [7/30], Step[450/483], loss: 0.2299
 Epoch [7/30], Step[460/483], loss: 0.3706
 Epoch [7/30], Step[470/483], loss: 0.2894
 Epoch [7/30], Step[480/483], loss: 0.1729
 ====> Epoch 7: Training loss: 138.1502
 Training Accuracy: 0.868178
 ====> Epoch 7: Validation loss: 18.0228
 Validation Accuracy: 0.856500
 Epoch [8/30], Step[0/483], loss: 0.1738
 Epoch [8/30], Step[10/483], loss: 0.2994
 Epoch [8/30], Step[20/483], loss: 0.2052
 Epoch [8/30], Step[30/483], loss: 0.3481
 Epoch [8/30], Step[40/483], loss: 0.2371
 Epoch [8/30], Step[50/483], loss: 0.2235
 Epoch [8/30], Step[60/483], loss: 0.2681
 Epoch [8/30], Step[70/483], loss: 0.2518
 Epoch [8/30], Step[80/483], loss: 0.1644
 Epoch [8/30], Step[90/483], loss: 0.2144
 Epoch [8/30], Step[100/483], loss: 0.1932
 Epoch [8/30], Step[110/483], loss: 0.2485
 Epoch [8/30], Step[120/483], loss: 0.3236
 Epoch [8/30], Step[130/483], loss: 0.1893
 Epoch [8/30], Step[140/483], loss: 0.3686
 Epoch [8/30], Step[150/483], loss: 0.2461
 Epoch [8/30], Step[160/483], loss: 0.2421
 Epoch [8/30], Step[170/483], loss: 0.2842
 Epoch [8/30], Step[180/483], loss: 0.2500
 Epoch [8/30], Step[190/483], loss: 0.3582
 Epoch [8/30], Step[200/483], loss: 0.2423
 Epoch [8/30], Step[210/483], loss: 0.3023
 Epoch [8/30], Step[220/483], loss: 0.4362
 Epoch [8/30], Step[230/483], loss: 0.3957
 Epoch [8/30], Step[240/483], loss: 0.2409
 Epoch [8/30], Step[250/483], loss: 0.3420
 Epoch [8/30], Step[260/483], loss: 0.1369
 Epoch [8/30], Step[270/483], loss: 0.2295
 Epoch [8/30], Step[280/483], loss: 0.2841
 Epoch [8/30], Step[290/483], loss: 0.2020
 Epoch [8/30], Step[300/483], loss: 0.1746
 Epoch [8/30], Step[310/483], loss: 0.2547
 Epoch [8/30], Step[320/483], loss: 0.2265
 Epoch [8/30], Step[330/483], loss: 0.2745
 Epoch [8/30], Step[340/483], loss: 0.3451
 Epoch [8/30], Step[350/483], loss: 0.3822
 Epoch [8/30], Step[360/483], loss: 0.2598
 Epoch [8/30], Step[370/483], loss: 0.2526
 Epoch [8/30], Step[380/483], loss: 0.2270
 Epoch [8/30], Step[390/483], loss: 0.4088
 Epoch [8/30], Step[400/483], loss: 0.3038
 Epoch [8/30], Step[410/483], loss: 0.1948
 Epoch [8/30], Step[420/483], loss: 0.2931
 Epoch [8/30], Step[430/483], loss: 0.2506
 Epoch [8/30], Step[440/483], loss: 0.3146
 Epoch [8/30], Step[450/483], loss: 0.3108
 Epoch [8/30], Step[460/483], loss: 0.3325
 Epoch [8/30], Step[470/483], loss: 0.2060
 Epoch [8/30], Step[480/483], loss: 0.2295
 ====> Epoch 8: Training loss: 129.5531
 Training Accuracy: 0.874493
 ====> Epoch 8: Validation loss: 17.1524
 Validation Accuracy: 0.866333
 Epoch [9/30], Step[0/483], loss: 0.2092
 Epoch [9/30], Step[10/483], loss: 0.1870
 Epoch [9/30], Step[20/483], loss: 0.3026
 Epoch [9/30], Step[30/483], loss: 0.2401
 Epoch [9/30], Step[40/483], loss: 0.2400
 Epoch [9/30], Step[50/483], loss: 0.1835
 Epoch [9/30], Step[60/483], loss: 0.3192
 Epoch [9/30], Step[70/483], loss: 0.2378
 Epoch [9/30], Step[80/483], loss: 0.2543
 Epoch [9/30], Step[90/483], loss: 0.3146
 Epoch [9/30], Step[100/483], loss: 0.2597
 Epoch [9/30], Step[110/483], loss: 0.3405
 Epoch [9/30], Step[120/483], loss: 0.2670
 Epoch [9/30], Step[130/483], loss: 0.2345
 Epoch [9/30], Step[140/483], loss: 0.3119
 Epoch [9/30], Step[150/483], loss: 0.2218
 Epoch [9/30], Step[160/483], loss: 0.2328
 Epoch [9/30], Step[170/483], loss: 0.1691
 Epoch [9/30], Step[180/483], loss: 0.2246
 Epoch [9/30], Step[190/483], loss: 0.2919
 Epoch [9/30], Step[200/483], loss: 0.3091
 Epoch [9/30], Step[210/483], loss: 0.1485
 Epoch [9/30], Step[220/483], loss: 0.3269
 Epoch [9/30], Step[230/483], loss: 0.3777
 Epoch [9/30], Step[240/483], loss: 0.2539
 Epoch [9/30], Step[250/483], loss: 0.1894
 Epoch [9/30], Step[260/483], loss: 0.1432
 Epoch [9/30], Step[270/483], loss: 0.4011
 Epoch [9/30], Step[280/483], loss: 0.2203
 Epoch [9/30], Step[290/483], loss: 0.2978
 Epoch [9/30], Step[300/483], loss: 0.1655
 Epoch [9/30], Step[310/483], loss: 0.2688
 Epoch [9/30], Step[320/483], loss: 0.2779
 Epoch [9/30], Step[330/483], loss: 0.3710
 Epoch [9/30], Step[340/483], loss: 0.2047
 Epoch [9/30], Step[350/483], loss: 0.2982
 Epoch [9/30], Step[360/483], loss: 0.2644
 Epoch [9/30], Step[370/483], loss: 0.3155
 Epoch [9/30], Step[380/483], loss: 0.2789
 Epoch [9/30], Step[390/483], loss: 0.3368
 Epoch [9/30], Step[400/483], loss: 0.3528
 Epoch [9/30], Step[410/483], loss: 0.2855
 Epoch [9/30], Step[420/483], loss: 0.2802
 Epoch [9/30], Step[430/483], loss: 0.2641
 Epoch [9/30], Step[440/483], loss: 0.2197
 Epoch [9/30], Step[450/483], loss: 0.2723
 Epoch [9/30], Step[460/483], loss: 0.4089
 Epoch [9/30], Step[470/483], loss: 0.1847
 Epoch [9/30], Step[480/483], loss: 0.2264
 ====> Epoch 9: Training loss: 125.1434
 Training Accuracy: 0.877992
 ====> Epoch 9: Validation loss: 16.1083
 Validation Accuracy: 0.876333
 Epoch [10/30], Step[0/483], loss: 0.1262
 Epoch [10/30], Step[10/483], loss: 0.2142
 Epoch [10/30], Step[20/483], loss: 0.2208
 Epoch [10/30], Step[30/483], loss: 0.2435
 Epoch [10/30], Step[40/483], loss: 0.1902
 Epoch [10/30], Step[50/483], loss: 0.2737
 Epoch [10/30], Step[60/483], loss: 0.3322
 Epoch [10/30], Step[70/483], loss: 0.1562
 Epoch [10/30], Step[80/483], loss: 0.1928
 Epoch [10/30], Step[90/483], loss: 0.2460
 Epoch [10/30], Step[100/483], loss: 0.2530
 Epoch [10/30], Step[110/483], loss: 0.3177
 Epoch [10/30], Step[120/483], loss: 0.1626
 Epoch [10/30], Step[130/483], loss: 0.2427
 Epoch [10/30], Step[140/483], loss: 0.3328
 Epoch [10/30], Step[150/483], loss: 0.1673
 Epoch [10/30], Step[160/483], loss: 0.2250
 Epoch [10/30], Step[170/483], loss: 0.2547
 Epoch [10/30], Step[180/483], loss: 0.1851
 Epoch [10/30], Step[190/483], loss: 0.3064
 Epoch [10/30], Step[200/483], loss: 0.2607
 Epoch [10/30], Step[210/483], loss: 0.2484
 Epoch [10/30], Step[220/483], loss: 0.2571
 Epoch [10/30], Step[230/483], loss: 0.3844
 Epoch [10/30], Step[240/483], loss: 0.1753
 Epoch [10/30], Step[250/483], loss: 0.2081
 Epoch [10/30], Step[260/483], loss: 0.2331
 Epoch [10/30], Step[270/483], loss: 0.1906
 Epoch [10/30], Step[280/483], loss: 0.2362
 Epoch [10/30], Step[290/483], loss: 0.1839
 Epoch [10/30], Step[300/483], loss: 0.3018
 Epoch [10/30], Step[310/483], loss: 0.2543
 Epoch [10/30], Step[320/483], loss: 0.2694
 Epoch [10/30], Step[330/483], loss: 0.3794
 Epoch [10/30], Step[340/483], loss: 0.2225
 Epoch [10/30], Step[350/483], loss: 0.1962
 Epoch [10/30], Step[360/483], loss: 0.2677
 Epoch [10/30], Step[370/483], loss: 0.2354
 Epoch [10/30], Step[380/483], loss: 0.2470
 Epoch [10/30], Step[390/483], loss: 0.4062
 Epoch [10/30], Step[400/483], loss: 0.2344
 Epoch [10/30], Step[410/483], loss: 0.1541
 Epoch [10/30], Step[420/483], loss: 0.2512
 Epoch [10/30], Step[430/483], loss: 0.2322
 Epoch [10/30], Step[440/483], loss: 0.2734
 Epoch [10/30], Step[450/483], loss: 0.2991
 Epoch [10/30], Step[460/483], loss: 0.3121
 Epoch [10/30], Step[470/483], loss: 0.2515
 Epoch [10/30], Step[480/483], loss: 0.2406
 ====> Epoch 10: Training loss: 119.9914
 Training Accuracy: 0.882526
 ====> Epoch 10: Validation loss: 18.0257
 Validation Accuracy: 0.865667
 Epoch [11/30], Step[0/483], loss: 0.1907
 Epoch [11/30], Step[10/483], loss: 0.2477
 Epoch [11/30], Step[20/483], loss: 0.2860
 Epoch [11/30], Step[30/483], loss: 0.2467
 Epoch [11/30], Step[40/483], loss: 0.1978
 Epoch [11/30], Step[50/483], loss: 0.2882
 Epoch [11/30], Step[60/483], loss: 0.2630
 Epoch [11/30], Step[70/483], loss: 0.2128
 Epoch [11/30], Step[80/483], loss: 0.1838
 Epoch [11/30], Step[90/483], loss: 0.2847
 Epoch [11/30], Step[100/483], loss: 0.2350
 Epoch [11/30], Step[110/483], loss: 0.1883
 Epoch [11/30], Step[120/483], loss: 0.2835
 Epoch [11/30], Step[130/483], loss: 0.2462
 Epoch [11/30], Step[140/483], loss: 0.2754
 Epoch [11/30], Step[150/483], loss: 0.2619
 Epoch [11/30], Step[160/483], loss: 0.2563
 Epoch [11/30], Step[170/483], loss: 0.3058
 Epoch [11/30], Step[180/483], loss: 0.2499
 Epoch [11/30], Step[190/483], loss: 0.2808
 Epoch [11/30], Step[200/483], loss: 0.2745
 Epoch [11/30], Step[210/483], loss: 0.2051
 Epoch [11/30], Step[220/483], loss: 0.2350
 Epoch [11/30], Step[230/483], loss: 0.3540
 Epoch [11/30], Step[240/483], loss: 0.2139
 Epoch [11/30], Step[250/483], loss: 0.2374
 Epoch [11/30], Step[260/483], loss: 0.1758
 Epoch [11/30], Step[270/483], loss: 0.2279
 Epoch [11/30], Step[280/483], loss: 0.3201
 Epoch [11/30], Step[290/483], loss: 0.1763
 Epoch [11/30], Step[300/483], loss: 0.2298
 Epoch [11/30], Step[310/483], loss: 0.2398
 Epoch [11/30], Step[320/483], loss: 0.2720
 Epoch [11/30], Step[330/483], loss: 0.2458
 Epoch [11/30], Step[340/483], loss: 0.1856
 Epoch [11/30], Step[350/483], loss: 0.2898
 Epoch [11/30], Step[360/483], loss: 0.2519
 Epoch [11/30], Step[370/483], loss: 0.2015
 Epoch [11/30], Step[380/483], loss: 0.2983
 Epoch [11/30], Step[390/483], loss: 0.3112
 Epoch [11/30], Step[400/483], loss: 0.2947
 Epoch [11/30], Step[410/483], loss: 0.2561
 Epoch [11/30], Step[420/483], loss: 0.2538
 Epoch [11/30], Step[430/483], loss: 0.2009
 Epoch [11/30], Step[440/483], loss: 0.2659
 Epoch [11/30], Step[450/483], loss: 0.1781
 Epoch [11/30], Step[460/483], loss: 0.3196
 Epoch [11/30], Step[470/483], loss: 0.2955
 Epoch [11/30], Step[480/483], loss: 0.1677
 ====> Epoch 11: Training loss: 117.7014
 Training Accuracy: 0.885217
 ====> Epoch 11: Validation loss: 15.7259
 Validation Accuracy: 0.883167
 Epoch [12/30], Step[0/483], loss: 0.1993
 Epoch [12/30], Step[10/483], loss: 0.1953
 Epoch [12/30], Step[20/483], loss: 0.1016
 Epoch [12/30], Step[30/483], loss: 0.2907
 Epoch [12/30], Step[40/483], loss: 0.2222
 Epoch [12/30], Step[50/483], loss: 0.2151
 Epoch [12/30], Step[60/483], loss: 0.3447
 Epoch [12/30], Step[70/483], loss: 0.1917
 Epoch [12/30], Step[80/483], loss: 0.2043
 Epoch [12/30], Step[90/483], loss: 0.1899
 Epoch [12/30], Step[100/483], loss: 0.1535
 Epoch [12/30], Step[110/483], loss: 0.3691
 Epoch [12/30], Step[120/483], loss: 0.2008
 Epoch [12/30], Step[130/483], loss: 0.1853
 Epoch [12/30], Step[140/483], loss: 0.3049
 Epoch [12/30], Step[150/483], loss: 0.2583
 Epoch [12/30], Step[160/483], loss: 0.2536
 Epoch [12/30], Step[170/483], loss: 0.2380
 Epoch [12/30], Step[180/483], loss: 0.2419
 Epoch [12/30], Step[190/483], loss: 0.2541
 Epoch [12/30], Step[200/483], loss: 0.2950
 Epoch [12/30], Step[210/483], loss: 0.1898
 Epoch [12/30], Step[220/483], loss: 0.3015
 Epoch [12/30], Step[230/483], loss: 0.3326
 Epoch [12/30], Step[240/483], loss: 0.2652
 Epoch [12/30], Step[250/483], loss: 0.1615
 Epoch [12/30], Step[260/483], loss: 0.2243
 Epoch [12/30], Step[270/483], loss: 0.2471
 Epoch [12/30], Step[280/483], loss: 0.2928
 Epoch [12/30], Step[290/483], loss: 0.2607
 Epoch [12/30], Step[300/483], loss: 0.2102
 Epoch [12/30], Step[310/483], loss: 0.1618
 Epoch [12/30], Step[320/483], loss: 0.3171
 Epoch [12/30], Step[330/483], loss: 0.2838
 Epoch [12/30], Step[340/483], loss: 0.1539
 Epoch [12/30], Step[350/483], loss: 0.2798
 Epoch [12/30], Step[360/483], loss: 0.2060
 Epoch [12/30], Step[370/483], loss: 0.2545
 Epoch [12/30], Step[380/483], loss: 0.2905
 Epoch [12/30], Step[390/483], loss: 0.2930
 Epoch [12/30], Step[400/483], loss: 0.2924
 Epoch [12/30], Step[410/483], loss: 0.2567
 Epoch [12/30], Step[420/483], loss: 0.1861
 Epoch [12/30], Step[430/483], loss: 0.2167
 Epoch [12/30], Step[440/483], loss: 0.2360
 Epoch [12/30], Step[450/483], loss: 0.2599
 Epoch [12/30], Step[460/483], loss: 0.2256
 Epoch [12/30], Step[470/483], loss: 0.2258
 Epoch [12/30], Step[480/483], loss: 0.2216
 ====> Epoch 12: Training loss: 114.1261
 Training Accuracy: 0.890518
 ====> Epoch 12: Validation loss: 15.5857
 Validation Accuracy: 0.879833
 Epoch [13/30], Step[0/483], loss: 0.1788
 Epoch [13/30], Step[10/483], loss: 0.2424
 Epoch [13/30], Step[20/483], loss: 0.2762
 Epoch [13/30], Step[30/483], loss: 0.2145
 Epoch [13/30], Step[40/483], loss: 0.2094
 Epoch [13/30], Step[50/483], loss: 0.2347
 Epoch [13/30], Step[60/483], loss: 0.3062
 Epoch [13/30], Step[70/483], loss: 0.1396
 Epoch [13/30], Step[80/483], loss: 0.1247
 Epoch [13/30], Step[90/483], loss: 0.2084
 Epoch [13/30], Step[100/483], loss: 0.1760
 Epoch [13/30], Step[110/483], loss: 0.2686
 Epoch [13/30], Step[120/483], loss: 0.2818
 Epoch [13/30], Step[130/483], loss: 0.2827
 Epoch [13/30], Step[140/483], loss: 0.2189
 Epoch [13/30], Step[150/483], loss: 0.2176
 Epoch [13/30], Step[160/483], loss: 0.1822
 Epoch [13/30], Step[170/483], loss: 0.1991
 Epoch [13/30], Step[180/483], loss: 0.2541
 Epoch [13/30], Step[190/483], loss: 0.2600
 Epoch [13/30], Step[200/483], loss: 0.1912
 Epoch [13/30], Step[210/483], loss: 0.1945
 Epoch [13/30], Step[220/483], loss: 0.2629
 Epoch [13/30], Step[230/483], loss: 0.3772
 Epoch [13/30], Step[240/483], loss: 0.2065
 Epoch [13/30], Step[250/483], loss: 0.1756
 Epoch [13/30], Step[260/483], loss: 0.1287
 Epoch [13/30], Step[270/483], loss: 0.3318
 Epoch [13/30], Step[280/483], loss: 0.2763
 Epoch [13/30], Step[290/483], loss: 0.1762
 Epoch [13/30], Step[300/483], loss: 0.2729
 Epoch [13/30], Step[310/483], loss: 0.2289
 Epoch [13/30], Step[320/483], loss: 0.1276
 Epoch [13/30], Step[330/483], loss: 0.2497
 Epoch [13/30], Step[340/483], loss: 0.1042
 Epoch [13/30], Step[350/483], loss: 0.2161
 Epoch [13/30], Step[360/483], loss: 0.2605
 Epoch [13/30], Step[370/483], loss: 0.1738
 Epoch [13/30], Step[380/483], loss: 0.2318
 Epoch [13/30], Step[390/483], loss: 0.2817
 Epoch [13/30], Step[400/483], loss: 0.3111
 Epoch [13/30], Step[410/483], loss: 0.2249
 Epoch [13/30], Step[420/483], loss: 0.2307
 Epoch [13/30], Step[430/483], loss: 0.2887
 Epoch [13/30], Step[440/483], loss: 0.1877
 Epoch [13/30], Step[450/483], loss: 0.2872
 Epoch [13/30], Step[460/483], loss: 0.2007
 Epoch [13/30], Step[470/483], loss: 0.2213
 Epoch [13/30], Step[480/483], loss: 0.1878
 ====> Epoch 13: Training loss: 109.6253
 Training Accuracy: 0.892816
 ====> Epoch 13: Validation loss: 15.1583
 Validation Accuracy: 0.883667
 Epoch [14/30], Step[0/483], loss: 0.1890
 Epoch [14/30], Step[10/483], loss: 0.1887
 Epoch [14/30], Step[20/483], loss: 0.2221
 Epoch [14/30], Step[30/483], loss: 0.1780
 Epoch [14/30], Step[40/483], loss: 0.1997
 Epoch [14/30], Step[50/483], loss: 0.1937
 Epoch [14/30], Step[60/483], loss: 0.2491
 Epoch [14/30], Step[70/483], loss: 0.2154
 Epoch [14/30], Step[80/483], loss: 0.2346
 Epoch [14/30], Step[90/483], loss: 0.1978
 Epoch [14/30], Step[100/483], loss: 0.1675
 Epoch [14/30], Step[110/483], loss: 0.2861
 Epoch [14/30], Step[120/483], loss: 0.2414
 Epoch [14/30], Step[130/483], loss: 0.3059
 Epoch [14/30], Step[140/483], loss: 0.2341
 Epoch [14/30], Step[150/483], loss: 0.1779
 Epoch [14/30], Step[160/483], loss: 0.2934
 Epoch [14/30], Step[170/483], loss: 0.1940
 Epoch [14/30], Step[180/483], loss: 0.2930
 Epoch [14/30], Step[190/483], loss: 0.2843
 Epoch [14/30], Step[200/483], loss: 0.2054
 Epoch [14/30], Step[210/483], loss: 0.1820
 Epoch [14/30], Step[220/483], loss: 0.2204
 Epoch [14/30], Step[230/483], loss: 0.2790
 Epoch [14/30], Step[240/483], loss: 0.2109
 Epoch [14/30], Step[250/483], loss: 0.2224
 Epoch [14/30], Step[260/483], loss: 0.1019
 Epoch [14/30], Step[270/483], loss: 0.1768
 Epoch [14/30], Step[280/483], loss: 0.2010
 Epoch [14/30], Step[290/483], loss: 0.2248
 Epoch [14/30], Step[300/483], loss: 0.2125
 Epoch [14/30], Step[310/483], loss: 0.1836
 Epoch [14/30], Step[320/483], loss: 0.2285
 Epoch [14/30], Step[330/483], loss: 0.2650
 Epoch [14/30], Step[340/483], loss: 0.2983
 Epoch [14/30], Step[350/483], loss: 0.2499
 Epoch [14/30], Step[360/483], loss: 0.2125
 Epoch [14/30], Step[370/483], loss: 0.2181
 Epoch [14/30], Step[380/483], loss: 0.2959
 Epoch [14/30], Step[390/483], loss: 0.2703
 Epoch [14/30], Step[400/483], loss: 0.2632
 Epoch [14/30], Step[410/483], loss: 0.2605
 Epoch [14/30], Step[420/483], loss: 0.2518
 Epoch [14/30], Step[430/483], loss: 0.1690
 Epoch [14/30], Step[440/483], loss: 0.2794
 Epoch [14/30], Step[450/483], loss: 0.1906
 Epoch [14/30], Step[460/483], loss: 0.2760
 Epoch [14/30], Step[470/483], loss: 0.1837
 Epoch [14/30], Step[480/483], loss: 0.1678
 ====> Epoch 14: Training loss: 108.6160
 Training Accuracy: 0.894224
 ====> Epoch 14: Validation loss: 14.9803
 Validation Accuracy: 0.886333
 Epoch [15/30], Step[0/483], loss: 0.1790
 Epoch [15/30], Step[10/483], loss: 0.1430
 Epoch [15/30], Step[20/483], loss: 0.2370
 Epoch [15/30], Step[30/483], loss: 0.1673
 Epoch [15/30], Step[40/483], loss: 0.2539
 Epoch [15/30], Step[50/483], loss: 0.1195
 Epoch [15/30], Step[60/483], loss: 0.2912
 Epoch [15/30], Step[70/483], loss: 0.1686
 Epoch [15/30], Step[80/483], loss: 0.2555
 Epoch [15/30], Step[90/483], loss: 0.2310
 Epoch [15/30], Step[100/483], loss: 0.2967
 Epoch [15/30], Step[110/483], loss: 0.2162
 Epoch [15/30], Step[120/483], loss: 0.1261
 Epoch [15/30], Step[130/483], loss: 0.2427
 Epoch [15/30], Step[140/483], loss: 0.2664
 Epoch [15/30], Step[150/483], loss: 0.2010
 Epoch [15/30], Step[160/483], loss: 0.3291
 Epoch [15/30], Step[170/483], loss: 0.1498
 Epoch [15/30], Step[180/483], loss: 0.2371
 Epoch [15/30], Step[190/483], loss: 0.1717
 Epoch [15/30], Step[200/483], loss: 0.2208
 Epoch [15/30], Step[210/483], loss: 0.1572
 Epoch [15/30], Step[220/483], loss: 0.2904
 Epoch [15/30], Step[230/483], loss: 0.1930
 Epoch [15/30], Step[240/483], loss: 0.1963
 Epoch [15/30], Step[250/483], loss: 0.1887
 Epoch [15/30], Step[260/483], loss: 0.1145
 Epoch [15/30], Step[270/483], loss: 0.2035
 Epoch [15/30], Step[280/483], loss: 0.2978
 Epoch [15/30], Step[290/483], loss: 0.2062
 Epoch [15/30], Step[300/483], loss: 0.2293
 Epoch [15/30], Step[310/483], loss: 0.2241
 Epoch [15/30], Step[320/483], loss: 0.1501
 Epoch [15/30], Step[330/483], loss: 0.2117
 Epoch [15/30], Step[340/483], loss: 0.1245
 Epoch [15/30], Step[350/483], loss: 0.2024
 Epoch [15/30], Step[360/483], loss: 0.2171
 Epoch [15/30], Step[370/483], loss: 0.1981
 Epoch [15/30], Step[380/483], loss: 0.2465
 Epoch [15/30], Step[390/483], loss: 0.3088
 Epoch [15/30], Step[400/483], loss: 0.2914
 Epoch [15/30], Step[410/483], loss: 0.1734
 Epoch [15/30], Step[420/483], loss: 0.1968
 Epoch [15/30], Step[430/483], loss: 0.2129
 Epoch [15/30], Step[440/483], loss: 0.2263
 Epoch [15/30], Step[450/483], loss: 0.1609
 Epoch [15/30], Step[460/483], loss: 0.2013
 Epoch [15/30], Step[470/483], loss: 0.2446
 Epoch [15/30], Step[480/483], loss: 0.1364
 ====> Epoch 15: Training loss: 102.6135
 Training Accuracy: 0.900455
 ====> Epoch 15: Validation loss: 14.6580
 Validation Accuracy: 0.883333
 Epoch [16/30], Step[0/483], loss: 0.1707
 Epoch [16/30], Step[10/483], loss: 0.2008
 Epoch [16/30], Step[20/483], loss: 0.1905
 Epoch [16/30], Step[30/483], loss: 0.2778
 Epoch [16/30], Step[40/483], loss: 0.2369
 Epoch [16/30], Step[50/483], loss: 0.2090
 Epoch [16/30], Step[60/483], loss: 0.3327
 Epoch [16/30], Step[70/483], loss: 0.1642
 Epoch [16/30], Step[80/483], loss: 0.1343
 Epoch [16/30], Step[90/483], loss: 0.1849
 Epoch [16/30], Step[100/483], loss: 0.2532
 Epoch [16/30], Step[110/483], loss: 0.2275
 Epoch [16/30], Step[120/483], loss: 0.1807
 Epoch [16/30], Step[130/483], loss: 0.3331
 Epoch [16/30], Step[140/483], loss: 0.1873
 Epoch [16/30], Step[150/483], loss: 0.1649
 Epoch [16/30], Step[160/483], loss: 0.2242
 Epoch [16/30], Step[170/483], loss: 0.1539
 Epoch [16/30], Step[180/483], loss: 0.1824
 Epoch [16/30], Step[190/483], loss: 0.2379
 Epoch [16/30], Step[200/483], loss: 0.1479
 Epoch [16/30], Step[210/483], loss: 0.1519
 Epoch [16/30], Step[220/483], loss: 0.2305
 Epoch [16/30], Step[230/483], loss: 0.2422
 Epoch [16/30], Step[240/483], loss: 0.1654
 Epoch [16/30], Step[250/483], loss: 0.2018
 Epoch [16/30], Step[260/483], loss: 0.1475
 Epoch [16/30], Step[270/483], loss: 0.2494
 Epoch [16/30], Step[280/483], loss: 0.2464
 Epoch [16/30], Step[290/483], loss: 0.1460
 Epoch [16/30], Step[300/483], loss: 0.2097
 Epoch [16/30], Step[310/483], loss: 0.2595
 Epoch [16/30], Step[320/483], loss: 0.2347
 Epoch [16/30], Step[330/483], loss: 0.3016
 Epoch [16/30], Step[340/483], loss: 0.3081
 Epoch [16/30], Step[350/483], loss: 0.1881
 Epoch [16/30], Step[360/483], loss: 0.2292
 Epoch [16/30], Step[370/483], loss: 0.1388
 Epoch [16/30], Step[380/483], loss: 0.1762
 Epoch [16/30], Step[390/483], loss: 0.2288
 Epoch [16/30], Step[400/483], loss: 0.3040
 Epoch [16/30], Step[410/483], loss: 0.1698
 Epoch [16/30], Step[420/483], loss: 0.2487
 Epoch [16/30], Step[430/483], loss: 0.2275
 Epoch [16/30], Step[440/483], loss: 0.1960
 Epoch [16/30], Step[450/483], loss: 0.1874
 Epoch [16/30], Step[460/483], loss: 0.3220
 Epoch [16/30], Step[470/483], loss: 0.1966
 Epoch [16/30], Step[480/483], loss: 0.1928
 ====> Epoch 16: Training loss: 100.9561
 Training Accuracy: 0.902133
 ====> Epoch 16: Validation loss: 15.2041
 Validation Accuracy: 0.883333
 Epoch [17/30], Step[0/483], loss: 0.1902
 Epoch [17/30], Step[10/483], loss: 0.2070
 Epoch [17/30], Step[20/483], loss: 0.2568
 Epoch [17/30], Step[30/483], loss: 0.2558
 Epoch [17/30], Step[40/483], loss: 0.2134
 Epoch [17/30], Step[50/483], loss: 0.1987
 Epoch [17/30], Step[60/483], loss: 0.3381
 Epoch [17/30], Step[70/483], loss: 0.1517
 Epoch [17/30], Step[80/483], loss: 0.1691
 Epoch [17/30], Step[90/483], loss: 0.1634
 Epoch [17/30], Step[100/483], loss: 0.2225
 Epoch [17/30], Step[110/483], loss: 0.2934
 Epoch [17/30], Step[120/483], loss: 0.1632
 Epoch [17/30], Step[130/483], loss: 0.1765
 Epoch [17/30], Step[140/483], loss: 0.1662
 Epoch [17/30], Step[150/483], loss: 0.1508
 Epoch [17/30], Step[160/483], loss: 0.3764
 Epoch [17/30], Step[170/483], loss: 0.2080
 Epoch [17/30], Step[180/483], loss: 0.1717
 Epoch [17/30], Step[190/483], loss: 0.1938
 Epoch [17/30], Step[200/483], loss: 0.1701
 Epoch [17/30], Step[210/483], loss: 0.1625
 Epoch [17/30], Step[220/483], loss: 0.2920
 Epoch [17/30], Step[230/483], loss: 0.2685
 Epoch [17/30], Step[240/483], loss: 0.2095
 Epoch [17/30], Step[250/483], loss: 0.1486
 Epoch [17/30], Step[260/483], loss: 0.1424
 Epoch [17/30], Step[270/483], loss: 0.1890
 Epoch [17/30], Step[280/483], loss: 0.2325
 Epoch [17/30], Step[290/483], loss: 0.2434
 Epoch [17/30], Step[300/483], loss: 0.1621
 Epoch [17/30], Step[310/483], loss: 0.2697
 Epoch [17/30], Step[320/483], loss: 0.1710
 Epoch [17/30], Step[330/483], loss: 0.2144
 Epoch [17/30], Step[340/483], loss: 0.1247
 Epoch [17/30], Step[350/483], loss: 0.2790
 Epoch [17/30], Step[360/483], loss: 0.2056
 Epoch [17/30], Step[370/483], loss: 0.2909
 Epoch [17/30], Step[380/483], loss: 0.1493
 Epoch [17/30], Step[390/483], loss: 0.3073
 Epoch [17/30], Step[400/483], loss: 0.2480
 Epoch [17/30], Step[410/483], loss: 0.2788
 Epoch [17/30], Step[420/483], loss: 0.1803
 Epoch [17/30], Step[430/483], loss: 0.2105
 Epoch [17/30], Step[440/483], loss: 0.2604
 Epoch [17/30], Step[450/483], loss: 0.1837
 Epoch [17/30], Step[460/483], loss: 0.1520
 Epoch [17/30], Step[470/483], loss: 0.1844
 Epoch [17/30], Step[480/483], loss: 0.1665
 ====> Epoch 17: Training loss: 100.6819
 Training Accuracy: 0.900476
 ====> Epoch 17: Validation loss: 14.8443
 Validation Accuracy: 0.886333
 Epoch [18/30], Step[0/483], loss: 0.1349
 Epoch [18/30], Step[10/483], loss: 0.1975
 Epoch [18/30], Step[20/483], loss: 0.2123
 Epoch [18/30], Step[30/483], loss: 0.2911
 Epoch [18/30], Step[40/483], loss: 0.1206
 Epoch [18/30], Step[50/483], loss: 0.1769
 Epoch [18/30], Step[60/483], loss: 0.2758
 Epoch [18/30], Step[70/483], loss: 0.0920
 Epoch [18/30], Step[80/483], loss: 0.1971
 Epoch [18/30], Step[90/483], loss: 0.1141
 Epoch [18/30], Step[100/483], loss: 0.1502
 Epoch [18/30], Step[110/483], loss: 0.2235
 Epoch [18/30], Step[120/483], loss: 0.1554
 Epoch [18/30], Step[130/483], loss: 0.1915
 Epoch [18/30], Step[140/483], loss: 0.1760
 Epoch [18/30], Step[150/483], loss: 0.2838
 Epoch [18/30], Step[160/483], loss: 0.2462
 Epoch [18/30], Step[170/483], loss: 0.2676
 Epoch [18/30], Step[180/483], loss: 0.2177
 Epoch [18/30], Step[190/483], loss: 0.2328
 Epoch [18/30], Step[200/483], loss: 0.1595
 Epoch [18/30], Step[210/483], loss: 0.1676
 Epoch [18/30], Step[220/483], loss: 0.1948
 Epoch [18/30], Step[230/483], loss: 0.2204
 Epoch [18/30], Step[240/483], loss: 0.2507
 Epoch [18/30], Step[250/483], loss: 0.1382
 Epoch [18/30], Step[260/483], loss: 0.2140
 Epoch [18/30], Step[270/483], loss: 0.1599
 Epoch [18/30], Step[280/483], loss: 0.2848
 Epoch [18/30], Step[290/483], loss: 0.1850
 Epoch [18/30], Step[300/483], loss: 0.1910
 Epoch [18/30], Step[310/483], loss: 0.1809
 Epoch [18/30], Step[320/483], loss: 0.1877
 Epoch [18/30], Step[330/483], loss: 0.2509
 Epoch [18/30], Step[340/483], loss: 0.1852
 Epoch [18/30], Step[350/483], loss: 0.2475
 Epoch [18/30], Step[360/483], loss: 0.2087
 Epoch [18/30], Step[370/483], loss: 0.1257
 Epoch [18/30], Step[380/483], loss: 0.2078
 Epoch [18/30], Step[390/483], loss: 0.3104
 Epoch [18/30], Step[400/483], loss: 0.2517
 Epoch [18/30], Step[410/483], loss: 0.2582
 Epoch [18/30], Step[420/483], loss: 0.2698
 Epoch [18/30], Step[430/483], loss: 0.1606
 Epoch [18/30], Step[440/483], loss: 0.2419
 Epoch [18/30], Step[450/483], loss: 0.1519
 Epoch [18/30], Step[460/483], loss: 0.1854
 Epoch [18/30], Step[470/483], loss: 0.1868
 Epoch [18/30], Step[480/483], loss: 0.1672
 ====> Epoch 18: Training loss: 96.6495
 Training Accuracy: 0.904534
 ====> Epoch 18: Validation loss: 15.0803
 Validation Accuracy: 0.885500
 Epoch [19/30], Step[0/483], loss: 0.1575
 Epoch [19/30], Step[10/483], loss: 0.1871
 Epoch [19/30], Step[20/483], loss: 0.1766
 Epoch [19/30], Step[30/483], loss: 0.2474
 Epoch [19/30], Step[40/483], loss: 0.1802
 Epoch [19/30], Step[50/483], loss: 0.1879
 Epoch [19/30], Step[60/483], loss: 0.2927
 Epoch [19/30], Step[70/483], loss: 0.1228
 Epoch [19/30], Step[80/483], loss: 0.1180
 Epoch [19/30], Step[90/483], loss: 0.2067
 Epoch [19/30], Step[100/483], loss: 0.2437
 Epoch [19/30], Step[110/483], loss: 0.2367
 Epoch [19/30], Step[120/483], loss: 0.3051
 Epoch [19/30], Step[130/483], loss: 0.1354
 Epoch [19/30], Step[140/483], loss: 0.2002
 Epoch [19/30], Step[150/483], loss: 0.1122
 Epoch [19/30], Step[160/483], loss: 0.2168
 Epoch [19/30], Step[170/483], loss: 0.2105
 Epoch [19/30], Step[180/483], loss: 0.1220
 Epoch [19/30], Step[190/483], loss: 0.1881
 Epoch [19/30], Step[200/483], loss: 0.1796
 Epoch [19/30], Step[210/483], loss: 0.1501
 Epoch [19/30], Step[220/483], loss: 0.1578
 Epoch [19/30], Step[230/483], loss: 0.2770
 Epoch [19/30], Step[240/483], loss: 0.1577
 Epoch [19/30], Step[250/483], loss: 0.1630
 Epoch [19/30], Step[260/483], loss: 0.1815
 Epoch [19/30], Step[270/483], loss: 0.2090
 Epoch [19/30], Step[280/483], loss: 0.2075
 Epoch [19/30], Step[290/483], loss: 0.1294
 Epoch [19/30], Step[300/483], loss: 0.2241
 Epoch [19/30], Step[310/483], loss: 0.2306
 Epoch [19/30], Step[320/483], loss: 0.1708
 Epoch [19/30], Step[330/483], loss: 0.2898
 Epoch [19/30], Step[340/483], loss: 0.2117
 Epoch [19/30], Step[350/483], loss: 0.2479
 Epoch [19/30], Step[360/483], loss: 0.1778
 Epoch [19/30], Step[370/483], loss: 0.1424
 Epoch [19/30], Step[380/483], loss: 0.1426
 Epoch [19/30], Step[390/483], loss: 0.2268
 Epoch [19/30], Step[400/483], loss: 0.2488
 Epoch [19/30], Step[410/483], loss: 0.1593
 Epoch [19/30], Step[420/483], loss: 0.2902
 Epoch [19/30], Step[430/483], loss: 0.2517
 Epoch [19/30], Step[440/483], loss: 0.1892
 Epoch [19/30], Step[450/483], loss: 0.1281
 Epoch [19/30], Step[460/483], loss: 0.2055
 Epoch [19/30], Step[470/483], loss: 0.2109
 Epoch [19/30], Step[480/483], loss: 0.1658
 ====> Epoch 19: Training loss: 95.3093
 Training Accuracy: 0.908903
 ====> Epoch 19: Validation loss: 13.9469
 Validation Accuracy: 0.891833
 Epoch [20/30], Step[0/483], loss: 0.1482
 Epoch [20/30], Step[10/483], loss: 0.1758
 Epoch [20/30], Step[20/483], loss: 0.2119
 Epoch [20/30], Step[30/483], loss: 0.2511
 Epoch [20/30], Step[40/483], loss: 0.1602
 Epoch [20/30], Step[50/483], loss: 0.1373
 Epoch [20/30], Step[60/483], loss: 0.2279
 Epoch [20/30], Step[70/483], loss: 0.0673
 Epoch [20/30], Step[80/483], loss: 0.1483
 Epoch [20/30], Step[90/483], loss: 0.1860
 Epoch [20/30], Step[100/483], loss: 0.1398
 Epoch [20/30], Step[110/483], loss: 0.2821
 Epoch [20/30], Step[120/483], loss: 0.1868
 Epoch [20/30], Step[130/483], loss: 0.1773
 Epoch [20/30], Step[140/483], loss: 0.1232
 Epoch [20/30], Step[150/483], loss: 0.0999
 Epoch [20/30], Step[160/483], loss: 0.2170
 Epoch [20/30], Step[170/483], loss: 0.1528
 Epoch [20/30], Step[180/483], loss: 0.2834
 Epoch [20/30], Step[190/483], loss: 0.1319
 Epoch [20/30], Step[200/483], loss: 0.1465
 Epoch [20/30], Step[210/483], loss: 0.1125
 Epoch [20/30], Step[220/483], loss: 0.2394
 Epoch [20/30], Step[230/483], loss: 0.3647
 Epoch [20/30], Step[240/483], loss: 0.1575
 Epoch [20/30], Step[250/483], loss: 0.1608
 Epoch [20/30], Step[260/483], loss: 0.1071
 Epoch [20/30], Step[270/483], loss: 0.1521
 Epoch [20/30], Step[280/483], loss: 0.2076
 Epoch [20/30], Step[290/483], loss: 0.2150
 Epoch [20/30], Step[300/483], loss: 0.2788
 Epoch [20/30], Step[310/483], loss: 0.1729
 Epoch [20/30], Step[320/483], loss: 0.2117
 Epoch [20/30], Step[330/483], loss: 0.2762
 Epoch [20/30], Step[340/483], loss: 0.1318
 Epoch [20/30], Step[350/483], loss: 0.1805
 Epoch [20/30], Step[360/483], loss: 0.2115
 Epoch [20/30], Step[370/483], loss: 0.2056
 Epoch [20/30], Step[380/483], loss: 0.2416
 Epoch [20/30], Step[390/483], loss: 0.2457
 Epoch [20/30], Step[400/483], loss: 0.2515
 Epoch [20/30], Step[410/483], loss: 0.1316
 Epoch [20/30], Step[420/483], loss: 0.1933
 Epoch [20/30], Step[430/483], loss: 0.1831
 Epoch [20/30], Step[440/483], loss: 0.1809
 Epoch [20/30], Step[450/483], loss: 0.2808
 Epoch [20/30], Step[460/483], loss: 0.2621
 Epoch [20/30], Step[470/483], loss: 0.1680
 Epoch [20/30], Step[480/483], loss: 0.1731
 ====> Epoch 20: Training loss: 94.4735
 Training Accuracy: 0.907909
 ====> Epoch 20: Validation loss: 13.9779
 Validation Accuracy: 0.891667
 Epoch [21/30], Step[0/483], loss: 0.1948
 Epoch [21/30], Step[10/483], loss: 0.1770
 Epoch [21/30], Step[20/483], loss: 0.1542
 Epoch [21/30], Step[30/483], loss: 0.2470
 Epoch [21/30], Step[40/483], loss: 0.1979
 Epoch [21/30], Step[50/483], loss: 0.1718
 Epoch [21/30], Step[60/483], loss: 0.1921
 Epoch [21/30], Step[70/483], loss: 0.1448
 Epoch [21/30], Step[80/483], loss: 0.2094
 Epoch [21/30], Step[90/483], loss: 0.1146
 Epoch [21/30], Step[100/483], loss: 0.1504
 Epoch [21/30], Step[110/483], loss: 0.2041
 Epoch [21/30], Step[120/483], loss: 0.2726
 Epoch [21/30], Step[130/483], loss: 0.1588
 Epoch [21/30], Step[140/483], loss: 0.1325
 Epoch [21/30], Step[150/483], loss: 0.2034
 Epoch [21/30], Step[160/483], loss: 0.2922
 Epoch [21/30], Step[170/483], loss: 0.2246
 Epoch [21/30], Step[180/483], loss: 0.1487
 Epoch [21/30], Step[190/483], loss: 0.2053
 Epoch [21/30], Step[200/483], loss: 0.2156
 Epoch [21/30], Step[210/483], loss: 0.1496
 Epoch [21/30], Step[220/483], loss: 0.1969
 Epoch [21/30], Step[230/483], loss: 0.2188
 Epoch [21/30], Step[240/483], loss: 0.2389
 Epoch [21/30], Step[250/483], loss: 0.1600
 Epoch [21/30], Step[260/483], loss: 0.2458
 Epoch [21/30], Step[270/483], loss: 0.1438
 Epoch [21/30], Step[280/483], loss: 0.2800
 Epoch [21/30], Step[290/483], loss: 0.2314
 Epoch [21/30], Step[300/483], loss: 0.1688
 Epoch [21/30], Step[310/483], loss: 0.1856
 Epoch [21/30], Step[320/483], loss: 0.1388
 Epoch [21/30], Step[330/483], loss: 0.2534
 Epoch [21/30], Step[340/483], loss: 0.1467
 Epoch [21/30], Step[350/483], loss: 0.1659
 Epoch [21/30], Step[360/483], loss: 0.2676
 Epoch [21/30], Step[370/483], loss: 0.1562
 Epoch [21/30], Step[380/483], loss: 0.2007
 Epoch [21/30], Step[390/483], loss: 0.2996
 Epoch [21/30], Step[400/483], loss: 0.2359
 Epoch [21/30], Step[410/483], loss: 0.2204
 Epoch [21/30], Step[420/483], loss: 0.2061
 Epoch [21/30], Step[430/483], loss: 0.2062
 Epoch [21/30], Step[440/483], loss: 0.1938
 Epoch [21/30], Step[450/483], loss: 0.1632
 Epoch [21/30], Step[460/483], loss: 0.2330
 Epoch [21/30], Step[470/483], loss: 0.2905
 Epoch [21/30], Step[480/483], loss: 0.1548
 ====> Epoch 21: Training loss: 94.8840
 Training Accuracy: 0.909731
 ====> Epoch 21: Validation loss: 13.3057
 Validation Accuracy: 0.894167
 Epoch [22/30], Step[0/483], loss: 0.1515
 Epoch [22/30], Step[10/483], loss: 0.1391
 Epoch [22/30], Step[20/483], loss: 0.2015
 Epoch [22/30], Step[30/483], loss: 0.1937
 Epoch [22/30], Step[40/483], loss: 0.1748
 Epoch [22/30], Step[50/483], loss: 0.1356
 Epoch [22/30], Step[60/483], loss: 0.2384
 Epoch [22/30], Step[70/483], loss: 0.1095
 Epoch [22/30], Step[80/483], loss: 0.1849
 Epoch [22/30], Step[90/483], loss: 0.3077
 Epoch [22/30], Step[100/483], loss: 0.1005
 Epoch [22/30], Step[110/483], loss: 0.1956
 Epoch [22/30], Step[120/483], loss: 0.1881
 Epoch [22/30], Step[130/483], loss: 0.1339
 Epoch [22/30], Step[140/483], loss: 0.1979
 Epoch [22/30], Step[150/483], loss: 0.1582
 Epoch [22/30], Step[160/483], loss: 0.2264
 Epoch [22/30], Step[170/483], loss: 0.1192
 Epoch [22/30], Step[180/483], loss: 0.1647
 Epoch [22/30], Step[190/483], loss: 0.1727
 Epoch [22/30], Step[200/483], loss: 0.1891
 Epoch [22/30], Step[210/483], loss: 0.1151
 Epoch [22/30], Step[220/483], loss: 0.2139
 Epoch [22/30], Step[230/483], loss: 0.2372
 Epoch [22/30], Step[240/483], loss: 0.2350
 Epoch [22/30], Step[250/483], loss: 0.1844
 Epoch [22/30], Step[260/483], loss: 0.2323
 Epoch [22/30], Step[270/483], loss: 0.1575
 Epoch [22/30], Step[280/483], loss: 0.2957
 Epoch [22/30], Step[290/483], loss: 0.2141
 Epoch [22/30], Step[300/483], loss: 0.2335
 Epoch [22/30], Step[310/483], loss: 0.2152
 Epoch [22/30], Step[320/483], loss: 0.1537
 Epoch [22/30], Step[330/483], loss: 0.2117
 Epoch [22/30], Step[340/483], loss: 0.1311
 Epoch [22/30], Step[350/483], loss: 0.2163
 Epoch [22/30], Step[360/483], loss: 0.2209
 Epoch [22/30], Step[370/483], loss: 0.1433
 Epoch [22/30], Step[380/483], loss: 0.1884
 Epoch [22/30], Step[390/483], loss: 0.2850
 Epoch [22/30], Step[400/483], loss: 0.2303
 Epoch [22/30], Step[410/483], loss: 0.1750
 Epoch [22/30], Step[420/483], loss: 0.2711
 Epoch [22/30], Step[430/483], loss: 0.1775
 Epoch [22/30], Step[440/483], loss: 0.2343
 Epoch [22/30], Step[450/483], loss: 0.1846
 Epoch [22/30], Step[460/483], loss: 0.3347
 Epoch [22/30], Step[470/483], loss: 0.2388
 Epoch [22/30], Step[480/483], loss: 0.1650
 ====> Epoch 22: Training loss: 91.3513
 Training Accuracy: 0.911222
 ====> Epoch 22: Validation loss: 13.7314
 Validation Accuracy: 0.891000
 Epoch [23/30], Step[0/483], loss: 0.1344
 Epoch [23/30], Step[10/483], loss: 0.1485
 Epoch [23/30], Step[20/483], loss: 0.1309
 Epoch [23/30], Step[30/483], loss: 0.2305
 Epoch [23/30], Step[40/483], loss: 0.1715
 Epoch [23/30], Step[50/483], loss: 0.1599
 Epoch [23/30], Step[60/483], loss: 0.2941
 Epoch [23/30], Step[70/483], loss: 0.1136
 Epoch [23/30], Step[80/483], loss: 0.1721
 Epoch [23/30], Step[90/483], loss: 0.2015
 Epoch [23/30], Step[100/483], loss: 0.2012
 Epoch [23/30], Step[110/483], loss: 0.2619
 Epoch [23/30], Step[120/483], loss: 0.1836
 Epoch [23/30], Step[130/483], loss: 0.1535
 Epoch [23/30], Step[140/483], loss: 0.1113
 Epoch [23/30], Step[150/483], loss: 0.1572
 Epoch [23/30], Step[160/483], loss: 0.1631
 Epoch [23/30], Step[170/483], loss: 0.2722
 Epoch [23/30], Step[180/483], loss: 0.1406
 Epoch [23/30], Step[190/483], loss: 0.2240
 Epoch [23/30], Step[200/483], loss: 0.1354
 Epoch [23/30], Step[210/483], loss: 0.0875
 Epoch [23/30], Step[220/483], loss: 0.2034
 Epoch [23/30], Step[230/483], loss: 0.1933
 Epoch [23/30], Step[240/483], loss: 0.2090
 Epoch [23/30], Step[250/483], loss: 0.1517
 Epoch [23/30], Step[260/483], loss: 0.1972
 Epoch [23/30], Step[270/483], loss: 0.1914
 Epoch [23/30], Step[280/483], loss: 0.1637
 Epoch [23/30], Step[290/483], loss: 0.1630
 Epoch [23/30], Step[300/483], loss: 0.2125
 Epoch [23/30], Step[310/483], loss: 0.2258
 Epoch [23/30], Step[320/483], loss: 0.1919
 Epoch [23/30], Step[330/483], loss: 0.2358
 Epoch [23/30], Step[340/483], loss: 0.1243
 Epoch [23/30], Step[350/483], loss: 0.1658
 Epoch [23/30], Step[360/483], loss: 0.2174
 Epoch [23/30], Step[370/483], loss: 0.1603
 Epoch [23/30], Step[380/483], loss: 0.2050
 Epoch [23/30], Step[390/483], loss: 0.2429
 Epoch [23/30], Step[400/483], loss: 0.2219
 Epoch [23/30], Step[410/483], loss: 0.1443
 Epoch [23/30], Step[420/483], loss: 0.1972
 Epoch [23/30], Step[430/483], loss: 0.1462
 Epoch [23/30], Step[440/483], loss: 0.1763
 Epoch [23/30], Step[450/483], loss: 0.1515
 Epoch [23/30], Step[460/483], loss: 0.2526
 Epoch [23/30], Step[470/483], loss: 0.1773
 Epoch [23/30], Step[480/483], loss: 0.1567
 ====> Epoch 23: Training loss: 91.7322
 Training Accuracy: 0.911905
 ====> Epoch 23: Validation loss: 13.8355
 Validation Accuracy: 0.897167
 Epoch [24/30], Step[0/483], loss: 0.1425
 Epoch [24/30], Step[10/483], loss: 0.1674
 Epoch [24/30], Step[20/483], loss: 0.2567
 Epoch [24/30], Step[30/483], loss: 0.2769
 Epoch [24/30], Step[40/483], loss: 0.1933
 Epoch [24/30], Step[50/483], loss: 0.1294
 Epoch [24/30], Step[60/483], loss: 0.2525
 Epoch [24/30], Step[70/483], loss: 0.1535
 Epoch [24/30], Step[80/483], loss: 0.2207
 Epoch [24/30], Step[90/483], loss: 0.2653
 Epoch [24/30], Step[100/483], loss: 0.1943
 Epoch [24/30], Step[110/483], loss: 0.2173
 Epoch [24/30], Step[120/483], loss: 0.1652
 Epoch [24/30], Step[130/483], loss: 0.1759
 Epoch [24/30], Step[140/483], loss: 0.1231
 Epoch [24/30], Step[150/483], loss: 0.1340
 Epoch [24/30], Step[160/483], loss: 0.1979
 Epoch [24/30], Step[170/483], loss: 0.1358
 Epoch [24/30], Step[180/483], loss: 0.1261
 Epoch [24/30], Step[190/483], loss: 0.2726
 Epoch [24/30], Step[200/483], loss: 0.1416
 Epoch [24/30], Step[210/483], loss: 0.1629
 Epoch [24/30], Step[220/483], loss: 0.2227
 Epoch [24/30], Step[230/483], loss: 0.2033
 Epoch [24/30], Step[240/483], loss: 0.1455
 Epoch [24/30], Step[250/483], loss: 0.1823
 Epoch [24/30], Step[260/483], loss: 0.1202
 Epoch [24/30], Step[270/483], loss: 0.2613
 Epoch [24/30], Step[280/483], loss: 0.2003
 Epoch [24/30], Step[290/483], loss: 0.2189
 Epoch [24/30], Step[300/483], loss: 0.1908
 Epoch [24/30], Step[310/483], loss: 0.1384
 Epoch [24/30], Step[320/483], loss: 0.1873
 Epoch [24/30], Step[330/483], loss: 0.1918
 Epoch [24/30], Step[340/483], loss: 0.1373
 Epoch [24/30], Step[350/483], loss: 0.1982
 Epoch [24/30], Step[360/483], loss: 0.1944
 Epoch [24/30], Step[370/483], loss: 0.1813
 Epoch [24/30], Step[380/483], loss: 0.3682
 Epoch [24/30], Step[390/483], loss: 0.1871
 Epoch [24/30], Step[400/483], loss: 0.2201
 Epoch [24/30], Step[410/483], loss: 0.2802
 Epoch [24/30], Step[420/483], loss: 0.2305
 Epoch [24/30], Step[430/483], loss: 0.1769
 Epoch [24/30], Step[440/483], loss: 0.1913
 Epoch [24/30], Step[450/483], loss: 0.1811
 Epoch [24/30], Step[460/483], loss: 0.3433
 Epoch [24/30], Step[470/483], loss: 0.2640
 Epoch [24/30], Step[480/483], loss: 0.2058
 ====> Epoch 24: Training loss: 92.6876
 Training Accuracy: 0.909524
 ====> Epoch 24: Validation loss: 13.0312
 Validation Accuracy: 0.903167
 Epoch [25/30], Step[0/483], loss: 0.1711
 Epoch [25/30], Step[10/483], loss: 0.1356
 Epoch [25/30], Step[20/483], loss: 0.0958
 Epoch [25/30], Step[30/483], loss: 0.2478
 Epoch [25/30], Step[40/483], loss: 0.2060
 Epoch [25/30], Step[50/483], loss: 0.2470
 Epoch [25/30], Step[60/483], loss: 0.1837
 Epoch [25/30], Step[70/483], loss: 0.1688
 Epoch [25/30], Step[80/483], loss: 0.1492
 Epoch [25/30], Step[90/483], loss: 0.1763
 Epoch [25/30], Step[100/483], loss: 0.1294
 Epoch [25/30], Step[110/483], loss: 0.2058
 Epoch [25/30], Step[120/483], loss: 0.2627
 Epoch [25/30], Step[130/483], loss: 0.1168
 Epoch [25/30], Step[140/483], loss: 0.2267
 Epoch [25/30], Step[150/483], loss: 0.1348
 Epoch [25/30], Step[160/483], loss: 0.1613
 Epoch [25/30], Step[170/483], loss: 0.2650
 Epoch [25/30], Step[180/483], loss: 0.1327
 Epoch [25/30], Step[190/483], loss: 0.1976
 Epoch [25/30], Step[200/483], loss: 0.2136
 Epoch [25/30], Step[210/483], loss: 0.1462
 Epoch [25/30], Step[220/483], loss: 0.2205
 Epoch [25/30], Step[230/483], loss: 0.2291
 Epoch [25/30], Step[240/483], loss: 0.1532
 Epoch [25/30], Step[250/483], loss: 0.2223
 Epoch [25/30], Step[260/483], loss: 0.1705
 Epoch [25/30], Step[270/483], loss: 0.1876
 Epoch [25/30], Step[280/483], loss: 0.2490
 Epoch [25/30], Step[290/483], loss: 0.1187
 Epoch [25/30], Step[300/483], loss: 0.2604
 Epoch [25/30], Step[310/483], loss: 0.2087
 Epoch [25/30], Step[320/483], loss: 0.1461
 Epoch [25/30], Step[330/483], loss: 0.1915
 Epoch [25/30], Step[340/483], loss: 0.1451
 Epoch [25/30], Step[350/483], loss: 0.1467
 Epoch [25/30], Step[360/483], loss: 0.2899
 Epoch [25/30], Step[370/483], loss: 0.1780
 Epoch [25/30], Step[380/483], loss: 0.2526
 Epoch [25/30], Step[390/483], loss: 0.1754
 Epoch [25/30], Step[400/483], loss: 0.2088
 Epoch [25/30], Step[410/483], loss: 0.1814
 Epoch [25/30], Step[420/483], loss: 0.2561
 Epoch [25/30], Step[430/483], loss: 0.2466
 Epoch [25/30], Step[440/483], loss: 0.2679
 Epoch [25/30], Step[450/483], loss: 0.2410
 Epoch [25/30], Step[460/483], loss: 0.1486
 Epoch [25/30], Step[470/483], loss: 0.1524
 Epoch [25/30], Step[480/483], loss: 0.1613
 ====> Epoch 25: Training loss: 91.0053
 Training Accuracy: 0.910932
 ====> Epoch 25: Validation loss: 13.6115
 Validation Accuracy: 0.899333
 Epoch [26/30], Step[0/483], loss: 0.1288
 Epoch [26/30], Step[10/483], loss: 0.1331
 Epoch [26/30], Step[20/483], loss: 0.1682
 Epoch [26/30], Step[30/483], loss: 0.2218
 Epoch [26/30], Step[40/483], loss: 0.2125
 Epoch [26/30], Step[50/483], loss: 0.1584
 Epoch [26/30], Step[60/483], loss: 0.2417
 Epoch [26/30], Step[70/483], loss: 0.1627
 Epoch [26/30], Step[80/483], loss: 0.1869
 Epoch [26/30], Step[90/483], loss: 0.2070
 Epoch [26/30], Step[100/483], loss: 0.1773
 Epoch [26/30], Step[110/483], loss: 0.2300
 Epoch [26/30], Step[120/483], loss: 0.1433
 Epoch [26/30], Step[130/483], loss: 0.2099
 Epoch [26/30], Step[140/483], loss: 0.1670
 Epoch [26/30], Step[150/483], loss: 0.1325
 Epoch [26/30], Step[160/483], loss: 0.2208
 Epoch [26/30], Step[170/483], loss: 0.2745
 Epoch [26/30], Step[180/483], loss: 0.1998
 Epoch [26/30], Step[190/483], loss: 0.1397
 Epoch [26/30], Step[200/483], loss: 0.1645
 Epoch [26/30], Step[210/483], loss: 0.1977
 Epoch [26/30], Step[220/483], loss: 0.1580
 Epoch [26/30], Step[230/483], loss: 0.3372
 Epoch [26/30], Step[240/483], loss: 0.1498
 Epoch [26/30], Step[250/483], loss: 0.1495
 Epoch [26/30], Step[260/483], loss: 0.1387
 Epoch [26/30], Step[270/483], loss: 0.1716
 Epoch [26/30], Step[280/483], loss: 0.3171
 Epoch [26/30], Step[290/483], loss: 0.1073
 Epoch [26/30], Step[300/483], loss: 0.1867
 Epoch [26/30], Step[310/483], loss: 0.1854
 Epoch [26/30], Step[320/483], loss: 0.2066
 Epoch [26/30], Step[330/483], loss: 0.1970
 Epoch [26/30], Step[340/483], loss: 0.2586
 Epoch [26/30], Step[350/483], loss: 0.1652
 Epoch [26/30], Step[360/483], loss: 0.1814
 Epoch [26/30], Step[370/483], loss: 0.1324
 Epoch [26/30], Step[380/483], loss: 0.2298
 Epoch [26/30], Step[390/483], loss: 0.2270
 Epoch [26/30], Step[400/483], loss: 0.1508
 Epoch [26/30], Step[410/483], loss: 0.1517
 Epoch [26/30], Step[420/483], loss: 0.1627
 Epoch [26/30], Step[430/483], loss: 0.1791
 Epoch [26/30], Step[440/483], loss: 0.2116
 Epoch [26/30], Step[450/483], loss: 0.1926
 Epoch [26/30], Step[460/483], loss: 0.1509
 Epoch [26/30], Step[470/483], loss: 0.1450
 Epoch [26/30], Step[480/483], loss: 0.1492
 ====> Epoch 26: Training loss: 90.1305
 Training Accuracy: 0.912609
 ====> Epoch 26: Validation loss: 13.7961
 Validation Accuracy: 0.891333
 Epoch [27/30], Step[0/483], loss: 0.1310
 Epoch [27/30], Step[10/483], loss: 0.1243
 Epoch [27/30], Step[20/483], loss: 0.1766
 Epoch [27/30], Step[30/483], loss: 0.2056
 Epoch [27/30], Step[40/483], loss: 0.1393
 Epoch [27/30], Step[50/483], loss: 0.2121
 Epoch [27/30], Step[60/483], loss: 0.2538
 Epoch [27/30], Step[70/483], loss: 0.0875
 Epoch [27/30], Step[80/483], loss: 0.2049
 Epoch [27/30], Step[90/483], loss: 0.2194
 Epoch [27/30], Step[100/483], loss: 0.1992
 Epoch [27/30], Step[110/483], loss: 0.1547
 Epoch [27/30], Step[120/483], loss: 0.1577
 Epoch [27/30], Step[130/483], loss: 0.2337
 Epoch [27/30], Step[140/483], loss: 0.1232
 Epoch [27/30], Step[150/483], loss: 0.1768
 Epoch [27/30], Step[160/483], loss: 0.1790
 Epoch [27/30], Step[170/483], loss: 0.1711
 Epoch [27/30], Step[180/483], loss: 0.1492
 Epoch [27/30], Step[190/483], loss: 0.2001
 Epoch [27/30], Step[200/483], loss: 0.2383
 Epoch [27/30], Step[210/483], loss: 0.1875
 Epoch [27/30], Step[220/483], loss: 0.2426
 Epoch [27/30], Step[230/483], loss: 0.2354
 Epoch [27/30], Step[240/483], loss: 0.1846
 Epoch [27/30], Step[250/483], loss: 0.1387
 Epoch [27/30], Step[260/483], loss: 0.1913
 Epoch [27/30], Step[270/483], loss: 0.2343
 Epoch [27/30], Step[280/483], loss: 0.2598
 Epoch [27/30], Step[290/483], loss: 0.1419
 Epoch [27/30], Step[300/483], loss: 0.2215
 Epoch [27/30], Step[310/483], loss: 0.2460
 Epoch [27/30], Step[320/483], loss: 0.1218
 Epoch [27/30], Step[330/483], loss: 0.2685
 Epoch [27/30], Step[340/483], loss: 0.1539
 Epoch [27/30], Step[350/483], loss: 0.1444
 Epoch [27/30], Step[360/483], loss: 0.2316
 Epoch [27/30], Step[370/483], loss: 0.1553
 Epoch [27/30], Step[380/483], loss: 0.2545
 Epoch [27/30], Step[390/483], loss: 0.2343
 Epoch [27/30], Step[400/483], loss: 0.1305
 Epoch [27/30], Step[410/483], loss: 0.1551
 Epoch [27/30], Step[420/483], loss: 0.1911
 Epoch [27/30], Step[430/483], loss: 0.1645
 Epoch [27/30], Step[440/483], loss: 0.1969
 Epoch [27/30], Step[450/483], loss: 0.2100
 Epoch [27/30], Step[460/483], loss: 0.2044
 Epoch [27/30], Step[470/483], loss: 0.2561
 Epoch [27/30], Step[480/483], loss: 0.2101
 ====> Epoch 27: Training loss: 89.2162
 Training Accuracy: 0.915072
 ====> Epoch 27: Validation loss: 12.9088
 Validation Accuracy: 0.898333
 Epoch [28/30], Step[0/483], loss: 0.1638
 Epoch [28/30], Step[10/483], loss: 0.1535
 Epoch [28/30], Step[20/483], loss: 0.1848
 Epoch [28/30], Step[30/483], loss: 0.2097
 Epoch [28/30], Step[40/483], loss: 0.2235
 Epoch [28/30], Step[50/483], loss: 0.1374
 Epoch [28/30], Step[60/483], loss: 0.2365
 Epoch [28/30], Step[70/483], loss: 0.1418
 Epoch [28/30], Step[80/483], loss: 0.1740
 Epoch [28/30], Step[90/483], loss: 0.1606
 Epoch [28/30], Step[100/483], loss: 0.1665
 Epoch [28/30], Step[110/483], loss: 0.1885
 Epoch [28/30], Step[120/483], loss: 0.1477
 Epoch [28/30], Step[130/483], loss: 0.1371
 Epoch [28/30], Step[140/483], loss: 0.1401
 Epoch [28/30], Step[150/483], loss: 0.1682
 Epoch [28/30], Step[160/483], loss: 0.2172
 Epoch [28/30], Step[170/483], loss: 0.1743
 Epoch [28/30], Step[180/483], loss: 0.1136
 Epoch [28/30], Step[190/483], loss: 0.2399
 Epoch [28/30], Step[200/483], loss: 0.1400
 Epoch [28/30], Step[210/483], loss: 0.0783
 Epoch [28/30], Step[220/483], loss: 0.1635
 Epoch [28/30], Step[230/483], loss: 0.1547
 Epoch [28/30], Step[240/483], loss: 0.2736
 Epoch [28/30], Step[250/483], loss: 0.1443
 Epoch [28/30], Step[260/483], loss: 0.1606
 Epoch [28/30], Step[270/483], loss: 0.1486
 Epoch [28/30], Step[280/483], loss: 0.1850
 Epoch [28/30], Step[290/483], loss: 0.2681
 Epoch [28/30], Step[300/483], loss: 0.2434
 Epoch [28/30], Step[310/483], loss: 0.2065
 Epoch [28/30], Step[320/483], loss: 0.2058
 Epoch [28/30], Step[330/483], loss: 0.1563
 Epoch [28/30], Step[340/483], loss: 0.1517
 Epoch [28/30], Step[350/483], loss: 0.2056
 Epoch [28/30], Step[360/483], loss: 0.2228
 Epoch [28/30], Step[370/483], loss: 0.2092
 Epoch [28/30], Step[380/483], loss: 0.2298
 Epoch [28/30], Step[390/483], loss: 0.3124
 Epoch [28/30], Step[400/483], loss: 0.2402
 Epoch [28/30], Step[410/483], loss: 0.1709
 Epoch [28/30], Step[420/483], loss: 0.1510
 Epoch [28/30], Step[430/483], loss: 0.1549
 Epoch [28/30], Step[440/483], loss: 0.2581
 Epoch [28/30], Step[450/483], loss: 0.1933
 Epoch [28/30], Step[460/483], loss: 0.1769
 Epoch [28/30], Step[470/483], loss: 0.2198
 Epoch [28/30], Step[480/483], loss: 0.1258
 ====> Epoch 28: Training loss: 88.4032
 Training Accuracy: 0.915300
 ====> Epoch 28: Validation loss: 13.4487
 Validation Accuracy: 0.899167
 Epoch [29/30], Step[0/483], loss: 0.1205
 Epoch [29/30], Step[10/483], loss: 0.2131
 Epoch [29/30], Step[20/483], loss: 0.1728
 Epoch [29/30], Step[30/483], loss: 0.1732
 Epoch [29/30], Step[40/483], loss: 0.1573
 Epoch [29/30], Step[50/483], loss: 0.1883
 Epoch [29/30], Step[60/483], loss: 0.2539
 Epoch [29/30], Step[70/483], loss: 0.2363
 Epoch [29/30], Step[80/483], loss: 0.1446
 Epoch [29/30], Step[90/483], loss: 0.1848
 Epoch [29/30], Step[100/483], loss: 0.1885
 Epoch [29/30], Step[110/483], loss: 0.2103
 Epoch [29/30], Step[120/483], loss: 0.1868
 Epoch [29/30], Step[130/483], loss: 0.1088
 Epoch [29/30], Step[140/483], loss: 0.1247
 Epoch [29/30], Step[150/483], loss: 0.1964
 Epoch [29/30], Step[160/483], loss: 0.2476
 Epoch [29/30], Step[170/483], loss: 0.1203
 Epoch [29/30], Step[180/483], loss: 0.1478
 Epoch [29/30], Step[190/483], loss: 0.2154
 Epoch [29/30], Step[200/483], loss: 0.2003
 Epoch [29/30], Step[210/483], loss: 0.0965
 Epoch [29/30], Step[220/483], loss: 0.2565
 Epoch [29/30], Step[230/483], loss: 0.2218
 Epoch [29/30], Step[240/483], loss: 0.1374
 Epoch [29/30], Step[250/483], loss: 0.2636
 Epoch [29/30], Step[260/483], loss: 0.1400
 Epoch [29/30], Step[270/483], loss: 0.2358
 Epoch [29/30], Step[280/483], loss: 0.2666
 Epoch [29/30], Step[290/483], loss: 0.2565
 Epoch [29/30], Step[300/483], loss: 0.2120
 Epoch [29/30], Step[310/483], loss: 0.2050
 Epoch [29/30], Step[320/483], loss: 0.1955
 Epoch [29/30], Step[330/483], loss: 0.1735
 Epoch [29/30], Step[340/483], loss: 0.1244
 Epoch [29/30], Step[350/483], loss: 0.1632
 Epoch [29/30], Step[360/483], loss: 0.2204
 Epoch [29/30], Step[370/483], loss: 0.1631
 Epoch [29/30], Step[380/483], loss: 0.1989
 Epoch [29/30], Step[390/483], loss: 0.3023
 Epoch [29/30], Step[400/483], loss: 0.2567
 Epoch [29/30], Step[410/483], loss: 0.1867
 Epoch [29/30], Step[420/483], loss: 0.1945
 Epoch [29/30], Step[430/483], loss: 0.1433
 Epoch [29/30], Step[440/483], loss: 0.2347
 Epoch [29/30], Step[450/483], loss: 0.1446
 Epoch [29/30], Step[460/483], loss: 0.2488
 Epoch [29/30], Step[470/483], loss: 0.1115
 Epoch [29/30], Step[480/483], loss: 0.1288
 ====> Epoch 29: Training loss: 89.1752
 Training Accuracy: 0.914741
 ====> Epoch 29: Validation loss: 12.1962
 Validation Accuracy: 0.909667
 Epoch [30/30], Step[0/483], loss: 0.1631
 Epoch [30/30], Step[10/483], loss: 0.1820
 Epoch [30/30], Step[20/483], loss: 0.1755
 Epoch [30/30], Step[30/483], loss: 0.2028
 Epoch [30/30], Step[40/483], loss: 0.1881
 Epoch [30/30], Step[50/483], loss: 0.1886
 Epoch [30/30], Step[60/483], loss: 0.1947
 Epoch [30/30], Step[70/483], loss: 0.1150
 Epoch [30/30], Step[80/483], loss: 0.2569
 Epoch [30/30], Step[90/483], loss: 0.2513
 Epoch [30/30], Step[100/483], loss: 0.1738
 Epoch [30/30], Step[110/483], loss: 0.2524
 Epoch [30/30], Step[120/483], loss: 0.1542
 Epoch [30/30], Step[130/483], loss: 0.1223
 Epoch [30/30], Step[140/483], loss: 0.1186
 Epoch [30/30], Step[150/483], loss: 0.1932
 Epoch [30/30], Step[160/483], loss: 0.2341
 Epoch [30/30], Step[170/483], loss: 0.2437
 Epoch [30/30], Step[180/483], loss: 0.1221
 Epoch [30/30], Step[190/483], loss: 0.1786
 Epoch [30/30], Step[200/483], loss: 0.2557
 Epoch [30/30], Step[210/483], loss: 0.1180
 Epoch [30/30], Step[220/483], loss: 0.2096
 Epoch [30/30], Step[230/483], loss: 0.1850
 Epoch [30/30], Step[240/483], loss: 0.1747
 Epoch [30/30], Step[250/483], loss: 0.1542
 Epoch [30/30], Step[260/483], loss: 0.1140
 Epoch [30/30], Step[270/483], loss: 0.1743
 Epoch [30/30], Step[280/483], loss: 0.1901
 Epoch [30/30], Step[290/483], loss: 0.1344
 Epoch [30/30], Step[300/483], loss: 0.1844
 Epoch [30/30], Step[310/483], loss: 0.1862
 Epoch [30/30], Step[320/483], loss: 0.1035
 Epoch [30/30], Step[330/483], loss: 0.2548
 Epoch [30/30], Step[340/483], loss: 0.1115
 Epoch [30/30], Step[350/483], loss: 0.1818
 Epoch [30/30], Step[360/483], loss: 0.1959
 Epoch [30/30], Step[370/483], loss: 0.1816
 Epoch [30/30], Step[380/483], loss: 0.2413
 Epoch [30/30], Step[390/483], loss: 0.1956
 Epoch [30/30], Step[400/483], loss: 0.2234
 Epoch [30/30], Step[410/483], loss: 0.1535
 Epoch [30/30], Step[420/483], loss: 0.2429
 Epoch [30/30], Step[430/483], loss: 0.1696
 Epoch [30/30], Step[440/483], loss: 0.2178
 Epoch [30/30], Step[450/483], loss: 0.1979
 Epoch [30/30], Step[460/483], loss: 0.2096
 Epoch [30/30], Step[470/483], loss: 0.1439
 Epoch [30/30], Step[480/483], loss: 0.2252
 ====> Epoch 30: Training loss: 88.5047
 Training Accuracy: 0.912878
 ====> Epoch 30: Validation loss: 12.8751
 Validation Accuracy: 0.899833
 Saved model to models/l0242.pth
