 Loading feature files...
 <s> = 1
 </s> = 2
 All scenes loaded.
 Hyperparameters:Namespace(LR=0.01, alternatives=1, batch_size=100, dec='LSTM', dropout=0.5, epochs=20, hidden_sz=50, load=None, log_interval=10, model='l0', no_cuda=False, save=None, seed=1)
 Listener0: Listener0Model(
  (scene_encoder): LinearSceneEncoder(
    (fc): Linear(in_features=280, out_features=50)
  )
  (string_encoder): LinearStringEncoder(
    (fc): Linear(in_features=1063, out_features=50)
  )
  (scorer): MLPScorer(
    (dropout): Dropout(p=0.5)
    (linear_4): Linear(in_features=50, out_features=50)
    (linear_5): Linear(in_features=50, out_features=50)
    (linear_3): Linear(in_features=50, out_features=1)
  )
)
 Training Listener0...
 Epoch [1/20], Step[0/483], loss: 0.7001
 Epoch [1/20], Step[10/483], loss: 0.6797
 Epoch [1/20], Step[20/483], loss: 0.6758
 Epoch [1/20], Step[30/483], loss: 0.6849
 Epoch [1/20], Step[40/483], loss: 0.6833
 Epoch [1/20], Step[50/483], loss: 0.6952
 Epoch [1/20], Step[60/483], loss: 0.6848
 Epoch [1/20], Step[70/483], loss: 0.6987
 Epoch [1/20], Step[80/483], loss: 0.6814
 Epoch [1/20], Step[90/483], loss: 0.6761
 Epoch [1/20], Step[100/483], loss: 0.6875
 Epoch [1/20], Step[110/483], loss: 0.6970
 Epoch [1/20], Step[120/483], loss: 0.6914
 Epoch [1/20], Step[130/483], loss: 0.7017
 Epoch [1/20], Step[140/483], loss: 0.6962
 Epoch [1/20], Step[150/483], loss: 0.6731
 Epoch [1/20], Step[160/483], loss: 0.6999
 Epoch [1/20], Step[170/483], loss: 0.7066
 Epoch [1/20], Step[180/483], loss: 0.6936
 Epoch [1/20], Step[190/483], loss: 0.6882
 Epoch [1/20], Step[200/483], loss: 0.6785
 Epoch [1/20], Step[210/483], loss: 0.6657
 Epoch [1/20], Step[220/483], loss: 0.6873
 Epoch [1/20], Step[230/483], loss: 0.6903
 Epoch [1/20], Step[240/483], loss: 0.7095
 Epoch [1/20], Step[250/483], loss: 0.6302
 Epoch [1/20], Step[260/483], loss: 0.6009
 Epoch [1/20], Step[270/483], loss: 0.6762
 Epoch [1/20], Step[280/483], loss: 0.6705
 Epoch [1/20], Step[290/483], loss: 0.6751
 Epoch [1/20], Step[300/483], loss: 0.5756
 Epoch [1/20], Step[310/483], loss: 0.6682
 Epoch [1/20], Step[320/483], loss: 0.7016
 Epoch [1/20], Step[330/483], loss: 0.6124
 Epoch [1/20], Step[340/483], loss: 0.5342
 Epoch [1/20], Step[350/483], loss: 0.6980
 Epoch [1/20], Step[360/483], loss: 0.6662
 Epoch [1/20], Step[370/483], loss: 0.6444
 Epoch [1/20], Step[380/483], loss: 0.6181
 Epoch [1/20], Step[390/483], loss: 0.5900
 Epoch [1/20], Step[400/483], loss: 0.6190
 Epoch [1/20], Step[410/483], loss: 0.6253
 Epoch [1/20], Step[420/483], loss: 0.5766
 Epoch [1/20], Step[430/483], loss: 0.7032
 Epoch [1/20], Step[440/483], loss: 0.7040
 Epoch [1/20], Step[450/483], loss: 0.6245
 Epoch [1/20], Step[460/483], loss: 0.6388
 Epoch [1/20], Step[470/483], loss: 0.6528
 Epoch [1/20], Step[480/483], loss: 0.5545
 ====> Epoch 1: Training loss: 322.7225
 Training Accuracy: 0.661988
 ====> Epoch 1: Validation loss: 36.7013
 Validation Accuracy: 0.707500
 Epoch [2/20], Step[0/483], loss: 0.6518
 Epoch [2/20], Step[10/483], loss: 0.5039
 Epoch [2/20], Step[20/483], loss: 0.5945
 Epoch [2/20], Step[30/483], loss: 0.6463
 Epoch [2/20], Step[40/483], loss: 0.5022
 Epoch [2/20], Step[50/483], loss: 0.7004
 Epoch [2/20], Step[60/483], loss: 0.6435
 Epoch [2/20], Step[70/483], loss: 0.6050
 Epoch [2/20], Step[80/483], loss: 0.6371
 Epoch [2/20], Step[90/483], loss: 0.5553
 Epoch [2/20], Step[100/483], loss: 0.6202
 Epoch [2/20], Step[110/483], loss: 0.6544
 Epoch [2/20], Step[120/483], loss: 0.6000
 Epoch [2/20], Step[130/483], loss: 0.6923
 Epoch [2/20], Step[140/483], loss: 0.5581
 Epoch [2/20], Step[150/483], loss: 0.5747
 Epoch [2/20], Step[160/483], loss: 0.6137
 Epoch [2/20], Step[170/483], loss: 0.6399
 Epoch [2/20], Step[180/483], loss: 0.6024
 Epoch [2/20], Step[190/483], loss: 0.6727
 Epoch [2/20], Step[200/483], loss: 0.7081
 Epoch [2/20], Step[210/483], loss: 0.5693
 Epoch [2/20], Step[220/483], loss: 0.6188
 Epoch [2/20], Step[230/483], loss: 0.5958
 Epoch [2/20], Step[240/483], loss: 0.5743
 Epoch [2/20], Step[250/483], loss: 0.5433
 Epoch [2/20], Step[260/483], loss: 0.5529
 Epoch [2/20], Step[270/483], loss: 0.5585
 Epoch [2/20], Step[280/483], loss: 0.6691
 Epoch [2/20], Step[290/483], loss: 0.6309
 Epoch [2/20], Step[300/483], loss: 0.5753
 Epoch [2/20], Step[310/483], loss: 0.5783
 Epoch [2/20], Step[320/483], loss: 0.7133
 Epoch [2/20], Step[330/483], loss: 0.5881
 Epoch [2/20], Step[340/483], loss: 0.5328
 Epoch [2/20], Step[350/483], loss: 0.5620
 Epoch [2/20], Step[360/483], loss: 0.6479
 Epoch [2/20], Step[370/483], loss: 0.5694
 Epoch [2/20], Step[380/483], loss: 0.6337
 Epoch [2/20], Step[390/483], loss: 0.5644
 Epoch [2/20], Step[400/483], loss: 0.5861
 Epoch [2/20], Step[410/483], loss: 0.5329
 Epoch [2/20], Step[420/483], loss: 0.5561
 Epoch [2/20], Step[430/483], loss: 0.6985
 Epoch [2/20], Step[440/483], loss: 0.5641
 Epoch [2/20], Step[450/483], loss: 0.5438
 Epoch [2/20], Step[460/483], loss: 0.6128
 Epoch [2/20], Step[470/483], loss: 0.5450
 Epoch [2/20], Step[480/483], loss: 0.5345
 ====> Epoch 2: Training loss: 288.6763
 Training Accuracy: 0.772650
 ====> Epoch 2: Validation loss: 33.4588
 Validation Accuracy: 0.755167
 Epoch [3/20], Step[0/483], loss: 0.6728
 Epoch [3/20], Step[10/483], loss: 0.3785
 Epoch [3/20], Step[20/483], loss: 0.5995
 Epoch [3/20], Step[30/483], loss: 0.5473
 Epoch [3/20], Step[40/483], loss: 0.4412
 Epoch [3/20], Step[50/483], loss: 0.6306
 Epoch [3/20], Step[60/483], loss: 0.5284
 Epoch [3/20], Step[70/483], loss: 0.5343
 Epoch [3/20], Step[80/483], loss: 0.5886
 Epoch [3/20], Step[90/483], loss: 0.5369
 Epoch [3/20], Step[100/483], loss: 0.5496
 Epoch [3/20], Step[110/483], loss: 0.5320
 Epoch [3/20], Step[120/483], loss: 0.6693
 Epoch [3/20], Step[130/483], loss: 0.5869
 Epoch [3/20], Step[140/483], loss: 0.5857
 Epoch [3/20], Step[150/483], loss: 0.5792
 Epoch [3/20], Step[160/483], loss: 0.5722
 Epoch [3/20], Step[170/483], loss: 0.6222
 Epoch [3/20], Step[180/483], loss: 0.6153
 Epoch [3/20], Step[190/483], loss: 0.5816
 Epoch [3/20], Step[200/483], loss: 0.5657
 Epoch [3/20], Step[210/483], loss: 0.5039
 Epoch [3/20], Step[220/483], loss: 0.5619
 Epoch [3/20], Step[230/483], loss: 0.5969
 Epoch [3/20], Step[240/483], loss: 0.5888
 Epoch [3/20], Step[250/483], loss: 0.5007
 Epoch [3/20], Step[260/483], loss: 0.5198
 Epoch [3/20], Step[270/483], loss: 0.5570
 Epoch [3/20], Step[280/483], loss: 0.7001
 Epoch [3/20], Step[290/483], loss: 0.5267
 Epoch [3/20], Step[300/483], loss: 0.5079
 Epoch [3/20], Step[310/483], loss: 0.4975
 Epoch [3/20], Step[320/483], loss: 0.5994
 Epoch [3/20], Step[330/483], loss: 0.5855
 Epoch [3/20], Step[340/483], loss: 0.6902
 Epoch [3/20], Step[350/483], loss: 0.5153
 Epoch [3/20], Step[360/483], loss: 0.5300
 Epoch [3/20], Step[370/483], loss: 0.4641
 Epoch [3/20], Step[380/483], loss: 0.5403
 Epoch [3/20], Step[390/483], loss: 0.5024
 Epoch [3/20], Step[400/483], loss: 0.5011
 Epoch [3/20], Step[410/483], loss: 0.5968
 Epoch [3/20], Step[420/483], loss: 0.5712
 Epoch [3/20], Step[430/483], loss: 0.5348
 Epoch [3/20], Step[440/483], loss: 0.6407
 Epoch [3/20], Step[450/483], loss: 0.5195
 Epoch [3/20], Step[460/483], loss: 0.5895
 Epoch [3/20], Step[470/483], loss: 0.5447
 Epoch [3/20], Step[480/483], loss: 0.5166
 ====> Epoch 3: Training loss: 267.1769
 Training Accuracy: 0.819896
 ====> Epoch 3: Validation loss: 30.5052
 Validation Accuracy: 0.848000
 Epoch [4/20], Step[0/483], loss: 0.5469
 Epoch [4/20], Step[10/483], loss: 0.4532
 Epoch [4/20], Step[20/483], loss: 0.5199
 Epoch [4/20], Step[30/483], loss: 0.6502
 Epoch [4/20], Step[40/483], loss: 0.4007
 Epoch [4/20], Step[50/483], loss: 0.5660
 Epoch [4/20], Step[60/483], loss: 0.5644
 Epoch [4/20], Step[70/483], loss: 0.4877
 Epoch [4/20], Step[80/483], loss: 0.5583
 Epoch [4/20], Step[90/483], loss: 0.4796
 Epoch [4/20], Step[100/483], loss: 0.4395
 Epoch [4/20], Step[110/483], loss: 0.5707
 Epoch [4/20], Step[120/483], loss: 0.7113
 Epoch [4/20], Step[130/483], loss: 0.5848
 Epoch [4/20], Step[140/483], loss: 0.5738
 Epoch [4/20], Step[150/483], loss: 0.5359
 Epoch [4/20], Step[160/483], loss: 0.4987
 Epoch [4/20], Step[170/483], loss: 0.6134
 Epoch [4/20], Step[180/483], loss: 0.4977
 Epoch [4/20], Step[190/483], loss: 0.5663
 Epoch [4/20], Step[200/483], loss: 0.4981
 Epoch [4/20], Step[210/483], loss: 0.4262
 Epoch [4/20], Step[220/483], loss: 0.5087
 Epoch [4/20], Step[230/483], loss: 0.5430
 Epoch [4/20], Step[240/483], loss: 0.4677
 Epoch [4/20], Step[250/483], loss: 0.4529
 Epoch [4/20], Step[260/483], loss: 0.4889
 Epoch [4/20], Step[270/483], loss: 0.3815
 Epoch [4/20], Step[280/483], loss: 0.5547
 Epoch [4/20], Step[290/483], loss: 0.6040
 Epoch [4/20], Step[300/483], loss: 0.4568
 Epoch [4/20], Step[310/483], loss: 0.5855
 Epoch [4/20], Step[320/483], loss: 0.6302
 Epoch [4/20], Step[330/483], loss: 0.5230
 Epoch [4/20], Step[340/483], loss: 0.4551
 Epoch [4/20], Step[350/483], loss: 0.6094
 Epoch [4/20], Step[360/483], loss: 0.5289
 Epoch [4/20], Step[370/483], loss: 0.4646
 Epoch [4/20], Step[380/483], loss: 0.4962
 Epoch [4/20], Step[390/483], loss: 0.4507
 Epoch [4/20], Step[400/483], loss: 0.4958
 Epoch [4/20], Step[410/483], loss: 0.4688
 Epoch [4/20], Step[420/483], loss: 0.4452
 Epoch [4/20], Step[430/483], loss: 0.4476
 Epoch [4/20], Step[440/483], loss: 0.4989
 Epoch [4/20], Step[450/483], loss: 0.5176
 Epoch [4/20], Step[460/483], loss: 0.6490
 Epoch [4/20], Step[470/483], loss: 0.5140
 Epoch [4/20], Step[480/483], loss: 0.4443
 ====> Epoch 4: Training loss: 251.3008
 Training Accuracy: 0.848157
 ====> Epoch 4: Validation loss: 28.5187
 Validation Accuracy: 0.829833
 Epoch [5/20], Step[0/483], loss: 0.5440
 Epoch [5/20], Step[10/483], loss: 0.4275
 Epoch [5/20], Step[20/483], loss: 0.5551
 Epoch [5/20], Step[30/483], loss: 0.5139
 Epoch [5/20], Step[40/483], loss: 0.4497
 Epoch [5/20], Step[50/483], loss: 0.5029
 Epoch [5/20], Step[60/483], loss: 0.5186
 Epoch [5/20], Step[70/483], loss: 0.4397
 Epoch [5/20], Step[80/483], loss: 0.5465
 Epoch [5/20], Step[90/483], loss: 0.4624
 Epoch [5/20], Step[100/483], loss: 0.5207
 Epoch [5/20], Step[110/483], loss: 0.5606
 Epoch [5/20], Step[120/483], loss: 0.5752
 Epoch [5/20], Step[130/483], loss: 0.4649
 Epoch [5/20], Step[140/483], loss: 0.4890
 Epoch [5/20], Step[150/483], loss: 0.5110
 Epoch [5/20], Step[160/483], loss: 0.5381
 Epoch [5/20], Step[170/483], loss: 0.5973
 Epoch [5/20], Step[180/483], loss: 0.4107
 Epoch [5/20], Step[190/483], loss: 0.5680
 Epoch [5/20], Step[200/483], loss: 0.4771
 Epoch [5/20], Step[210/483], loss: 0.4551
 Epoch [5/20], Step[220/483], loss: 0.4880
 Epoch [5/20], Step[230/483], loss: 0.4924
 Epoch [5/20], Step[240/483], loss: 0.6040
 Epoch [5/20], Step[250/483], loss: 0.4478
 Epoch [5/20], Step[260/483], loss: 0.4251
 Epoch [5/20], Step[270/483], loss: 0.4111
 Epoch [5/20], Step[280/483], loss: 0.5223
 Epoch [5/20], Step[290/483], loss: 0.5128
 Epoch [5/20], Step[300/483], loss: 0.4484
 Epoch [5/20], Step[310/483], loss: 0.4556
 Epoch [5/20], Step[320/483], loss: 0.5470
 Epoch [5/20], Step[330/483], loss: 0.4893
 Epoch [5/20], Step[340/483], loss: 0.4557
 Epoch [5/20], Step[350/483], loss: 0.4250
 Epoch [5/20], Step[360/483], loss: 0.5474
 Epoch [5/20], Step[370/483], loss: 0.4272
 Epoch [5/20], Step[380/483], loss: 0.5273
 Epoch [5/20], Step[390/483], loss: 0.5149
 Epoch [5/20], Step[400/483], loss: 0.4796
 Epoch [5/20], Step[410/483], loss: 0.4675
 Epoch [5/20], Step[420/483], loss: 0.4528
 Epoch [5/20], Step[430/483], loss: 0.4708
 Epoch [5/20], Step[440/483], loss: 0.5471
 Epoch [5/20], Step[450/483], loss: 0.3593
 Epoch [5/20], Step[460/483], loss: 0.5303
 Epoch [5/20], Step[470/483], loss: 0.4897
 Epoch [5/20], Step[480/483], loss: 0.5213
 ====> Epoch 5: Training loss: 234.5788
 Training Accuracy: 0.861014
 ====> Epoch 5: Validation loss: 27.0494
 Validation Accuracy: 0.857333
 Epoch [6/20], Step[0/483], loss: 0.4753
 Epoch [6/20], Step[10/483], loss: 0.4814
 Epoch [6/20], Step[20/483], loss: 0.3853
 Epoch [6/20], Step[30/483], loss: 0.4574
 Epoch [6/20], Step[40/483], loss: 0.4545
 Epoch [6/20], Step[50/483], loss: 0.4672
 Epoch [6/20], Step[60/483], loss: 0.5226
 Epoch [6/20], Step[70/483], loss: 0.4175
 Epoch [6/20], Step[80/483], loss: 0.4999
 Epoch [6/20], Step[90/483], loss: 0.4747
 Epoch [6/20], Step[100/483], loss: 0.4624
 Epoch [6/20], Step[110/483], loss: 0.5002
 Epoch [6/20], Step[120/483], loss: 0.4064
 Epoch [6/20], Step[130/483], loss: 0.3673
 Epoch [6/20], Step[140/483], loss: 0.4110
 Epoch [6/20], Step[150/483], loss: 0.4405
 Epoch [6/20], Step[160/483], loss: 0.4974
 Epoch [6/20], Step[170/483], loss: 0.4082
 Epoch [6/20], Step[180/483], loss: 0.4002
 Epoch [6/20], Step[190/483], loss: 0.4528
 Epoch [6/20], Step[200/483], loss: 0.4596
 Epoch [6/20], Step[210/483], loss: 0.3758
 Epoch [6/20], Step[220/483], loss: 0.5247
 Epoch [6/20], Step[230/483], loss: 0.4966
 Epoch [6/20], Step[240/483], loss: 0.4658
 Epoch [6/20], Step[250/483], loss: 0.4359
 Epoch [6/20], Step[260/483], loss: 0.4539
 Epoch [6/20], Step[270/483], loss: 0.3810
 Epoch [6/20], Step[280/483], loss: 0.4260
 Epoch [6/20], Step[290/483], loss: 0.4359
 Epoch [6/20], Step[300/483], loss: 0.5044
 Epoch [6/20], Step[310/483], loss: 0.4329
 Epoch [6/20], Step[320/483], loss: 0.6235
 Epoch [6/20], Step[330/483], loss: 0.5068
 Epoch [6/20], Step[340/483], loss: 0.4671
 Epoch [6/20], Step[350/483], loss: 0.4384
 Epoch [6/20], Step[360/483], loss: 0.4404
 Epoch [6/20], Step[370/483], loss: 0.3861
 Epoch [6/20], Step[380/483], loss: 0.5245
 Epoch [6/20], Step[390/483], loss: 0.5675
 Epoch [6/20], Step[400/483], loss: 0.4651
 Epoch [6/20], Step[410/483], loss: 0.4497
 Epoch [6/20], Step[420/483], loss: 0.4838
 Epoch [6/20], Step[430/483], loss: 0.4399
 Epoch [6/20], Step[440/483], loss: 0.4785
 Epoch [6/20], Step[450/483], loss: 0.3850
 Epoch [6/20], Step[460/483], loss: 0.5757
 Epoch [6/20], Step[470/483], loss: 0.4432
 Epoch [6/20], Step[480/483], loss: 0.4657
 ====> Epoch 6: Training loss: 225.0256
 Training Accuracy: 0.870932
 ====> Epoch 6: Validation loss: 25.3727
 Validation Accuracy: 0.849833
 Epoch [7/20], Step[0/483], loss: 0.4300
 Epoch [7/20], Step[10/483], loss: 0.3529
 Epoch [7/20], Step[20/483], loss: 0.4576
 Epoch [7/20], Step[30/483], loss: 0.4677
 Epoch [7/20], Step[40/483], loss: 0.4134
 Epoch [7/20], Step[50/483], loss: 0.5092
 Epoch [7/20], Step[60/483], loss: 0.3990
 Epoch [7/20], Step[70/483], loss: 0.4342
 Epoch [7/20], Step[80/483], loss: 0.4489
 Epoch [7/20], Step[90/483], loss: 0.4651
 Epoch [7/20], Step[100/483], loss: 0.5207
 Epoch [7/20], Step[110/483], loss: 0.4175
 Epoch [7/20], Step[120/483], loss: 0.4061
 Epoch [7/20], Step[130/483], loss: 0.4070
 Epoch [7/20], Step[140/483], loss: 0.4339
 Epoch [7/20], Step[150/483], loss: 0.4582
 Epoch [7/20], Step[160/483], loss: 0.4929
 Epoch [7/20], Step[170/483], loss: 0.5443
 Epoch [7/20], Step[180/483], loss: 0.4029
 Epoch [7/20], Step[190/483], loss: 0.4208
 Epoch [7/20], Step[200/483], loss: 0.4657
 Epoch [7/20], Step[210/483], loss: 0.3156
 Epoch [7/20], Step[220/483], loss: 0.4317
 Epoch [7/20], Step[230/483], loss: 0.4193
 Epoch [7/20], Step[240/483], loss: 0.4582
 Epoch [7/20], Step[250/483], loss: 0.4041
 Epoch [7/20], Step[260/483], loss: 0.3609
 Epoch [7/20], Step[270/483], loss: 0.3298
 Epoch [7/20], Step[280/483], loss: 0.5003
 Epoch [7/20], Step[290/483], loss: 0.4258
 Epoch [7/20], Step[300/483], loss: 0.4314
 Epoch [7/20], Step[310/483], loss: 0.5211
 Epoch [7/20], Step[320/483], loss: 0.4069
 Epoch [7/20], Step[330/483], loss: 0.4439
 Epoch [7/20], Step[340/483], loss: 0.3872
 Epoch [7/20], Step[350/483], loss: 0.6641
 Epoch [7/20], Step[360/483], loss: 0.4834
 Epoch [7/20], Step[370/483], loss: 0.3651
 Epoch [7/20], Step[380/483], loss: 0.5080
 Epoch [7/20], Step[390/483], loss: 0.4650
 Epoch [7/20], Step[400/483], loss: 0.4486
 Epoch [7/20], Step[410/483], loss: 0.4663
 Epoch [7/20], Step[420/483], loss: 0.3936
 Epoch [7/20], Step[430/483], loss: 0.4417
 Epoch [7/20], Step[440/483], loss: 0.4680
 Epoch [7/20], Step[450/483], loss: 0.4024
 Epoch [7/20], Step[460/483], loss: 0.6227
 Epoch [7/20], Step[470/483], loss: 0.5147
 Epoch [7/20], Step[480/483], loss: 0.4775
 ====> Epoch 7: Training loss: 218.4829
 Training Accuracy: 0.877909
 ====> Epoch 7: Validation loss: 24.8311
 Validation Accuracy: 0.863833
 Epoch [8/20], Step[0/483], loss: 0.4331
 Epoch [8/20], Step[10/483], loss: 0.3729
 Epoch [8/20], Step[20/483], loss: 0.4475
 Epoch [8/20], Step[30/483], loss: 0.4981
 Epoch [8/20], Step[40/483], loss: 0.4207
 Epoch [8/20], Step[50/483], loss: 0.4216
 Epoch [8/20], Step[60/483], loss: 0.5151
 Epoch [8/20], Step[70/483], loss: 0.3718
 Epoch [8/20], Step[80/483], loss: 0.4522
 Epoch [8/20], Step[90/483], loss: 0.5047
 Epoch [8/20], Step[100/483], loss: 0.3664
 Epoch [8/20], Step[110/483], loss: 0.4291
 Epoch [8/20], Step[120/483], loss: 0.5702
 Epoch [8/20], Step[130/483], loss: 0.3605
 Epoch [8/20], Step[140/483], loss: 0.4525
 Epoch [8/20], Step[150/483], loss: 0.3496
 Epoch [8/20], Step[160/483], loss: 0.4766
 Epoch [8/20], Step[170/483], loss: 0.4600
 Epoch [8/20], Step[180/483], loss: 0.4777
 Epoch [8/20], Step[190/483], loss: 0.5350
 Epoch [8/20], Step[200/483], loss: 0.4150
 Epoch [8/20], Step[210/483], loss: 0.3658
 Epoch [8/20], Step[220/483], loss: 0.4529
 Epoch [8/20], Step[230/483], loss: 0.4201
 Epoch [8/20], Step[240/483], loss: 0.4549
 Epoch [8/20], Step[250/483], loss: 0.5014
 Epoch [8/20], Step[260/483], loss: 0.3911
 Epoch [8/20], Step[270/483], loss: 0.3780
 Epoch [8/20], Step[280/483], loss: 0.4521
 Epoch [8/20], Step[290/483], loss: 0.5549
 Epoch [8/20], Step[300/483], loss: 0.3886
 Epoch [8/20], Step[310/483], loss: 0.3963
 Epoch [8/20], Step[320/483], loss: 0.4648
 Epoch [8/20], Step[330/483], loss: 0.4837
 Epoch [8/20], Step[340/483], loss: 0.3786
 Epoch [8/20], Step[350/483], loss: 0.4305
 Epoch [8/20], Step[360/483], loss: 0.4915
 Epoch [8/20], Step[370/483], loss: 0.4212
 Epoch [8/20], Step[380/483], loss: 0.5390
 Epoch [8/20], Step[390/483], loss: 0.4375
 Epoch [8/20], Step[400/483], loss: 0.4775
 Epoch [8/20], Step[410/483], loss: 0.4257
 Epoch [8/20], Step[420/483], loss: 0.3776
 Epoch [8/20], Step[430/483], loss: 0.4037
 Epoch [8/20], Step[440/483], loss: 0.4652
 Epoch [8/20], Step[450/483], loss: 0.4170
 Epoch [8/20], Step[460/483], loss: 0.5633
 Epoch [8/20], Step[470/483], loss: 0.4440
 Epoch [8/20], Step[480/483], loss: 0.4183
 ====> Epoch 8: Training loss: 212.8236
 Training Accuracy: 0.883623
 ====> Epoch 8: Validation loss: 24.1110
 Validation Accuracy: 0.875500
 Epoch [9/20], Step[0/483], loss: 0.5392
 Epoch [9/20], Step[10/483], loss: 0.3957
 Epoch [9/20], Step[20/483], loss: 0.4120
 Epoch [9/20], Step[30/483], loss: 0.4531
 Epoch [9/20], Step[40/483], loss: 0.4325
 Epoch [9/20], Step[50/483], loss: 0.4308
 Epoch [9/20], Step[60/483], loss: 0.5535
 Epoch [9/20], Step[70/483], loss: 0.3869
 Epoch [9/20], Step[80/483], loss: 0.4411
 Epoch [9/20], Step[90/483], loss: 0.4808
 Epoch [9/20], Step[100/483], loss: 0.5013
 Epoch [9/20], Step[110/483], loss: 0.4301
 Epoch [9/20], Step[120/483], loss: 0.4081
 Epoch [9/20], Step[130/483], loss: 0.4379
 Epoch [9/20], Step[140/483], loss: 0.4587
 Epoch [9/20], Step[150/483], loss: 0.3942
 Epoch [9/20], Step[160/483], loss: 0.5209
 Epoch [9/20], Step[170/483], loss: 0.3980
 Epoch [9/20], Step[180/483], loss: 0.3656
 Epoch [9/20], Step[190/483], loss: 0.4437
 Epoch [9/20], Step[200/483], loss: 0.4040
 Epoch [9/20], Step[210/483], loss: 0.3711
 Epoch [9/20], Step[220/483], loss: 0.4258
 Epoch [9/20], Step[230/483], loss: 0.4192
 Epoch [9/20], Step[240/483], loss: 0.3656
 Epoch [9/20], Step[250/483], loss: 0.3919
 Epoch [9/20], Step[260/483], loss: 0.4094
 Epoch [9/20], Step[270/483], loss: 0.3779
 Epoch [9/20], Step[280/483], loss: 0.4805
 Epoch [9/20], Step[290/483], loss: 0.4295
 Epoch [9/20], Step[300/483], loss: 0.4379
 Epoch [9/20], Step[310/483], loss: 0.4226
 Epoch [9/20], Step[320/483], loss: 0.4000
 Epoch [9/20], Step[330/483], loss: 0.4951
 Epoch [9/20], Step[340/483], loss: 0.3694
 Epoch [9/20], Step[350/483], loss: 0.4279
 Epoch [9/20], Step[360/483], loss: 0.4511
 Epoch [9/20], Step[370/483], loss: 0.4804
 Epoch [9/20], Step[380/483], loss: 0.4062
 Epoch [9/20], Step[390/483], loss: 0.5098
 Epoch [9/20], Step[400/483], loss: 0.4336
 Epoch [9/20], Step[410/483], loss: 0.3964
 Epoch [9/20], Step[420/483], loss: 0.4210
 Epoch [9/20], Step[430/483], loss: 0.4029
 Epoch [9/20], Step[440/483], loss: 0.4798
 Epoch [9/20], Step[450/483], loss: 0.4038
 Epoch [9/20], Step[460/483], loss: 0.4572
 Epoch [9/20], Step[470/483], loss: 0.4915
 Epoch [9/20], Step[480/483], loss: 0.4680
 ====> Epoch 9: Training loss: 210.2995
 Training Accuracy: 0.892112
 ====> Epoch 9: Validation loss: 24.2626
 Validation Accuracy: 0.894833
 Epoch [10/20], Step[0/483], loss: 0.3918
 Epoch [10/20], Step[10/483], loss: 0.4038
 Epoch [10/20], Step[20/483], loss: 0.4090
 Epoch [10/20], Step[30/483], loss: 0.4007
 Epoch [10/20], Step[40/483], loss: 0.5073
 Epoch [10/20], Step[50/483], loss: 0.3926
 Epoch [10/20], Step[60/483], loss: 0.3947
 Epoch [10/20], Step[70/483], loss: 0.2957
 Epoch [10/20], Step[80/483], loss: 0.4740
 Epoch [10/20], Step[90/483], loss: 0.4337
 Epoch [10/20], Step[100/483], loss: 0.5571
 Epoch [10/20], Step[110/483], loss: 0.4378
 Epoch [10/20], Step[120/483], loss: 0.4611
 Epoch [10/20], Step[130/483], loss: 0.3438
 Epoch [10/20], Step[140/483], loss: 0.5536
 Epoch [10/20], Step[150/483], loss: 0.3925
 Epoch [10/20], Step[160/483], loss: 0.4528
 Epoch [10/20], Step[170/483], loss: 0.4822
 Epoch [10/20], Step[180/483], loss: 0.3630
 Epoch [10/20], Step[190/483], loss: 0.3914
 Epoch [10/20], Step[200/483], loss: 0.4334
 Epoch [10/20], Step[210/483], loss: 0.3212
 Epoch [10/20], Step[220/483], loss: 0.4810
 Epoch [10/20], Step[230/483], loss: 0.4622
 Epoch [10/20], Step[240/483], loss: 0.4039
 Epoch [10/20], Step[250/483], loss: 0.4260
 Epoch [10/20], Step[260/483], loss: 0.4184
 Epoch [10/20], Step[270/483], loss: 0.3461
 Epoch [10/20], Step[280/483], loss: 0.4470
 Epoch [10/20], Step[290/483], loss: 0.4600
 Epoch [10/20], Step[300/483], loss: 0.5243
 Epoch [10/20], Step[310/483], loss: 0.4567
 Epoch [10/20], Step[320/483], loss: 0.4381
 Epoch [10/20], Step[330/483], loss: 0.4876
 Epoch [10/20], Step[340/483], loss: 0.3568
 Epoch [10/20], Step[350/483], loss: 0.4674
 Epoch [10/20], Step[360/483], loss: 0.4713
 Epoch [10/20], Step[370/483], loss: 0.4548
 Epoch [10/20], Step[380/483], loss: 0.4451
 Epoch [10/20], Step[390/483], loss: 0.3905
 Epoch [10/20], Step[400/483], loss: 0.3874
 Epoch [10/20], Step[410/483], loss: 0.4149
 Epoch [10/20], Step[420/483], loss: 0.3668
 Epoch [10/20], Step[430/483], loss: 0.3584
 Epoch [10/20], Step[440/483], loss: 0.4201
 Epoch [10/20], Step[450/483], loss: 0.3736
 Epoch [10/20], Step[460/483], loss: 0.5439
 Epoch [10/20], Step[470/483], loss: 0.5122
 Epoch [10/20], Step[480/483], loss: 0.4407
 ====> Epoch 10: Training loss: 205.2608
 Training Accuracy: 0.903023
 ====> Epoch 10: Validation loss: 24.2430
 Validation Accuracy: 0.921000
 Epoch [11/20], Step[0/483], loss: 0.4686
 Epoch [11/20], Step[10/483], loss: 0.4316
 Epoch [11/20], Step[20/483], loss: 0.3630
 Epoch [11/20], Step[30/483], loss: 0.3976
 Epoch [11/20], Step[40/483], loss: 0.3832
 Epoch [11/20], Step[50/483], loss: 0.4055
 Epoch [11/20], Step[60/483], loss: 0.4473
 Epoch [11/20], Step[70/483], loss: 0.3358
 Epoch [11/20], Step[80/483], loss: 0.4219
 Epoch [11/20], Step[90/483], loss: 0.4057
 Epoch [11/20], Step[100/483], loss: 0.3898
 Epoch [11/20], Step[110/483], loss: 0.4402
 Epoch [11/20], Step[120/483], loss: 0.4564
 Epoch [11/20], Step[130/483], loss: 0.3914
 Epoch [11/20], Step[140/483], loss: 0.4772
 Epoch [11/20], Step[150/483], loss: 0.4954
 Epoch [11/20], Step[160/483], loss: 0.4795
 Epoch [11/20], Step[170/483], loss: 0.5344
 Epoch [11/20], Step[180/483], loss: 0.4525
 Epoch [11/20], Step[190/483], loss: 0.4134
 Epoch [11/20], Step[200/483], loss: 0.4110
 Epoch [11/20], Step[210/483], loss: 0.3483
 Epoch [11/20], Step[220/483], loss: 0.5348
 Epoch [11/20], Step[230/483], loss: 0.4238
 Epoch [11/20], Step[240/483], loss: 0.4638
 Epoch [11/20], Step[250/483], loss: 0.4193
 Epoch [11/20], Step[260/483], loss: 0.4257
 Epoch [11/20], Step[270/483], loss: 0.3932
 Epoch [11/20], Step[280/483], loss: 0.4564
 Epoch [11/20], Step[290/483], loss: 0.5003
 Epoch [11/20], Step[300/483], loss: 0.3537
 Epoch [11/20], Step[310/483], loss: 0.3234
 Epoch [11/20], Step[320/483], loss: 0.3738
 Epoch [11/20], Step[330/483], loss: 0.4606
 Epoch [11/20], Step[340/483], loss: 0.3801
 Epoch [11/20], Step[350/483], loss: 0.4631
 Epoch [11/20], Step[360/483], loss: 0.4320
 Epoch [11/20], Step[370/483], loss: 0.4118
 Epoch [11/20], Step[380/483], loss: 0.4674
 Epoch [11/20], Step[390/483], loss: 0.4287
 Epoch [11/20], Step[400/483], loss: 0.4270
 Epoch [11/20], Step[410/483], loss: 0.3917
 Epoch [11/20], Step[420/483], loss: 0.3659
 Epoch [11/20], Step[430/483], loss: 0.4095
 Epoch [11/20], Step[440/483], loss: 0.4674
 Epoch [11/20], Step[450/483], loss: 0.4305
 Epoch [11/20], Step[460/483], loss: 0.4836
 Epoch [11/20], Step[470/483], loss: 0.4921
 Epoch [11/20], Step[480/483], loss: 0.3980
 ====> Epoch 11: Training loss: 208.6440
 Training Accuracy: 0.914348
 ====> Epoch 11: Validation loss: 24.0346
 Validation Accuracy: 0.915667
 Epoch [12/20], Step[0/483], loss: 0.4869
 Epoch [12/20], Step[10/483], loss: 0.4050
 Epoch [12/20], Step[20/483], loss: 0.3714
 Epoch [12/20], Step[30/483], loss: 0.4675
 Epoch [12/20], Step[40/483], loss: 0.3761
 Epoch [12/20], Step[50/483], loss: 0.4327
 Epoch [12/20], Step[60/483], loss: 0.3921
 Epoch [12/20], Step[70/483], loss: 0.3733
 Epoch [12/20], Step[80/483], loss: 0.4405
 Epoch [12/20], Step[90/483], loss: 0.3786
 Epoch [12/20], Step[100/483], loss: 0.4578
 Epoch [12/20], Step[110/483], loss: 0.3967
 Epoch [12/20], Step[120/483], loss: 0.4248
 Epoch [12/20], Step[130/483], loss: 0.3413
 Epoch [12/20], Step[140/483], loss: 0.4619
 Epoch [12/20], Step[150/483], loss: 0.4143
 Epoch [12/20], Step[160/483], loss: 0.4566
 Epoch [12/20], Step[170/483], loss: 0.4400
 Epoch [12/20], Step[180/483], loss: 0.3744
 Epoch [12/20], Step[190/483], loss: 0.5291
 Epoch [12/20], Step[200/483], loss: 0.4016
 Epoch [12/20], Step[210/483], loss: 0.4510
 Epoch [12/20], Step[220/483], loss: 0.4302
 Epoch [12/20], Step[230/483], loss: 0.4699
 Epoch [12/20], Step[240/483], loss: 0.3979
 Epoch [12/20], Step[250/483], loss: 0.4664
 Epoch [12/20], Step[260/483], loss: 0.3735
 Epoch [12/20], Step[270/483], loss: 0.4448
 Epoch [12/20], Step[280/483], loss: 0.5690
 Epoch [12/20], Step[290/483], loss: 0.5364
 Epoch [12/20], Step[300/483], loss: 0.3601
 Epoch [12/20], Step[310/483], loss: 0.4385
 Epoch [12/20], Step[320/483], loss: 0.3196
 Epoch [12/20], Step[330/483], loss: 0.4424
 Epoch [12/20], Step[340/483], loss: 0.3867
 Epoch [12/20], Step[350/483], loss: 0.4854
 Epoch [12/20], Step[360/483], loss: 0.3592
 Epoch [12/20], Step[370/483], loss: 0.4247
 Epoch [12/20], Step[380/483], loss: 0.4212
 Epoch [12/20], Step[390/483], loss: 0.3881
 Epoch [12/20], Step[400/483], loss: 0.4190
 Epoch [12/20], Step[410/483], loss: 0.4563
 Epoch [12/20], Step[420/483], loss: 0.4241
 Epoch [12/20], Step[430/483], loss: 0.3242
 Epoch [12/20], Step[440/483], loss: 0.4058
 Epoch [12/20], Step[450/483], loss: 0.3664
 Epoch [12/20], Step[460/483], loss: 0.5150
 Epoch [12/20], Step[470/483], loss: 0.4189
 Epoch [12/20], Step[480/483], loss: 0.5211
 ====> Epoch 12: Training loss: 204.3872
 Training Accuracy: 0.909524
 ====> Epoch 12: Validation loss: 23.9628
 Validation Accuracy: 0.911500
 Epoch [13/20], Step[0/483], loss: 0.4546
 Epoch [13/20], Step[10/483], loss: 0.3578
 Epoch [13/20], Step[20/483], loss: 0.4671
 Epoch [13/20], Step[30/483], loss: 0.4258
 Epoch [13/20], Step[40/483], loss: 0.3271
 Epoch [13/20], Step[50/483], loss: 0.3795
 Epoch [13/20], Step[60/483], loss: 0.4024
 Epoch [13/20], Step[70/483], loss: 0.2987
 Epoch [13/20], Step[80/483], loss: 0.4427
 Epoch [13/20], Step[90/483], loss: 0.3881
 Epoch [13/20], Step[100/483], loss: 0.4818
 Epoch [13/20], Step[110/483], loss: 0.4459
 Epoch [13/20], Step[120/483], loss: 0.3968
 Epoch [13/20], Step[130/483], loss: 0.3487
 Epoch [13/20], Step[140/483], loss: 0.3829
 Epoch [13/20], Step[150/483], loss: 0.5403
 Epoch [13/20], Step[160/483], loss: 0.4347
 Epoch [13/20], Step[170/483], loss: 0.3532
 Epoch [13/20], Step[180/483], loss: 0.2963
 Epoch [13/20], Step[190/483], loss: 0.4638
 Epoch [13/20], Step[200/483], loss: 0.4154
 Epoch [13/20], Step[210/483], loss: 0.2880
 Epoch [13/20], Step[220/483], loss: 0.4650
 Epoch [13/20], Step[230/483], loss: 0.4706
 Epoch [13/20], Step[240/483], loss: 0.3923
 Epoch [13/20], Step[250/483], loss: 0.3967
 Epoch [13/20], Step[260/483], loss: 0.4130
 Epoch [13/20], Step[270/483], loss: 0.4304
 Epoch [13/20], Step[280/483], loss: 0.4071
 Epoch [13/20], Step[290/483], loss: 0.4206
 Epoch [13/20], Step[300/483], loss: 0.4968
 Epoch [13/20], Step[310/483], loss: 0.4107
 Epoch [13/20], Step[320/483], loss: 0.4266
 Epoch [13/20], Step[330/483], loss: 0.4857
 Epoch [13/20], Step[340/483], loss: 0.3639
 Epoch [13/20], Step[350/483], loss: 0.4045
 Epoch [13/20], Step[360/483], loss: 0.4103
 Epoch [13/20], Step[370/483], loss: 0.4123
 Epoch [13/20], Step[380/483], loss: 0.4670
 Epoch [13/20], Step[390/483], loss: 0.4534
 Epoch [13/20], Step[400/483], loss: 0.6337
 Epoch [13/20], Step[410/483], loss: 0.4084
 Epoch [13/20], Step[420/483], loss: 0.3772
 Epoch [13/20], Step[430/483], loss: 0.3696
 Epoch [13/20], Step[440/483], loss: 0.4575
 Epoch [13/20], Step[450/483], loss: 0.3959
 Epoch [13/20], Step[460/483], loss: 0.5120
 Epoch [13/20], Step[470/483], loss: 0.4449
 Epoch [13/20], Step[480/483], loss: 0.3782
 ====> Epoch 13: Training loss: 205.2380
 Training Accuracy: 0.916418
 ====> Epoch 13: Validation loss: 23.4956
 Validation Accuracy: 0.902333
 Epoch [14/20], Step[0/483], loss: 0.3836
 Epoch [14/20], Step[10/483], loss: 0.3730
 Epoch [14/20], Step[20/483], loss: 0.4691
 Epoch [14/20], Step[30/483], loss: 0.3969
 Epoch [14/20], Step[40/483], loss: 0.5246
 Epoch [14/20], Step[50/483], loss: 0.4141
 Epoch [14/20], Step[60/483], loss: 0.4539
 Epoch [14/20], Step[70/483], loss: 0.4646
 Epoch [14/20], Step[80/483], loss: 0.4339
 Epoch [14/20], Step[90/483], loss: 0.4311
 Epoch [14/20], Step[100/483], loss: 0.3890
 Epoch [14/20], Step[110/483], loss: 0.4049
 Epoch [14/20], Step[120/483], loss: 0.5793
 Epoch [14/20], Step[130/483], loss: 0.3731
 Epoch [14/20], Step[140/483], loss: 0.4196
 Epoch [14/20], Step[150/483], loss: 0.4281
 Epoch [14/20], Step[160/483], loss: 0.4305
 Epoch [14/20], Step[170/483], loss: 0.3903
 Epoch [14/20], Step[180/483], loss: 0.4135
 Epoch [14/20], Step[190/483], loss: 0.4983
 Epoch [14/20], Step[200/483], loss: 0.4091
 Epoch [14/20], Step[210/483], loss: 0.2952
 Epoch [14/20], Step[220/483], loss: 0.4965
 Epoch [14/20], Step[230/483], loss: 0.4464
 Epoch [14/20], Step[240/483], loss: 0.3499
 Epoch [14/20], Step[250/483], loss: 0.3598
 Epoch [14/20], Step[260/483], loss: 0.3555
 Epoch [14/20], Step[270/483], loss: 0.3730
 Epoch [14/20], Step[280/483], loss: 0.4652
 Epoch [14/20], Step[290/483], loss: 0.4397
 Epoch [14/20], Step[300/483], loss: 0.4081
 Epoch [14/20], Step[310/483], loss: 0.5265
 Epoch [14/20], Step[320/483], loss: 0.4379
 Epoch [14/20], Step[330/483], loss: 0.4456
 Epoch [14/20], Step[340/483], loss: 0.2917
 Epoch [14/20], Step[350/483], loss: 0.4373
 Epoch [14/20], Step[360/483], loss: 0.4280
 Epoch [14/20], Step[370/483], loss: 0.3739
 Epoch [14/20], Step[380/483], loss: 0.4816
 Epoch [14/20], Step[390/483], loss: 0.6129
 Epoch [14/20], Step[400/483], loss: 0.4176
 Epoch [14/20], Step[410/483], loss: 0.3659
 Epoch [14/20], Step[420/483], loss: 0.3715
 Epoch [14/20], Step[430/483], loss: 0.3866
 Epoch [14/20], Step[440/483], loss: 0.3663
 Epoch [14/20], Step[450/483], loss: 0.4378
 Epoch [14/20], Step[460/483], loss: 0.4233
 Epoch [14/20], Step[470/483], loss: 0.4195
 Epoch [14/20], Step[480/483], loss: 0.3476
 ====> Epoch 14: Training loss: 201.0102
 Training Accuracy: 0.914783
 ====> Epoch 14: Validation loss: 23.0796
 Validation Accuracy: 0.885333
 Epoch [15/20], Step[0/483], loss: 0.3436
 Epoch [15/20], Step[10/483], loss: 0.4224
 Epoch [15/20], Step[20/483], loss: 0.4174
 Epoch [15/20], Step[30/483], loss: 0.3667
 Epoch [15/20], Step[40/483], loss: 0.3581
 Epoch [15/20], Step[50/483], loss: 0.4167
 Epoch [15/20], Step[60/483], loss: 0.5044
 Epoch [15/20], Step[70/483], loss: 0.3298
 Epoch [15/20], Step[80/483], loss: 0.5040
 Epoch [15/20], Step[90/483], loss: 0.3831
 Epoch [15/20], Step[100/483], loss: 0.3280
 Epoch [15/20], Step[110/483], loss: 0.5030
 Epoch [15/20], Step[120/483], loss: 0.5436
 Epoch [15/20], Step[130/483], loss: 0.4038
 Epoch [15/20], Step[140/483], loss: 0.5441
 Epoch [15/20], Step[150/483], loss: 0.3674
 Epoch [15/20], Step[160/483], loss: 0.3847
 Epoch [15/20], Step[170/483], loss: 0.3517
 Epoch [15/20], Step[180/483], loss: 0.3442
 Epoch [15/20], Step[190/483], loss: 0.3471
 Epoch [15/20], Step[200/483], loss: 0.3458
 Epoch [15/20], Step[210/483], loss: 0.3012
 Epoch [15/20], Step[220/483], loss: 0.4086
 Epoch [15/20], Step[230/483], loss: 0.3902
 Epoch [15/20], Step[240/483], loss: 0.4732
 Epoch [15/20], Step[250/483], loss: 0.4055
 Epoch [15/20], Step[260/483], loss: 0.3307
 Epoch [15/20], Step[270/483], loss: 0.2816
 Epoch [15/20], Step[280/483], loss: 0.4213
 Epoch [15/20], Step[290/483], loss: 0.4303
 Epoch [15/20], Step[300/483], loss: 0.4394
 Epoch [15/20], Step[310/483], loss: 0.4442
 Epoch [15/20], Step[320/483], loss: 0.3301
 Epoch [15/20], Step[330/483], loss: 0.5195
 Epoch [15/20], Step[340/483], loss: 0.3433
 Epoch [15/20], Step[350/483], loss: 0.3710
 Epoch [15/20], Step[360/483], loss: 0.3923
 Epoch [15/20], Step[370/483], loss: 0.4323
 Epoch [15/20], Step[380/483], loss: 0.3971
 Epoch [15/20], Step[390/483], loss: 0.4608
 Epoch [15/20], Step[400/483], loss: 0.3741
 Epoch [15/20], Step[410/483], loss: 0.3929
 Epoch [15/20], Step[420/483], loss: 0.3448
 Epoch [15/20], Step[430/483], loss: 0.3758
 Epoch [15/20], Step[440/483], loss: 0.3641
 Epoch [15/20], Step[450/483], loss: 0.3812
 Epoch [15/20], Step[460/483], loss: 0.4542
 Epoch [15/20], Step[470/483], loss: 0.3730
 Epoch [15/20], Step[480/483], loss: 0.4705
 ====> Epoch 15: Training loss: 197.7930
 Training Accuracy: 0.909275
 ====> Epoch 15: Validation loss: 22.3007
 Validation Accuracy: 0.899167
 Epoch [16/20], Step[0/483], loss: 0.4347
 Epoch [16/20], Step[10/483], loss: 0.3683
 Epoch [16/20], Step[20/483], loss: 0.4781
 Epoch [16/20], Step[30/483], loss: 0.3677
 Epoch [16/20], Step[40/483], loss: 0.4135
 Epoch [16/20], Step[50/483], loss: 0.4529
 Epoch [16/20], Step[60/483], loss: 0.4033
 Epoch [16/20], Step[70/483], loss: 0.3691
 Epoch [16/20], Step[80/483], loss: 0.4433
 Epoch [16/20], Step[90/483], loss: 0.4681
 Epoch [16/20], Step[100/483], loss: 0.3963
 Epoch [16/20], Step[110/483], loss: 0.4179
 Epoch [16/20], Step[120/483], loss: 0.5281
 Epoch [16/20], Step[130/483], loss: 0.3299
 Epoch [16/20], Step[140/483], loss: 0.4768
 Epoch [16/20], Step[150/483], loss: 0.3207
 Epoch [16/20], Step[160/483], loss: 0.4255
 Epoch [16/20], Step[170/483], loss: 0.4056
 Epoch [16/20], Step[180/483], loss: 0.3652
 Epoch [16/20], Step[190/483], loss: 0.4424
 Epoch [16/20], Step[200/483], loss: 0.3161
 Epoch [16/20], Step[210/483], loss: 0.3122
 Epoch [16/20], Step[220/483], loss: 0.4334
 Epoch [16/20], Step[230/483], loss: 0.4286
 Epoch [16/20], Step[240/483], loss: 0.3862
 Epoch [16/20], Step[250/483], loss: 0.3497
 Epoch [16/20], Step[260/483], loss: 0.3282
 Epoch [16/20], Step[270/483], loss: 0.3751
 Epoch [16/20], Step[280/483], loss: 0.4408
 Epoch [16/20], Step[290/483], loss: 0.4436
 Epoch [16/20], Step[300/483], loss: 0.3735
 Epoch [16/20], Step[310/483], loss: 0.7151
 Epoch [16/20], Step[320/483], loss: 0.3298
 Epoch [16/20], Step[330/483], loss: 0.4286
 Epoch [16/20], Step[340/483], loss: 0.3442
 Epoch [16/20], Step[350/483], loss: 0.4426
 Epoch [16/20], Step[360/483], loss: 0.3666
 Epoch [16/20], Step[370/483], loss: 0.3910
 Epoch [16/20], Step[380/483], loss: 0.4655
 Epoch [16/20], Step[390/483], loss: 0.4355
 Epoch [16/20], Step[400/483], loss: 0.4256
 Epoch [16/20], Step[410/483], loss: 0.3481
 Epoch [16/20], Step[420/483], loss: 0.3885
 Epoch [16/20], Step[430/483], loss: 0.3638
 Epoch [16/20], Step[440/483], loss: 0.3923
 Epoch [16/20], Step[450/483], loss: 0.3747
 Epoch [16/20], Step[460/483], loss: 0.5244
 Epoch [16/20], Step[470/483], loss: 0.3752
 Epoch [16/20], Step[480/483], loss: 0.3990
 ====> Epoch 16: Training loss: 197.2090
 Training Accuracy: 0.916542
 ====> Epoch 16: Validation loss: 22.9297
 Validation Accuracy: 0.928333
 Epoch [17/20], Step[0/483], loss: 0.3942
 Epoch [17/20], Step[10/483], loss: 0.4140
 Epoch [17/20], Step[20/483], loss: 0.3783
 Epoch [17/20], Step[30/483], loss: 0.3730
 Epoch [17/20], Step[40/483], loss: 0.3515
 Epoch [17/20], Step[50/483], loss: 0.3816
 Epoch [17/20], Step[60/483], loss: 0.5230
 Epoch [17/20], Step[70/483], loss: 0.2740
 Epoch [17/20], Step[80/483], loss: 0.4800
 Epoch [17/20], Step[90/483], loss: 0.4249
 Epoch [17/20], Step[100/483], loss: 0.4596
 Epoch [17/20], Step[110/483], loss: 0.3912
 Epoch [17/20], Step[120/483], loss: 0.4173
 Epoch [17/20], Step[130/483], loss: 0.3467
 Epoch [17/20], Step[140/483], loss: 0.3461
 Epoch [17/20], Step[150/483], loss: 0.3770
 Epoch [17/20], Step[160/483], loss: 0.4390
 Epoch [17/20], Step[170/483], loss: 0.3586
 Epoch [17/20], Step[180/483], loss: 0.2879
 Epoch [17/20], Step[190/483], loss: 0.3985
 Epoch [17/20], Step[200/483], loss: 0.4680
 Epoch [17/20], Step[210/483], loss: 0.3218
 Epoch [17/20], Step[220/483], loss: 0.4633
 Epoch [17/20], Step[230/483], loss: 0.4172
 Epoch [17/20], Step[240/483], loss: 0.4123
 Epoch [17/20], Step[250/483], loss: 0.5648
 Epoch [17/20], Step[260/483], loss: 0.4253
 Epoch [17/20], Step[270/483], loss: 0.4579
 Epoch [17/20], Step[280/483], loss: 0.4163
 Epoch [17/20], Step[290/483], loss: 0.3948
 Epoch [17/20], Step[300/483], loss: 0.5279
 Epoch [17/20], Step[310/483], loss: 0.3928
 Epoch [17/20], Step[320/483], loss: 0.3355
 Epoch [17/20], Step[330/483], loss: 0.4717
 Epoch [17/20], Step[340/483], loss: 0.2754
 Epoch [17/20], Step[350/483], loss: 0.4902
 Epoch [17/20], Step[360/483], loss: 0.5714
 Epoch [17/20], Step[370/483], loss: 0.4213
 Epoch [17/20], Step[380/483], loss: 0.4954
 Epoch [17/20], Step[390/483], loss: 0.4633
 Epoch [17/20], Step[400/483], loss: 0.5247
 Epoch [17/20], Step[410/483], loss: 0.3462
 Epoch [17/20], Step[420/483], loss: 0.4210
 Epoch [17/20], Step[430/483], loss: 0.3362
 Epoch [17/20], Step[440/483], loss: 0.3958
 Epoch [17/20], Step[450/483], loss: 0.3963
 Epoch [17/20], Step[460/483], loss: 0.3777
 Epoch [17/20], Step[470/483], loss: 0.4020
 Epoch [17/20], Step[480/483], loss: 0.3759
 ====> Epoch 17: Training loss: 197.0616
 Training Accuracy: 0.922712
 ====> Epoch 17: Validation loss: 22.2462
 Validation Accuracy: 0.913833
 Epoch [18/20], Step[0/483], loss: 0.3920
 Epoch [18/20], Step[10/483], loss: 0.3726
 Epoch [18/20], Step[20/483], loss: 0.4184
 Epoch [18/20], Step[30/483], loss: 0.3554
 Epoch [18/20], Step[40/483], loss: 0.4081
 Epoch [18/20], Step[50/483], loss: 0.3735
 Epoch [18/20], Step[60/483], loss: 0.3671
 Epoch [18/20], Step[70/483], loss: 0.3433
 Epoch [18/20], Step[80/483], loss: 0.5257
 Epoch [18/20], Step[90/483], loss: 0.4854
 Epoch [18/20], Step[100/483], loss: 0.3644
 Epoch [18/20], Step[110/483], loss: 0.3617
 Epoch [18/20], Step[120/483], loss: 0.4461
 Epoch [18/20], Step[130/483], loss: 0.2757
 Epoch [18/20], Step[140/483], loss: 0.4141
 Epoch [18/20], Step[150/483], loss: 0.4455
 Epoch [18/20], Step[160/483], loss: 0.3882
 Epoch [18/20], Step[170/483], loss: 0.3293
 Epoch [18/20], Step[180/483], loss: 0.3936
 Epoch [18/20], Step[190/483], loss: 0.4248
 Epoch [18/20], Step[200/483], loss: 0.3741
 Epoch [18/20], Step[210/483], loss: 0.3440
 Epoch [18/20], Step[220/483], loss: 0.4822
 Epoch [18/20], Step[230/483], loss: 0.3971
 Epoch [18/20], Step[240/483], loss: 0.4129
 Epoch [18/20], Step[250/483], loss: 0.3310
 Epoch [18/20], Step[260/483], loss: 0.4005
 Epoch [18/20], Step[270/483], loss: 0.3486
 Epoch [18/20], Step[280/483], loss: 0.4762
 Epoch [18/20], Step[290/483], loss: 0.4523
 Epoch [18/20], Step[300/483], loss: 0.4897
 Epoch [18/20], Step[310/483], loss: 0.5411
 Epoch [18/20], Step[320/483], loss: 0.3378
 Epoch [18/20], Step[330/483], loss: 0.3973
 Epoch [18/20], Step[340/483], loss: 0.3228
 Epoch [18/20], Step[350/483], loss: 0.4731
 Epoch [18/20], Step[360/483], loss: 0.3842
 Epoch [18/20], Step[370/483], loss: 0.4292
 Epoch [18/20], Step[380/483], loss: 0.4505
 Epoch [18/20], Step[390/483], loss: 0.4460
 Epoch [18/20], Step[400/483], loss: 0.3441
 Epoch [18/20], Step[410/483], loss: 0.3733
 Epoch [18/20], Step[420/483], loss: 0.3751
 Epoch [18/20], Step[430/483], loss: 0.4220
 Epoch [18/20], Step[440/483], loss: 0.4473
 Epoch [18/20], Step[450/483], loss: 0.3376
 Epoch [18/20], Step[460/483], loss: 0.4671
 Epoch [18/20], Step[470/483], loss: 0.3957
 Epoch [18/20], Step[480/483], loss: 0.3602
 ====> Epoch 18: Training loss: 195.2405
 Training Accuracy: 0.923499
 ====> Epoch 18: Validation loss: 21.4625
 Validation Accuracy: 0.916833
 Epoch [19/20], Step[0/483], loss: 0.4125
 Epoch [19/20], Step[10/483], loss: 0.3604
 Epoch [19/20], Step[20/483], loss: 0.3971
 Epoch [19/20], Step[30/483], loss: 0.4049
 Epoch [19/20], Step[40/483], loss: 0.4131
 Epoch [19/20], Step[50/483], loss: 0.4139
 Epoch [19/20], Step[60/483], loss: 0.4218
 Epoch [19/20], Step[70/483], loss: 0.4045
 Epoch [19/20], Step[80/483], loss: 0.4405
 Epoch [19/20], Step[90/483], loss: 0.3980
 Epoch [19/20], Step[100/483], loss: 0.3907
 Epoch [19/20], Step[110/483], loss: 0.3610
 Epoch [19/20], Step[120/483], loss: 0.4271
 Epoch [19/20], Step[130/483], loss: 0.2774
 Epoch [19/20], Step[140/483], loss: 0.5543
 Epoch [19/20], Step[150/483], loss: 0.3532
 Epoch [19/20], Step[160/483], loss: 0.3576
 Epoch [19/20], Step[170/483], loss: 0.3583
 Epoch [19/20], Step[180/483], loss: 0.3647
 Epoch [19/20], Step[190/483], loss: 0.4630
 Epoch [19/20], Step[200/483], loss: 0.3454
 Epoch [19/20], Step[210/483], loss: 0.3592
 Epoch [19/20], Step[220/483], loss: 0.4489
 Epoch [19/20], Step[230/483], loss: 0.4421
 Epoch [19/20], Step[240/483], loss: 0.3869
 Epoch [19/20], Step[250/483], loss: 0.4820
 Epoch [19/20], Step[260/483], loss: 0.4147
 Epoch [19/20], Step[270/483], loss: 0.4272
 Epoch [19/20], Step[280/483], loss: 0.4246
 Epoch [19/20], Step[290/483], loss: 0.4768
 Epoch [19/20], Step[300/483], loss: 0.3286
 Epoch [19/20], Step[310/483], loss: 0.3437
 Epoch [19/20], Step[320/483], loss: 0.3424
 Epoch [19/20], Step[330/483], loss: 0.4574
 Epoch [19/20], Step[340/483], loss: 0.2912
 Epoch [19/20], Step[350/483], loss: 0.3975
 Epoch [19/20], Step[360/483], loss: 0.4213
 Epoch [19/20], Step[370/483], loss: 0.4389
 Epoch [19/20], Step[380/483], loss: 0.4291
 Epoch [19/20], Step[390/483], loss: 0.4723
 Epoch [19/20], Step[400/483], loss: 0.3754
 Epoch [19/20], Step[410/483], loss: 0.3781
 Epoch [19/20], Step[420/483], loss: 0.3428
 Epoch [19/20], Step[430/483], loss: 0.3521
 Epoch [19/20], Step[440/483], loss: 0.3610
 Epoch [19/20], Step[450/483], loss: 0.3021
 Epoch [19/20], Step[460/483], loss: 0.4353
 Epoch [19/20], Step[470/483], loss: 0.4050
 Epoch [19/20], Step[480/483], loss: 0.4706
 ====> Epoch 19: Training loss: 193.8090
 Training Accuracy: 0.915176
 ====> Epoch 19: Validation loss: 21.8727
 Validation Accuracy: 0.916667
 Epoch [20/20], Step[0/483], loss: 0.2855
 Epoch [20/20], Step[10/483], loss: 0.4261
 Epoch [20/20], Step[20/483], loss: 0.3738
 Epoch [20/20], Step[30/483], loss: 0.3426
 Epoch [20/20], Step[40/483], loss: 0.3644
 Epoch [20/20], Step[50/483], loss: 0.4619
 Epoch [20/20], Step[60/483], loss: 0.4555
 Epoch [20/20], Step[70/483], loss: 0.4320
 Epoch [20/20], Step[80/483], loss: 0.4128
 Epoch [20/20], Step[90/483], loss: 0.3828
 Epoch [20/20], Step[100/483], loss: 0.4215
 Epoch [20/20], Step[110/483], loss: 0.4152
 Epoch [20/20], Step[120/483], loss: 0.3715
 Epoch [20/20], Step[130/483], loss: 0.2947
 Epoch [20/20], Step[140/483], loss: 0.3738
 Epoch [20/20], Step[150/483], loss: 0.3019
 Epoch [20/20], Step[160/483], loss: 0.4218
 Epoch [20/20], Step[170/483], loss: 0.4904
 Epoch [20/20], Step[180/483], loss: 0.3767
 Epoch [20/20], Step[190/483], loss: 0.3831
 Epoch [20/20], Step[200/483], loss: 0.4589
 Epoch [20/20], Step[210/483], loss: 0.3616
 Epoch [20/20], Step[220/483], loss: 0.5118
 Epoch [20/20], Step[230/483], loss: 0.4628
 Epoch [20/20], Step[240/483], loss: 0.3979
 Epoch [20/20], Step[250/483], loss: 0.3994
 Epoch [20/20], Step[260/483], loss: 0.3652
 Epoch [20/20], Step[270/483], loss: 0.3768
 Epoch [20/20], Step[280/483], loss: 0.4186
 Epoch [20/20], Step[290/483], loss: 0.4227
 Epoch [20/20], Step[300/483], loss: 0.4188
 Epoch [20/20], Step[310/483], loss: 0.4904
 Epoch [20/20], Step[320/483], loss: 0.3121
 Epoch [20/20], Step[330/483], loss: 0.4659
 Epoch [20/20], Step[340/483], loss: 0.3471
 Epoch [20/20], Step[350/483], loss: 0.4327
 Epoch [20/20], Step[360/483], loss: 0.3484
 Epoch [20/20], Step[370/483], loss: 0.3937
 Epoch [20/20], Step[380/483], loss: 0.4231
 Epoch [20/20], Step[390/483], loss: 0.4854
 Epoch [20/20], Step[400/483], loss: 0.4776
 Epoch [20/20], Step[410/483], loss: 0.3709
 Epoch [20/20], Step[420/483], loss: 0.3469
 Epoch [20/20], Step[430/483], loss: 0.4499
 Epoch [20/20], Step[440/483], loss: 0.4548
 Epoch [20/20], Step[450/483], loss: 0.4173
 Epoch [20/20], Step[460/483], loss: 0.3894
 Epoch [20/20], Step[470/483], loss: 0.4208
 Epoch [20/20], Step[480/483], loss: 0.3806
 ====> Epoch 20: Training loss: 190.1986
 Training Accuracy: 0.927785
 ====> Epoch 20: Validation loss: 21.9892
 Validation Accuracy: 0.914500
 Saved model to models/l0213.pth
