 Loading feature files...
 <s> = 1
 </s> = 2
 All scenes loaded.
 Hyperparameters:Namespace(LR=0.01, alternatives=1, batch_size=100, dec='LSTM', dropout=0.3, epochs=40, hidden_sz=50, load=None, log_interval=10, model='l0', no_cuda=False, save=None, seed=1)
 Listener0: Listener0Model(
  (scene_encoder): LinearSceneEncoder(
    (fc): Linear(in_features=280, out_features=50)
  )
  (string_encoder): LinearStringEncoder(
    (fc): Linear(in_features=1063, out_features=50)
  )
  (scorer): MLPScorer(
    (dropout): Dropout(p=0.3)
    (linear_4): Linear(in_features=50, out_features=50)
    (linear_5): Linear(in_features=50, out_features=50)
    (linear_3): Linear(in_features=50, out_features=1)
  )
)
 Training Listener0...
 Epoch [1/40], Step[0/483], loss: 0.6901
 Epoch [1/40], Step[10/483], loss: 0.6468
 Epoch [1/40], Step[20/483], loss: 0.6478
 Epoch [1/40], Step[30/483], loss: 0.6652
 Epoch [1/40], Step[40/483], loss: 0.7041
 Epoch [1/40], Step[50/483], loss: 0.6867
 Epoch [1/40], Step[60/483], loss: 0.6853
 Epoch [1/40], Step[70/483], loss: 0.6984
 Epoch [1/40], Step[80/483], loss: 0.6839
 Epoch [1/40], Step[90/483], loss: 0.6540
 Epoch [1/40], Step[100/483], loss: 0.6800
 Epoch [1/40], Step[110/483], loss: 0.6921
 Epoch [1/40], Step[120/483], loss: 0.6617
 Epoch [1/40], Step[130/483], loss: 0.6906
 Epoch [1/40], Step[140/483], loss: 0.6411
 Epoch [1/40], Step[150/483], loss: 0.6746
 Epoch [1/40], Step[160/483], loss: 0.6288
 Epoch [1/40], Step[170/483], loss: 0.7077
 Epoch [1/40], Step[180/483], loss: 0.6552
 Epoch [1/40], Step[190/483], loss: 0.6712
 Epoch [1/40], Step[200/483], loss: 0.6428
 Epoch [1/40], Step[210/483], loss: 0.6831
 Epoch [1/40], Step[220/483], loss: 0.6525
 Epoch [1/40], Step[230/483], loss: 0.6666
 Epoch [1/40], Step[240/483], loss: 0.5730
 Epoch [1/40], Step[250/483], loss: 0.6226
 Epoch [1/40], Step[260/483], loss: 0.5993
 Epoch [1/40], Step[270/483], loss: 0.5668
 Epoch [1/40], Step[280/483], loss: 0.6194
 Epoch [1/40], Step[290/483], loss: 0.5772
 Epoch [1/40], Step[300/483], loss: 0.5558
 Epoch [1/40], Step[310/483], loss: 0.5303
 Epoch [1/40], Step[320/483], loss: 0.6585
 Epoch [1/40], Step[330/483], loss: 0.6062
 Epoch [1/40], Step[340/483], loss: 0.5136
 Epoch [1/40], Step[350/483], loss: 0.5794
 Epoch [1/40], Step[360/483], loss: 0.6242
 Epoch [1/40], Step[370/483], loss: 0.4379
 Epoch [1/40], Step[380/483], loss: 0.5338
 Epoch [1/40], Step[390/483], loss: 0.5450
 Epoch [1/40], Step[400/483], loss: 0.5205
 Epoch [1/40], Step[410/483], loss: 0.6108
 Epoch [1/40], Step[420/483], loss: 0.4803
 Epoch [1/40], Step[430/483], loss: 0.6974
 Epoch [1/40], Step[440/483], loss: 0.6089
 Epoch [1/40], Step[450/483], loss: 0.5156
 Epoch [1/40], Step[460/483], loss: 0.5884
 Epoch [1/40], Step[470/483], loss: 0.5841
 Epoch [1/40], Step[480/483], loss: 0.6369
 ====> Epoch 1: Training loss: 304.6096
 Training Accuracy: 0.630041
 ====> Epoch 1: Validation loss: 33.7910
 Validation Accuracy: 0.731000
 Epoch [2/40], Step[0/483], loss: 0.6040
 Epoch [2/40], Step[10/483], loss: 0.3896
 Epoch [2/40], Step[20/483], loss: 0.5833
 Epoch [2/40], Step[30/483], loss: 0.5370
 Epoch [2/40], Step[40/483], loss: 0.4471
 Epoch [2/40], Step[50/483], loss: 0.4797
 Epoch [2/40], Step[60/483], loss: 0.5441
 Epoch [2/40], Step[70/483], loss: 0.4717
 Epoch [2/40], Step[80/483], loss: 0.5602
 Epoch [2/40], Step[90/483], loss: 0.5455
 Epoch [2/40], Step[100/483], loss: 0.6022
 Epoch [2/40], Step[110/483], loss: 0.5471
 Epoch [2/40], Step[120/483], loss: 0.5383
 Epoch [2/40], Step[130/483], loss: 0.6030
 Epoch [2/40], Step[140/483], loss: 0.5047
 Epoch [2/40], Step[150/483], loss: 0.5428
 Epoch [2/40], Step[160/483], loss: 0.5612
 Epoch [2/40], Step[170/483], loss: 0.7138
 Epoch [2/40], Step[180/483], loss: 0.4484
 Epoch [2/40], Step[190/483], loss: 0.5569
 Epoch [2/40], Step[200/483], loss: 0.5205
 Epoch [2/40], Step[210/483], loss: 0.4806
 Epoch [2/40], Step[220/483], loss: 0.5119
 Epoch [2/40], Step[230/483], loss: 0.5780
 Epoch [2/40], Step[240/483], loss: 0.4466
 Epoch [2/40], Step[250/483], loss: 0.6064
 Epoch [2/40], Step[260/483], loss: 0.3697
 Epoch [2/40], Step[270/483], loss: 0.4793
 Epoch [2/40], Step[280/483], loss: 0.5928
 Epoch [2/40], Step[290/483], loss: 0.4603
 Epoch [2/40], Step[300/483], loss: 0.4936
 Epoch [2/40], Step[310/483], loss: 0.4629
 Epoch [2/40], Step[320/483], loss: 0.6868
 Epoch [2/40], Step[330/483], loss: 0.5137
 Epoch [2/40], Step[340/483], loss: 0.3649
 Epoch [2/40], Step[350/483], loss: 0.5352
 Epoch [2/40], Step[360/483], loss: 0.5829
 Epoch [2/40], Step[370/483], loss: 0.3633
 Epoch [2/40], Step[380/483], loss: 0.4846
 Epoch [2/40], Step[390/483], loss: 0.4791
 Epoch [2/40], Step[400/483], loss: 0.5120
 Epoch [2/40], Step[410/483], loss: 0.4613
 Epoch [2/40], Step[420/483], loss: 0.5277
 Epoch [2/40], Step[430/483], loss: 0.5265
 Epoch [2/40], Step[440/483], loss: 0.5340
 Epoch [2/40], Step[450/483], loss: 0.4467
 Epoch [2/40], Step[460/483], loss: 0.5205
 Epoch [2/40], Step[470/483], loss: 0.4088
 Epoch [2/40], Step[480/483], loss: 0.5363
 ====> Epoch 2: Training loss: 249.0924
 Training Accuracy: 0.750787
 ====> Epoch 2: Validation loss: 29.1686
 Validation Accuracy: 0.783500
 Epoch [3/40], Step[0/483], loss: 0.5249
 Epoch [3/40], Step[10/483], loss: 0.6136
 Epoch [3/40], Step[20/483], loss: 0.4294
 Epoch [3/40], Step[30/483], loss: 0.5187
 Epoch [3/40], Step[40/483], loss: 0.3824
 Epoch [3/40], Step[50/483], loss: 0.4386
 Epoch [3/40], Step[60/483], loss: 0.5303
 Epoch [3/40], Step[70/483], loss: 0.3676
 Epoch [3/40], Step[80/483], loss: 0.4199
 Epoch [3/40], Step[90/483], loss: 0.4691
 Epoch [3/40], Step[100/483], loss: 0.5246
 Epoch [3/40], Step[110/483], loss: 0.4543
 Epoch [3/40], Step[120/483], loss: 0.5222
 Epoch [3/40], Step[130/483], loss: 0.4532
 Epoch [3/40], Step[140/483], loss: 0.4457
 Epoch [3/40], Step[150/483], loss: 0.3957
 Epoch [3/40], Step[160/483], loss: 0.4869
 Epoch [3/40], Step[170/483], loss: 0.4937
 Epoch [3/40], Step[180/483], loss: 0.4712
 Epoch [3/40], Step[190/483], loss: 0.6367
 Epoch [3/40], Step[200/483], loss: 0.4086
 Epoch [3/40], Step[210/483], loss: 0.4629
 Epoch [3/40], Step[220/483], loss: 0.4338
 Epoch [3/40], Step[230/483], loss: 0.4511
 Epoch [3/40], Step[240/483], loss: 0.4803
 Epoch [3/40], Step[250/483], loss: 0.4264
 Epoch [3/40], Step[260/483], loss: 0.3728
 Epoch [3/40], Step[270/483], loss: 0.3592
 Epoch [3/40], Step[280/483], loss: 0.5316
 Epoch [3/40], Step[290/483], loss: 0.4459
 Epoch [3/40], Step[300/483], loss: 0.4492
 Epoch [3/40], Step[310/483], loss: 0.4063
 Epoch [3/40], Step[320/483], loss: 0.4228
 Epoch [3/40], Step[330/483], loss: 0.4346
 Epoch [3/40], Step[340/483], loss: 0.3730
 Epoch [3/40], Step[350/483], loss: 0.4410
 Epoch [3/40], Step[360/483], loss: 0.4863
 Epoch [3/40], Step[370/483], loss: 0.3755
 Epoch [3/40], Step[380/483], loss: 0.4358
 Epoch [3/40], Step[390/483], loss: 0.4734
 Epoch [3/40], Step[400/483], loss: 0.4117
 Epoch [3/40], Step[410/483], loss: 0.4138
 Epoch [3/40], Step[420/483], loss: 0.3713
 Epoch [3/40], Step[430/483], loss: 0.4060
 Epoch [3/40], Step[440/483], loss: 0.4827
 Epoch [3/40], Step[450/483], loss: 0.4905
 Epoch [3/40], Step[460/483], loss: 0.5490
 Epoch [3/40], Step[470/483], loss: 0.4741
 Epoch [3/40], Step[480/483], loss: 0.3712
 ====> Epoch 3: Training loss: 219.4069
 Training Accuracy: 0.813230
 ====> Epoch 3: Validation loss: 26.1076
 Validation Accuracy: 0.833667
 Epoch [4/40], Step[0/483], loss: 0.4161
 Epoch [4/40], Step[10/483], loss: 0.4665
 Epoch [4/40], Step[20/483], loss: 0.3445
 Epoch [4/40], Step[30/483], loss: 0.4628
 Epoch [4/40], Step[40/483], loss: 0.3567
 Epoch [4/40], Step[50/483], loss: 0.4140
 Epoch [4/40], Step[60/483], loss: 0.4915
 Epoch [4/40], Step[70/483], loss: 0.3444
 Epoch [4/40], Step[80/483], loss: 0.3304
 Epoch [4/40], Step[90/483], loss: 0.4401
 Epoch [4/40], Step[100/483], loss: 0.3951
 Epoch [4/40], Step[110/483], loss: 0.4763
 Epoch [4/40], Step[120/483], loss: 0.3713
 Epoch [4/40], Step[130/483], loss: 0.3853
 Epoch [4/40], Step[140/483], loss: 0.4498
 Epoch [4/40], Step[150/483], loss: 0.3698
 Epoch [4/40], Step[160/483], loss: 0.4258
 Epoch [4/40], Step[170/483], loss: 0.6536
 Epoch [4/40], Step[180/483], loss: 0.4174
 Epoch [4/40], Step[190/483], loss: 0.4954
 Epoch [4/40], Step[200/483], loss: 0.3918
 Epoch [4/40], Step[210/483], loss: 0.3951
 Epoch [4/40], Step[220/483], loss: 0.4337
 Epoch [4/40], Step[230/483], loss: 0.4499
 Epoch [4/40], Step[240/483], loss: 0.3699
 Epoch [4/40], Step[250/483], loss: 0.3624
 Epoch [4/40], Step[260/483], loss: 0.4104
 Epoch [4/40], Step[270/483], loss: 0.3183
 Epoch [4/40], Step[280/483], loss: 0.4104
 Epoch [4/40], Step[290/483], loss: 0.4910
 Epoch [4/40], Step[300/483], loss: 0.3844
 Epoch [4/40], Step[310/483], loss: 0.3365
 Epoch [4/40], Step[320/483], loss: 0.3798
 Epoch [4/40], Step[330/483], loss: 0.4051
 Epoch [4/40], Step[340/483], loss: 0.3381
 Epoch [4/40], Step[350/483], loss: 0.5165
 Epoch [4/40], Step[360/483], loss: 0.4094
 Epoch [4/40], Step[370/483], loss: 0.3407
 Epoch [4/40], Step[380/483], loss: 0.4098
 Epoch [4/40], Step[390/483], loss: 0.5063
 Epoch [4/40], Step[400/483], loss: 0.3924
 Epoch [4/40], Step[410/483], loss: 0.4299
 Epoch [4/40], Step[420/483], loss: 0.4410
 Epoch [4/40], Step[430/483], loss: 0.3896
 Epoch [4/40], Step[440/483], loss: 0.3679
 Epoch [4/40], Step[450/483], loss: 0.3321
 Epoch [4/40], Step[460/483], loss: 0.4681
 Epoch [4/40], Step[470/483], loss: 0.3677
 Epoch [4/40], Step[480/483], loss: 0.4100
 ====> Epoch 4: Training loss: 200.6914
 Training Accuracy: 0.840787
 ====> Epoch 4: Validation loss: 24.0453
 Validation Accuracy: 0.855833
 Epoch [5/40], Step[0/483], loss: 0.3442
 Epoch [5/40], Step[10/483], loss: 0.3677
 Epoch [5/40], Step[20/483], loss: 0.3573
 Epoch [5/40], Step[30/483], loss: 0.3807
 Epoch [5/40], Step[40/483], loss: 0.3730
 Epoch [5/40], Step[50/483], loss: 0.3456
 Epoch [5/40], Step[60/483], loss: 0.3912
 Epoch [5/40], Step[70/483], loss: 0.2573
 Epoch [5/40], Step[80/483], loss: 0.3528
 Epoch [5/40], Step[90/483], loss: 0.4451
 Epoch [5/40], Step[100/483], loss: 0.4315
 Epoch [5/40], Step[110/483], loss: 0.3748
 Epoch [5/40], Step[120/483], loss: 0.3207
 Epoch [5/40], Step[130/483], loss: 0.4236
 Epoch [5/40], Step[140/483], loss: 0.4074
 Epoch [5/40], Step[150/483], loss: 0.3163
 Epoch [5/40], Step[160/483], loss: 0.3896
 Epoch [5/40], Step[170/483], loss: 0.5962
 Epoch [5/40], Step[180/483], loss: 0.2986
 Epoch [5/40], Step[190/483], loss: 0.4261
 Epoch [5/40], Step[200/483], loss: 0.3486
 Epoch [5/40], Step[210/483], loss: 0.3281
 Epoch [5/40], Step[220/483], loss: 0.4651
 Epoch [5/40], Step[230/483], loss: 0.3919
 Epoch [5/40], Step[240/483], loss: 0.4095
 Epoch [5/40], Step[250/483], loss: 0.4131
 Epoch [5/40], Step[260/483], loss: 0.3562
 Epoch [5/40], Step[270/483], loss: 0.3285
 Epoch [5/40], Step[280/483], loss: 0.3263
 Epoch [5/40], Step[290/483], loss: 0.3677
 Epoch [5/40], Step[300/483], loss: 0.3873
 Epoch [5/40], Step[310/483], loss: 0.4310
 Epoch [5/40], Step[320/483], loss: 0.3840
 Epoch [5/40], Step[330/483], loss: 0.3931
 Epoch [5/40], Step[340/483], loss: 0.3153
 Epoch [5/40], Step[350/483], loss: 0.4182
 Epoch [5/40], Step[360/483], loss: 0.3486
 Epoch [5/40], Step[370/483], loss: 0.3584
 Epoch [5/40], Step[380/483], loss: 0.3171
 Epoch [5/40], Step[390/483], loss: 0.4032
 Epoch [5/40], Step[400/483], loss: 0.3010
 Epoch [5/40], Step[410/483], loss: 0.3584
 Epoch [5/40], Step[420/483], loss: 0.3613
 Epoch [5/40], Step[430/483], loss: 0.3661
 Epoch [5/40], Step[440/483], loss: 0.4528
 Epoch [5/40], Step[450/483], loss: 0.3051
 Epoch [5/40], Step[460/483], loss: 0.4013
 Epoch [5/40], Step[470/483], loss: 0.2840
 Epoch [5/40], Step[480/483], loss: 0.2987
 ====> Epoch 5: Training loss: 186.3044
 Training Accuracy: 0.863043
 ====> Epoch 5: Validation loss: 23.5193
 Validation Accuracy: 0.849333
 Epoch [6/40], Step[0/483], loss: 0.2818
 Epoch [6/40], Step[10/483], loss: 0.3689
 Epoch [6/40], Step[20/483], loss: 0.3715
 Epoch [6/40], Step[30/483], loss: 0.3193
 Epoch [6/40], Step[40/483], loss: 0.3426
 Epoch [6/40], Step[50/483], loss: 0.3350
 Epoch [6/40], Step[60/483], loss: 0.4077
 Epoch [6/40], Step[70/483], loss: 0.2681
 Epoch [6/40], Step[80/483], loss: 0.3848
 Epoch [6/40], Step[90/483], loss: 0.3932
 Epoch [6/40], Step[100/483], loss: 0.3548
 Epoch [6/40], Step[110/483], loss: 0.3947
 Epoch [6/40], Step[120/483], loss: 0.2798
 Epoch [6/40], Step[130/483], loss: 0.3045
 Epoch [6/40], Step[140/483], loss: 0.4583
 Epoch [6/40], Step[150/483], loss: 0.2689
 Epoch [6/40], Step[160/483], loss: 0.3808
 Epoch [6/40], Step[170/483], loss: 0.3636
 Epoch [6/40], Step[180/483], loss: 0.3495
 Epoch [6/40], Step[190/483], loss: 0.3575
 Epoch [6/40], Step[200/483], loss: 0.3615
 Epoch [6/40], Step[210/483], loss: 0.2202
 Epoch [6/40], Step[220/483], loss: 0.3992
 Epoch [6/40], Step[230/483], loss: 0.4375
 Epoch [6/40], Step[240/483], loss: 0.4021
 Epoch [6/40], Step[250/483], loss: 0.4200
 Epoch [6/40], Step[260/483], loss: 0.2262
 Epoch [6/40], Step[270/483], loss: 0.3507
 Epoch [6/40], Step[280/483], loss: 0.3039
 Epoch [6/40], Step[290/483], loss: 0.4615
 Epoch [6/40], Step[300/483], loss: 0.3402
 Epoch [6/40], Step[310/483], loss: 0.3816
 Epoch [6/40], Step[320/483], loss: 0.4269
 Epoch [6/40], Step[330/483], loss: 0.3640
 Epoch [6/40], Step[340/483], loss: 0.3326
 Epoch [6/40], Step[350/483], loss: 0.3974
 Epoch [6/40], Step[360/483], loss: 0.3594
 Epoch [6/40], Step[370/483], loss: 0.3983
 Epoch [6/40], Step[380/483], loss: 0.3902
 Epoch [6/40], Step[390/483], loss: 0.3807
 Epoch [6/40], Step[400/483], loss: 0.3635
 Epoch [6/40], Step[410/483], loss: 0.2876
 Epoch [6/40], Step[420/483], loss: 0.3279
 Epoch [6/40], Step[430/483], loss: 0.3433
 Epoch [6/40], Step[440/483], loss: 0.4397
 Epoch [6/40], Step[450/483], loss: 0.3087
 Epoch [6/40], Step[460/483], loss: 0.3635
 Epoch [6/40], Step[470/483], loss: 0.3053
 Epoch [6/40], Step[480/483], loss: 0.4142
 ====> Epoch 6: Training loss: 175.0249
 Training Accuracy: 0.873437
 ====> Epoch 6: Validation loss: 22.6378
 Validation Accuracy: 0.863667
 Epoch [7/40], Step[0/483], loss: 0.4178
 Epoch [7/40], Step[10/483], loss: 0.3463
 Epoch [7/40], Step[20/483], loss: 0.3180
 Epoch [7/40], Step[30/483], loss: 0.3190
 Epoch [7/40], Step[40/483], loss: 0.3186
 Epoch [7/40], Step[50/483], loss: 0.3498
 Epoch [7/40], Step[60/483], loss: 0.3728
 Epoch [7/40], Step[70/483], loss: 0.2709
 Epoch [7/40], Step[80/483], loss: 0.3554
 Epoch [7/40], Step[90/483], loss: 0.3131
 Epoch [7/40], Step[100/483], loss: 0.4165
 Epoch [7/40], Step[110/483], loss: 0.3540
 Epoch [7/40], Step[120/483], loss: 0.2900
 Epoch [7/40], Step[130/483], loss: 0.2928
 Epoch [7/40], Step[140/483], loss: 0.3902
 Epoch [7/40], Step[150/483], loss: 0.3841
 Epoch [7/40], Step[160/483], loss: 0.3325
 Epoch [7/40], Step[170/483], loss: 0.4012
 Epoch [7/40], Step[180/483], loss: 0.3165
 Epoch [7/40], Step[190/483], loss: 0.2849
 Epoch [7/40], Step[200/483], loss: 0.2653
 Epoch [7/40], Step[210/483], loss: 0.2950
 Epoch [7/40], Step[220/483], loss: 0.3568
 Epoch [7/40], Step[230/483], loss: 0.3769
 Epoch [7/40], Step[240/483], loss: 0.3234
 Epoch [7/40], Step[250/483], loss: 0.3281
 Epoch [7/40], Step[260/483], loss: 0.3105
 Epoch [7/40], Step[270/483], loss: 0.2499
 Epoch [7/40], Step[280/483], loss: 0.3050
 Epoch [7/40], Step[290/483], loss: 0.2739
 Epoch [7/40], Step[300/483], loss: 0.2480
 Epoch [7/40], Step[310/483], loss: 0.3296
 Epoch [7/40], Step[320/483], loss: 0.3283
 Epoch [7/40], Step[330/483], loss: 0.3296
 Epoch [7/40], Step[340/483], loss: 0.2928
 Epoch [7/40], Step[350/483], loss: 0.3515
 Epoch [7/40], Step[360/483], loss: 0.3014
 Epoch [7/40], Step[370/483], loss: 0.2925
 Epoch [7/40], Step[380/483], loss: 0.4014
 Epoch [7/40], Step[390/483], loss: 0.4311
 Epoch [7/40], Step[400/483], loss: 0.3217
 Epoch [7/40], Step[410/483], loss: 0.4119
 Epoch [7/40], Step[420/483], loss: 0.3276
 Epoch [7/40], Step[430/483], loss: 0.3130
 Epoch [7/40], Step[440/483], loss: 0.3190
 Epoch [7/40], Step[450/483], loss: 0.3085
 Epoch [7/40], Step[460/483], loss: 0.5029
 Epoch [7/40], Step[470/483], loss: 0.3341
 Epoch [7/40], Step[480/483], loss: 0.2995
 ====> Epoch 7: Training loss: 167.5455
 Training Accuracy: 0.883665
 ====> Epoch 7: Validation loss: 21.9030
 Validation Accuracy: 0.876333
 Epoch [8/40], Step[0/483], loss: 0.4579
 Epoch [8/40], Step[10/483], loss: 0.3515
 Epoch [8/40], Step[20/483], loss: 0.3210
 Epoch [8/40], Step[30/483], loss: 0.3253
 Epoch [8/40], Step[40/483], loss: 0.3396
 Epoch [8/40], Step[50/483], loss: 0.2887
 Epoch [8/40], Step[60/483], loss: 0.3777
 Epoch [8/40], Step[70/483], loss: 0.2502
 Epoch [8/40], Step[80/483], loss: 0.3322
 Epoch [8/40], Step[90/483], loss: 0.2981
 Epoch [8/40], Step[100/483], loss: 0.2471
 Epoch [8/40], Step[110/483], loss: 0.3256
 Epoch [8/40], Step[120/483], loss: 0.3772
 Epoch [8/40], Step[130/483], loss: 0.3036
 Epoch [8/40], Step[140/483], loss: 0.2951
 Epoch [8/40], Step[150/483], loss: 0.3357
 Epoch [8/40], Step[160/483], loss: 0.3672
 Epoch [8/40], Step[170/483], loss: 0.3573
 Epoch [8/40], Step[180/483], loss: 0.3359
 Epoch [8/40], Step[190/483], loss: 0.2759
 Epoch [8/40], Step[200/483], loss: 0.3691
 Epoch [8/40], Step[210/483], loss: 0.2606
 Epoch [8/40], Step[220/483], loss: 0.3735
 Epoch [8/40], Step[230/483], loss: 0.4661
 Epoch [8/40], Step[240/483], loss: 0.2369
 Epoch [8/40], Step[250/483], loss: 0.3961
 Epoch [8/40], Step[260/483], loss: 0.3415
 Epoch [8/40], Step[270/483], loss: 0.2876
 Epoch [8/40], Step[280/483], loss: 0.3651
 Epoch [8/40], Step[290/483], loss: 0.3223
 Epoch [8/40], Step[300/483], loss: 0.3633
 Epoch [8/40], Step[310/483], loss: 0.2862
 Epoch [8/40], Step[320/483], loss: 0.3344
 Epoch [8/40], Step[330/483], loss: 0.3818
 Epoch [8/40], Step[340/483], loss: 0.2069
 Epoch [8/40], Step[350/483], loss: 0.3363
 Epoch [8/40], Step[360/483], loss: 0.3116
 Epoch [8/40], Step[370/483], loss: 0.3441
 Epoch [8/40], Step[380/483], loss: 0.4475
 Epoch [8/40], Step[390/483], loss: 0.4674
 Epoch [8/40], Step[400/483], loss: 0.3256
 Epoch [8/40], Step[410/483], loss: 0.3850
 Epoch [8/40], Step[420/483], loss: 0.3367
 Epoch [8/40], Step[430/483], loss: 0.3895
 Epoch [8/40], Step[440/483], loss: 0.3886
 Epoch [8/40], Step[450/483], loss: 0.2823
 Epoch [8/40], Step[460/483], loss: 0.3505
 Epoch [8/40], Step[470/483], loss: 0.3057
 Epoch [8/40], Step[480/483], loss: 0.2674
 ====> Epoch 8: Training loss: 165.0524
 Training Accuracy: 0.877350
 ====> Epoch 8: Validation loss: 21.0696
 Validation Accuracy: 0.874667
 Epoch [9/40], Step[0/483], loss: 0.3060
 Epoch [9/40], Step[10/483], loss: 0.3131
 Epoch [9/40], Step[20/483], loss: 0.2912
 Epoch [9/40], Step[30/483], loss: 0.3404
 Epoch [9/40], Step[40/483], loss: 0.2716
 Epoch [9/40], Step[50/483], loss: 0.3234
 Epoch [9/40], Step[60/483], loss: 0.3728
 Epoch [9/40], Step[70/483], loss: 0.3881
 Epoch [9/40], Step[80/483], loss: 0.2821
 Epoch [9/40], Step[90/483], loss: 0.3240
 Epoch [9/40], Step[100/483], loss: 0.5102
 Epoch [9/40], Step[110/483], loss: 0.2957
 Epoch [9/40], Step[120/483], loss: 0.4178
 Epoch [9/40], Step[130/483], loss: 0.3020
 Epoch [9/40], Step[140/483], loss: 0.2510
 Epoch [9/40], Step[150/483], loss: 0.3713
 Epoch [9/40], Step[160/483], loss: 0.3180
 Epoch [9/40], Step[170/483], loss: 0.2892
 Epoch [9/40], Step[180/483], loss: 0.2850
 Epoch [9/40], Step[190/483], loss: 0.3191
 Epoch [9/40], Step[200/483], loss: 0.2630
 Epoch [9/40], Step[210/483], loss: 0.2288
 Epoch [9/40], Step[220/483], loss: 0.4722
 Epoch [9/40], Step[230/483], loss: 0.3249
 Epoch [9/40], Step[240/483], loss: 0.2179
 Epoch [9/40], Step[250/483], loss: 0.3637
 Epoch [9/40], Step[260/483], loss: 0.2879
 Epoch [9/40], Step[270/483], loss: 0.3041
 Epoch [9/40], Step[280/483], loss: 0.3759
 Epoch [9/40], Step[290/483], loss: 0.2941
 Epoch [9/40], Step[300/483], loss: 0.3551
 Epoch [9/40], Step[310/483], loss: 0.3530
 Epoch [9/40], Step[320/483], loss: 0.3211
 Epoch [9/40], Step[330/483], loss: 0.3601
 Epoch [9/40], Step[340/483], loss: 0.2805
 Epoch [9/40], Step[350/483], loss: 0.3065
 Epoch [9/40], Step[360/483], loss: 0.3266
 Epoch [9/40], Step[370/483], loss: 0.3863
 Epoch [9/40], Step[380/483], loss: 0.2995
 Epoch [9/40], Step[390/483], loss: 0.4349
 Epoch [9/40], Step[400/483], loss: 0.3672
 Epoch [9/40], Step[410/483], loss: 0.2579
 Epoch [9/40], Step[420/483], loss: 0.2836
 Epoch [9/40], Step[430/483], loss: 0.2935
 Epoch [9/40], Step[440/483], loss: 0.3504
 Epoch [9/40], Step[450/483], loss: 0.2991
 Epoch [9/40], Step[460/483], loss: 0.4470
 Epoch [9/40], Step[470/483], loss: 0.3866
 Epoch [9/40], Step[480/483], loss: 0.3300
 ====> Epoch 9: Training loss: 159.0531
 Training Accuracy: 0.880911
 ====> Epoch 9: Validation loss: 20.3177
 Validation Accuracy: 0.875500
 Epoch [10/40], Step[0/483], loss: 0.3538
 Epoch [10/40], Step[10/483], loss: 0.3756
 Epoch [10/40], Step[20/483], loss: 0.3825
 Epoch [10/40], Step[30/483], loss: 0.3968
 Epoch [10/40], Step[40/483], loss: 0.2640
 Epoch [10/40], Step[50/483], loss: 0.3534
 Epoch [10/40], Step[60/483], loss: 0.3740
 Epoch [10/40], Step[70/483], loss: 0.2616
 Epoch [10/40], Step[80/483], loss: 0.3327
 Epoch [10/40], Step[90/483], loss: 0.3537
 Epoch [10/40], Step[100/483], loss: 0.2542
 Epoch [10/40], Step[110/483], loss: 0.3117
 Epoch [10/40], Step[120/483], loss: 0.2244
 Epoch [10/40], Step[130/483], loss: 0.2992
 Epoch [10/40], Step[140/483], loss: 0.3340
 Epoch [10/40], Step[150/483], loss: 0.3085
 Epoch [10/40], Step[160/483], loss: 0.3500
 Epoch [10/40], Step[170/483], loss: 0.4100
 Epoch [10/40], Step[180/483], loss: 0.2481
 Epoch [10/40], Step[190/483], loss: 0.2781
 Epoch [10/40], Step[200/483], loss: 0.2525
 Epoch [10/40], Step[210/483], loss: 0.2627
 Epoch [10/40], Step[220/483], loss: 0.3597
 Epoch [10/40], Step[230/483], loss: 0.3271
 Epoch [10/40], Step[240/483], loss: 0.2662
 Epoch [10/40], Step[250/483], loss: 0.3682
 Epoch [10/40], Step[260/483], loss: 0.2307
 Epoch [10/40], Step[270/483], loss: 0.2611
 Epoch [10/40], Step[280/483], loss: 0.2956
 Epoch [10/40], Step[290/483], loss: 0.3158
 Epoch [10/40], Step[300/483], loss: 0.2702
 Epoch [10/40], Step[310/483], loss: 0.3543
 Epoch [10/40], Step[320/483], loss: 0.3481
 Epoch [10/40], Step[330/483], loss: 0.3547
 Epoch [10/40], Step[340/483], loss: 0.2918
 Epoch [10/40], Step[350/483], loss: 0.2799
 Epoch [10/40], Step[360/483], loss: 0.3192
 Epoch [10/40], Step[370/483], loss: 0.2656
 Epoch [10/40], Step[380/483], loss: 0.3641
 Epoch [10/40], Step[390/483], loss: 0.3559
 Epoch [10/40], Step[400/483], loss: 0.3577
 Epoch [10/40], Step[410/483], loss: 0.3100
 Epoch [10/40], Step[420/483], loss: 0.3165
 Epoch [10/40], Step[430/483], loss: 0.3696
 Epoch [10/40], Step[440/483], loss: 0.3446
 Epoch [10/40], Step[450/483], loss: 0.3106
 Epoch [10/40], Step[460/483], loss: 0.3133
 Epoch [10/40], Step[470/483], loss: 0.2737
 Epoch [10/40], Step[480/483], loss: 0.2814
 ====> Epoch 10: Training loss: 155.5554
 Training Accuracy: 0.891739
 ====> Epoch 10: Validation loss: 19.3995
 Validation Accuracy: 0.883500
 Epoch [11/40], Step[0/483], loss: 0.3451
 Epoch [11/40], Step[10/483], loss: 0.2452
 Epoch [11/40], Step[20/483], loss: 0.2806
 Epoch [11/40], Step[30/483], loss: 0.2669
 Epoch [11/40], Step[40/483], loss: 0.3333
 Epoch [11/40], Step[50/483], loss: 0.3155
 Epoch [11/40], Step[60/483], loss: 0.4437
 Epoch [11/40], Step[70/483], loss: 0.2550
 Epoch [11/40], Step[80/483], loss: 0.3897
 Epoch [11/40], Step[90/483], loss: 0.2997
 Epoch [11/40], Step[100/483], loss: 0.3713
 Epoch [11/40], Step[110/483], loss: 0.3279
 Epoch [11/40], Step[120/483], loss: 0.2578
 Epoch [11/40], Step[130/483], loss: 0.3011
 Epoch [11/40], Step[140/483], loss: 0.3231
 Epoch [11/40], Step[150/483], loss: 0.4612
 Epoch [11/40], Step[160/483], loss: 0.2748
 Epoch [11/40], Step[170/483], loss: 0.3766
 Epoch [11/40], Step[180/483], loss: 0.2689
 Epoch [11/40], Step[190/483], loss: 0.2710
 Epoch [11/40], Step[200/483], loss: 0.2418
 Epoch [11/40], Step[210/483], loss: 0.2743
 Epoch [11/40], Step[220/483], loss: 0.3225
 Epoch [11/40], Step[230/483], loss: 0.3988
 Epoch [11/40], Step[240/483], loss: 0.3153
 Epoch [11/40], Step[250/483], loss: 0.3455
 Epoch [11/40], Step[260/483], loss: 0.3291
 Epoch [11/40], Step[270/483], loss: 0.2981
 Epoch [11/40], Step[280/483], loss: 0.3291
 Epoch [11/40], Step[290/483], loss: 0.2986
 Epoch [11/40], Step[300/483], loss: 0.2372
 Epoch [11/40], Step[310/483], loss: 0.3641
 Epoch [11/40], Step[320/483], loss: 0.2926
 Epoch [11/40], Step[330/483], loss: 0.3248
 Epoch [11/40], Step[340/483], loss: 0.3260
 Epoch [11/40], Step[350/483], loss: 0.2676
 Epoch [11/40], Step[360/483], loss: 0.3945
 Epoch [11/40], Step[370/483], loss: 0.2984
 Epoch [11/40], Step[380/483], loss: 0.3529
 Epoch [11/40], Step[390/483], loss: 0.3847
 Epoch [11/40], Step[400/483], loss: 0.3683
 Epoch [11/40], Step[410/483], loss: 0.3316
 Epoch [11/40], Step[420/483], loss: 0.2895
 Epoch [11/40], Step[430/483], loss: 0.3536
 Epoch [11/40], Step[440/483], loss: 0.4226
 Epoch [11/40], Step[450/483], loss: 0.3933
 Epoch [11/40], Step[460/483], loss: 0.2930
 Epoch [11/40], Step[470/483], loss: 0.3242
 Epoch [11/40], Step[480/483], loss: 0.2054
 ====> Epoch 11: Training loss: 154.0530
 Training Accuracy: 0.890331
 ====> Epoch 11: Validation loss: 19.9353
 Validation Accuracy: 0.895000
 Epoch [12/40], Step[0/483], loss: 0.3024
 Epoch [12/40], Step[10/483], loss: 0.3151
 Epoch [12/40], Step[20/483], loss: 0.2544
 Epoch [12/40], Step[30/483], loss: 0.3535
 Epoch [12/40], Step[40/483], loss: 0.3965
 Epoch [12/40], Step[50/483], loss: 0.4609
 Epoch [12/40], Step[60/483], loss: 0.3330
 Epoch [12/40], Step[70/483], loss: 0.2332
 Epoch [12/40], Step[80/483], loss: 0.2907
 Epoch [12/40], Step[90/483], loss: 0.2748
 Epoch [12/40], Step[100/483], loss: 0.1991
 Epoch [12/40], Step[110/483], loss: 0.3051
 Epoch [12/40], Step[120/483], loss: 0.3131
 Epoch [12/40], Step[130/483], loss: 0.3046
 Epoch [12/40], Step[140/483], loss: 0.3814
 Epoch [12/40], Step[150/483], loss: 0.4149
 Epoch [12/40], Step[160/483], loss: 0.3293
 Epoch [12/40], Step[170/483], loss: 0.2560
 Epoch [12/40], Step[180/483], loss: 0.2985
 Epoch [12/40], Step[190/483], loss: 0.3293
 Epoch [12/40], Step[200/483], loss: 0.3286
 Epoch [12/40], Step[210/483], loss: 0.2061
 Epoch [12/40], Step[220/483], loss: 0.2485
 Epoch [12/40], Step[230/483], loss: 0.3457
 Epoch [12/40], Step[240/483], loss: 0.4212
 Epoch [12/40], Step[250/483], loss: 0.3905
 Epoch [12/40], Step[260/483], loss: 0.3444
 Epoch [12/40], Step[270/483], loss: 0.2682
 Epoch [12/40], Step[280/483], loss: 0.3358
 Epoch [12/40], Step[290/483], loss: 0.2516
 Epoch [12/40], Step[300/483], loss: 0.2824
 Epoch [12/40], Step[310/483], loss: 0.3844
 Epoch [12/40], Step[320/483], loss: 0.3134
 Epoch [12/40], Step[330/483], loss: 0.3493
 Epoch [12/40], Step[340/483], loss: 0.2575
 Epoch [12/40], Step[350/483], loss: 0.3065
 Epoch [12/40], Step[360/483], loss: 0.3186
 Epoch [12/40], Step[370/483], loss: 0.3088
 Epoch [12/40], Step[380/483], loss: 0.3353
 Epoch [12/40], Step[390/483], loss: 0.3749
 Epoch [12/40], Step[400/483], loss: 0.2924
 Epoch [12/40], Step[410/483], loss: 0.4108
 Epoch [12/40], Step[420/483], loss: 0.2955
 Epoch [12/40], Step[430/483], loss: 0.4603
 Epoch [12/40], Step[440/483], loss: 0.2793
 Epoch [12/40], Step[450/483], loss: 0.3539
 Epoch [12/40], Step[460/483], loss: 0.3928
 Epoch [12/40], Step[470/483], loss: 0.2998
 Epoch [12/40], Step[480/483], loss: 0.3275
 ====> Epoch 12: Training loss: 152.7577
 Training Accuracy: 0.901822
 ====> Epoch 12: Validation loss: 19.8944
 Validation Accuracy: 0.912500
 Epoch [13/40], Step[0/483], loss: 0.3348
 Epoch [13/40], Step[10/483], loss: 0.3182
 Epoch [13/40], Step[20/483], loss: 0.2608
 Epoch [13/40], Step[30/483], loss: 0.2577
 Epoch [13/40], Step[40/483], loss: 0.2491
 Epoch [13/40], Step[50/483], loss: 0.2798
 Epoch [13/40], Step[60/483], loss: 0.3837
 Epoch [13/40], Step[70/483], loss: 0.2922
 Epoch [13/40], Step[80/483], loss: 0.2869
 Epoch [13/40], Step[90/483], loss: 0.2382
 Epoch [13/40], Step[100/483], loss: 0.3195
 Epoch [13/40], Step[110/483], loss: 0.2536
 Epoch [13/40], Step[120/483], loss: 0.3343
 Epoch [13/40], Step[130/483], loss: 0.2257
 Epoch [13/40], Step[140/483], loss: 0.4355
 Epoch [13/40], Step[150/483], loss: 0.2838
 Epoch [13/40], Step[160/483], loss: 0.2589
 Epoch [13/40], Step[170/483], loss: 0.2854
 Epoch [13/40], Step[180/483], loss: 0.3422
 Epoch [13/40], Step[190/483], loss: 0.3292
 Epoch [13/40], Step[200/483], loss: 0.3452
 Epoch [13/40], Step[210/483], loss: 0.2116
 Epoch [13/40], Step[220/483], loss: 0.3111
 Epoch [13/40], Step[230/483], loss: 0.3354
 Epoch [13/40], Step[240/483], loss: 0.2559
 Epoch [13/40], Step[250/483], loss: 0.3032
 Epoch [13/40], Step[260/483], loss: 0.1836
 Epoch [13/40], Step[270/483], loss: 0.3783
 Epoch [13/40], Step[280/483], loss: 0.2351
 Epoch [13/40], Step[290/483], loss: 0.3079
 Epoch [13/40], Step[300/483], loss: 0.2984
 Epoch [13/40], Step[310/483], loss: 0.3568
 Epoch [13/40], Step[320/483], loss: 0.2961
 Epoch [13/40], Step[330/483], loss: 0.2855
 Epoch [13/40], Step[340/483], loss: 0.2833
 Epoch [13/40], Step[350/483], loss: 0.2908
 Epoch [13/40], Step[360/483], loss: 0.3563
 Epoch [13/40], Step[370/483], loss: 0.2056
 Epoch [13/40], Step[380/483], loss: 0.2459
 Epoch [13/40], Step[390/483], loss: 0.3889
 Epoch [13/40], Step[400/483], loss: 0.3542
 Epoch [13/40], Step[410/483], loss: 0.3034
 Epoch [13/40], Step[420/483], loss: 0.2999
 Epoch [13/40], Step[430/483], loss: 0.2501
 Epoch [13/40], Step[440/483], loss: 0.3746
 Epoch [13/40], Step[450/483], loss: 0.3213
 Epoch [13/40], Step[460/483], loss: 0.4213
 Epoch [13/40], Step[470/483], loss: 0.3045
 Epoch [13/40], Step[480/483], loss: 0.2918
 ====> Epoch 13: Training loss: 149.1189
 Training Accuracy: 0.899855
 ====> Epoch 13: Validation loss: 20.1248
 Validation Accuracy: 0.903500
 Epoch [14/40], Step[0/483], loss: 0.3198
 Epoch [14/40], Step[10/483], loss: 0.2801
 Epoch [14/40], Step[20/483], loss: 0.3519
 Epoch [14/40], Step[30/483], loss: 0.2755
 Epoch [14/40], Step[40/483], loss: 0.1853
 Epoch [14/40], Step[50/483], loss: 0.2921
 Epoch [14/40], Step[60/483], loss: 0.3454
 Epoch [14/40], Step[70/483], loss: 0.2581
 Epoch [14/40], Step[80/483], loss: 0.3534
 Epoch [14/40], Step[90/483], loss: 0.2774
 Epoch [14/40], Step[100/483], loss: 0.3376
 Epoch [14/40], Step[110/483], loss: 0.2739
 Epoch [14/40], Step[120/483], loss: 0.2032
 Epoch [14/40], Step[130/483], loss: 0.2651
 Epoch [14/40], Step[140/483], loss: 0.2851
 Epoch [14/40], Step[150/483], loss: 0.2566
 Epoch [14/40], Step[160/483], loss: 0.3201
 Epoch [14/40], Step[170/483], loss: 0.2524
 Epoch [14/40], Step[180/483], loss: 0.3128
 Epoch [14/40], Step[190/483], loss: 0.3078
 Epoch [14/40], Step[200/483], loss: 0.3316
 Epoch [14/40], Step[210/483], loss: 0.2707
 Epoch [14/40], Step[220/483], loss: 0.2809
 Epoch [14/40], Step[230/483], loss: 0.3557
 Epoch [14/40], Step[240/483], loss: 0.3919
 Epoch [14/40], Step[250/483], loss: 0.2964
 Epoch [14/40], Step[260/483], loss: 0.2496
 Epoch [14/40], Step[270/483], loss: 0.2409
 Epoch [14/40], Step[280/483], loss: 0.2628
 Epoch [14/40], Step[290/483], loss: 0.3040
 Epoch [14/40], Step[300/483], loss: 0.2786
 Epoch [14/40], Step[310/483], loss: 0.3029
 Epoch [14/40], Step[320/483], loss: 0.2790
 Epoch [14/40], Step[330/483], loss: 0.3909
 Epoch [14/40], Step[340/483], loss: 0.2848
 Epoch [14/40], Step[350/483], loss: 0.3352
 Epoch [14/40], Step[360/483], loss: 0.2575
 Epoch [14/40], Step[370/483], loss: 0.2673
 Epoch [14/40], Step[380/483], loss: 0.3111
 Epoch [14/40], Step[390/483], loss: 0.3754
 Epoch [14/40], Step[400/483], loss: 0.2941
 Epoch [14/40], Step[410/483], loss: 0.3399
 Epoch [14/40], Step[420/483], loss: 0.3014
 Epoch [14/40], Step[430/483], loss: 0.2906
 Epoch [14/40], Step[440/483], loss: 0.3479
 Epoch [14/40], Step[450/483], loss: 0.2472
 Epoch [14/40], Step[460/483], loss: 0.3220
 Epoch [14/40], Step[470/483], loss: 0.2634
 Epoch [14/40], Step[480/483], loss: 0.2504
 ====> Epoch 14: Training loss: 147.4381
 Training Accuracy: 0.900518
 ====> Epoch 14: Validation loss: 19.4348
 Validation Accuracy: 0.898833
 Epoch [15/40], Step[0/483], loss: 0.3249
 Epoch [15/40], Step[10/483], loss: 0.2740
 Epoch [15/40], Step[20/483], loss: 0.2594
 Epoch [15/40], Step[30/483], loss: 0.3257
 Epoch [15/40], Step[40/483], loss: 0.3433
 Epoch [15/40], Step[50/483], loss: 0.3860
 Epoch [15/40], Step[60/483], loss: 0.3612
 Epoch [15/40], Step[70/483], loss: 0.2893
 Epoch [15/40], Step[80/483], loss: 0.3035
 Epoch [15/40], Step[90/483], loss: 0.2709
 Epoch [15/40], Step[100/483], loss: 0.3509
 Epoch [15/40], Step[110/483], loss: 0.3602
 Epoch [15/40], Step[120/483], loss: 0.3289
 Epoch [15/40], Step[130/483], loss: 0.3206
 Epoch [15/40], Step[140/483], loss: 0.3853
 Epoch [15/40], Step[150/483], loss: 0.3249
 Epoch [15/40], Step[160/483], loss: 0.3447
 Epoch [15/40], Step[170/483], loss: 0.3014
 Epoch [15/40], Step[180/483], loss: 0.2795
 Epoch [15/40], Step[190/483], loss: 0.3627
 Epoch [15/40], Step[200/483], loss: 0.2491
 Epoch [15/40], Step[210/483], loss: 0.2004
 Epoch [15/40], Step[220/483], loss: 0.3215
 Epoch [15/40], Step[230/483], loss: 0.3919
 Epoch [15/40], Step[240/483], loss: 0.2179
 Epoch [15/40], Step[250/483], loss: 0.2997
 Epoch [15/40], Step[260/483], loss: 0.2272
 Epoch [15/40], Step[270/483], loss: 0.2380
 Epoch [15/40], Step[280/483], loss: 0.3614
 Epoch [15/40], Step[290/483], loss: 0.3448
 Epoch [15/40], Step[300/483], loss: 0.2952
 Epoch [15/40], Step[310/483], loss: 0.2513
 Epoch [15/40], Step[320/483], loss: 0.2208
 Epoch [15/40], Step[330/483], loss: 0.3837
 Epoch [15/40], Step[340/483], loss: 0.3119
 Epoch [15/40], Step[350/483], loss: 0.3259
 Epoch [15/40], Step[360/483], loss: 0.3019
 Epoch [15/40], Step[370/483], loss: 0.2478
 Epoch [15/40], Step[380/483], loss: 0.3971
 Epoch [15/40], Step[390/483], loss: 0.3508
 Epoch [15/40], Step[400/483], loss: 0.3476
 Epoch [15/40], Step[410/483], loss: 0.3023
 Epoch [15/40], Step[420/483], loss: 0.2869
 Epoch [15/40], Step[430/483], loss: 0.2666
 Epoch [15/40], Step[440/483], loss: 0.3647
 Epoch [15/40], Step[450/483], loss: 0.2496
 Epoch [15/40], Step[460/483], loss: 0.3635
 Epoch [15/40], Step[470/483], loss: 0.2570
 Epoch [15/40], Step[480/483], loss: 0.3079
 ====> Epoch 15: Training loss: 147.8534
 Training Accuracy: 0.901967
 ====> Epoch 15: Validation loss: 19.3231
 Validation Accuracy: 0.902667
 Epoch [16/40], Step[0/483], loss: 0.3541
 Epoch [16/40], Step[10/483], loss: 0.2539
 Epoch [16/40], Step[20/483], loss: 0.2798
 Epoch [16/40], Step[30/483], loss: 0.2940
 Epoch [16/40], Step[40/483], loss: 0.2736
 Epoch [16/40], Step[50/483], loss: 0.2567
 Epoch [16/40], Step[60/483], loss: 0.3237
 Epoch [16/40], Step[70/483], loss: 0.3093
 Epoch [16/40], Step[80/483], loss: 0.2745
 Epoch [16/40], Step[90/483], loss: 0.2932
 Epoch [16/40], Step[100/483], loss: 0.1982
 Epoch [16/40], Step[110/483], loss: 0.2648
 Epoch [16/40], Step[120/483], loss: 0.2781
 Epoch [16/40], Step[130/483], loss: 0.2607
 Epoch [16/40], Step[140/483], loss: 0.2726
 Epoch [16/40], Step[150/483], loss: 0.3255
 Epoch [16/40], Step[160/483], loss: 0.3544
 Epoch [16/40], Step[170/483], loss: 0.2494
 Epoch [16/40], Step[180/483], loss: 0.2549
 Epoch [16/40], Step[190/483], loss: 0.2591
 Epoch [16/40], Step[200/483], loss: 0.3550
 Epoch [16/40], Step[210/483], loss: 0.2247
 Epoch [16/40], Step[220/483], loss: 0.3406
 Epoch [16/40], Step[230/483], loss: 0.3253
 Epoch [16/40], Step[240/483], loss: 0.2393
 Epoch [16/40], Step[250/483], loss: 0.4681
 Epoch [16/40], Step[260/483], loss: 0.2337
 Epoch [16/40], Step[270/483], loss: 0.2589
 Epoch [16/40], Step[280/483], loss: 0.2896
 Epoch [16/40], Step[290/483], loss: 0.3410
 Epoch [16/40], Step[300/483], loss: 0.3138
 Epoch [16/40], Step[310/483], loss: 0.2719
 Epoch [16/40], Step[320/483], loss: 0.1888
 Epoch [16/40], Step[330/483], loss: 0.3620
 Epoch [16/40], Step[340/483], loss: 0.2367
 Epoch [16/40], Step[350/483], loss: 0.3067
 Epoch [16/40], Step[360/483], loss: 0.3278
 Epoch [16/40], Step[370/483], loss: 0.3134
 Epoch [16/40], Step[380/483], loss: 0.3444
 Epoch [16/40], Step[390/483], loss: 0.3528
 Epoch [16/40], Step[400/483], loss: 0.3466
 Epoch [16/40], Step[410/483], loss: 0.3771
 Epoch [16/40], Step[420/483], loss: 0.2896
 Epoch [16/40], Step[430/483], loss: 0.2850
 Epoch [16/40], Step[440/483], loss: 0.2646
 Epoch [16/40], Step[450/483], loss: 0.3655
 Epoch [16/40], Step[460/483], loss: 0.3045
 Epoch [16/40], Step[470/483], loss: 0.2741
 Epoch [16/40], Step[480/483], loss: 0.1863
 ====> Epoch 16: Training loss: 142.7039
 Training Accuracy: 0.906170
 ====> Epoch 16: Validation loss: 18.9039
 Validation Accuracy: 0.898667
 Epoch [17/40], Step[0/483], loss: 0.2471
 Epoch [17/40], Step[10/483], loss: 0.2723
 Epoch [17/40], Step[20/483], loss: 0.3120
 Epoch [17/40], Step[30/483], loss: 0.2604
 Epoch [17/40], Step[40/483], loss: 0.1861
 Epoch [17/40], Step[50/483], loss: 0.2356
 Epoch [17/40], Step[60/483], loss: 0.3947
 Epoch [17/40], Step[70/483], loss: 0.2513
 Epoch [17/40], Step[80/483], loss: 0.2965
 Epoch [17/40], Step[90/483], loss: 0.2695
 Epoch [17/40], Step[100/483], loss: 0.2334
 Epoch [17/40], Step[110/483], loss: 0.3270
 Epoch [17/40], Step[120/483], loss: 0.2644
 Epoch [17/40], Step[130/483], loss: 0.2729
 Epoch [17/40], Step[140/483], loss: 0.2450
 Epoch [17/40], Step[150/483], loss: 0.2779
 Epoch [17/40], Step[160/483], loss: 0.3049
 Epoch [17/40], Step[170/483], loss: 0.2382
 Epoch [17/40], Step[180/483], loss: 0.3054
 Epoch [17/40], Step[190/483], loss: 0.3187
 Epoch [17/40], Step[200/483], loss: 0.3739
 Epoch [17/40], Step[210/483], loss: 0.2665
 Epoch [17/40], Step[220/483], loss: 0.3384
 Epoch [17/40], Step[230/483], loss: 0.2642
 Epoch [17/40], Step[240/483], loss: 0.3184
 Epoch [17/40], Step[250/483], loss: 0.2983
 Epoch [17/40], Step[260/483], loss: 0.2399
 Epoch [17/40], Step[270/483], loss: 0.3478
 Epoch [17/40], Step[280/483], loss: 0.3442
 Epoch [17/40], Step[290/483], loss: 0.4086
 Epoch [17/40], Step[300/483], loss: 0.2702
 Epoch [17/40], Step[310/483], loss: 0.2967
 Epoch [17/40], Step[320/483], loss: 0.2579
 Epoch [17/40], Step[330/483], loss: 0.4168
 Epoch [17/40], Step[340/483], loss: 0.3330
 Epoch [17/40], Step[350/483], loss: 0.3047
 Epoch [17/40], Step[360/483], loss: 0.2802
 Epoch [17/40], Step[370/483], loss: 0.3829
 Epoch [17/40], Step[380/483], loss: 0.3938
 Epoch [17/40], Step[390/483], loss: 0.3735
 Epoch [17/40], Step[400/483], loss: 0.3610
 Epoch [17/40], Step[410/483], loss: 0.3376
 Epoch [17/40], Step[420/483], loss: 0.2693
 Epoch [17/40], Step[430/483], loss: 0.3115
 Epoch [17/40], Step[440/483], loss: 0.3492
 Epoch [17/40], Step[450/483], loss: 0.2284
 Epoch [17/40], Step[460/483], loss: 0.2784
 Epoch [17/40], Step[470/483], loss: 0.2530
 Epoch [17/40], Step[480/483], loss: 0.2652
 ====> Epoch 17: Training loss: 143.5169
 Training Accuracy: 0.904244
 ====> Epoch 17: Validation loss: 18.6619
 Validation Accuracy: 0.903333
 Epoch [18/40], Step[0/483], loss: 0.2725
 Epoch [18/40], Step[10/483], loss: 0.2773
 Epoch [18/40], Step[20/483], loss: 0.2690
 Epoch [18/40], Step[30/483], loss: 0.2873
 Epoch [18/40], Step[40/483], loss: 0.2462
 Epoch [18/40], Step[50/483], loss: 0.2819
 Epoch [18/40], Step[60/483], loss: 0.3893
 Epoch [18/40], Step[70/483], loss: 0.2282
 Epoch [18/40], Step[80/483], loss: 0.2406
 Epoch [18/40], Step[90/483], loss: 0.2805
 Epoch [18/40], Step[100/483], loss: 0.2784
 Epoch [18/40], Step[110/483], loss: 0.2881
 Epoch [18/40], Step[120/483], loss: 0.2953
 Epoch [18/40], Step[130/483], loss: 0.1979
 Epoch [18/40], Step[140/483], loss: 0.2821
 Epoch [18/40], Step[150/483], loss: 0.3148
 Epoch [18/40], Step[160/483], loss: 0.2886
 Epoch [18/40], Step[170/483], loss: 0.2263
 Epoch [18/40], Step[180/483], loss: 0.3249
 Epoch [18/40], Step[190/483], loss: 0.3381
 Epoch [18/40], Step[200/483], loss: 0.2384
 Epoch [18/40], Step[210/483], loss: 0.1673
 Epoch [18/40], Step[220/483], loss: 0.3150
 Epoch [18/40], Step[230/483], loss: 0.3322
 Epoch [18/40], Step[240/483], loss: 0.2608
 Epoch [18/40], Step[250/483], loss: 0.3572
 Epoch [18/40], Step[260/483], loss: 0.3247
 Epoch [18/40], Step[270/483], loss: 0.2629
 Epoch [18/40], Step[280/483], loss: 0.3125
 Epoch [18/40], Step[290/483], loss: 0.3368
 Epoch [18/40], Step[300/483], loss: 0.2721
 Epoch [18/40], Step[310/483], loss: 0.3650
 Epoch [18/40], Step[320/483], loss: 0.2865
 Epoch [18/40], Step[330/483], loss: 0.3444
 Epoch [18/40], Step[340/483], loss: 0.2941
 Epoch [18/40], Step[350/483], loss: 0.3092
 Epoch [18/40], Step[360/483], loss: 0.3543
 Epoch [18/40], Step[370/483], loss: 0.2407
 Epoch [18/40], Step[380/483], loss: 0.3148
 Epoch [18/40], Step[390/483], loss: 0.4219
 Epoch [18/40], Step[400/483], loss: 0.3084
 Epoch [18/40], Step[410/483], loss: 0.3844
 Epoch [18/40], Step[420/483], loss: 0.3376
 Epoch [18/40], Step[430/483], loss: 0.2671
 Epoch [18/40], Step[440/483], loss: 0.3159
 Epoch [18/40], Step[450/483], loss: 0.2575
 Epoch [18/40], Step[460/483], loss: 0.3380
 Epoch [18/40], Step[470/483], loss: 0.2850
 Epoch [18/40], Step[480/483], loss: 0.2172
 ====> Epoch 18: Training loss: 142.7165
 Training Accuracy: 0.908157
 ====> Epoch 18: Validation loss: 19.1225
 Validation Accuracy: 0.910833
 Epoch [19/40], Step[0/483], loss: 0.2795
 Epoch [19/40], Step[10/483], loss: 0.3565
 Epoch [19/40], Step[20/483], loss: 0.2697
 Epoch [19/40], Step[30/483], loss: 0.2506
 Epoch [19/40], Step[40/483], loss: 0.2666
 Epoch [19/40], Step[50/483], loss: 0.3026
 Epoch [19/40], Step[60/483], loss: 0.4353
 Epoch [19/40], Step[70/483], loss: 0.2334
 Epoch [19/40], Step[80/483], loss: 0.2268
 Epoch [19/40], Step[90/483], loss: 0.2728
 Epoch [19/40], Step[100/483], loss: 0.1572
 Epoch [19/40], Step[110/483], loss: 0.3914
 Epoch [19/40], Step[120/483], loss: 0.2661
 Epoch [19/40], Step[130/483], loss: 0.2178
 Epoch [19/40], Step[140/483], loss: 0.2895
 Epoch [19/40], Step[150/483], loss: 0.2918
 Epoch [19/40], Step[160/483], loss: 0.2909
 Epoch [19/40], Step[170/483], loss: 0.3233
 Epoch [19/40], Step[180/483], loss: 0.2604
 Epoch [19/40], Step[190/483], loss: 0.2876
 Epoch [19/40], Step[200/483], loss: 0.2860
 Epoch [19/40], Step[210/483], loss: 0.1856
 Epoch [19/40], Step[220/483], loss: 0.3176
 Epoch [19/40], Step[230/483], loss: 0.3534
 Epoch [19/40], Step[240/483], loss: 0.2449
 Epoch [19/40], Step[250/483], loss: 0.3074
 Epoch [19/40], Step[260/483], loss: 0.2976
 Epoch [19/40], Step[270/483], loss: 0.3473
 Epoch [19/40], Step[280/483], loss: 0.3482
 Epoch [19/40], Step[290/483], loss: 0.2640
 Epoch [19/40], Step[300/483], loss: 0.2798
 Epoch [19/40], Step[310/483], loss: 0.2949
 Epoch [19/40], Step[320/483], loss: 0.2117
 Epoch [19/40], Step[330/483], loss: 0.3278
 Epoch [19/40], Step[340/483], loss: 0.2041
 Epoch [19/40], Step[350/483], loss: 0.3993
 Epoch [19/40], Step[360/483], loss: 0.2544
 Epoch [19/40], Step[370/483], loss: 0.2068
 Epoch [19/40], Step[380/483], loss: 0.3258
 Epoch [19/40], Step[390/483], loss: 0.3555
 Epoch [19/40], Step[400/483], loss: 0.2947
 Epoch [19/40], Step[410/483], loss: 0.2443
 Epoch [19/40], Step[420/483], loss: 0.2545
 Epoch [19/40], Step[430/483], loss: 0.2684
 Epoch [19/40], Step[440/483], loss: 0.3260
 Epoch [19/40], Step[450/483], loss: 0.2419
 Epoch [19/40], Step[460/483], loss: 0.3388
 Epoch [19/40], Step[470/483], loss: 0.2632
 Epoch [19/40], Step[480/483], loss: 0.2485
 ====> Epoch 19: Training loss: 138.5583
 Training Accuracy: 0.910518
 ====> Epoch 19: Validation loss: 19.0128
 Validation Accuracy: 0.904333
 Epoch [20/40], Step[0/483], loss: 0.2707
 Epoch [20/40], Step[10/483], loss: 0.2431
 Epoch [20/40], Step[20/483], loss: 0.2662
 Epoch [20/40], Step[30/483], loss: 0.2695
 Epoch [20/40], Step[40/483], loss: 0.3221
 Epoch [20/40], Step[50/483], loss: 0.2347
 Epoch [20/40], Step[60/483], loss: 0.3784
 Epoch [20/40], Step[70/483], loss: 0.2124
 Epoch [20/40], Step[80/483], loss: 0.2523
 Epoch [20/40], Step[90/483], loss: 0.2519
 Epoch [20/40], Step[100/483], loss: 0.1735
 Epoch [20/40], Step[110/483], loss: 0.2919
 Epoch [20/40], Step[120/483], loss: 0.3082
 Epoch [20/40], Step[130/483], loss: 0.2074
 Epoch [20/40], Step[140/483], loss: 0.4714
 Epoch [20/40], Step[150/483], loss: 0.4235
 Epoch [20/40], Step[160/483], loss: 0.2829
 Epoch [20/40], Step[170/483], loss: 0.2828
 Epoch [20/40], Step[180/483], loss: 0.2221
 Epoch [20/40], Step[190/483], loss: 0.2860
 Epoch [20/40], Step[200/483], loss: 0.2715
 Epoch [20/40], Step[210/483], loss: 0.2337
 Epoch [20/40], Step[220/483], loss: 0.3700
 Epoch [20/40], Step[230/483], loss: 0.2920
 Epoch [20/40], Step[240/483], loss: 0.2178
 Epoch [20/40], Step[250/483], loss: 0.3016
 Epoch [20/40], Step[260/483], loss: 0.2861
 Epoch [20/40], Step[270/483], loss: 0.2814
 Epoch [20/40], Step[280/483], loss: 0.3123
 Epoch [20/40], Step[290/483], loss: 0.3528
 Epoch [20/40], Step[300/483], loss: 0.2754
 Epoch [20/40], Step[310/483], loss: 0.2900
 Epoch [20/40], Step[320/483], loss: 0.2486
 Epoch [20/40], Step[330/483], loss: 0.3323
 Epoch [20/40], Step[340/483], loss: 0.2713
 Epoch [20/40], Step[350/483], loss: 0.3897
 Epoch [20/40], Step[360/483], loss: 0.2528
 Epoch [20/40], Step[370/483], loss: 0.2374
 Epoch [20/40], Step[380/483], loss: 0.2744
 Epoch [20/40], Step[390/483], loss: 0.4294
 Epoch [20/40], Step[400/483], loss: 0.2914
 Epoch [20/40], Step[410/483], loss: 0.3678
 Epoch [20/40], Step[420/483], loss: 0.2513
 Epoch [20/40], Step[430/483], loss: 0.2139
 Epoch [20/40], Step[440/483], loss: 0.2645
 Epoch [20/40], Step[450/483], loss: 0.2695
 Epoch [20/40], Step[460/483], loss: 0.2914
 Epoch [20/40], Step[470/483], loss: 0.2698
 Epoch [20/40], Step[480/483], loss: 0.3522
 ====> Epoch 20: Training loss: 139.1615
 Training Accuracy: 0.908882
 ====> Epoch 20: Validation loss: 18.6170
 Validation Accuracy: 0.916333
 Epoch [21/40], Step[0/483], loss: 0.2690
 Epoch [21/40], Step[10/483], loss: 0.2855
 Epoch [21/40], Step[20/483], loss: 0.2319
 Epoch [21/40], Step[30/483], loss: 0.2800
 Epoch [21/40], Step[40/483], loss: 0.2564
 Epoch [21/40], Step[50/483], loss: 0.3327
 Epoch [21/40], Step[60/483], loss: 0.3260
 Epoch [21/40], Step[70/483], loss: 0.2653
 Epoch [21/40], Step[80/483], loss: 0.2464
 Epoch [21/40], Step[90/483], loss: 0.2361
 Epoch [21/40], Step[100/483], loss: 0.2313
 Epoch [21/40], Step[110/483], loss: 0.2316
 Epoch [21/40], Step[120/483], loss: 0.2865
 Epoch [21/40], Step[130/483], loss: 0.2285
 Epoch [21/40], Step[140/483], loss: 0.2677
 Epoch [21/40], Step[150/483], loss: 0.3437
 Epoch [21/40], Step[160/483], loss: 0.2449
 Epoch [21/40], Step[170/483], loss: 0.2650
 Epoch [21/40], Step[180/483], loss: 0.2362
 Epoch [21/40], Step[190/483], loss: 0.2681
 Epoch [21/40], Step[200/483], loss: 0.3376
 Epoch [21/40], Step[210/483], loss: 0.2202
 Epoch [21/40], Step[220/483], loss: 0.3562
 Epoch [21/40], Step[230/483], loss: 0.4132
 Epoch [21/40], Step[240/483], loss: 0.2075
 Epoch [21/40], Step[250/483], loss: 0.2622
 Epoch [21/40], Step[260/483], loss: 0.2193
 Epoch [21/40], Step[270/483], loss: 0.2414
 Epoch [21/40], Step[280/483], loss: 0.3807
 Epoch [21/40], Step[290/483], loss: 0.3089
 Epoch [21/40], Step[300/483], loss: 0.2830
 Epoch [21/40], Step[310/483], loss: 0.3141
 Epoch [21/40], Step[320/483], loss: 0.2167
 Epoch [21/40], Step[330/483], loss: 0.2957
 Epoch [21/40], Step[340/483], loss: 0.3016
 Epoch [21/40], Step[350/483], loss: 0.3629
 Epoch [21/40], Step[360/483], loss: 0.3226
 Epoch [21/40], Step[370/483], loss: 0.2506
 Epoch [21/40], Step[380/483], loss: 0.3197
 Epoch [21/40], Step[390/483], loss: 0.3369
 Epoch [21/40], Step[400/483], loss: 0.2555
 Epoch [21/40], Step[410/483], loss: 0.2325
 Epoch [21/40], Step[420/483], loss: 0.2633
 Epoch [21/40], Step[430/483], loss: 0.2851
 Epoch [21/40], Step[440/483], loss: 0.2526
 Epoch [21/40], Step[450/483], loss: 0.2304
 Epoch [21/40], Step[460/483], loss: 0.2739
 Epoch [21/40], Step[470/483], loss: 0.3656
 Epoch [21/40], Step[480/483], loss: 0.2557
 ====> Epoch 21: Training loss: 138.5540
 Training Accuracy: 0.914141
 ====> Epoch 21: Validation loss: 18.4070
 Validation Accuracy: 0.904833
 Epoch [22/40], Step[0/483], loss: 0.2483
 Epoch [22/40], Step[10/483], loss: 0.3256
 Epoch [22/40], Step[20/483], loss: 0.3180
 Epoch [22/40], Step[30/483], loss: 0.2702
 Epoch [22/40], Step[40/483], loss: 0.3015
 Epoch [22/40], Step[50/483], loss: 0.3055
 Epoch [22/40], Step[60/483], loss: 0.4085
 Epoch [22/40], Step[70/483], loss: 0.2324
 Epoch [22/40], Step[80/483], loss: 0.2698
 Epoch [22/40], Step[90/483], loss: 0.2393
 Epoch [22/40], Step[100/483], loss: 0.2672
 Epoch [22/40], Step[110/483], loss: 0.2544
 Epoch [22/40], Step[120/483], loss: 0.2901
 Epoch [22/40], Step[130/483], loss: 0.2769
 Epoch [22/40], Step[140/483], loss: 0.3380
 Epoch [22/40], Step[150/483], loss: 0.3359
 Epoch [22/40], Step[160/483], loss: 0.2383
 Epoch [22/40], Step[170/483], loss: 0.2502
 Epoch [22/40], Step[180/483], loss: 0.2371
 Epoch [22/40], Step[190/483], loss: 0.2761
 Epoch [22/40], Step[200/483], loss: 0.1942
 Epoch [22/40], Step[210/483], loss: 0.2000
 Epoch [22/40], Step[220/483], loss: 0.3720
 Epoch [22/40], Step[230/483], loss: 0.3007
 Epoch [22/40], Step[240/483], loss: 0.2791
 Epoch [22/40], Step[250/483], loss: 0.1982
 Epoch [22/40], Step[260/483], loss: 0.2170
 Epoch [22/40], Step[270/483], loss: 0.2964
 Epoch [22/40], Step[280/483], loss: 0.3359
 Epoch [22/40], Step[290/483], loss: 0.3048
 Epoch [22/40], Step[300/483], loss: 0.2203
 Epoch [22/40], Step[310/483], loss: 0.3991
 Epoch [22/40], Step[320/483], loss: 0.2529
 Epoch [22/40], Step[330/483], loss: 0.3257
 Epoch [22/40], Step[340/483], loss: 0.2813
 Epoch [22/40], Step[350/483], loss: 0.3400
 Epoch [22/40], Step[360/483], loss: 0.2810
 Epoch [22/40], Step[370/483], loss: 0.3440
 Epoch [22/40], Step[380/483], loss: 0.2817
 Epoch [22/40], Step[390/483], loss: 0.3649
 Epoch [22/40], Step[400/483], loss: 0.3927
 Epoch [22/40], Step[410/483], loss: 0.3033
 Epoch [22/40], Step[420/483], loss: 0.2695
 Epoch [22/40], Step[430/483], loss: 0.2332
 Epoch [22/40], Step[440/483], loss: 0.2880
 Epoch [22/40], Step[450/483], loss: 0.2871
 Epoch [22/40], Step[460/483], loss: 0.3583
 Epoch [22/40], Step[470/483], loss: 0.2177
 Epoch [22/40], Step[480/483], loss: 0.2013
 ====> Epoch 22: Training loss: 136.5374
 Training Accuracy: 0.907391
 ====> Epoch 22: Validation loss: 17.8369
 Validation Accuracy: 0.902667
 Epoch [23/40], Step[0/483], loss: 0.2601
 Epoch [23/40], Step[10/483], loss: 0.3458
 Epoch [23/40], Step[20/483], loss: 0.3552
 Epoch [23/40], Step[30/483], loss: 0.2684
 Epoch [23/40], Step[40/483], loss: 0.2434
 Epoch [23/40], Step[50/483], loss: 0.2334
 Epoch [23/40], Step[60/483], loss: 0.2554
 Epoch [23/40], Step[70/483], loss: 0.1881
 Epoch [23/40], Step[80/483], loss: 0.2889
 Epoch [23/40], Step[90/483], loss: 0.2491
 Epoch [23/40], Step[100/483], loss: 0.2359
 Epoch [23/40], Step[110/483], loss: 0.2573
 Epoch [23/40], Step[120/483], loss: 0.2350
 Epoch [23/40], Step[130/483], loss: 0.3432
 Epoch [23/40], Step[140/483], loss: 0.2927
 Epoch [23/40], Step[150/483], loss: 0.2964
 Epoch [23/40], Step[160/483], loss: 0.2957
 Epoch [23/40], Step[170/483], loss: 0.2542
 Epoch [23/40], Step[180/483], loss: 0.2786
 Epoch [23/40], Step[190/483], loss: 0.2717
 Epoch [23/40], Step[200/483], loss: 0.3173
 Epoch [23/40], Step[210/483], loss: 0.2308
 Epoch [23/40], Step[220/483], loss: 0.3084
 Epoch [23/40], Step[230/483], loss: 0.2977
 Epoch [23/40], Step[240/483], loss: 0.2171
 Epoch [23/40], Step[250/483], loss: 0.2410
 Epoch [23/40], Step[260/483], loss: 0.2077
 Epoch [23/40], Step[270/483], loss: 0.2752
 Epoch [23/40], Step[280/483], loss: 0.2997
 Epoch [23/40], Step[290/483], loss: 0.2761
 Epoch [23/40], Step[300/483], loss: 0.2312
 Epoch [23/40], Step[310/483], loss: 0.4059
 Epoch [23/40], Step[320/483], loss: 0.2322
 Epoch [23/40], Step[330/483], loss: 0.3330
 Epoch [23/40], Step[340/483], loss: 0.3186
 Epoch [23/40], Step[350/483], loss: 0.2896
 Epoch [23/40], Step[360/483], loss: 0.2621
 Epoch [23/40], Step[370/483], loss: 0.2765
 Epoch [23/40], Step[380/483], loss: 0.3155
 Epoch [23/40], Step[390/483], loss: 0.3570
 Epoch [23/40], Step[400/483], loss: 0.4109
 Epoch [23/40], Step[410/483], loss: 0.2629
 Epoch [23/40], Step[420/483], loss: 0.3194
 Epoch [23/40], Step[430/483], loss: 0.2278
 Epoch [23/40], Step[440/483], loss: 0.3097
 Epoch [23/40], Step[450/483], loss: 0.2146
 Epoch [23/40], Step[460/483], loss: 0.2997
 Epoch [23/40], Step[470/483], loss: 0.2720
 Epoch [23/40], Step[480/483], loss: 0.2760
 ====> Epoch 23: Training loss: 135.7127
 Training Accuracy: 0.911449
 ====> Epoch 23: Validation loss: 18.3505
 Validation Accuracy: 0.899000
 Epoch [24/40], Step[0/483], loss: 0.2805
 Epoch [24/40], Step[10/483], loss: 0.2670
 Epoch [24/40], Step[20/483], loss: 0.3193
 Epoch [24/40], Step[30/483], loss: 0.2447
 Epoch [24/40], Step[40/483], loss: 0.1641
 Epoch [24/40], Step[50/483], loss: 0.2475
 Epoch [24/40], Step[60/483], loss: 0.3365
 Epoch [24/40], Step[70/483], loss: 0.2229
 Epoch [24/40], Step[80/483], loss: 0.2733
 Epoch [24/40], Step[90/483], loss: 0.2607
 Epoch [24/40], Step[100/483], loss: 0.3093
 Epoch [24/40], Step[110/483], loss: 0.2813
 Epoch [24/40], Step[120/483], loss: 0.4407
 Epoch [24/40], Step[130/483], loss: 0.2491
 Epoch [24/40], Step[140/483], loss: 0.1799
 Epoch [24/40], Step[150/483], loss: 0.3210
 Epoch [24/40], Step[160/483], loss: 0.2646
 Epoch [24/40], Step[170/483], loss: 0.2473
 Epoch [24/40], Step[180/483], loss: 0.2595
 Epoch [24/40], Step[190/483], loss: 0.2447
 Epoch [24/40], Step[200/483], loss: 0.2650
 Epoch [24/40], Step[210/483], loss: 0.1980
 Epoch [24/40], Step[220/483], loss: 0.4012
 Epoch [24/40], Step[230/483], loss: 0.4782
 Epoch [24/40], Step[240/483], loss: 0.2379
 Epoch [24/40], Step[250/483], loss: 0.2585
 Epoch [24/40], Step[260/483], loss: 0.2259
 Epoch [24/40], Step[270/483], loss: 0.2764
 Epoch [24/40], Step[280/483], loss: 0.3209
 Epoch [24/40], Step[290/483], loss: 0.3399
 Epoch [24/40], Step[300/483], loss: 0.2619
 Epoch [24/40], Step[310/483], loss: 0.3856
 Epoch [24/40], Step[320/483], loss: 0.2364
 Epoch [24/40], Step[330/483], loss: 0.3742
 Epoch [24/40], Step[340/483], loss: 0.2670
 Epoch [24/40], Step[350/483], loss: 0.2203
 Epoch [24/40], Step[360/483], loss: 0.2900
 Epoch [24/40], Step[370/483], loss: 0.3133
 Epoch [24/40], Step[380/483], loss: 0.3063
 Epoch [24/40], Step[390/483], loss: 0.4931
 Epoch [24/40], Step[400/483], loss: 0.2705
 Epoch [24/40], Step[410/483], loss: 0.2902
 Epoch [24/40], Step[420/483], loss: 0.3682
 Epoch [24/40], Step[430/483], loss: 0.2264
 Epoch [24/40], Step[440/483], loss: 0.2751
 Epoch [24/40], Step[450/483], loss: 0.2788
 Epoch [24/40], Step[460/483], loss: 0.3298
 Epoch [24/40], Step[470/483], loss: 0.3133
 Epoch [24/40], Step[480/483], loss: 0.3535
 ====> Epoch 24: Training loss: 138.3478
 Training Accuracy: 0.909814
 ====> Epoch 24: Validation loss: 18.7319
 Validation Accuracy: 0.927500
 Epoch [25/40], Step[0/483], loss: 0.2989
 Epoch [25/40], Step[10/483], loss: 0.3349
 Epoch [25/40], Step[20/483], loss: 0.2380
 Epoch [25/40], Step[30/483], loss: 0.2624
 Epoch [25/40], Step[40/483], loss: 0.3115
 Epoch [25/40], Step[50/483], loss: 0.2813
 Epoch [25/40], Step[60/483], loss: 0.3412
 Epoch [25/40], Step[70/483], loss: 0.2309
 Epoch [25/40], Step[80/483], loss: 0.2240
 Epoch [25/40], Step[90/483], loss: 0.2918
 Epoch [25/40], Step[100/483], loss: 0.2281
 Epoch [25/40], Step[110/483], loss: 0.2184
 Epoch [25/40], Step[120/483], loss: 0.1771
 Epoch [25/40], Step[130/483], loss: 0.2607
 Epoch [25/40], Step[140/483], loss: 0.2158
 Epoch [25/40], Step[150/483], loss: 0.2767
 Epoch [25/40], Step[160/483], loss: 0.2418
 Epoch [25/40], Step[170/483], loss: 0.3078
 Epoch [25/40], Step[180/483], loss: 0.2628
 Epoch [25/40], Step[190/483], loss: 0.2728
 Epoch [25/40], Step[200/483], loss: 0.1722
 Epoch [25/40], Step[210/483], loss: 0.2252
 Epoch [25/40], Step[220/483], loss: 0.3148
 Epoch [25/40], Step[230/483], loss: 0.3064
 Epoch [25/40], Step[240/483], loss: 0.2223
 Epoch [25/40], Step[250/483], loss: 0.2474
 Epoch [25/40], Step[260/483], loss: 0.2164
 Epoch [25/40], Step[270/483], loss: 0.3281
 Epoch [25/40], Step[280/483], loss: 0.3187
 Epoch [25/40], Step[290/483], loss: 0.2337
 Epoch [25/40], Step[300/483], loss: 0.3359
 Epoch [25/40], Step[310/483], loss: 0.3592
 Epoch [25/40], Step[320/483], loss: 0.2196
 Epoch [25/40], Step[330/483], loss: 0.2674
 Epoch [25/40], Step[340/483], loss: 0.2319
 Epoch [25/40], Step[350/483], loss: 0.2705
 Epoch [25/40], Step[360/483], loss: 0.2400
 Epoch [25/40], Step[370/483], loss: 0.2635
 Epoch [25/40], Step[380/483], loss: 0.2814
 Epoch [25/40], Step[390/483], loss: 0.3433
 Epoch [25/40], Step[400/483], loss: 0.2404
 Epoch [25/40], Step[410/483], loss: 0.2209
 Epoch [25/40], Step[420/483], loss: 0.2220
 Epoch [25/40], Step[430/483], loss: 0.2259
 Epoch [25/40], Step[440/483], loss: 0.2567
 Epoch [25/40], Step[450/483], loss: 0.1895
 Epoch [25/40], Step[460/483], loss: 0.2944
 Epoch [25/40], Step[470/483], loss: 0.2614
 Epoch [25/40], Step[480/483], loss: 0.2851
 ====> Epoch 25: Training loss: 134.5075
 Training Accuracy: 0.915631
 ====> Epoch 25: Validation loss: 18.4502
 Validation Accuracy: 0.908167
 Epoch [26/40], Step[0/483], loss: 0.2289
 Epoch [26/40], Step[10/483], loss: 0.2272
 Epoch [26/40], Step[20/483], loss: 0.2293
 Epoch [26/40], Step[30/483], loss: 0.3406
 Epoch [26/40], Step[40/483], loss: 0.3203
 Epoch [26/40], Step[50/483], loss: 0.2224
 Epoch [26/40], Step[60/483], loss: 0.3428
 Epoch [26/40], Step[70/483], loss: 0.2399
 Epoch [26/40], Step[80/483], loss: 0.1970
 Epoch [26/40], Step[90/483], loss: 0.2548
 Epoch [26/40], Step[100/483], loss: 0.2714
 Epoch [26/40], Step[110/483], loss: 0.3431
 Epoch [26/40], Step[120/483], loss: 0.4066
 Epoch [26/40], Step[130/483], loss: 0.2536
 Epoch [26/40], Step[140/483], loss: 0.2458
 Epoch [26/40], Step[150/483], loss: 0.2432
 Epoch [26/40], Step[160/483], loss: 0.2534
 Epoch [26/40], Step[170/483], loss: 0.2944
 Epoch [26/40], Step[180/483], loss: 0.2602
 Epoch [26/40], Step[190/483], loss: 0.2521
 Epoch [26/40], Step[200/483], loss: 0.3129
 Epoch [26/40], Step[210/483], loss: 0.2629
 Epoch [26/40], Step[220/483], loss: 0.2629
 Epoch [26/40], Step[230/483], loss: 0.3405
 Epoch [26/40], Step[240/483], loss: 0.2481
 Epoch [26/40], Step[250/483], loss: 0.3818
 Epoch [26/40], Step[260/483], loss: 0.2169
 Epoch [26/40], Step[270/483], loss: 0.2659
 Epoch [26/40], Step[280/483], loss: 0.2934
 Epoch [26/40], Step[290/483], loss: 0.2509
 Epoch [26/40], Step[300/483], loss: 0.2697
 Epoch [26/40], Step[310/483], loss: 0.2664
 Epoch [26/40], Step[320/483], loss: 0.1948
 Epoch [26/40], Step[330/483], loss: 0.2958
 Epoch [26/40], Step[340/483], loss: 0.2580
 Epoch [26/40], Step[350/483], loss: 0.3107
 Epoch [26/40], Step[360/483], loss: 0.3134
 Epoch [26/40], Step[370/483], loss: 0.2633
 Epoch [26/40], Step[380/483], loss: 0.3167
 Epoch [26/40], Step[390/483], loss: 0.3459
 Epoch [26/40], Step[400/483], loss: 0.2609
 Epoch [26/40], Step[410/483], loss: 0.2953
 Epoch [26/40], Step[420/483], loss: 0.2828
 Epoch [26/40], Step[430/483], loss: 0.2649
 Epoch [26/40], Step[440/483], loss: 0.2967
 Epoch [26/40], Step[450/483], loss: 0.2018
 Epoch [26/40], Step[460/483], loss: 0.3184
 Epoch [26/40], Step[470/483], loss: 0.2302
 Epoch [26/40], Step[480/483], loss: 0.2616
 ====> Epoch 26: Training loss: 134.9087
 Training Accuracy: 0.911325
 ====> Epoch 26: Validation loss: 18.9999
 Validation Accuracy: 0.912833
 Epoch [27/40], Step[0/483], loss: 0.2753
 Epoch [27/40], Step[10/483], loss: 0.2628
 Epoch [27/40], Step[20/483], loss: 0.2062
 Epoch [27/40], Step[30/483], loss: 0.3294
 Epoch [27/40], Step[40/483], loss: 0.3415
 Epoch [27/40], Step[50/483], loss: 0.2570
 Epoch [27/40], Step[60/483], loss: 0.2711
 Epoch [27/40], Step[70/483], loss: 0.2456
 Epoch [27/40], Step[80/483], loss: 0.2578
 Epoch [27/40], Step[90/483], loss: 0.3096
 Epoch [27/40], Step[100/483], loss: 0.3093
 Epoch [27/40], Step[110/483], loss: 0.2932
 Epoch [27/40], Step[120/483], loss: 0.2950
 Epoch [27/40], Step[130/483], loss: 0.5025
 Epoch [27/40], Step[140/483], loss: 0.2310
 Epoch [27/40], Step[150/483], loss: 0.3010
 Epoch [27/40], Step[160/483], loss: 0.3061
 Epoch [27/40], Step[170/483], loss: 0.3464
 Epoch [27/40], Step[180/483], loss: 0.2301
 Epoch [27/40], Step[190/483], loss: 0.3006
 Epoch [27/40], Step[200/483], loss: 0.2370
 Epoch [27/40], Step[210/483], loss: 0.2197
 Epoch [27/40], Step[220/483], loss: 0.3134
 Epoch [27/40], Step[230/483], loss: 0.3058
 Epoch [27/40], Step[240/483], loss: 0.2613
 Epoch [27/40], Step[250/483], loss: 0.2784
 Epoch [27/40], Step[260/483], loss: 0.2664
 Epoch [27/40], Step[270/483], loss: 0.2781
 Epoch [27/40], Step[280/483], loss: 0.2217
 Epoch [27/40], Step[290/483], loss: 0.2130
 Epoch [27/40], Step[300/483], loss: 0.2435
 Epoch [27/40], Step[310/483], loss: 0.3180
 Epoch [27/40], Step[320/483], loss: 0.2406
 Epoch [27/40], Step[330/483], loss: 0.3022
 Epoch [27/40], Step[340/483], loss: 0.2671
 Epoch [27/40], Step[350/483], loss: 0.2306
 Epoch [27/40], Step[360/483], loss: 0.3310
 Epoch [27/40], Step[370/483], loss: 0.2293
 Epoch [27/40], Step[380/483], loss: 0.2572
 Epoch [27/40], Step[390/483], loss: 0.3039
 Epoch [27/40], Step[400/483], loss: 0.3291
 Epoch [27/40], Step[410/483], loss: 0.2621
 Epoch [27/40], Step[420/483], loss: 0.2692
 Epoch [27/40], Step[430/483], loss: 0.2530
 Epoch [27/40], Step[440/483], loss: 0.4043
 Epoch [27/40], Step[450/483], loss: 0.2704
 Epoch [27/40], Step[460/483], loss: 0.2669
 Epoch [27/40], Step[470/483], loss: 0.1967
 Epoch [27/40], Step[480/483], loss: 0.2444
 ====> Epoch 27: Training loss: 132.4099
 Training Accuracy: 0.920331
 ====> Epoch 27: Validation loss: 18.7093
 Validation Accuracy: 0.916000
 Epoch [28/40], Step[0/483], loss: 0.2378
 Epoch [28/40], Step[10/483], loss: 0.2216
 Epoch [28/40], Step[20/483], loss: 0.3832
 Epoch [28/40], Step[30/483], loss: 0.2144
 Epoch [28/40], Step[40/483], loss: 0.3480
 Epoch [28/40], Step[50/483], loss: 0.2863
 Epoch [28/40], Step[60/483], loss: 0.2196
 Epoch [28/40], Step[70/483], loss: 0.1909
 Epoch [28/40], Step[80/483], loss: 0.2466
 Epoch [28/40], Step[90/483], loss: 0.3186
 Epoch [28/40], Step[100/483], loss: 0.2180
 Epoch [28/40], Step[110/483], loss: 0.1904
 Epoch [28/40], Step[120/483], loss: 0.2618
 Epoch [28/40], Step[130/483], loss: 0.2636
 Epoch [28/40], Step[140/483], loss: 0.3421
 Epoch [28/40], Step[150/483], loss: 0.2653
 Epoch [28/40], Step[160/483], loss: 0.3176
 Epoch [28/40], Step[170/483], loss: 0.3155
 Epoch [28/40], Step[180/483], loss: 0.2096
 Epoch [28/40], Step[190/483], loss: 0.2023
 Epoch [28/40], Step[200/483], loss: 0.2214
 Epoch [28/40], Step[210/483], loss: 0.1905
 Epoch [28/40], Step[220/483], loss: 0.3097
 Epoch [28/40], Step[230/483], loss: 0.3517
 Epoch [28/40], Step[240/483], loss: 0.2603
 Epoch [28/40], Step[250/483], loss: 0.3481
 Epoch [28/40], Step[260/483], loss: 0.2419
 Epoch [28/40], Step[270/483], loss: 0.1899
 Epoch [28/40], Step[280/483], loss: 0.3141
 Epoch [28/40], Step[290/483], loss: 0.2374
 Epoch [28/40], Step[300/483], loss: 0.2059
 Epoch [28/40], Step[310/483], loss: 0.3433
 Epoch [28/40], Step[320/483], loss: 0.2611
 Epoch [28/40], Step[330/483], loss: 0.2738
 Epoch [28/40], Step[340/483], loss: 0.2179
 Epoch [28/40], Step[350/483], loss: 0.3036
 Epoch [28/40], Step[360/483], loss: 0.3269
 Epoch [28/40], Step[370/483], loss: 0.2377
 Epoch [28/40], Step[380/483], loss: 0.3526
 Epoch [28/40], Step[390/483], loss: 0.3668
 Epoch [28/40], Step[400/483], loss: 0.2898
 Epoch [28/40], Step[410/483], loss: 0.2743
 Epoch [28/40], Step[420/483], loss: 0.3129
 Epoch [28/40], Step[430/483], loss: 0.2306
 Epoch [28/40], Step[440/483], loss: 0.2349
 Epoch [28/40], Step[450/483], loss: 0.2299
 Epoch [28/40], Step[460/483], loss: 0.3251
 Epoch [28/40], Step[470/483], loss: 0.2964
 Epoch [28/40], Step[480/483], loss: 0.2031
 ====> Epoch 28: Training loss: 131.7305
 Training Accuracy: 0.920538
 ====> Epoch 28: Validation loss: 18.1452
 Validation Accuracy: 0.907833
 Epoch [29/40], Step[0/483], loss: 0.2061
 Epoch [29/40], Step[10/483], loss: 0.2395
 Epoch [29/40], Step[20/483], loss: 0.4163
 Epoch [29/40], Step[30/483], loss: 0.2812
 Epoch [29/40], Step[40/483], loss: 0.3145
 Epoch [29/40], Step[50/483], loss: 0.3032
 Epoch [29/40], Step[60/483], loss: 0.3398
 Epoch [29/40], Step[70/483], loss: 0.2492
 Epoch [29/40], Step[80/483], loss: 0.2634
 Epoch [29/40], Step[90/483], loss: 0.2983
 Epoch [29/40], Step[100/483], loss: 0.1681
 Epoch [29/40], Step[110/483], loss: 0.2506
 Epoch [29/40], Step[120/483], loss: 0.2883
 Epoch [29/40], Step[130/483], loss: 0.2721
 Epoch [29/40], Step[140/483], loss: 0.2589
 Epoch [29/40], Step[150/483], loss: 0.2709
 Epoch [29/40], Step[160/483], loss: 0.2013
 Epoch [29/40], Step[170/483], loss: 0.2842
 Epoch [29/40], Step[180/483], loss: 0.3320
 Epoch [29/40], Step[190/483], loss: 0.2605
 Epoch [29/40], Step[200/483], loss: 0.2173
 Epoch [29/40], Step[210/483], loss: 0.1755
 Epoch [29/40], Step[220/483], loss: 0.3555
 Epoch [29/40], Step[230/483], loss: 0.3361
 Epoch [29/40], Step[240/483], loss: 0.2190
 Epoch [29/40], Step[250/483], loss: 0.2595
 Epoch [29/40], Step[260/483], loss: 0.2309
 Epoch [29/40], Step[270/483], loss: 0.2346
 Epoch [29/40], Step[280/483], loss: 0.3022
 Epoch [29/40], Step[290/483], loss: 0.2963
 Epoch [29/40], Step[300/483], loss: 0.2791
 Epoch [29/40], Step[310/483], loss: 0.2987
 Epoch [29/40], Step[320/483], loss: 0.2293
 Epoch [29/40], Step[330/483], loss: 0.3338
 Epoch [29/40], Step[340/483], loss: 0.2056
 Epoch [29/40], Step[350/483], loss: 0.2997
 Epoch [29/40], Step[360/483], loss: 0.2418
 Epoch [29/40], Step[370/483], loss: 0.2127
 Epoch [29/40], Step[380/483], loss: 0.2295
 Epoch [29/40], Step[390/483], loss: 0.3919
 Epoch [29/40], Step[400/483], loss: 0.3009
 Epoch [29/40], Step[410/483], loss: 0.3137
 Epoch [29/40], Step[420/483], loss: 0.2844
 Epoch [29/40], Step[430/483], loss: 0.2692
 Epoch [29/40], Step[440/483], loss: 0.2233
 Epoch [29/40], Step[450/483], loss: 0.2824
 Epoch [29/40], Step[460/483], loss: 0.2654
 Epoch [29/40], Step[470/483], loss: 0.2442
 Epoch [29/40], Step[480/483], loss: 0.2930
 ====> Epoch 29: Training loss: 133.2985
 Training Accuracy: 0.928075
 ====> Epoch 29: Validation loss: 18.5056
 Validation Accuracy: 0.910500
 Epoch [30/40], Step[0/483], loss: 0.2228
 Epoch [30/40], Step[10/483], loss: 0.2766
 Epoch [30/40], Step[20/483], loss: 0.2276
 Epoch [30/40], Step[30/483], loss: 0.2588
 Epoch [30/40], Step[40/483], loss: 0.1694
 Epoch [30/40], Step[50/483], loss: 0.2144
 Epoch [30/40], Step[60/483], loss: 0.3269
 Epoch [30/40], Step[70/483], loss: 0.2082
 Epoch [30/40], Step[80/483], loss: 0.2720
 Epoch [30/40], Step[90/483], loss: 0.3118
 Epoch [30/40], Step[100/483], loss: 0.2607
 Epoch [30/40], Step[110/483], loss: 0.2519
 Epoch [30/40], Step[120/483], loss: 0.5597
 Epoch [30/40], Step[130/483], loss: 0.1948
 Epoch [30/40], Step[140/483], loss: 0.2818
 Epoch [30/40], Step[150/483], loss: 0.4376
 Epoch [30/40], Step[160/483], loss: 0.2937
 Epoch [30/40], Step[170/483], loss: 0.2633
 Epoch [30/40], Step[180/483], loss: 0.2321
 Epoch [30/40], Step[190/483], loss: 0.2365
 Epoch [30/40], Step[200/483], loss: 0.2754
 Epoch [30/40], Step[210/483], loss: 0.2548
 Epoch [30/40], Step[220/483], loss: 0.2918
 Epoch [30/40], Step[230/483], loss: 0.3050
 Epoch [30/40], Step[240/483], loss: 0.2464
 Epoch [30/40], Step[250/483], loss: 0.2423
 Epoch [30/40], Step[260/483], loss: 0.1530
 Epoch [30/40], Step[270/483], loss: 0.2252
 Epoch [30/40], Step[280/483], loss: 0.3330
 Epoch [30/40], Step[290/483], loss: 0.2466
 Epoch [30/40], Step[300/483], loss: 0.1958
 Epoch [30/40], Step[310/483], loss: 0.2923
 Epoch [30/40], Step[320/483], loss: 0.2102
 Epoch [30/40], Step[330/483], loss: 0.3883
 Epoch [30/40], Step[340/483], loss: 0.2574
 Epoch [30/40], Step[350/483], loss: 0.2874
 Epoch [30/40], Step[360/483], loss: 0.2526
 Epoch [30/40], Step[370/483], loss: 0.2414
 Epoch [30/40], Step[380/483], loss: 0.2978
 Epoch [30/40], Step[390/483], loss: 0.3547
 Epoch [30/40], Step[400/483], loss: 0.3374
 Epoch [30/40], Step[410/483], loss: 0.2273
 Epoch [30/40], Step[420/483], loss: 0.2886
 Epoch [30/40], Step[430/483], loss: 0.2140
 Epoch [30/40], Step[440/483], loss: 0.2621
 Epoch [30/40], Step[450/483], loss: 0.2509
 Epoch [30/40], Step[460/483], loss: 0.3033
 Epoch [30/40], Step[470/483], loss: 0.2244
 Epoch [30/40], Step[480/483], loss: 0.2410
 ====> Epoch 30: Training loss: 132.0382
 Training Accuracy: 0.921491
 ====> Epoch 30: Validation loss: 17.9564
 Validation Accuracy: 0.918500
 Epoch [31/40], Step[0/483], loss: 0.3293
 Epoch [31/40], Step[10/483], loss: 0.2382
 Epoch [31/40], Step[20/483], loss: 0.2196
 Epoch [31/40], Step[30/483], loss: 0.3166
 Epoch [31/40], Step[40/483], loss: 0.3018
 Epoch [31/40], Step[50/483], loss: 0.1949
 Epoch [31/40], Step[60/483], loss: 0.2390
 Epoch [31/40], Step[70/483], loss: 0.1663
 Epoch [31/40], Step[80/483], loss: 0.2760
 Epoch [31/40], Step[90/483], loss: 0.2486
 Epoch [31/40], Step[100/483], loss: 0.1722
 Epoch [31/40], Step[110/483], loss: 0.2803
 Epoch [31/40], Step[120/483], loss: 0.1866
 Epoch [31/40], Step[130/483], loss: 0.2302
 Epoch [31/40], Step[140/483], loss: 0.2838
 Epoch [31/40], Step[150/483], loss: 0.2332
 Epoch [31/40], Step[160/483], loss: 0.3129
 Epoch [31/40], Step[170/483], loss: 0.2627
 Epoch [31/40], Step[180/483], loss: 0.3271
 Epoch [31/40], Step[190/483], loss: 0.2230
 Epoch [31/40], Step[200/483], loss: 0.2726
 Epoch [31/40], Step[210/483], loss: 0.1845
 Epoch [31/40], Step[220/483], loss: 0.3048
 Epoch [31/40], Step[230/483], loss: 0.4089
 Epoch [31/40], Step[240/483], loss: 0.3762
 Epoch [31/40], Step[250/483], loss: 0.2784
 Epoch [31/40], Step[260/483], loss: 0.2330
 Epoch [31/40], Step[270/483], loss: 0.2876
 Epoch [31/40], Step[280/483], loss: 0.2469
 Epoch [31/40], Step[290/483], loss: 0.3146
 Epoch [31/40], Step[300/483], loss: 0.1870
 Epoch [31/40], Step[310/483], loss: 0.2763
 Epoch [31/40], Step[320/483], loss: 0.1704
 Epoch [31/40], Step[330/483], loss: 0.2549
 Epoch [31/40], Step[340/483], loss: 0.2305
 Epoch [31/40], Step[350/483], loss: 0.3535
 Epoch [31/40], Step[360/483], loss: 0.2802
 Epoch [31/40], Step[370/483], loss: 0.2280
 Epoch [31/40], Step[380/483], loss: 0.2941
 Epoch [31/40], Step[390/483], loss: 0.3033
 Epoch [31/40], Step[400/483], loss: 0.2440
 Epoch [31/40], Step[410/483], loss: 0.2854
 Epoch [31/40], Step[420/483], loss: 0.2414
 Epoch [31/40], Step[430/483], loss: 0.2424
 Epoch [31/40], Step[440/483], loss: 0.2164
 Epoch [31/40], Step[450/483], loss: 0.2858
 Epoch [31/40], Step[460/483], loss: 0.2357
 Epoch [31/40], Step[470/483], loss: 0.2117
 Epoch [31/40], Step[480/483], loss: 0.3748
 ====> Epoch 31: Training loss: 127.7270
 Training Accuracy: 0.925031
 ====> Epoch 31: Validation loss: 18.1051
 Validation Accuracy: 0.908167
 Epoch [32/40], Step[0/483], loss: 0.2175
 Epoch [32/40], Step[10/483], loss: 0.2269
 Epoch [32/40], Step[20/483], loss: 0.2374
 Epoch [32/40], Step[30/483], loss: 0.2272
 Epoch [32/40], Step[40/483], loss: 0.3059
 Epoch [32/40], Step[50/483], loss: 0.2522
 Epoch [32/40], Step[60/483], loss: 0.2465
 Epoch [32/40], Step[70/483], loss: 0.2373
 Epoch [32/40], Step[80/483], loss: 0.3788
 Epoch [32/40], Step[90/483], loss: 0.2551
 Epoch [32/40], Step[100/483], loss: 0.2342
 Epoch [32/40], Step[110/483], loss: 0.2529
 Epoch [32/40], Step[120/483], loss: 0.2746
 Epoch [32/40], Step[130/483], loss: 0.2418
 Epoch [32/40], Step[140/483], loss: 0.2647
 Epoch [32/40], Step[150/483], loss: 0.3250
 Epoch [32/40], Step[160/483], loss: 0.3042
 Epoch [32/40], Step[170/483], loss: 0.2758
 Epoch [32/40], Step[180/483], loss: 0.2321
 Epoch [32/40], Step[190/483], loss: 0.2108
 Epoch [32/40], Step[200/483], loss: 0.2275
 Epoch [32/40], Step[210/483], loss: 0.2076
 Epoch [32/40], Step[220/483], loss: 0.4539
 Epoch [32/40], Step[230/483], loss: 0.3989
 Epoch [32/40], Step[240/483], loss: 0.2306
 Epoch [32/40], Step[250/483], loss: 0.2636
 Epoch [32/40], Step[260/483], loss: 0.2558
 Epoch [32/40], Step[270/483], loss: 0.2151
 Epoch [32/40], Step[280/483], loss: 0.2253
 Epoch [32/40], Step[290/483], loss: 0.2996
 Epoch [32/40], Step[300/483], loss: 0.3085
 Epoch [32/40], Step[310/483], loss: 0.1911
 Epoch [32/40], Step[320/483], loss: 0.2682
 Epoch [32/40], Step[330/483], loss: 0.3151
 Epoch [32/40], Step[340/483], loss: 0.1998
 Epoch [32/40], Step[350/483], loss: 0.2725
 Epoch [32/40], Step[360/483], loss: 0.2468
 Epoch [32/40], Step[370/483], loss: 0.3322
 Epoch [32/40], Step[380/483], loss: 0.2732
 Epoch [32/40], Step[390/483], loss: 0.3912
 Epoch [32/40], Step[400/483], loss: 0.3114
 Epoch [32/40], Step[410/483], loss: 0.2495
 Epoch [32/40], Step[420/483], loss: 0.2313
 Epoch [32/40], Step[430/483], loss: 0.3186
 Epoch [32/40], Step[440/483], loss: 0.2424
 Epoch [32/40], Step[450/483], loss: 0.2328
 Epoch [32/40], Step[460/483], loss: 0.2585
 Epoch [32/40], Step[470/483], loss: 0.2532
 Epoch [32/40], Step[480/483], loss: 0.2366
 ====> Epoch 32: Training loss: 127.9261
 Training Accuracy: 0.918592
 ====> Epoch 32: Validation loss: 18.1207
 Validation Accuracy: 0.912667
 Epoch [33/40], Step[0/483], loss: 0.1805
 Epoch [33/40], Step[10/483], loss: 0.2801
 Epoch [33/40], Step[20/483], loss: 0.3166
 Epoch [33/40], Step[30/483], loss: 0.3347
 Epoch [33/40], Step[40/483], loss: 0.2512
 Epoch [33/40], Step[50/483], loss: 0.2175
 Epoch [33/40], Step[60/483], loss: 0.3397
 Epoch [33/40], Step[70/483], loss: 0.2579
 Epoch [33/40], Step[80/483], loss: 0.2263
 Epoch [33/40], Step[90/483], loss: 0.2386
 Epoch [33/40], Step[100/483], loss: 0.2218
 Epoch [33/40], Step[110/483], loss: 0.2059
 Epoch [33/40], Step[120/483], loss: 0.2560
 Epoch [33/40], Step[130/483], loss: 0.2772
 Epoch [33/40], Step[140/483], loss: 0.2319
 Epoch [33/40], Step[150/483], loss: 0.3150
 Epoch [33/40], Step[160/483], loss: 0.2839
 Epoch [33/40], Step[170/483], loss: 0.2385
 Epoch [33/40], Step[180/483], loss: 0.2632
 Epoch [33/40], Step[190/483], loss: 0.2897
 Epoch [33/40], Step[200/483], loss: 0.2181
 Epoch [33/40], Step[210/483], loss: 0.2021
 Epoch [33/40], Step[220/483], loss: 0.2808
 Epoch [33/40], Step[230/483], loss: 0.3601
 Epoch [33/40], Step[240/483], loss: 0.1856
 Epoch [33/40], Step[250/483], loss: 0.2302
 Epoch [33/40], Step[260/483], loss: 0.2155
 Epoch [33/40], Step[270/483], loss: 0.3310
 Epoch [33/40], Step[280/483], loss: 0.2937
 Epoch [33/40], Step[290/483], loss: 0.2957
 Epoch [33/40], Step[300/483], loss: 0.2388
 Epoch [33/40], Step[310/483], loss: 0.2429
 Epoch [33/40], Step[320/483], loss: 0.2085
 Epoch [33/40], Step[330/483], loss: 0.3558
 Epoch [33/40], Step[340/483], loss: 0.1740
 Epoch [33/40], Step[350/483], loss: 0.2698
 Epoch [33/40], Step[360/483], loss: 0.3309
 Epoch [33/40], Step[370/483], loss: 0.2873
 Epoch [33/40], Step[380/483], loss: 0.2854
 Epoch [33/40], Step[390/483], loss: 0.4007
 Epoch [33/40], Step[400/483], loss: 0.3278
 Epoch [33/40], Step[410/483], loss: 0.2587
 Epoch [33/40], Step[420/483], loss: 0.2920
 Epoch [33/40], Step[430/483], loss: 0.2801
 Epoch [33/40], Step[440/483], loss: 0.2744
 Epoch [33/40], Step[450/483], loss: 0.2232
 Epoch [33/40], Step[460/483], loss: 0.2782
 Epoch [33/40], Step[470/483], loss: 0.2107
 Epoch [33/40], Step[480/483], loss: 0.2726
 ====> Epoch 33: Training loss: 128.8549
 Training Accuracy: 0.925238
 ====> Epoch 33: Validation loss: 17.6610
 Validation Accuracy: 0.915167
 Epoch [34/40], Step[0/483], loss: 0.1892
 Epoch [34/40], Step[10/483], loss: 0.2471
 Epoch [34/40], Step[20/483], loss: 0.2181
 Epoch [34/40], Step[30/483], loss: 0.2522
 Epoch [34/40], Step[40/483], loss: 0.2188
 Epoch [34/40], Step[50/483], loss: 0.3187
 Epoch [34/40], Step[60/483], loss: 0.3723
 Epoch [34/40], Step[70/483], loss: 0.1886
 Epoch [34/40], Step[80/483], loss: 0.1987
 Epoch [34/40], Step[90/483], loss: 0.2821
 Epoch [34/40], Step[100/483], loss: 0.2063
 Epoch [34/40], Step[110/483], loss: 0.2871
 Epoch [34/40], Step[120/483], loss: 0.3410
 Epoch [34/40], Step[130/483], loss: 0.2141
 Epoch [34/40], Step[140/483], loss: 0.1890
 Epoch [34/40], Step[150/483], loss: 0.1852
 Epoch [34/40], Step[160/483], loss: 0.2385
 Epoch [34/40], Step[170/483], loss: 0.3360
 Epoch [34/40], Step[180/483], loss: 0.2270
 Epoch [34/40], Step[190/483], loss: 0.2033
 Epoch [34/40], Step[200/483], loss: 0.2700
 Epoch [34/40], Step[210/483], loss: 0.1605
 Epoch [34/40], Step[220/483], loss: 0.2737
 Epoch [34/40], Step[230/483], loss: 0.3032
 Epoch [34/40], Step[240/483], loss: 0.1725
 Epoch [34/40], Step[250/483], loss: 0.2789
 Epoch [34/40], Step[260/483], loss: 0.2720
 Epoch [34/40], Step[270/483], loss: 0.2140
 Epoch [34/40], Step[280/483], loss: 0.2719
 Epoch [34/40], Step[290/483], loss: 0.2485
 Epoch [34/40], Step[300/483], loss: 0.3100
 Epoch [34/40], Step[310/483], loss: 0.3060
 Epoch [34/40], Step[320/483], loss: 0.2666
 Epoch [34/40], Step[330/483], loss: 0.2689
 Epoch [34/40], Step[340/483], loss: 0.2526
 Epoch [34/40], Step[350/483], loss: 0.3356
 Epoch [34/40], Step[360/483], loss: 0.2282
 Epoch [34/40], Step[370/483], loss: 0.3529
 Epoch [34/40], Step[380/483], loss: 0.2563
 Epoch [34/40], Step[390/483], loss: 0.4009
 Epoch [34/40], Step[400/483], loss: 0.3030
 Epoch [34/40], Step[410/483], loss: 0.4906
 Epoch [34/40], Step[420/483], loss: 0.2762
 Epoch [34/40], Step[430/483], loss: 0.2676
 Epoch [34/40], Step[440/483], loss: 0.2692
 Epoch [34/40], Step[450/483], loss: 0.3190
 Epoch [34/40], Step[460/483], loss: 0.2841
 Epoch [34/40], Step[470/483], loss: 0.2763
 Epoch [34/40], Step[480/483], loss: 0.2282
 ====> Epoch 34: Training loss: 127.6905
 Training Accuracy: 0.923354
 ====> Epoch 34: Validation loss: 17.2526
 Validation Accuracy: 0.928500
 Epoch [35/40], Step[0/483], loss: 0.1964
 Epoch [35/40], Step[10/483], loss: 0.2310
 Epoch [35/40], Step[20/483], loss: 0.2895
 Epoch [35/40], Step[30/483], loss: 0.2877
 Epoch [35/40], Step[40/483], loss: 0.2495
 Epoch [35/40], Step[50/483], loss: 0.1826
 Epoch [35/40], Step[60/483], loss: 0.3349
 Epoch [35/40], Step[70/483], loss: 0.2131
 Epoch [35/40], Step[80/483], loss: 0.2988
 Epoch [35/40], Step[90/483], loss: 0.2501
 Epoch [35/40], Step[100/483], loss: 0.2066
 Epoch [35/40], Step[110/483], loss: 0.2469
 Epoch [35/40], Step[120/483], loss: 0.2744
 Epoch [35/40], Step[130/483], loss: 0.2521
 Epoch [35/40], Step[140/483], loss: 0.2663
 Epoch [35/40], Step[150/483], loss: 0.2993
 Epoch [35/40], Step[160/483], loss: 0.2806
 Epoch [35/40], Step[170/483], loss: 0.1842
 Epoch [35/40], Step[180/483], loss: 0.2469
 Epoch [35/40], Step[190/483], loss: 0.2903
 Epoch [35/40], Step[200/483], loss: 0.2165
 Epoch [35/40], Step[210/483], loss: 0.2140
 Epoch [35/40], Step[220/483], loss: 0.2789
 Epoch [35/40], Step[230/483], loss: 0.2882
 Epoch [35/40], Step[240/483], loss: 0.3561
 Epoch [35/40], Step[250/483], loss: 0.2333
 Epoch [35/40], Step[260/483], loss: 0.2962
 Epoch [35/40], Step[270/483], loss: 0.2517
 Epoch [35/40], Step[280/483], loss: 0.2615
 Epoch [35/40], Step[290/483], loss: 0.2376
 Epoch [35/40], Step[300/483], loss: 0.1862
 Epoch [35/40], Step[310/483], loss: 0.2882
 Epoch [35/40], Step[320/483], loss: 0.2653
 Epoch [35/40], Step[330/483], loss: 0.2470
 Epoch [35/40], Step[340/483], loss: 0.1627
 Epoch [35/40], Step[350/483], loss: 0.3402
 Epoch [35/40], Step[360/483], loss: 0.2891
 Epoch [35/40], Step[370/483], loss: 0.2104
 Epoch [35/40], Step[380/483], loss: 0.3062
 Epoch [35/40], Step[390/483], loss: 0.2977
 Epoch [35/40], Step[400/483], loss: 0.3681
 Epoch [35/40], Step[410/483], loss: 0.3443
 Epoch [35/40], Step[420/483], loss: 0.3493
 Epoch [35/40], Step[430/483], loss: 0.2129
 Epoch [35/40], Step[440/483], loss: 0.1961
 Epoch [35/40], Step[450/483], loss: 0.2569
 Epoch [35/40], Step[460/483], loss: 0.2976
 Epoch [35/40], Step[470/483], loss: 0.1841
 Epoch [35/40], Step[480/483], loss: 0.2253
 ====> Epoch 35: Training loss: 124.9905
 Training Accuracy: 0.929772
 ====> Epoch 35: Validation loss: 16.8086
 Validation Accuracy: 0.928167
 Epoch [36/40], Step[0/483], loss: 0.1827
 Epoch [36/40], Step[10/483], loss: 0.2469
 Epoch [36/40], Step[20/483], loss: 0.2330
 Epoch [36/40], Step[30/483], loss: 0.2425
 Epoch [36/40], Step[40/483], loss: 0.2427
 Epoch [36/40], Step[50/483], loss: 0.3219
 Epoch [36/40], Step[60/483], loss: 0.3561
 Epoch [36/40], Step[70/483], loss: 0.2529
 Epoch [36/40], Step[80/483], loss: 0.2426
 Epoch [36/40], Step[90/483], loss: 0.2319
 Epoch [36/40], Step[100/483], loss: 0.2526
 Epoch [36/40], Step[110/483], loss: 0.1855
 Epoch [36/40], Step[120/483], loss: 0.1864
 Epoch [36/40], Step[130/483], loss: 0.2181
 Epoch [36/40], Step[140/483], loss: 0.2668
 Epoch [36/40], Step[150/483], loss: 0.1968
 Epoch [36/40], Step[160/483], loss: 0.3683
 Epoch [36/40], Step[170/483], loss: 0.3098
 Epoch [36/40], Step[180/483], loss: 0.2490
 Epoch [36/40], Step[190/483], loss: 0.3209
 Epoch [36/40], Step[200/483], loss: 0.2046
 Epoch [36/40], Step[210/483], loss: 0.2368
 Epoch [36/40], Step[220/483], loss: 0.3707
 Epoch [36/40], Step[230/483], loss: 0.2538
 Epoch [36/40], Step[240/483], loss: 0.1881
 Epoch [36/40], Step[250/483], loss: 0.3299
 Epoch [36/40], Step[260/483], loss: 0.2374
 Epoch [36/40], Step[270/483], loss: 0.2336
 Epoch [36/40], Step[280/483], loss: 0.2546
 Epoch [36/40], Step[290/483], loss: 0.2296
 Epoch [36/40], Step[300/483], loss: 0.2755
 Epoch [36/40], Step[310/483], loss: 0.2009
 Epoch [36/40], Step[320/483], loss: 0.2241
 Epoch [36/40], Step[330/483], loss: 0.3142
 Epoch [36/40], Step[340/483], loss: 0.1713
 Epoch [36/40], Step[350/483], loss: 0.3767
 Epoch [36/40], Step[360/483], loss: 0.2937
 Epoch [36/40], Step[370/483], loss: 0.1919
 Epoch [36/40], Step[380/483], loss: 0.3390
 Epoch [36/40], Step[390/483], loss: 0.2765
 Epoch [36/40], Step[400/483], loss: 0.3178
 Epoch [36/40], Step[410/483], loss: 0.2377
 Epoch [36/40], Step[420/483], loss: 0.2138
 Epoch [36/40], Step[430/483], loss: 0.2180
 Epoch [36/40], Step[440/483], loss: 0.3446
 Epoch [36/40], Step[450/483], loss: 0.2100
 Epoch [36/40], Step[460/483], loss: 0.2884
 Epoch [36/40], Step[470/483], loss: 0.2305
 Epoch [36/40], Step[480/483], loss: 0.3202
 ====> Epoch 36: Training loss: 127.5147
 Training Accuracy: 0.926625
 ====> Epoch 36: Validation loss: 16.5644
 Validation Accuracy: 0.933667
 Epoch [37/40], Step[0/483], loss: 0.2595
 Epoch [37/40], Step[10/483], loss: 0.2518
 Epoch [37/40], Step[20/483], loss: 0.2301
 Epoch [37/40], Step[30/483], loss: 0.2485
 Epoch [37/40], Step[40/483], loss: 0.1876
 Epoch [37/40], Step[50/483], loss: 0.2157
 Epoch [37/40], Step[60/483], loss: 0.4889
 Epoch [37/40], Step[70/483], loss: 0.2196
 Epoch [37/40], Step[80/483], loss: 0.2639
 Epoch [37/40], Step[90/483], loss: 0.2371
 Epoch [37/40], Step[100/483], loss: 0.2200
 Epoch [37/40], Step[110/483], loss: 0.2456
 Epoch [37/40], Step[120/483], loss: 0.2344
 Epoch [37/40], Step[130/483], loss: 0.2165
 Epoch [37/40], Step[140/483], loss: 0.2276
 Epoch [37/40], Step[150/483], loss: 0.2551
 Epoch [37/40], Step[160/483], loss: 0.2423
 Epoch [37/40], Step[170/483], loss: 0.2346
 Epoch [37/40], Step[180/483], loss: 0.2500
 Epoch [37/40], Step[190/483], loss: 0.2200
 Epoch [37/40], Step[200/483], loss: 0.2217
 Epoch [37/40], Step[210/483], loss: 0.2269
 Epoch [37/40], Step[220/483], loss: 0.3352
 Epoch [37/40], Step[230/483], loss: 0.4108
 Epoch [37/40], Step[240/483], loss: 0.2044
 Epoch [37/40], Step[250/483], loss: 0.2374
 Epoch [37/40], Step[260/483], loss: 0.1766
 Epoch [37/40], Step[270/483], loss: 0.2750
 Epoch [37/40], Step[280/483], loss: 0.2112
 Epoch [37/40], Step[290/483], loss: 0.4245
 Epoch [37/40], Step[300/483], loss: 0.2455
 Epoch [37/40], Step[310/483], loss: 0.2419
 Epoch [37/40], Step[320/483], loss: 0.1638
 Epoch [37/40], Step[330/483], loss: 0.2549
 Epoch [37/40], Step[340/483], loss: 0.1937
 Epoch [37/40], Step[350/483], loss: 0.2602
 Epoch [37/40], Step[360/483], loss: 0.2632
 Epoch [37/40], Step[370/483], loss: 0.2481
 Epoch [37/40], Step[380/483], loss: 0.2538
 Epoch [37/40], Step[390/483], loss: 0.2769
 Epoch [37/40], Step[400/483], loss: 0.2592
 Epoch [37/40], Step[410/483], loss: 0.2116
 Epoch [37/40], Step[420/483], loss: 0.3150
 Epoch [37/40], Step[430/483], loss: 0.2571
 Epoch [37/40], Step[440/483], loss: 0.2449
 Epoch [37/40], Step[450/483], loss: 0.2269
 Epoch [37/40], Step[460/483], loss: 0.3102
 Epoch [37/40], Step[470/483], loss: 0.2711
 Epoch [37/40], Step[480/483], loss: 0.1698
 ====> Epoch 37: Training loss: 125.6505
 Training Accuracy: 0.923954
 ====> Epoch 37: Validation loss: 18.0047
 Validation Accuracy: 0.913500
 Epoch [38/40], Step[0/483], loss: 0.2024
 Epoch [38/40], Step[10/483], loss: 0.2774
 Epoch [38/40], Step[20/483], loss: 0.2096
 Epoch [38/40], Step[30/483], loss: 0.2597
 Epoch [38/40], Step[40/483], loss: 0.2402
 Epoch [38/40], Step[50/483], loss: 0.2430
 Epoch [38/40], Step[60/483], loss: 0.3619
 Epoch [38/40], Step[70/483], loss: 0.1847
 Epoch [38/40], Step[80/483], loss: 0.2724
 Epoch [38/40], Step[90/483], loss: 0.2142
 Epoch [38/40], Step[100/483], loss: 0.2395
 Epoch [38/40], Step[110/483], loss: 0.2257
 Epoch [38/40], Step[120/483], loss: 0.1920
 Epoch [38/40], Step[130/483], loss: 0.1818
 Epoch [38/40], Step[140/483], loss: 0.1979
 Epoch [38/40], Step[150/483], loss: 0.3364
 Epoch [38/40], Step[160/483], loss: 0.2773
 Epoch [38/40], Step[170/483], loss: 0.2965
 Epoch [38/40], Step[180/483], loss: 0.1719
 Epoch [38/40], Step[190/483], loss: 0.2414
 Epoch [38/40], Step[200/483], loss: 0.1829
 Epoch [38/40], Step[210/483], loss: 0.2660
 Epoch [38/40], Step[220/483], loss: 0.3456
 Epoch [38/40], Step[230/483], loss: 0.4718
 Epoch [38/40], Step[240/483], loss: 0.1993
 Epoch [38/40], Step[250/483], loss: 0.2835
 Epoch [38/40], Step[260/483], loss: 0.2235
 Epoch [38/40], Step[270/483], loss: 0.2809
 Epoch [38/40], Step[280/483], loss: 0.3156
 Epoch [38/40], Step[290/483], loss: 0.2121
 Epoch [38/40], Step[300/483], loss: 0.2301
 Epoch [38/40], Step[310/483], loss: 0.2977
 Epoch [38/40], Step[320/483], loss: 0.2081
 Epoch [38/40], Step[330/483], loss: 0.3501
 Epoch [38/40], Step[340/483], loss: 0.2198
 Epoch [38/40], Step[350/483], loss: 0.3333
 Epoch [38/40], Step[360/483], loss: 0.3285
 Epoch [38/40], Step[370/483], loss: 0.1862
 Epoch [38/40], Step[380/483], loss: 0.3499
 Epoch [38/40], Step[390/483], loss: 0.3455
 Epoch [38/40], Step[400/483], loss: 0.2978
 Epoch [38/40], Step[410/483], loss: 0.3276
 Epoch [38/40], Step[420/483], loss: 0.2899
 Epoch [38/40], Step[430/483], loss: 0.2417
 Epoch [38/40], Step[440/483], loss: 0.2350
 Epoch [38/40], Step[450/483], loss: 0.2043
 Epoch [38/40], Step[460/483], loss: 0.2564
 Epoch [38/40], Step[470/483], loss: 0.2298
 Epoch [38/40], Step[480/483], loss: 0.2691
 ====> Epoch 38: Training loss: 124.9284
 Training Accuracy: 0.923768
 ====> Epoch 38: Validation loss: 17.2860
 Validation Accuracy: 0.930667
 Epoch [39/40], Step[0/483], loss: 0.2009
 Epoch [39/40], Step[10/483], loss: 0.2669
 Epoch [39/40], Step[20/483], loss: 0.2337
 Epoch [39/40], Step[30/483], loss: 0.2400
 Epoch [39/40], Step[40/483], loss: 0.2728
 Epoch [39/40], Step[50/483], loss: 0.3300
 Epoch [39/40], Step[60/483], loss: 0.3459
 Epoch [39/40], Step[70/483], loss: 0.1545
 Epoch [39/40], Step[80/483], loss: 0.3171
 Epoch [39/40], Step[90/483], loss: 0.2099
 Epoch [39/40], Step[100/483], loss: 0.1763
 Epoch [39/40], Step[110/483], loss: 0.2296
 Epoch [39/40], Step[120/483], loss: 0.2543
 Epoch [39/40], Step[130/483], loss: 0.1824
 Epoch [39/40], Step[140/483], loss: 0.2711
 Epoch [39/40], Step[150/483], loss: 0.2433
 Epoch [39/40], Step[160/483], loss: 0.2347
 Epoch [39/40], Step[170/483], loss: 0.2255
 Epoch [39/40], Step[180/483], loss: 0.2173
 Epoch [39/40], Step[190/483], loss: 0.1782
 Epoch [39/40], Step[200/483], loss: 0.2486
 Epoch [39/40], Step[210/483], loss: 0.1597
 Epoch [39/40], Step[220/483], loss: 0.3813
 Epoch [39/40], Step[230/483], loss: 0.3112
 Epoch [39/40], Step[240/483], loss: 0.2010
 Epoch [39/40], Step[250/483], loss: 0.2699
 Epoch [39/40], Step[260/483], loss: 0.1808
 Epoch [39/40], Step[270/483], loss: 0.2288
 Epoch [39/40], Step[280/483], loss: 0.2513
 Epoch [39/40], Step[290/483], loss: 0.2526
 Epoch [39/40], Step[300/483], loss: 0.2747
 Epoch [39/40], Step[310/483], loss: 0.2980
 Epoch [39/40], Step[320/483], loss: 0.1876
 Epoch [39/40], Step[330/483], loss: 0.3136
 Epoch [39/40], Step[340/483], loss: 0.1997
 Epoch [39/40], Step[350/483], loss: 0.3079
 Epoch [39/40], Step[360/483], loss: 0.2746
 Epoch [39/40], Step[370/483], loss: 0.1798
 Epoch [39/40], Step[380/483], loss: 0.2502
 Epoch [39/40], Step[390/483], loss: 0.2406
 Epoch [39/40], Step[400/483], loss: 0.2431
 Epoch [39/40], Step[410/483], loss: 0.1839
 Epoch [39/40], Step[420/483], loss: 0.2238
 Epoch [39/40], Step[430/483], loss: 0.2211
 Epoch [39/40], Step[440/483], loss: 0.3034
 Epoch [39/40], Step[450/483], loss: 0.1994
 Epoch [39/40], Step[460/483], loss: 0.2036
 Epoch [39/40], Step[470/483], loss: 0.2217
 Epoch [39/40], Step[480/483], loss: 0.4281
 ====> Epoch 39: Training loss: 122.6238
 Training Accuracy: 0.928095
 ====> Epoch 39: Validation loss: 16.7249
 Validation Accuracy: 0.928667
 Epoch [40/40], Step[0/483], loss: 0.2218
 Epoch [40/40], Step[10/483], loss: 0.2668
 Epoch [40/40], Step[20/483], loss: 0.1666
 Epoch [40/40], Step[30/483], loss: 0.2794
 Epoch [40/40], Step[40/483], loss: 0.1959
 Epoch [40/40], Step[50/483], loss: 0.1736
 Epoch [40/40], Step[60/483], loss: 0.4511
 Epoch [40/40], Step[70/483], loss: 0.2045
 Epoch [40/40], Step[80/483], loss: 0.2331
 Epoch [40/40], Step[90/483], loss: 0.1775
 Epoch [40/40], Step[100/483], loss: 0.2695
 Epoch [40/40], Step[110/483], loss: 0.2838
 Epoch [40/40], Step[120/483], loss: 0.1958
 Epoch [40/40], Step[130/483], loss: 0.1785
 Epoch [40/40], Step[140/483], loss: 0.2765
 Epoch [40/40], Step[150/483], loss: 0.2091
 Epoch [40/40], Step[160/483], loss: 0.2673
 Epoch [40/40], Step[170/483], loss: 0.2647
 Epoch [40/40], Step[180/483], loss: 0.2533
 Epoch [40/40], Step[190/483], loss: 0.2124
 Epoch [40/40], Step[200/483], loss: 0.2374
 Epoch [40/40], Step[210/483], loss: 0.1351
 Epoch [40/40], Step[220/483], loss: 0.2917
 Epoch [40/40], Step[230/483], loss: 0.2758
 Epoch [40/40], Step[240/483], loss: 0.2778
 Epoch [40/40], Step[250/483], loss: 0.2959
 Epoch [40/40], Step[260/483], loss: 0.2720
 Epoch [40/40], Step[270/483], loss: 0.2315
 Epoch [40/40], Step[280/483], loss: 0.2407
 Epoch [40/40], Step[290/483], loss: 0.2265
 Epoch [40/40], Step[300/483], loss: 0.2390
 Epoch [40/40], Step[310/483], loss: 0.2924
 Epoch [40/40], Step[320/483], loss: 0.3351
 Epoch [40/40], Step[330/483], loss: 0.2815
 Epoch [40/40], Step[340/483], loss: 0.2186
 Epoch [40/40], Step[350/483], loss: 0.3199
 Epoch [40/40], Step[360/483], loss: 0.2519
 Epoch [40/40], Step[370/483], loss: 0.2573
 Epoch [40/40], Step[380/483], loss: 0.3046
 Epoch [40/40], Step[390/483], loss: 0.3377
 Epoch [40/40], Step[400/483], loss: 0.2889
 Epoch [40/40], Step[410/483], loss: 0.2217
 Epoch [40/40], Step[420/483], loss: 0.2575
 Epoch [40/40], Step[430/483], loss: 0.2527
 Epoch [40/40], Step[440/483], loss: 0.3068
 Epoch [40/40], Step[450/483], loss: 0.1848
 Epoch [40/40], Step[460/483], loss: 0.3001
 Epoch [40/40], Step[470/483], loss: 0.2270
 Epoch [40/40], Step[480/483], loss: 0.2477
 ====> Epoch 40: Training loss: 124.2083
 Training Accuracy: 0.932961
 ====> Epoch 40: Validation loss: 16.8247
 Validation Accuracy: 0.924000
 Saved model to models/l0207.pth
