 Loading feature files...
 <s> = 1
 </s> = 2
 All scenes loaded.
 Hyperparameters:Namespace(LR=0.01, alternatives=1, batch_size=100, dec='LSTM', dropout=0.5, epochs=40, hidden_sz=50, load=None, log_interval=10, model='l0', no_cuda=False, save=None, seed=1)
 Listener0: Listener0Model(
  (scene_encoder): LinearSceneEncoder(
    (fc): Linear(in_features=280, out_features=50)
  )
  (string_encoder): LinearStringEncoder(
    (fc): Linear(in_features=1063, out_features=50)
  )
  (scorer): MLPScorer(
    (dropout): Dropout(p=0.5)
    (linear_4): Linear(in_features=50, out_features=50)
    (linear_5): Linear(in_features=50, out_features=50)
    (linear_3): Linear(in_features=50, out_features=1)
  )
)
 Training Listener0...
 Epoch [1/40], Step[0/483], loss: 0.6848
 Epoch [1/40], Step[10/483], loss: 0.6907
 Epoch [1/40], Step[20/483], loss: 0.6629
 Epoch [1/40], Step[30/483], loss: 0.6920
 Epoch [1/40], Step[40/483], loss: 0.6935
 Epoch [1/40], Step[50/483], loss: 0.6899
 Epoch [1/40], Step[60/483], loss: 0.6850
 Epoch [1/40], Step[70/483], loss: 0.6910
 Epoch [1/40], Step[80/483], loss: 0.6987
 Epoch [1/40], Step[90/483], loss: 0.6838
 Epoch [1/40], Step[100/483], loss: 0.6611
 Epoch [1/40], Step[110/483], loss: 0.7102
 Epoch [1/40], Step[120/483], loss: 0.6642
 Epoch [1/40], Step[130/483], loss: 0.7132
 Epoch [1/40], Step[140/483], loss: 0.6626
 Epoch [1/40], Step[150/483], loss: 0.6855
 Epoch [1/40], Step[160/483], loss: 0.7040
 Epoch [1/40], Step[170/483], loss: 0.6744
 Epoch [1/40], Step[180/483], loss: 0.6828
 Epoch [1/40], Step[190/483], loss: 0.7249
 Epoch [1/40], Step[200/483], loss: 0.6797
 Epoch [1/40], Step[210/483], loss: 0.6561
 Epoch [1/40], Step[220/483], loss: 0.6598
 Epoch [1/40], Step[230/483], loss: 0.6347
 Epoch [1/40], Step[240/483], loss: 0.7113
 Epoch [1/40], Step[250/483], loss: 0.6333
 Epoch [1/40], Step[260/483], loss: 0.5841
 Epoch [1/40], Step[270/483], loss: 0.6403
 Epoch [1/40], Step[280/483], loss: 0.8237
 Epoch [1/40], Step[290/483], loss: 0.6207
 Epoch [1/40], Step[300/483], loss: 0.6631
 Epoch [1/40], Step[310/483], loss: 0.7299
 Epoch [1/40], Step[320/483], loss: 0.6908
 Epoch [1/40], Step[330/483], loss: 0.6826
 Epoch [1/40], Step[340/483], loss: 0.5994
 Epoch [1/40], Step[350/483], loss: 0.6930
 Epoch [1/40], Step[360/483], loss: 0.6670
 Epoch [1/40], Step[370/483], loss: 0.6401
 Epoch [1/40], Step[380/483], loss: 0.6383
 Epoch [1/40], Step[390/483], loss: 0.5924
 Epoch [1/40], Step[400/483], loss: 0.6832
 Epoch [1/40], Step[410/483], loss: 0.6061
 Epoch [1/40], Step[420/483], loss: 0.5229
 Epoch [1/40], Step[430/483], loss: 0.6166
 Epoch [1/40], Step[440/483], loss: 0.6465
 Epoch [1/40], Step[450/483], loss: 0.6644
 Epoch [1/40], Step[460/483], loss: 0.7281
 Epoch [1/40], Step[470/483], loss: 0.6460
 Epoch [1/40], Step[480/483], loss: 0.7003
 ====> Epoch 1: Training loss: 320.1736
 Training Accuracy: 0.634037
 ====> Epoch 1: Validation loss: 36.8637
 Validation Accuracy: 0.740667
 Epoch [2/40], Step[0/483], loss: 0.6405
 Epoch [2/40], Step[10/483], loss: 0.6316
 Epoch [2/40], Step[20/483], loss: 0.5720
 Epoch [2/40], Step[30/483], loss: 0.6776
 Epoch [2/40], Step[40/483], loss: 0.5881
 Epoch [2/40], Step[50/483], loss: 0.7335
 Epoch [2/40], Step[60/483], loss: 0.5717
 Epoch [2/40], Step[70/483], loss: 0.6636
 Epoch [2/40], Step[80/483], loss: 0.5616
 Epoch [2/40], Step[90/483], loss: 0.6050
 Epoch [2/40], Step[100/483], loss: 0.6059
 Epoch [2/40], Step[110/483], loss: 0.6397
 Epoch [2/40], Step[120/483], loss: 0.6404
 Epoch [2/40], Step[130/483], loss: 0.6433
 Epoch [2/40], Step[140/483], loss: 0.5965
 Epoch [2/40], Step[150/483], loss: 0.6927
 Epoch [2/40], Step[160/483], loss: 0.5918
 Epoch [2/40], Step[170/483], loss: 0.5649
 Epoch [2/40], Step[180/483], loss: 0.5634
 Epoch [2/40], Step[190/483], loss: 0.6137
 Epoch [2/40], Step[200/483], loss: 0.5831
 Epoch [2/40], Step[210/483], loss: 0.6388
 Epoch [2/40], Step[220/483], loss: 0.5782
 Epoch [2/40], Step[230/483], loss: 0.6478
 Epoch [2/40], Step[240/483], loss: 0.4952
 Epoch [2/40], Step[250/483], loss: 0.5258
 Epoch [2/40], Step[260/483], loss: 0.4816
 Epoch [2/40], Step[270/483], loss: 0.5741
 Epoch [2/40], Step[280/483], loss: 0.6323
 Epoch [2/40], Step[290/483], loss: 0.5498
 Epoch [2/40], Step[300/483], loss: 0.5972
 Epoch [2/40], Step[310/483], loss: 0.5590
 Epoch [2/40], Step[320/483], loss: 0.6633
 Epoch [2/40], Step[330/483], loss: 0.5535
 Epoch [2/40], Step[340/483], loss: 0.4492
 Epoch [2/40], Step[350/483], loss: 0.6422
 Epoch [2/40], Step[360/483], loss: 0.5905
 Epoch [2/40], Step[370/483], loss: 0.6172
 Epoch [2/40], Step[380/483], loss: 0.5678
 Epoch [2/40], Step[390/483], loss: 0.6110
 Epoch [2/40], Step[400/483], loss: 0.5918
 Epoch [2/40], Step[410/483], loss: 0.5713
 Epoch [2/40], Step[420/483], loss: 0.5204
 Epoch [2/40], Step[430/483], loss: 0.6202
 Epoch [2/40], Step[440/483], loss: 0.5919
 Epoch [2/40], Step[450/483], loss: 0.6271
 Epoch [2/40], Step[460/483], loss: 0.6186
 Epoch [2/40], Step[470/483], loss: 0.6127
 Epoch [2/40], Step[480/483], loss: 0.5922
 ====> Epoch 2: Training loss: 286.2483
 Training Accuracy: 0.772422
 ====> Epoch 2: Validation loss: 34.3021
 Validation Accuracy: 0.800500
 Epoch [3/40], Step[0/483], loss: 0.5732
 Epoch [3/40], Step[10/483], loss: 0.6050
 Epoch [3/40], Step[20/483], loss: 0.5301
 Epoch [3/40], Step[30/483], loss: 0.5872
 Epoch [3/40], Step[40/483], loss: 0.4976
 Epoch [3/40], Step[50/483], loss: 0.5962
 Epoch [3/40], Step[60/483], loss: 0.5434
 Epoch [3/40], Step[70/483], loss: 0.5904
 Epoch [3/40], Step[80/483], loss: 0.5430
 Epoch [3/40], Step[90/483], loss: 0.5679
 Epoch [3/40], Step[100/483], loss: 0.5252
 Epoch [3/40], Step[110/483], loss: 0.5954
 Epoch [3/40], Step[120/483], loss: 0.6884
 Epoch [3/40], Step[130/483], loss: 0.5202
 Epoch [3/40], Step[140/483], loss: 0.6265
 Epoch [3/40], Step[150/483], loss: 0.6238
 Epoch [3/40], Step[160/483], loss: 0.5094
 Epoch [3/40], Step[170/483], loss: 0.6423
 Epoch [3/40], Step[180/483], loss: 0.4698
 Epoch [3/40], Step[190/483], loss: 0.7469
 Epoch [3/40], Step[200/483], loss: 0.5793
 Epoch [3/40], Step[210/483], loss: 0.4890
 Epoch [3/40], Step[220/483], loss: 0.5774
 Epoch [3/40], Step[230/483], loss: 0.5996
 Epoch [3/40], Step[240/483], loss: 0.5295
 Epoch [3/40], Step[250/483], loss: 0.5281
 Epoch [3/40], Step[260/483], loss: 0.4854
 Epoch [3/40], Step[270/483], loss: 0.4562
 Epoch [3/40], Step[280/483], loss: 0.6198
 Epoch [3/40], Step[290/483], loss: 0.5118
 Epoch [3/40], Step[300/483], loss: 0.5274
 Epoch [3/40], Step[310/483], loss: 0.5065
 Epoch [3/40], Step[320/483], loss: 0.6174
 Epoch [3/40], Step[330/483], loss: 0.5591
 Epoch [3/40], Step[340/483], loss: 0.4905
 Epoch [3/40], Step[350/483], loss: 0.6191
 Epoch [3/40], Step[360/483], loss: 0.5637
 Epoch [3/40], Step[370/483], loss: 0.5573
 Epoch [3/40], Step[380/483], loss: 0.5595
 Epoch [3/40], Step[390/483], loss: 0.5787
 Epoch [3/40], Step[400/483], loss: 0.5339
 Epoch [3/40], Step[410/483], loss: 0.5442
 Epoch [3/40], Step[420/483], loss: 0.4277
 Epoch [3/40], Step[430/483], loss: 0.5594
 Epoch [3/40], Step[440/483], loss: 0.5118
 Epoch [3/40], Step[450/483], loss: 0.5456
 Epoch [3/40], Step[460/483], loss: 0.5085
 Epoch [3/40], Step[470/483], loss: 0.5384
 Epoch [3/40], Step[480/483], loss: 0.5365
 ====> Epoch 3: Training loss: 265.9759
 Training Accuracy: 0.804182
 ====> Epoch 3: Validation loss: 33.9915
 Validation Accuracy: 0.817500
 Epoch [4/40], Step[0/483], loss: 0.4647
 Epoch [4/40], Step[10/483], loss: 0.5133
 Epoch [4/40], Step[20/483], loss: 0.4367
 Epoch [4/40], Step[30/483], loss: 0.5691
 Epoch [4/40], Step[40/483], loss: 0.3852
 Epoch [4/40], Step[50/483], loss: 0.5193
 Epoch [4/40], Step[60/483], loss: 0.5357
 Epoch [4/40], Step[70/483], loss: 0.5676
 Epoch [4/40], Step[80/483], loss: 0.5654
 Epoch [4/40], Step[90/483], loss: 0.5529
 Epoch [4/40], Step[100/483], loss: 0.5343
 Epoch [4/40], Step[110/483], loss: 0.6884
 Epoch [4/40], Step[120/483], loss: 0.5588
 Epoch [4/40], Step[130/483], loss: 0.5358
 Epoch [4/40], Step[140/483], loss: 0.5451
 Epoch [4/40], Step[150/483], loss: 0.5137
 Epoch [4/40], Step[160/483], loss: 0.4953
 Epoch [4/40], Step[170/483], loss: 0.5535
 Epoch [4/40], Step[180/483], loss: 0.3151
 Epoch [4/40], Step[190/483], loss: 0.6338
 Epoch [4/40], Step[200/483], loss: 0.4592
 Epoch [4/40], Step[210/483], loss: 0.4005
 Epoch [4/40], Step[220/483], loss: 0.4300
 Epoch [4/40], Step[230/483], loss: 0.5837
 Epoch [4/40], Step[240/483], loss: 0.4563
 Epoch [4/40], Step[250/483], loss: 0.5649
 Epoch [4/40], Step[260/483], loss: 0.4491
 Epoch [4/40], Step[270/483], loss: 0.4306
 Epoch [4/40], Step[280/483], loss: 0.5406
 Epoch [4/40], Step[290/483], loss: 0.4496
 Epoch [4/40], Step[300/483], loss: 0.4915
 Epoch [4/40], Step[310/483], loss: 0.5008
 Epoch [4/40], Step[320/483], loss: 0.5271
 Epoch [4/40], Step[330/483], loss: 0.5725
 Epoch [4/40], Step[340/483], loss: 0.4820
 Epoch [4/40], Step[350/483], loss: 0.5717
 Epoch [4/40], Step[360/483], loss: 0.4880
 Epoch [4/40], Step[370/483], loss: 0.5060
 Epoch [4/40], Step[380/483], loss: 0.5178
 Epoch [4/40], Step[390/483], loss: 0.4507
 Epoch [4/40], Step[400/483], loss: 0.5450
 Epoch [4/40], Step[410/483], loss: 0.5665
 Epoch [4/40], Step[420/483], loss: 0.4008
 Epoch [4/40], Step[430/483], loss: 0.5400
 Epoch [4/40], Step[440/483], loss: 0.5839
 Epoch [4/40], Step[450/483], loss: 0.4775
 Epoch [4/40], Step[460/483], loss: 0.5821
 Epoch [4/40], Step[470/483], loss: 0.4894
 Epoch [4/40], Step[480/483], loss: 0.5838
 ====> Epoch 4: Training loss: 249.0003
 Training Accuracy: 0.823043
 ====> Epoch 4: Validation loss: 31.2409
 Validation Accuracy: 0.828833
 Epoch [5/40], Step[0/483], loss: 0.4628
 Epoch [5/40], Step[10/483], loss: 0.5103
 Epoch [5/40], Step[20/483], loss: 0.4815
 Epoch [5/40], Step[30/483], loss: 0.4584
 Epoch [5/40], Step[40/483], loss: 0.3966
 Epoch [5/40], Step[50/483], loss: 0.5005
 Epoch [5/40], Step[60/483], loss: 0.5539
 Epoch [5/40], Step[70/483], loss: 0.4885
 Epoch [5/40], Step[80/483], loss: 0.4567
 Epoch [5/40], Step[90/483], loss: 0.4644
 Epoch [5/40], Step[100/483], loss: 0.5670
 Epoch [5/40], Step[110/483], loss: 0.5518
 Epoch [5/40], Step[120/483], loss: 0.4946
 Epoch [5/40], Step[130/483], loss: 0.4565
 Epoch [5/40], Step[140/483], loss: 0.4150
 Epoch [5/40], Step[150/483], loss: 0.5433
 Epoch [5/40], Step[160/483], loss: 0.4308
 Epoch [5/40], Step[170/483], loss: 0.4776
 Epoch [5/40], Step[180/483], loss: 0.4415
 Epoch [5/40], Step[190/483], loss: 0.4885
 Epoch [5/40], Step[200/483], loss: 0.5124
 Epoch [5/40], Step[210/483], loss: 0.4870
 Epoch [5/40], Step[220/483], loss: 0.5184
 Epoch [5/40], Step[230/483], loss: 0.5185
 Epoch [5/40], Step[240/483], loss: 0.5291
 Epoch [5/40], Step[250/483], loss: 0.4038
 Epoch [5/40], Step[260/483], loss: 0.4982
 Epoch [5/40], Step[270/483], loss: 0.5167
 Epoch [5/40], Step[280/483], loss: 0.4968
 Epoch [5/40], Step[290/483], loss: 0.4286
 Epoch [5/40], Step[300/483], loss: 0.4564
 Epoch [5/40], Step[310/483], loss: 0.5364
 Epoch [5/40], Step[320/483], loss: 0.5357
 Epoch [5/40], Step[330/483], loss: 0.6807
 Epoch [5/40], Step[340/483], loss: 0.4454
 Epoch [5/40], Step[350/483], loss: 0.6129
 Epoch [5/40], Step[360/483], loss: 0.5734
 Epoch [5/40], Step[370/483], loss: 0.4646
 Epoch [5/40], Step[380/483], loss: 0.5444
 Epoch [5/40], Step[390/483], loss: 0.5366
 Epoch [5/40], Step[400/483], loss: 0.4989
 Epoch [5/40], Step[410/483], loss: 0.4775
 Epoch [5/40], Step[420/483], loss: 0.4592
 Epoch [5/40], Step[430/483], loss: 0.3910
 Epoch [5/40], Step[440/483], loss: 0.4191
 Epoch [5/40], Step[450/483], loss: 0.4494
 Epoch [5/40], Step[460/483], loss: 0.5385
 Epoch [5/40], Step[470/483], loss: 0.5647
 Epoch [5/40], Step[480/483], loss: 0.5670
 ====> Epoch 5: Training loss: 235.5323
 Training Accuracy: 0.848240
 ====> Epoch 5: Validation loss: 28.5269
 Validation Accuracy: 0.883000
 Epoch [6/40], Step[0/483], loss: 0.4359
 Epoch [6/40], Step[10/483], loss: 0.4917
 Epoch [6/40], Step[20/483], loss: 0.4813
 Epoch [6/40], Step[30/483], loss: 0.5061
 Epoch [6/40], Step[40/483], loss: 0.4346
 Epoch [6/40], Step[50/483], loss: 0.5080
 Epoch [6/40], Step[60/483], loss: 0.4596
 Epoch [6/40], Step[70/483], loss: 0.4607
 Epoch [6/40], Step[80/483], loss: 0.4970
 Epoch [6/40], Step[90/483], loss: 0.4448
 Epoch [6/40], Step[100/483], loss: 0.6521
 Epoch [6/40], Step[110/483], loss: 0.5149
 Epoch [6/40], Step[120/483], loss: 0.4365
 Epoch [6/40], Step[130/483], loss: 0.3950
 Epoch [6/40], Step[140/483], loss: 0.4358
 Epoch [6/40], Step[150/483], loss: 0.5271
 Epoch [6/40], Step[160/483], loss: 0.4381
 Epoch [6/40], Step[170/483], loss: 0.4400
 Epoch [6/40], Step[180/483], loss: 0.5062
 Epoch [6/40], Step[190/483], loss: 0.4235
 Epoch [6/40], Step[200/483], loss: 0.4493
 Epoch [6/40], Step[210/483], loss: 0.2938
 Epoch [6/40], Step[220/483], loss: 0.5494
 Epoch [6/40], Step[230/483], loss: 0.4828
 Epoch [6/40], Step[240/483], loss: 0.4638
 Epoch [6/40], Step[250/483], loss: 0.5035
 Epoch [6/40], Step[260/483], loss: 0.4323
 Epoch [6/40], Step[270/483], loss: 0.3711
 Epoch [6/40], Step[280/483], loss: 0.5745
 Epoch [6/40], Step[290/483], loss: 0.4798
 Epoch [6/40], Step[300/483], loss: 0.5106
 Epoch [6/40], Step[310/483], loss: 0.4425
 Epoch [6/40], Step[320/483], loss: 0.5196
 Epoch [6/40], Step[330/483], loss: 0.4081
 Epoch [6/40], Step[340/483], loss: 0.4158
 Epoch [6/40], Step[350/483], loss: 0.4846
 Epoch [6/40], Step[360/483], loss: 0.4240
 Epoch [6/40], Step[370/483], loss: 0.4294
 Epoch [6/40], Step[380/483], loss: 0.5731
 Epoch [6/40], Step[390/483], loss: 0.4996
 Epoch [6/40], Step[400/483], loss: 0.4539
 Epoch [6/40], Step[410/483], loss: 0.5216
 Epoch [6/40], Step[420/483], loss: 0.5011
 Epoch [6/40], Step[430/483], loss: 0.4165
 Epoch [6/40], Step[440/483], loss: 0.4920
 Epoch [6/40], Step[450/483], loss: 0.4279
 Epoch [6/40], Step[460/483], loss: 0.4544
 Epoch [6/40], Step[470/483], loss: 0.4122
 Epoch [6/40], Step[480/483], loss: 0.5708
 ====> Epoch 6: Training loss: 224.5481
 Training Accuracy: 0.872712
 ====> Epoch 6: Validation loss: 27.8213
 Validation Accuracy: 0.878333
 Epoch [7/40], Step[0/483], loss: 0.4593
 Epoch [7/40], Step[10/483], loss: 0.3744
 Epoch [7/40], Step[20/483], loss: 0.3805
 Epoch [7/40], Step[30/483], loss: 0.4932
 Epoch [7/40], Step[40/483], loss: 0.3932
 Epoch [7/40], Step[50/483], loss: 0.4349
 Epoch [7/40], Step[60/483], loss: 0.4690
 Epoch [7/40], Step[70/483], loss: 0.4033
 Epoch [7/40], Step[80/483], loss: 0.4015
 Epoch [7/40], Step[90/483], loss: 0.4297
 Epoch [7/40], Step[100/483], loss: 0.7143
 Epoch [7/40], Step[110/483], loss: 0.4713
 Epoch [7/40], Step[120/483], loss: 0.4658
 Epoch [7/40], Step[130/483], loss: 0.4820
 Epoch [7/40], Step[140/483], loss: 0.5288
 Epoch [7/40], Step[150/483], loss: 0.6145
 Epoch [7/40], Step[160/483], loss: 0.4913
 Epoch [7/40], Step[170/483], loss: 0.4026
 Epoch [7/40], Step[180/483], loss: 0.5134
 Epoch [7/40], Step[190/483], loss: 0.4561
 Epoch [7/40], Step[200/483], loss: 0.4289
 Epoch [7/40], Step[210/483], loss: 0.3717
 Epoch [7/40], Step[220/483], loss: 0.4399
 Epoch [7/40], Step[230/483], loss: 0.4963
 Epoch [7/40], Step[240/483], loss: 0.3532
 Epoch [7/40], Step[250/483], loss: 0.4614
 Epoch [7/40], Step[260/483], loss: 0.4078
 Epoch [7/40], Step[270/483], loss: 0.5038
 Epoch [7/40], Step[280/483], loss: 0.4937
 Epoch [7/40], Step[290/483], loss: 0.4414
 Epoch [7/40], Step[300/483], loss: 0.3951
 Epoch [7/40], Step[310/483], loss: 0.3834
 Epoch [7/40], Step[320/483], loss: 0.4491
 Epoch [7/40], Step[330/483], loss: 0.4436
 Epoch [7/40], Step[340/483], loss: 0.3752
 Epoch [7/40], Step[350/483], loss: 0.6185
 Epoch [7/40], Step[360/483], loss: 0.4502
 Epoch [7/40], Step[370/483], loss: 0.4630
 Epoch [7/40], Step[380/483], loss: 0.4773
 Epoch [7/40], Step[390/483], loss: 0.5251
 Epoch [7/40], Step[400/483], loss: 0.4736
 Epoch [7/40], Step[410/483], loss: 0.5183
 Epoch [7/40], Step[420/483], loss: 0.4635
 Epoch [7/40], Step[430/483], loss: 0.4040
 Epoch [7/40], Step[440/483], loss: 0.4753
 Epoch [7/40], Step[450/483], loss: 0.3356
 Epoch [7/40], Step[460/483], loss: 0.4520
 Epoch [7/40], Step[470/483], loss: 0.4495
 Epoch [7/40], Step[480/483], loss: 0.4510
 ====> Epoch 7: Training loss: 218.1979
 Training Accuracy: 0.879379
 ====> Epoch 7: Validation loss: 26.6217
 Validation Accuracy: 0.885833
 Epoch [8/40], Step[0/483], loss: 0.3996
 Epoch [8/40], Step[10/483], loss: 0.5230
 Epoch [8/40], Step[20/483], loss: 0.4044
 Epoch [8/40], Step[30/483], loss: 0.3975
 Epoch [8/40], Step[40/483], loss: 0.3116
 Epoch [8/40], Step[50/483], loss: 0.4009
 Epoch [8/40], Step[60/483], loss: 0.3976
 Epoch [8/40], Step[70/483], loss: 0.5159
 Epoch [8/40], Step[80/483], loss: 0.5253
 Epoch [8/40], Step[90/483], loss: 0.4462
 Epoch [8/40], Step[100/483], loss: 0.4303
 Epoch [8/40], Step[110/483], loss: 0.4607
 Epoch [8/40], Step[120/483], loss: 0.3935
 Epoch [8/40], Step[130/483], loss: 0.4156
 Epoch [8/40], Step[140/483], loss: 0.4141
 Epoch [8/40], Step[150/483], loss: 0.4940
 Epoch [8/40], Step[160/483], loss: 0.4411
 Epoch [8/40], Step[170/483], loss: 0.4193
 Epoch [8/40], Step[180/483], loss: 0.4296
 Epoch [8/40], Step[190/483], loss: 0.4254
 Epoch [8/40], Step[200/483], loss: 0.4160
 Epoch [8/40], Step[210/483], loss: 0.3857
 Epoch [8/40], Step[220/483], loss: 0.4590
 Epoch [8/40], Step[230/483], loss: 0.6040
 Epoch [8/40], Step[240/483], loss: 0.3637
 Epoch [8/40], Step[250/483], loss: 0.5601
 Epoch [8/40], Step[260/483], loss: 0.3697
 Epoch [8/40], Step[270/483], loss: 0.3715
 Epoch [8/40], Step[280/483], loss: 0.3905
 Epoch [8/40], Step[290/483], loss: 0.4247
 Epoch [8/40], Step[300/483], loss: 0.3834
 Epoch [8/40], Step[310/483], loss: 0.4531
 Epoch [8/40], Step[320/483], loss: 0.4400
 Epoch [8/40], Step[330/483], loss: 0.4574
 Epoch [8/40], Step[340/483], loss: 0.4000
 Epoch [8/40], Step[350/483], loss: 0.5177
 Epoch [8/40], Step[360/483], loss: 0.5215
 Epoch [8/40], Step[370/483], loss: 0.4702
 Epoch [8/40], Step[380/483], loss: 0.4237
 Epoch [8/40], Step[390/483], loss: 0.4780
 Epoch [8/40], Step[400/483], loss: 0.3646
 Epoch [8/40], Step[410/483], loss: 0.4597
 Epoch [8/40], Step[420/483], loss: 0.3252
 Epoch [8/40], Step[430/483], loss: 0.4421
 Epoch [8/40], Step[440/483], loss: 0.3743
 Epoch [8/40], Step[450/483], loss: 0.4763
 Epoch [8/40], Step[460/483], loss: 0.4268
 Epoch [8/40], Step[470/483], loss: 0.4005
 Epoch [8/40], Step[480/483], loss: 0.4547
 ====> Epoch 8: Training loss: 209.1773
 Training Accuracy: 0.882671
 ====> Epoch 8: Validation loss: 25.7791
 Validation Accuracy: 0.897667
 Epoch [9/40], Step[0/483], loss: 0.4181
 Epoch [9/40], Step[10/483], loss: 0.3856
 Epoch [9/40], Step[20/483], loss: 0.3888
 Epoch [9/40], Step[30/483], loss: 0.4610
 Epoch [9/40], Step[40/483], loss: 0.3385
 Epoch [9/40], Step[50/483], loss: 0.5308
 Epoch [9/40], Step[60/483], loss: 0.4374
 Epoch [9/40], Step[70/483], loss: 0.3531
 Epoch [9/40], Step[80/483], loss: 0.3648
 Epoch [9/40], Step[90/483], loss: 0.4164
 Epoch [9/40], Step[100/483], loss: 0.4408
 Epoch [9/40], Step[110/483], loss: 0.4413
 Epoch [9/40], Step[120/483], loss: 0.3589
 Epoch [9/40], Step[130/483], loss: 0.2655
 Epoch [9/40], Step[140/483], loss: 0.4501
 Epoch [9/40], Step[150/483], loss: 0.4338
 Epoch [9/40], Step[160/483], loss: 0.3953
 Epoch [9/40], Step[170/483], loss: 0.4004
 Epoch [9/40], Step[180/483], loss: 0.3467
 Epoch [9/40], Step[190/483], loss: 0.3740
 Epoch [9/40], Step[200/483], loss: 0.4317
 Epoch [9/40], Step[210/483], loss: 0.2548
 Epoch [9/40], Step[220/483], loss: 0.4213
 Epoch [9/40], Step[230/483], loss: 0.4903
 Epoch [9/40], Step[240/483], loss: 0.3502
 Epoch [9/40], Step[250/483], loss: 0.3962
 Epoch [9/40], Step[260/483], loss: 0.3578
 Epoch [9/40], Step[270/483], loss: 0.3845
 Epoch [9/40], Step[280/483], loss: 0.4738
 Epoch [9/40], Step[290/483], loss: 0.4551
 Epoch [9/40], Step[300/483], loss: 0.4232
 Epoch [9/40], Step[310/483], loss: 0.4202
 Epoch [9/40], Step[320/483], loss: 0.3546
 Epoch [9/40], Step[330/483], loss: 0.4712
 Epoch [9/40], Step[340/483], loss: 0.3639
 Epoch [9/40], Step[350/483], loss: 0.6208
 Epoch [9/40], Step[360/483], loss: 0.3986
 Epoch [9/40], Step[370/483], loss: 0.4132
 Epoch [9/40], Step[380/483], loss: 0.4956
 Epoch [9/40], Step[390/483], loss: 0.4441
 Epoch [9/40], Step[400/483], loss: 0.3729
 Epoch [9/40], Step[410/483], loss: 0.4085
 Epoch [9/40], Step[420/483], loss: 0.4078
 Epoch [9/40], Step[430/483], loss: 0.4536
 Epoch [9/40], Step[440/483], loss: 0.4504
 Epoch [9/40], Step[450/483], loss: 0.4254
 Epoch [9/40], Step[460/483], loss: 0.4407
 Epoch [9/40], Step[470/483], loss: 0.4446
 Epoch [9/40], Step[480/483], loss: 0.4489
 ====> Epoch 9: Training loss: 203.3051
 Training Accuracy: 0.891180
 ====> Epoch 9: Validation loss: 26.4308
 Validation Accuracy: 0.893333
 Epoch [10/40], Step[0/483], loss: 0.3287
 Epoch [10/40], Step[10/483], loss: 0.4282
 Epoch [10/40], Step[20/483], loss: 0.3187
 Epoch [10/40], Step[30/483], loss: 0.3705
 Epoch [10/40], Step[40/483], loss: 0.4257
 Epoch [10/40], Step[50/483], loss: 0.3844
 Epoch [10/40], Step[60/483], loss: 0.4024
 Epoch [10/40], Step[70/483], loss: 0.3490
 Epoch [10/40], Step[80/483], loss: 0.4405
 Epoch [10/40], Step[90/483], loss: 0.4064
 Epoch [10/40], Step[100/483], loss: 0.4535
 Epoch [10/40], Step[110/483], loss: 0.4210
 Epoch [10/40], Step[120/483], loss: 0.2627
 Epoch [10/40], Step[130/483], loss: 0.3622
 Epoch [10/40], Step[140/483], loss: 0.4051
 Epoch [10/40], Step[150/483], loss: 0.3772
 Epoch [10/40], Step[160/483], loss: 0.3810
 Epoch [10/40], Step[170/483], loss: 0.3823
 Epoch [10/40], Step[180/483], loss: 0.3293
 Epoch [10/40], Step[190/483], loss: 0.4476
 Epoch [10/40], Step[200/483], loss: 0.4740
 Epoch [10/40], Step[210/483], loss: 0.3376
 Epoch [10/40], Step[220/483], loss: 0.5178
 Epoch [10/40], Step[230/483], loss: 0.5452
 Epoch [10/40], Step[240/483], loss: 0.4146
 Epoch [10/40], Step[250/483], loss: 0.3983
 Epoch [10/40], Step[260/483], loss: 0.3920
 Epoch [10/40], Step[270/483], loss: 0.4053
 Epoch [10/40], Step[280/483], loss: 0.4502
 Epoch [10/40], Step[290/483], loss: 0.4480
 Epoch [10/40], Step[300/483], loss: 0.3827
 Epoch [10/40], Step[310/483], loss: 0.4327
 Epoch [10/40], Step[320/483], loss: 0.4012
 Epoch [10/40], Step[330/483], loss: 0.4476
 Epoch [10/40], Step[340/483], loss: 0.4317
 Epoch [10/40], Step[350/483], loss: 0.5172
 Epoch [10/40], Step[360/483], loss: 0.4305
 Epoch [10/40], Step[370/483], loss: 0.4116
 Epoch [10/40], Step[380/483], loss: 0.4728
 Epoch [10/40], Step[390/483], loss: 0.4814
 Epoch [10/40], Step[400/483], loss: 0.4464
 Epoch [10/40], Step[410/483], loss: 0.3796
 Epoch [10/40], Step[420/483], loss: 0.4357
 Epoch [10/40], Step[430/483], loss: 0.4161
 Epoch [10/40], Step[440/483], loss: 0.4677
 Epoch [10/40], Step[450/483], loss: 0.3747
 Epoch [10/40], Step[460/483], loss: 0.4899
 Epoch [10/40], Step[470/483], loss: 0.4419
 Epoch [10/40], Step[480/483], loss: 0.4610
 ====> Epoch 10: Training loss: 201.5819
 Training Accuracy: 0.891304
 ====> Epoch 10: Validation loss: 26.4481
 Validation Accuracy: 0.889500
 Epoch [11/40], Step[0/483], loss: 0.4755
 Epoch [11/40], Step[10/483], loss: 0.3824
 Epoch [11/40], Step[20/483], loss: 0.3760
 Epoch [11/40], Step[30/483], loss: 0.4068
 Epoch [11/40], Step[40/483], loss: 0.3345
 Epoch [11/40], Step[50/483], loss: 0.4584
 Epoch [11/40], Step[60/483], loss: 0.3857
 Epoch [11/40], Step[70/483], loss: 0.3513
 Epoch [11/40], Step[80/483], loss: 0.4570
 Epoch [11/40], Step[90/483], loss: 0.3697
 Epoch [11/40], Step[100/483], loss: 0.5611
 Epoch [11/40], Step[110/483], loss: 0.4234
 Epoch [11/40], Step[120/483], loss: 0.4627
 Epoch [11/40], Step[130/483], loss: 0.3921
 Epoch [11/40], Step[140/483], loss: 0.3861
 Epoch [11/40], Step[150/483], loss: 0.3729
 Epoch [11/40], Step[160/483], loss: 0.4038
 Epoch [11/40], Step[170/483], loss: 0.3723
 Epoch [11/40], Step[180/483], loss: 0.3169
 Epoch [11/40], Step[190/483], loss: 0.5494
 Epoch [11/40], Step[200/483], loss: 0.4030
 Epoch [11/40], Step[210/483], loss: 0.3205
 Epoch [11/40], Step[220/483], loss: 0.4198
 Epoch [11/40], Step[230/483], loss: 0.3976
 Epoch [11/40], Step[240/483], loss: 0.3218
 Epoch [11/40], Step[250/483], loss: 0.3882
 Epoch [11/40], Step[260/483], loss: 0.3131
 Epoch [11/40], Step[270/483], loss: 0.3590
 Epoch [11/40], Step[280/483], loss: 0.4875
 Epoch [11/40], Step[290/483], loss: 0.4421
 Epoch [11/40], Step[300/483], loss: 0.3432
 Epoch [11/40], Step[310/483], loss: 0.3690
 Epoch [11/40], Step[320/483], loss: 0.4690
 Epoch [11/40], Step[330/483], loss: 0.4027
 Epoch [11/40], Step[340/483], loss: 0.3478
 Epoch [11/40], Step[350/483], loss: 0.4531
 Epoch [11/40], Step[360/483], loss: 0.4413
 Epoch [11/40], Step[370/483], loss: 0.4230
 Epoch [11/40], Step[380/483], loss: 0.4298
 Epoch [11/40], Step[390/483], loss: 0.3775
 Epoch [11/40], Step[400/483], loss: 0.4501
 Epoch [11/40], Step[410/483], loss: 0.3549
 Epoch [11/40], Step[420/483], loss: 0.3994
 Epoch [11/40], Step[430/483], loss: 0.3058
 Epoch [11/40], Step[440/483], loss: 0.3527
 Epoch [11/40], Step[450/483], loss: 0.3578
 Epoch [11/40], Step[460/483], loss: 0.3892
 Epoch [11/40], Step[470/483], loss: 0.3814
 Epoch [11/40], Step[480/483], loss: 0.4117
 ====> Epoch 11: Training loss: 196.5235
 Training Accuracy: 0.895404
 ====> Epoch 11: Validation loss: 26.1305
 Validation Accuracy: 0.897833
 Epoch [12/40], Step[0/483], loss: 0.3552
 Epoch [12/40], Step[10/483], loss: 0.3569
 Epoch [12/40], Step[20/483], loss: 0.3954
 Epoch [12/40], Step[30/483], loss: 0.3562
 Epoch [12/40], Step[40/483], loss: 0.3965
 Epoch [12/40], Step[50/483], loss: 0.3981
 Epoch [12/40], Step[60/483], loss: 0.5997
 Epoch [12/40], Step[70/483], loss: 0.3881
 Epoch [12/40], Step[80/483], loss: 0.4321
 Epoch [12/40], Step[90/483], loss: 0.3603
 Epoch [12/40], Step[100/483], loss: 0.4523
 Epoch [12/40], Step[110/483], loss: 0.4000
 Epoch [12/40], Step[120/483], loss: 0.3358
 Epoch [12/40], Step[130/483], loss: 0.4597
 Epoch [12/40], Step[140/483], loss: 0.4072
 Epoch [12/40], Step[150/483], loss: 0.6599
 Epoch [12/40], Step[160/483], loss: 0.4398
 Epoch [12/40], Step[170/483], loss: 0.4016
 Epoch [12/40], Step[180/483], loss: 0.2805
 Epoch [12/40], Step[190/483], loss: 0.4354
 Epoch [12/40], Step[200/483], loss: 0.3472
 Epoch [12/40], Step[210/483], loss: 0.3650
 Epoch [12/40], Step[220/483], loss: 0.4078
 Epoch [12/40], Step[230/483], loss: 0.5303
 Epoch [12/40], Step[240/483], loss: 0.3470
 Epoch [12/40], Step[250/483], loss: 0.4915
 Epoch [12/40], Step[260/483], loss: 0.4168
 Epoch [12/40], Step[270/483], loss: 0.4199
 Epoch [12/40], Step[280/483], loss: 0.4005
 Epoch [12/40], Step[290/483], loss: 0.4106
 Epoch [12/40], Step[300/483], loss: 0.3610
 Epoch [12/40], Step[310/483], loss: 0.3529
 Epoch [12/40], Step[320/483], loss: 0.4075
 Epoch [12/40], Step[330/483], loss: 0.3445
 Epoch [12/40], Step[340/483], loss: 0.3568
 Epoch [12/40], Step[350/483], loss: 0.4653
 Epoch [12/40], Step[360/483], loss: 0.5046
 Epoch [12/40], Step[370/483], loss: 0.3586
 Epoch [12/40], Step[380/483], loss: 0.4431
 Epoch [12/40], Step[390/483], loss: 0.4788
 Epoch [12/40], Step[400/483], loss: 0.4118
 Epoch [12/40], Step[410/483], loss: 0.3295
 Epoch [12/40], Step[420/483], loss: 0.4189
 Epoch [12/40], Step[430/483], loss: 0.5424
 Epoch [12/40], Step[440/483], loss: 0.4662
 Epoch [12/40], Step[450/483], loss: 0.4163
 Epoch [12/40], Step[460/483], loss: 0.6142
 Epoch [12/40], Step[470/483], loss: 0.3822
 Epoch [12/40], Step[480/483], loss: 0.3940
 ====> Epoch 12: Training loss: 197.1981
 Training Accuracy: 0.909586
 ====> Epoch 12: Validation loss: 25.4262
 Validation Accuracy: 0.923333
 Epoch [13/40], Step[0/483], loss: 0.3833
 Epoch [13/40], Step[10/483], loss: 0.3784
 Epoch [13/40], Step[20/483], loss: 0.4121
 Epoch [13/40], Step[30/483], loss: 0.3503
 Epoch [13/40], Step[40/483], loss: 0.3481
 Epoch [13/40], Step[50/483], loss: 0.4389
 Epoch [13/40], Step[60/483], loss: 0.4789
 Epoch [13/40], Step[70/483], loss: 0.3068
 Epoch [13/40], Step[80/483], loss: 0.4687
 Epoch [13/40], Step[90/483], loss: 0.4090
 Epoch [13/40], Step[100/483], loss: 0.4633
 Epoch [13/40], Step[110/483], loss: 0.4266
 Epoch [13/40], Step[120/483], loss: 0.3898
 Epoch [13/40], Step[130/483], loss: 0.3059
 Epoch [13/40], Step[140/483], loss: 0.3760
 Epoch [13/40], Step[150/483], loss: 0.3571
 Epoch [13/40], Step[160/483], loss: 0.3928
 Epoch [13/40], Step[170/483], loss: 0.3533
 Epoch [13/40], Step[180/483], loss: 0.3211
 Epoch [13/40], Step[190/483], loss: 0.4074
 Epoch [13/40], Step[200/483], loss: 0.4302
 Epoch [13/40], Step[210/483], loss: 0.3149
 Epoch [13/40], Step[220/483], loss: 0.3812
 Epoch [13/40], Step[230/483], loss: 0.4706
 Epoch [13/40], Step[240/483], loss: 0.3117
 Epoch [13/40], Step[250/483], loss: 0.4604
 Epoch [13/40], Step[260/483], loss: 0.3595
 Epoch [13/40], Step[270/483], loss: 0.3542
 Epoch [13/40], Step[280/483], loss: 0.4458
 Epoch [13/40], Step[290/483], loss: 0.4373
 Epoch [13/40], Step[300/483], loss: 0.3978
 Epoch [13/40], Step[310/483], loss: 0.4272
 Epoch [13/40], Step[320/483], loss: 0.4105
 Epoch [13/40], Step[330/483], loss: 0.4760
 Epoch [13/40], Step[340/483], loss: 0.3263
 Epoch [13/40], Step[350/483], loss: 0.5244
 Epoch [13/40], Step[360/483], loss: 0.4252
 Epoch [13/40], Step[370/483], loss: 0.4430
 Epoch [13/40], Step[380/483], loss: 0.5193
 Epoch [13/40], Step[390/483], loss: 0.4459
 Epoch [13/40], Step[400/483], loss: 0.3703
 Epoch [13/40], Step[410/483], loss: 0.4384
 Epoch [13/40], Step[420/483], loss: 0.5084
 Epoch [13/40], Step[430/483], loss: 0.4046
 Epoch [13/40], Step[440/483], loss: 0.4245
 Epoch [13/40], Step[450/483], loss: 0.3627
 Epoch [13/40], Step[460/483], loss: 0.6835
 Epoch [13/40], Step[470/483], loss: 0.3592
 Epoch [13/40], Step[480/483], loss: 0.3973
 ====> Epoch 13: Training loss: 194.4615
 Training Accuracy: 0.898613
 ====> Epoch 13: Validation loss: 25.1313
 Validation Accuracy: 0.895000
 Epoch [14/40], Step[0/483], loss: 0.3013
 Epoch [14/40], Step[10/483], loss: 0.3594
 Epoch [14/40], Step[20/483], loss: 0.4154
 Epoch [14/40], Step[30/483], loss: 0.4396
 Epoch [14/40], Step[40/483], loss: 0.2993
 Epoch [14/40], Step[50/483], loss: 0.3908
 Epoch [14/40], Step[60/483], loss: 0.3724
 Epoch [14/40], Step[70/483], loss: 0.4983
 Epoch [14/40], Step[80/483], loss: 0.4533
 Epoch [14/40], Step[90/483], loss: 0.3796
 Epoch [14/40], Step[100/483], loss: 0.5393
 Epoch [14/40], Step[110/483], loss: 0.3966
 Epoch [14/40], Step[120/483], loss: 0.3357
 Epoch [14/40], Step[130/483], loss: 0.3361
 Epoch [14/40], Step[140/483], loss: 0.3591
 Epoch [14/40], Step[150/483], loss: 0.4614
 Epoch [14/40], Step[160/483], loss: 0.4113
 Epoch [14/40], Step[170/483], loss: 0.3373
 Epoch [14/40], Step[180/483], loss: 0.3663
 Epoch [14/40], Step[190/483], loss: 0.3782
 Epoch [14/40], Step[200/483], loss: 0.3834
 Epoch [14/40], Step[210/483], loss: 0.3206
 Epoch [14/40], Step[220/483], loss: 0.3670
 Epoch [14/40], Step[230/483], loss: 0.3831
 Epoch [14/40], Step[240/483], loss: 0.2913
 Epoch [14/40], Step[250/483], loss: 0.3730
 Epoch [14/40], Step[260/483], loss: 0.3504
 Epoch [14/40], Step[270/483], loss: 0.3933
 Epoch [14/40], Step[280/483], loss: 0.4246
 Epoch [14/40], Step[290/483], loss: 0.3763
 Epoch [14/40], Step[300/483], loss: 0.3757
 Epoch [14/40], Step[310/483], loss: 0.4083
 Epoch [14/40], Step[320/483], loss: 0.3679
 Epoch [14/40], Step[330/483], loss: 0.5942
 Epoch [14/40], Step[340/483], loss: 0.3470
 Epoch [14/40], Step[350/483], loss: 0.4191
 Epoch [14/40], Step[360/483], loss: 0.4109
 Epoch [14/40], Step[370/483], loss: 0.3918
 Epoch [14/40], Step[380/483], loss: 0.4158
 Epoch [14/40], Step[390/483], loss: 0.4151
 Epoch [14/40], Step[400/483], loss: 0.3981
 Epoch [14/40], Step[410/483], loss: 0.4410
 Epoch [14/40], Step[420/483], loss: 0.4637
 Epoch [14/40], Step[430/483], loss: 0.3803
 Epoch [14/40], Step[440/483], loss: 0.4872
 Epoch [14/40], Step[450/483], loss: 0.3812
 Epoch [14/40], Step[460/483], loss: 0.4158
 Epoch [14/40], Step[470/483], loss: 0.4543
 Epoch [14/40], Step[480/483], loss: 0.3586
 ====> Epoch 14: Training loss: 192.3547
 Training Accuracy: 0.910704
 ====> Epoch 14: Validation loss: 25.2648
 Validation Accuracy: 0.906333
 Epoch [15/40], Step[0/483], loss: 0.3210
 Epoch [15/40], Step[10/483], loss: 0.3147
 Epoch [15/40], Step[20/483], loss: 0.3465
 Epoch [15/40], Step[30/483], loss: 0.3873
 Epoch [15/40], Step[40/483], loss: 0.3257
 Epoch [15/40], Step[50/483], loss: 0.4003
 Epoch [15/40], Step[60/483], loss: 0.4617
 Epoch [15/40], Step[70/483], loss: 0.4158
 Epoch [15/40], Step[80/483], loss: 0.4336
 Epoch [15/40], Step[90/483], loss: 0.3799
 Epoch [15/40], Step[100/483], loss: 0.4817
 Epoch [15/40], Step[110/483], loss: 0.3771
 Epoch [15/40], Step[120/483], loss: 0.3375
 Epoch [15/40], Step[130/483], loss: 0.3392
 Epoch [15/40], Step[140/483], loss: 0.4256
 Epoch [15/40], Step[150/483], loss: 0.3768
 Epoch [15/40], Step[160/483], loss: 0.3915
 Epoch [15/40], Step[170/483], loss: 0.3892
 Epoch [15/40], Step[180/483], loss: 0.4264
 Epoch [15/40], Step[190/483], loss: 0.4786
 Epoch [15/40], Step[200/483], loss: 0.4494
 Epoch [15/40], Step[210/483], loss: 0.3050
 Epoch [15/40], Step[220/483], loss: 0.4266
 Epoch [15/40], Step[230/483], loss: 0.4511
 Epoch [15/40], Step[240/483], loss: 0.3786
 Epoch [15/40], Step[250/483], loss: 0.3574
 Epoch [15/40], Step[260/483], loss: 0.2847
 Epoch [15/40], Step[270/483], loss: 0.3078
 Epoch [15/40], Step[280/483], loss: 0.4461
 Epoch [15/40], Step[290/483], loss: 0.4391
 Epoch [15/40], Step[300/483], loss: 0.3320
 Epoch [15/40], Step[310/483], loss: 0.4519
 Epoch [15/40], Step[320/483], loss: 0.3187
 Epoch [15/40], Step[330/483], loss: 0.4455
 Epoch [15/40], Step[340/483], loss: 0.4372
 Epoch [15/40], Step[350/483], loss: 0.4848
 Epoch [15/40], Step[360/483], loss: 0.3760
 Epoch [15/40], Step[370/483], loss: 0.3613
 Epoch [15/40], Step[380/483], loss: 0.4312
 Epoch [15/40], Step[390/483], loss: 0.4077
 Epoch [15/40], Step[400/483], loss: 0.3990
 Epoch [15/40], Step[410/483], loss: 0.5137
 Epoch [15/40], Step[420/483], loss: 0.4443
 Epoch [15/40], Step[430/483], loss: 0.3860
 Epoch [15/40], Step[440/483], loss: 0.4279
 Epoch [15/40], Step[450/483], loss: 0.3007
 Epoch [15/40], Step[460/483], loss: 0.4216
 Epoch [15/40], Step[470/483], loss: 0.4355
 Epoch [15/40], Step[480/483], loss: 0.4641
 ====> Epoch 15: Training loss: 188.8400
 Training Accuracy: 0.920062
 ====> Epoch 15: Validation loss: 23.8889
 Validation Accuracy: 0.927833
 Epoch [16/40], Step[0/483], loss: 0.3485
 Epoch [16/40], Step[10/483], loss: 0.3892
 Epoch [16/40], Step[20/483], loss: 0.4060
 Epoch [16/40], Step[30/483], loss: 0.4472
 Epoch [16/40], Step[40/483], loss: 0.4213
 Epoch [16/40], Step[50/483], loss: 0.3766
 Epoch [16/40], Step[60/483], loss: 0.4289
 Epoch [16/40], Step[70/483], loss: 0.3507
 Epoch [16/40], Step[80/483], loss: 0.4344
 Epoch [16/40], Step[90/483], loss: 0.3632
 Epoch [16/40], Step[100/483], loss: 0.3697
 Epoch [16/40], Step[110/483], loss: 0.3406
 Epoch [16/40], Step[120/483], loss: 0.3225
 Epoch [16/40], Step[130/483], loss: 0.3442
 Epoch [16/40], Step[140/483], loss: 0.3880
 Epoch [16/40], Step[150/483], loss: 0.4155
 Epoch [16/40], Step[160/483], loss: 0.4647
 Epoch [16/40], Step[170/483], loss: 0.3747
 Epoch [16/40], Step[180/483], loss: 0.4472
 Epoch [16/40], Step[190/483], loss: 0.3851
 Epoch [16/40], Step[200/483], loss: 0.4629
 Epoch [16/40], Step[210/483], loss: 0.4417
 Epoch [16/40], Step[220/483], loss: 0.3651
 Epoch [16/40], Step[230/483], loss: 0.4551
 Epoch [16/40], Step[240/483], loss: 0.3063
 Epoch [16/40], Step[250/483], loss: 0.3874
 Epoch [16/40], Step[260/483], loss: 0.4302
 Epoch [16/40], Step[270/483], loss: 0.3569
 Epoch [16/40], Step[280/483], loss: 0.4824
 Epoch [16/40], Step[290/483], loss: 0.3828
 Epoch [16/40], Step[300/483], loss: 0.4540
 Epoch [16/40], Step[310/483], loss: 0.3676
 Epoch [16/40], Step[320/483], loss: 0.4008
 Epoch [16/40], Step[330/483], loss: 0.3364
 Epoch [16/40], Step[340/483], loss: 0.3177
 Epoch [16/40], Step[350/483], loss: 0.4175
 Epoch [16/40], Step[360/483], loss: 0.3769
 Epoch [16/40], Step[370/483], loss: 0.3636
 Epoch [16/40], Step[380/483], loss: 0.5183
 Epoch [16/40], Step[390/483], loss: 0.4350
 Epoch [16/40], Step[400/483], loss: 0.3993
 Epoch [16/40], Step[410/483], loss: 0.3982
 Epoch [16/40], Step[420/483], loss: 0.4036
 Epoch [16/40], Step[430/483], loss: 0.4195
 Epoch [16/40], Step[440/483], loss: 0.3421
 Epoch [16/40], Step[450/483], loss: 0.3689
 Epoch [16/40], Step[460/483], loss: 0.5297
 Epoch [16/40], Step[470/483], loss: 0.3753
 Epoch [16/40], Step[480/483], loss: 0.3997
 ====> Epoch 16: Training loss: 190.3890
 Training Accuracy: 0.919814
 ====> Epoch 16: Validation loss: 24.9062
 Validation Accuracy: 0.938667
 Epoch [17/40], Step[0/483], loss: 0.3586
 Epoch [17/40], Step[10/483], loss: 0.3681
 Epoch [17/40], Step[20/483], loss: 0.3765
 Epoch [17/40], Step[30/483], loss: 0.3980
 Epoch [17/40], Step[40/483], loss: 0.3101
 Epoch [17/40], Step[50/483], loss: 0.4540
 Epoch [17/40], Step[60/483], loss: 0.4516
 Epoch [17/40], Step[70/483], loss: 0.3428
 Epoch [17/40], Step[80/483], loss: 0.3807
 Epoch [17/40], Step[90/483], loss: 0.4087
 Epoch [17/40], Step[100/483], loss: 0.3815
 Epoch [17/40], Step[110/483], loss: 0.3295
 Epoch [17/40], Step[120/483], loss: 0.4353
 Epoch [17/40], Step[130/483], loss: 0.2679
 Epoch [17/40], Step[140/483], loss: 0.4240
 Epoch [17/40], Step[150/483], loss: 0.3800
 Epoch [17/40], Step[160/483], loss: 0.3394
 Epoch [17/40], Step[170/483], loss: 0.4165
 Epoch [17/40], Step[180/483], loss: 0.4752
 Epoch [17/40], Step[190/483], loss: 0.3792
 Epoch [17/40], Step[200/483], loss: 0.4165
 Epoch [17/40], Step[210/483], loss: 0.3020
 Epoch [17/40], Step[220/483], loss: 0.3819
 Epoch [17/40], Step[230/483], loss: 0.4458
 Epoch [17/40], Step[240/483], loss: 0.3283
 Epoch [17/40], Step[250/483], loss: 0.3592
 Epoch [17/40], Step[260/483], loss: 0.4200
 Epoch [17/40], Step[270/483], loss: 0.3391
 Epoch [17/40], Step[280/483], loss: 0.4130
 Epoch [17/40], Step[290/483], loss: 0.4524
 Epoch [17/40], Step[300/483], loss: 0.3150
 Epoch [17/40], Step[310/483], loss: 0.4055
 Epoch [17/40], Step[320/483], loss: 0.4002
 Epoch [17/40], Step[330/483], loss: 0.3926
 Epoch [17/40], Step[340/483], loss: 0.3218
 Epoch [17/40], Step[350/483], loss: 0.4302
 Epoch [17/40], Step[360/483], loss: 0.3658
 Epoch [17/40], Step[370/483], loss: 0.3732
 Epoch [17/40], Step[380/483], loss: 0.4251
 Epoch [17/40], Step[390/483], loss: 0.5433
 Epoch [17/40], Step[400/483], loss: 0.3846
 Epoch [17/40], Step[410/483], loss: 0.4091
 Epoch [17/40], Step[420/483], loss: 0.4196
 Epoch [17/40], Step[430/483], loss: 0.3209
 Epoch [17/40], Step[440/483], loss: 0.4132
 Epoch [17/40], Step[450/483], loss: 0.3680
 Epoch [17/40], Step[460/483], loss: 0.5040
 Epoch [17/40], Step[470/483], loss: 0.4057
 Epoch [17/40], Step[480/483], loss: 0.4471
 ====> Epoch 17: Training loss: 188.2021
 Training Accuracy: 0.924555
 ====> Epoch 17: Validation loss: 23.7415
 Validation Accuracy: 0.928167
 Epoch [18/40], Step[0/483], loss: 0.3054
 Epoch [18/40], Step[10/483], loss: 0.3913
 Epoch [18/40], Step[20/483], loss: 0.3925
 Epoch [18/40], Step[30/483], loss: 0.3518
 Epoch [18/40], Step[40/483], loss: 0.3256
 Epoch [18/40], Step[50/483], loss: 0.4341
 Epoch [18/40], Step[60/483], loss: 0.4066
 Epoch [18/40], Step[70/483], loss: 0.4098
 Epoch [18/40], Step[80/483], loss: 0.3961
 Epoch [18/40], Step[90/483], loss: 0.4150
 Epoch [18/40], Step[100/483], loss: 0.3672
 Epoch [18/40], Step[110/483], loss: 0.4553
 Epoch [18/40], Step[120/483], loss: 0.3393
 Epoch [18/40], Step[130/483], loss: 0.5464
 Epoch [18/40], Step[140/483], loss: 0.4332
 Epoch [18/40], Step[150/483], loss: 0.4474
 Epoch [18/40], Step[160/483], loss: 0.3789
 Epoch [18/40], Step[170/483], loss: 0.3337
 Epoch [18/40], Step[180/483], loss: 0.3689
 Epoch [18/40], Step[190/483], loss: 0.3511
 Epoch [18/40], Step[200/483], loss: 0.5341
 Epoch [18/40], Step[210/483], loss: 0.2704
 Epoch [18/40], Step[220/483], loss: 0.4276
 Epoch [18/40], Step[230/483], loss: 0.4457
 Epoch [18/40], Step[240/483], loss: 0.3402
 Epoch [18/40], Step[250/483], loss: 0.3602
 Epoch [18/40], Step[260/483], loss: 0.3455
 Epoch [18/40], Step[270/483], loss: 0.4070
 Epoch [18/40], Step[280/483], loss: 0.4179
 Epoch [18/40], Step[290/483], loss: 0.3902
 Epoch [18/40], Step[300/483], loss: 0.3781
 Epoch [18/40], Step[310/483], loss: 0.3141
 Epoch [18/40], Step[320/483], loss: 0.3822
 Epoch [18/40], Step[330/483], loss: 0.4407
 Epoch [18/40], Step[340/483], loss: 0.3970
 Epoch [18/40], Step[350/483], loss: 0.5116
 Epoch [18/40], Step[360/483], loss: 0.3392
 Epoch [18/40], Step[370/483], loss: 0.4137
 Epoch [18/40], Step[380/483], loss: 0.4536
 Epoch [18/40], Step[390/483], loss: 0.3810
 Epoch [18/40], Step[400/483], loss: 0.3486
 Epoch [18/40], Step[410/483], loss: 0.4987
 Epoch [18/40], Step[420/483], loss: 0.4278
 Epoch [18/40], Step[430/483], loss: 0.3269
 Epoch [18/40], Step[440/483], loss: 0.4126
 Epoch [18/40], Step[450/483], loss: 0.3277
 Epoch [18/40], Step[460/483], loss: 0.4651
 Epoch [18/40], Step[470/483], loss: 0.4185
 Epoch [18/40], Step[480/483], loss: 0.3987
 ====> Epoch 18: Training loss: 190.5666
 Training Accuracy: 0.917308
 ====> Epoch 18: Validation loss: 24.6398
 Validation Accuracy: 0.924833
 Epoch [19/40], Step[0/483], loss: 0.3078
 Epoch [19/40], Step[10/483], loss: 0.4346
 Epoch [19/40], Step[20/483], loss: 0.3298
 Epoch [19/40], Step[30/483], loss: 0.3334
 Epoch [19/40], Step[40/483], loss: 0.3585
 Epoch [19/40], Step[50/483], loss: 0.4215
 Epoch [19/40], Step[60/483], loss: 0.4763
 Epoch [19/40], Step[70/483], loss: 0.3057
 Epoch [19/40], Step[80/483], loss: 0.3766
 Epoch [19/40], Step[90/483], loss: 0.3526
 Epoch [19/40], Step[100/483], loss: 0.4523
 Epoch [19/40], Step[110/483], loss: 0.3341
 Epoch [19/40], Step[120/483], loss: 0.3146
 Epoch [19/40], Step[130/483], loss: 0.3404
 Epoch [19/40], Step[140/483], loss: 0.3654
 Epoch [19/40], Step[150/483], loss: 0.3559
 Epoch [19/40], Step[160/483], loss: 0.3266
 Epoch [19/40], Step[170/483], loss: 0.3945
 Epoch [19/40], Step[180/483], loss: 0.3846
 Epoch [19/40], Step[190/483], loss: 0.4069
 Epoch [19/40], Step[200/483], loss: 0.3923
 Epoch [19/40], Step[210/483], loss: 0.2372
 Epoch [19/40], Step[220/483], loss: 0.4085
 Epoch [19/40], Step[230/483], loss: 0.5401
 Epoch [19/40], Step[240/483], loss: 0.3967
 Epoch [19/40], Step[250/483], loss: 0.3990
 Epoch [19/40], Step[260/483], loss: 0.3439
 Epoch [19/40], Step[270/483], loss: 0.3459
 Epoch [19/40], Step[280/483], loss: 0.5419
 Epoch [19/40], Step[290/483], loss: 0.3354
 Epoch [19/40], Step[300/483], loss: 0.3525
 Epoch [19/40], Step[310/483], loss: 0.4042
 Epoch [19/40], Step[320/483], loss: 0.3669
 Epoch [19/40], Step[330/483], loss: 0.4009
 Epoch [19/40], Step[340/483], loss: 0.2983
 Epoch [19/40], Step[350/483], loss: 0.4422
 Epoch [19/40], Step[360/483], loss: 0.3767
 Epoch [19/40], Step[370/483], loss: 0.3802
 Epoch [19/40], Step[380/483], loss: 0.5373
 Epoch [19/40], Step[390/483], loss: 0.4148
 Epoch [19/40], Step[400/483], loss: 0.3825
 Epoch [19/40], Step[410/483], loss: 0.4907
 Epoch [19/40], Step[420/483], loss: 0.3956
 Epoch [19/40], Step[430/483], loss: 0.4555
 Epoch [19/40], Step[440/483], loss: 0.3896
 Epoch [19/40], Step[450/483], loss: 0.3491
 Epoch [19/40], Step[460/483], loss: 0.4801
 Epoch [19/40], Step[470/483], loss: 0.3635
 Epoch [19/40], Step[480/483], loss: 0.4099
 ====> Epoch 19: Training loss: 185.7358
 Training Accuracy: 0.928654
 ====> Epoch 19: Validation loss: 24.2805
 Validation Accuracy: 0.937833
 Epoch [20/40], Step[0/483], loss: 0.4041
 Epoch [20/40], Step[10/483], loss: 0.4304
 Epoch [20/40], Step[20/483], loss: 0.4082
 Epoch [20/40], Step[30/483], loss: 0.4200
 Epoch [20/40], Step[40/483], loss: 0.3265
 Epoch [20/40], Step[50/483], loss: 0.3775
 Epoch [20/40], Step[60/483], loss: 0.5202
 Epoch [20/40], Step[70/483], loss: 0.4168
 Epoch [20/40], Step[80/483], loss: 0.4333
 Epoch [20/40], Step[90/483], loss: 0.3844
 Epoch [20/40], Step[100/483], loss: 0.3931
 Epoch [20/40], Step[110/483], loss: 0.3547
 Epoch [20/40], Step[120/483], loss: 0.3415
 Epoch [20/40], Step[130/483], loss: 0.3310
 Epoch [20/40], Step[140/483], loss: 0.3485
 Epoch [20/40], Step[150/483], loss: 0.3516
 Epoch [20/40], Step[160/483], loss: 0.3694
 Epoch [20/40], Step[170/483], loss: 0.3425
 Epoch [20/40], Step[180/483], loss: 0.4638
 Epoch [20/40], Step[190/483], loss: 0.4205
 Epoch [20/40], Step[200/483], loss: 0.5160
 Epoch [20/40], Step[210/483], loss: 0.2541
 Epoch [20/40], Step[220/483], loss: 0.4300
 Epoch [20/40], Step[230/483], loss: 0.3997
 Epoch [20/40], Step[240/483], loss: 0.3858
 Epoch [20/40], Step[250/483], loss: 0.3792
 Epoch [20/40], Step[260/483], loss: 0.3564
 Epoch [20/40], Step[270/483], loss: 0.4048
 Epoch [20/40], Step[280/483], loss: 0.4347
 Epoch [20/40], Step[290/483], loss: 0.4084
 Epoch [20/40], Step[300/483], loss: 0.4106
 Epoch [20/40], Step[310/483], loss: 0.4163
 Epoch [20/40], Step[320/483], loss: 0.3884
 Epoch [20/40], Step[330/483], loss: 0.4011
 Epoch [20/40], Step[340/483], loss: 0.3410
 Epoch [20/40], Step[350/483], loss: 0.4584
 Epoch [20/40], Step[360/483], loss: 0.4648
 Epoch [20/40], Step[370/483], loss: 0.3804
 Epoch [20/40], Step[380/483], loss: 0.4783
 Epoch [20/40], Step[390/483], loss: 0.4531
 Epoch [20/40], Step[400/483], loss: 0.3910
 Epoch [20/40], Step[410/483], loss: 0.4320
 Epoch [20/40], Step[420/483], loss: 0.3875
 Epoch [20/40], Step[430/483], loss: 0.4767
 Epoch [20/40], Step[440/483], loss: 0.3747
 Epoch [20/40], Step[450/483], loss: 0.3323
 Epoch [20/40], Step[460/483], loss: 0.4004
 Epoch [20/40], Step[470/483], loss: 0.4140
 Epoch [20/40], Step[480/483], loss: 0.3810
 ====> Epoch 20: Training loss: 186.5575
 Training Accuracy: 0.931615
 ====> Epoch 20: Validation loss: 24.4915
 Validation Accuracy: 0.924667
 Epoch [21/40], Step[0/483], loss: 0.3616
 Epoch [21/40], Step[10/483], loss: 0.3542
 Epoch [21/40], Step[20/483], loss: 0.3132
 Epoch [21/40], Step[30/483], loss: 0.3903
 Epoch [21/40], Step[40/483], loss: 0.3479
 Epoch [21/40], Step[50/483], loss: 0.4711
 Epoch [21/40], Step[60/483], loss: 0.6798
 Epoch [21/40], Step[70/483], loss: 0.2844
 Epoch [21/40], Step[80/483], loss: 0.4036
 Epoch [21/40], Step[90/483], loss: 0.3791
 Epoch [21/40], Step[100/483], loss: 0.3111
 Epoch [21/40], Step[110/483], loss: 0.4284
 Epoch [21/40], Step[120/483], loss: 0.3163
 Epoch [21/40], Step[130/483], loss: 0.2755
 Epoch [21/40], Step[140/483], loss: 0.3545
 Epoch [21/40], Step[150/483], loss: 0.3477
 Epoch [21/40], Step[160/483], loss: 0.4821
 Epoch [21/40], Step[170/483], loss: 0.3380
 Epoch [21/40], Step[180/483], loss: 0.3137
 Epoch [21/40], Step[190/483], loss: 0.4647
 Epoch [21/40], Step[200/483], loss: 0.4018
 Epoch [21/40], Step[210/483], loss: 0.3269
 Epoch [21/40], Step[220/483], loss: 0.4009
 Epoch [21/40], Step[230/483], loss: 0.4537
 Epoch [21/40], Step[240/483], loss: 0.3355
 Epoch [21/40], Step[250/483], loss: 0.3424
 Epoch [21/40], Step[260/483], loss: 0.3271
 Epoch [21/40], Step[270/483], loss: 0.3100
 Epoch [21/40], Step[280/483], loss: 0.4862
 Epoch [21/40], Step[290/483], loss: 0.3756
 Epoch [21/40], Step[300/483], loss: 0.3223
 Epoch [21/40], Step[310/483], loss: 0.3769
 Epoch [21/40], Step[320/483], loss: 0.4033
 Epoch [21/40], Step[330/483], loss: 0.3948
 Epoch [21/40], Step[340/483], loss: 0.3092
 Epoch [21/40], Step[350/483], loss: 0.4743
 Epoch [21/40], Step[360/483], loss: 0.3890
 Epoch [21/40], Step[370/483], loss: 0.4059
 Epoch [21/40], Step[380/483], loss: 0.4532
 Epoch [21/40], Step[390/483], loss: 0.5375
 Epoch [21/40], Step[400/483], loss: 0.4019
 Epoch [21/40], Step[410/483], loss: 0.3569
 Epoch [21/40], Step[420/483], loss: 0.3296
 Epoch [21/40], Step[430/483], loss: 0.3006
 Epoch [21/40], Step[440/483], loss: 0.4219
 Epoch [21/40], Step[450/483], loss: 0.3495
 Epoch [21/40], Step[460/483], loss: 0.3988
 Epoch [21/40], Step[470/483], loss: 0.4007
 Epoch [21/40], Step[480/483], loss: 0.4086
 ====> Epoch 21: Training loss: 183.6047
 Training Accuracy: 0.930890
 ====> Epoch 21: Validation loss: 24.1317
 Validation Accuracy: 0.962167
 Epoch [22/40], Step[0/483], loss: 0.3865
 Epoch [22/40], Step[10/483], loss: 0.3566
 Epoch [22/40], Step[20/483], loss: 0.3419
 Epoch [22/40], Step[30/483], loss: 0.3791
 Epoch [22/40], Step[40/483], loss: 0.3671
 Epoch [22/40], Step[50/483], loss: 0.3805
 Epoch [22/40], Step[60/483], loss: 0.4613
 Epoch [22/40], Step[70/483], loss: 0.3192
 Epoch [22/40], Step[80/483], loss: 0.4290
 Epoch [22/40], Step[90/483], loss: 0.3301
 Epoch [22/40], Step[100/483], loss: 0.2752
 Epoch [22/40], Step[110/483], loss: 0.3642
 Epoch [22/40], Step[120/483], loss: 0.3263
 Epoch [22/40], Step[130/483], loss: 0.2766
 Epoch [22/40], Step[140/483], loss: 0.4187
 Epoch [22/40], Step[150/483], loss: 0.3939
 Epoch [22/40], Step[160/483], loss: 0.4284
 Epoch [22/40], Step[170/483], loss: 0.3186
 Epoch [22/40], Step[180/483], loss: 0.3514
 Epoch [22/40], Step[190/483], loss: 0.3524
 Epoch [22/40], Step[200/483], loss: 0.3274
 Epoch [22/40], Step[210/483], loss: 0.3955
 Epoch [22/40], Step[220/483], loss: 0.4192
 Epoch [22/40], Step[230/483], loss: 0.3903
 Epoch [22/40], Step[240/483], loss: 0.3707
 Epoch [22/40], Step[250/483], loss: 0.3143
 Epoch [22/40], Step[260/483], loss: 0.3801
 Epoch [22/40], Step[270/483], loss: 0.3458
 Epoch [22/40], Step[280/483], loss: 0.4163
 Epoch [22/40], Step[290/483], loss: 0.4160
 Epoch [22/40], Step[300/483], loss: 0.3701
 Epoch [22/40], Step[310/483], loss: 0.3138
 Epoch [22/40], Step[320/483], loss: 0.3111
 Epoch [22/40], Step[330/483], loss: 0.4209
 Epoch [22/40], Step[340/483], loss: 0.3521
 Epoch [22/40], Step[350/483], loss: 0.3975
 Epoch [22/40], Step[360/483], loss: 0.3686
 Epoch [22/40], Step[370/483], loss: 0.4394
 Epoch [22/40], Step[380/483], loss: 0.3675
 Epoch [22/40], Step[390/483], loss: 0.4737
 Epoch [22/40], Step[400/483], loss: 0.4190
 Epoch [22/40], Step[410/483], loss: 0.3670
 Epoch [22/40], Step[420/483], loss: 0.3721
 Epoch [22/40], Step[430/483], loss: 0.3998
 Epoch [22/40], Step[440/483], loss: 0.4106
 Epoch [22/40], Step[450/483], loss: 0.2725
 Epoch [22/40], Step[460/483], loss: 0.6733
 Epoch [22/40], Step[470/483], loss: 0.4523
 Epoch [22/40], Step[480/483], loss: 0.3594
 ====> Epoch 22: Training loss: 182.6824
 Training Accuracy: 0.935652
 ====> Epoch 22: Validation loss: 24.7559
 Validation Accuracy: 0.951833
 Epoch [23/40], Step[0/483], loss: 0.3989
 Epoch [23/40], Step[10/483], loss: 0.3851
 Epoch [23/40], Step[20/483], loss: 0.4496
 Epoch [23/40], Step[30/483], loss: 0.4319
 Epoch [23/40], Step[40/483], loss: 0.2841
 Epoch [23/40], Step[50/483], loss: 0.5220
 Epoch [23/40], Step[60/483], loss: 0.3595
 Epoch [23/40], Step[70/483], loss: 0.3029
 Epoch [23/40], Step[80/483], loss: 0.3319
 Epoch [23/40], Step[90/483], loss: 0.2991
 Epoch [23/40], Step[100/483], loss: 0.4421
 Epoch [23/40], Step[110/483], loss: 0.3612
 Epoch [23/40], Step[120/483], loss: 0.3827
 Epoch [23/40], Step[130/483], loss: 0.2789
 Epoch [23/40], Step[140/483], loss: 0.2818
 Epoch [23/40], Step[150/483], loss: 0.3557
 Epoch [23/40], Step[160/483], loss: 0.3479
 Epoch [23/40], Step[170/483], loss: 0.3630
 Epoch [23/40], Step[180/483], loss: 0.4295
 Epoch [23/40], Step[190/483], loss: 0.5218
 Epoch [23/40], Step[200/483], loss: 0.4154
 Epoch [23/40], Step[210/483], loss: 0.2507
 Epoch [23/40], Step[220/483], loss: 0.3844
 Epoch [23/40], Step[230/483], loss: 0.4005
 Epoch [23/40], Step[240/483], loss: 0.4224
 Epoch [23/40], Step[250/483], loss: 0.3492
 Epoch [23/40], Step[260/483], loss: 0.3084
 Epoch [23/40], Step[270/483], loss: 0.3535
 Epoch [23/40], Step[280/483], loss: 0.5031
 Epoch [23/40], Step[290/483], loss: 0.3927
 Epoch [23/40], Step[300/483], loss: 0.4229
 Epoch [23/40], Step[310/483], loss: 0.3815
 Epoch [23/40], Step[320/483], loss: 0.3298
 Epoch [23/40], Step[330/483], loss: 0.4123
 Epoch [23/40], Step[340/483], loss: 0.3930
 Epoch [23/40], Step[350/483], loss: 0.3593
 Epoch [23/40], Step[360/483], loss: 0.3514
 Epoch [23/40], Step[370/483], loss: 0.3966
 Epoch [23/40], Step[380/483], loss: 0.4600
 Epoch [23/40], Step[390/483], loss: 0.5842
 Epoch [23/40], Step[400/483], loss: 0.3394
 Epoch [23/40], Step[410/483], loss: 0.3248
 Epoch [23/40], Step[420/483], loss: 0.4074
 Epoch [23/40], Step[430/483], loss: 0.3379
 Epoch [23/40], Step[440/483], loss: 0.3214
 Epoch [23/40], Step[450/483], loss: 0.3626
 Epoch [23/40], Step[460/483], loss: 0.5362
 Epoch [23/40], Step[470/483], loss: 0.2976
 Epoch [23/40], Step[480/483], loss: 0.4037
 ====> Epoch 23: Training loss: 182.0568
 Training Accuracy: 0.932029
 ====> Epoch 23: Validation loss: 23.5603
 Validation Accuracy: 0.929000
 Epoch [24/40], Step[0/483], loss: 0.2781
 Epoch [24/40], Step[10/483], loss: 0.3914
 Epoch [24/40], Step[20/483], loss: 0.3237
 Epoch [24/40], Step[30/483], loss: 0.3580
 Epoch [24/40], Step[40/483], loss: 0.4046
 Epoch [24/40], Step[50/483], loss: 0.4024
 Epoch [24/40], Step[60/483], loss: 0.4315
 Epoch [24/40], Step[70/483], loss: 0.2653
 Epoch [24/40], Step[80/483], loss: 0.3391
 Epoch [24/40], Step[90/483], loss: 0.3589
 Epoch [24/40], Step[100/483], loss: 0.4039
 Epoch [24/40], Step[110/483], loss: 0.3262
 Epoch [24/40], Step[120/483], loss: 0.4412
 Epoch [24/40], Step[130/483], loss: 0.3382
 Epoch [24/40], Step[140/483], loss: 0.3973
 Epoch [24/40], Step[150/483], loss: 0.2930
 Epoch [24/40], Step[160/483], loss: 0.5056
 Epoch [24/40], Step[170/483], loss: 0.3035
 Epoch [24/40], Step[180/483], loss: 0.2880
 Epoch [24/40], Step[190/483], loss: 0.3287
 Epoch [24/40], Step[200/483], loss: 0.4160
 Epoch [24/40], Step[210/483], loss: 0.4072
 Epoch [24/40], Step[220/483], loss: 0.3486
 Epoch [24/40], Step[230/483], loss: 0.4229
 Epoch [24/40], Step[240/483], loss: 0.3015
 Epoch [24/40], Step[250/483], loss: 0.3816
 Epoch [24/40], Step[260/483], loss: 0.3424
 Epoch [24/40], Step[270/483], loss: 0.3501
 Epoch [24/40], Step[280/483], loss: 0.4249
 Epoch [24/40], Step[290/483], loss: 0.3548
 Epoch [24/40], Step[300/483], loss: 0.2981
 Epoch [24/40], Step[310/483], loss: 0.3346
 Epoch [24/40], Step[320/483], loss: 0.3402
 Epoch [24/40], Step[330/483], loss: 0.3557
 Epoch [24/40], Step[340/483], loss: 0.2415
 Epoch [24/40], Step[350/483], loss: 0.4420
 Epoch [24/40], Step[360/483], loss: 0.4281
 Epoch [24/40], Step[370/483], loss: 0.3651
 Epoch [24/40], Step[380/483], loss: 0.3941
 Epoch [24/40], Step[390/483], loss: 0.5201
 Epoch [24/40], Step[400/483], loss: 0.4150
 Epoch [24/40], Step[410/483], loss: 0.3802
 Epoch [24/40], Step[420/483], loss: 0.3422
 Epoch [24/40], Step[430/483], loss: 0.3481
 Epoch [24/40], Step[440/483], loss: 0.3653
 Epoch [24/40], Step[450/483], loss: 0.3396
 Epoch [24/40], Step[460/483], loss: 0.5680
 Epoch [24/40], Step[470/483], loss: 0.3124
 Epoch [24/40], Step[480/483], loss: 0.3778
 ====> Epoch 24: Training loss: 179.7638
 Training Accuracy: 0.931573
 ====> Epoch 24: Validation loss: 23.8566
 Validation Accuracy: 0.943333
 Epoch [25/40], Step[0/483], loss: 0.3288
 Epoch [25/40], Step[10/483], loss: 0.3879
 Epoch [25/40], Step[20/483], loss: 0.3738
 Epoch [25/40], Step[30/483], loss: 0.3900
 Epoch [25/40], Step[40/483], loss: 0.2942
 Epoch [25/40], Step[50/483], loss: 0.4271
 Epoch [25/40], Step[60/483], loss: 0.4813
 Epoch [25/40], Step[70/483], loss: 0.3827
 Epoch [25/40], Step[80/483], loss: 0.3979
 Epoch [25/40], Step[90/483], loss: 0.3636
 Epoch [25/40], Step[100/483], loss: 0.3359
 Epoch [25/40], Step[110/483], loss: 0.3738
 Epoch [25/40], Step[120/483], loss: 0.5671
 Epoch [25/40], Step[130/483], loss: 0.3117
 Epoch [25/40], Step[140/483], loss: 0.3900
 Epoch [25/40], Step[150/483], loss: 0.4359
 Epoch [25/40], Step[160/483], loss: 0.3494
 Epoch [25/40], Step[170/483], loss: 0.3350
 Epoch [25/40], Step[180/483], loss: 0.3421
 Epoch [25/40], Step[190/483], loss: 0.4415
 Epoch [25/40], Step[200/483], loss: 0.4183
 Epoch [25/40], Step[210/483], loss: 0.3088
 Epoch [25/40], Step[220/483], loss: 0.3888
 Epoch [25/40], Step[230/483], loss: 0.4350
 Epoch [25/40], Step[240/483], loss: 0.3877
 Epoch [25/40], Step[250/483], loss: 0.4483
 Epoch [25/40], Step[260/483], loss: 0.2721
 Epoch [25/40], Step[270/483], loss: 0.3145
 Epoch [25/40], Step[280/483], loss: 0.6019
 Epoch [25/40], Step[290/483], loss: 0.3956
 Epoch [25/40], Step[300/483], loss: 0.3499
 Epoch [25/40], Step[310/483], loss: 0.3457
 Epoch [25/40], Step[320/483], loss: 0.3362
 Epoch [25/40], Step[330/483], loss: 0.4572
 Epoch [25/40], Step[340/483], loss: 0.3014
 Epoch [25/40], Step[350/483], loss: 0.4434
 Epoch [25/40], Step[360/483], loss: 0.4137
 Epoch [25/40], Step[370/483], loss: 0.3607
 Epoch [25/40], Step[380/483], loss: 0.3832
 Epoch [25/40], Step[390/483], loss: 0.3597
 Epoch [25/40], Step[400/483], loss: 0.5084
 Epoch [25/40], Step[410/483], loss: 0.3232
 Epoch [25/40], Step[420/483], loss: 0.3511
 Epoch [25/40], Step[430/483], loss: 0.3921
 Epoch [25/40], Step[440/483], loss: 0.3438
 Epoch [25/40], Step[450/483], loss: 0.3303
 Epoch [25/40], Step[460/483], loss: 0.4463
 Epoch [25/40], Step[470/483], loss: 0.3926
 Epoch [25/40], Step[480/483], loss: 0.3397
 ====> Epoch 25: Training loss: 181.2824
 Training Accuracy: 0.932402
 ====> Epoch 25: Validation loss: 24.1837
 Validation Accuracy: 0.918667
 Epoch [26/40], Step[0/483], loss: 0.3513
 Epoch [26/40], Step[10/483], loss: 0.3806
 Epoch [26/40], Step[20/483], loss: 0.3726
 Epoch [26/40], Step[30/483], loss: 0.3433
 Epoch [26/40], Step[40/483], loss: 0.3796
 Epoch [26/40], Step[50/483], loss: 0.3482
 Epoch [26/40], Step[60/483], loss: 0.4868
 Epoch [26/40], Step[70/483], loss: 0.3275
 Epoch [26/40], Step[80/483], loss: 0.3510
 Epoch [26/40], Step[90/483], loss: 0.3577
 Epoch [26/40], Step[100/483], loss: 0.3432
 Epoch [26/40], Step[110/483], loss: 0.3515
 Epoch [26/40], Step[120/483], loss: 0.3166
 Epoch [26/40], Step[130/483], loss: 0.3513
 Epoch [26/40], Step[140/483], loss: 0.4354
 Epoch [26/40], Step[150/483], loss: 0.4416
 Epoch [26/40], Step[160/483], loss: 0.3594
 Epoch [26/40], Step[170/483], loss: 0.3523
 Epoch [26/40], Step[180/483], loss: 0.3629
 Epoch [26/40], Step[190/483], loss: 0.3106
 Epoch [26/40], Step[200/483], loss: 0.3822
 Epoch [26/40], Step[210/483], loss: 0.3178
 Epoch [26/40], Step[220/483], loss: 0.4088
 Epoch [26/40], Step[230/483], loss: 0.4364
 Epoch [26/40], Step[240/483], loss: 0.3831
 Epoch [26/40], Step[250/483], loss: 0.3198
 Epoch [26/40], Step[260/483], loss: 0.2971
 Epoch [26/40], Step[270/483], loss: 0.4201
 Epoch [26/40], Step[280/483], loss: 0.4717
 Epoch [26/40], Step[290/483], loss: 0.3360
 Epoch [26/40], Step[300/483], loss: 0.4590
 Epoch [26/40], Step[310/483], loss: 0.3561
 Epoch [26/40], Step[320/483], loss: 0.4320
 Epoch [26/40], Step[330/483], loss: 0.4453
 Epoch [26/40], Step[340/483], loss: 0.3560
 Epoch [26/40], Step[350/483], loss: 0.4657
 Epoch [26/40], Step[360/483], loss: 0.3794
 Epoch [26/40], Step[370/483], loss: 0.3613
 Epoch [26/40], Step[380/483], loss: 0.3720
 Epoch [26/40], Step[390/483], loss: 0.4128
 Epoch [26/40], Step[400/483], loss: 0.3406
 Epoch [26/40], Step[410/483], loss: 0.4283
 Epoch [26/40], Step[420/483], loss: 0.3518
 Epoch [26/40], Step[430/483], loss: 0.3707
 Epoch [26/40], Step[440/483], loss: 0.3471
 Epoch [26/40], Step[450/483], loss: 0.3490
 Epoch [26/40], Step[460/483], loss: 0.4338
 Epoch [26/40], Step[470/483], loss: 0.3488
 Epoch [26/40], Step[480/483], loss: 0.3555
 ====> Epoch 26: Training loss: 179.6783
 Training Accuracy: 0.930311
 ====> Epoch 26: Validation loss: 23.1122
 Validation Accuracy: 0.945500
 Epoch [27/40], Step[0/483], loss: 0.4347
 Epoch [27/40], Step[10/483], loss: 0.3846
 Epoch [27/40], Step[20/483], loss: 0.3383
 Epoch [27/40], Step[30/483], loss: 0.3040
 Epoch [27/40], Step[40/483], loss: 0.2933
 Epoch [27/40], Step[50/483], loss: 0.3613
 Epoch [27/40], Step[60/483], loss: 0.5818
 Epoch [27/40], Step[70/483], loss: 0.2967
 Epoch [27/40], Step[80/483], loss: 0.3863
 Epoch [27/40], Step[90/483], loss: 0.3373
 Epoch [27/40], Step[100/483], loss: 0.4153
 Epoch [27/40], Step[110/483], loss: 0.2730
 Epoch [27/40], Step[120/483], loss: 0.3519
 Epoch [27/40], Step[130/483], loss: 0.2833
 Epoch [27/40], Step[140/483], loss: 0.3408
 Epoch [27/40], Step[150/483], loss: 0.4010
 Epoch [27/40], Step[160/483], loss: 0.3524
 Epoch [27/40], Step[170/483], loss: 0.3580
 Epoch [27/40], Step[180/483], loss: 0.2865
 Epoch [27/40], Step[190/483], loss: 0.3637
 Epoch [27/40], Step[200/483], loss: 0.3597
 Epoch [27/40], Step[210/483], loss: 0.3315
 Epoch [27/40], Step[220/483], loss: 0.3912
 Epoch [27/40], Step[230/483], loss: 0.4575
 Epoch [27/40], Step[240/483], loss: 0.3077
 Epoch [27/40], Step[250/483], loss: 0.3808
 Epoch [27/40], Step[260/483], loss: 0.3127
 Epoch [27/40], Step[270/483], loss: 0.3737
 Epoch [27/40], Step[280/483], loss: 0.3879
 Epoch [27/40], Step[290/483], loss: 0.3840
 Epoch [27/40], Step[300/483], loss: 0.4284
 Epoch [27/40], Step[310/483], loss: 0.3648
 Epoch [27/40], Step[320/483], loss: 0.3438
 Epoch [27/40], Step[330/483], loss: 0.3598
 Epoch [27/40], Step[340/483], loss: 0.2815
 Epoch [27/40], Step[350/483], loss: 0.4120
 Epoch [27/40], Step[360/483], loss: 0.4574
 Epoch [27/40], Step[370/483], loss: 0.3618
 Epoch [27/40], Step[380/483], loss: 0.3930
 Epoch [27/40], Step[390/483], loss: 0.3586
 Epoch [27/40], Step[400/483], loss: 0.2987
 Epoch [27/40], Step[410/483], loss: 0.3082
 Epoch [27/40], Step[420/483], loss: 0.3562
 Epoch [27/40], Step[430/483], loss: 0.3310
 Epoch [27/40], Step[440/483], loss: 0.3780
 Epoch [27/40], Step[450/483], loss: 0.3418
 Epoch [27/40], Step[460/483], loss: 0.4033
 Epoch [27/40], Step[470/483], loss: 0.3933
 Epoch [27/40], Step[480/483], loss: 0.3775
 ====> Epoch 27: Training loss: 178.9391
 Training Accuracy: 0.939607
 ====> Epoch 27: Validation loss: 23.8733
 Validation Accuracy: 0.952333
 Epoch [28/40], Step[0/483], loss: 0.3744
 Epoch [28/40], Step[10/483], loss: 0.3925
 Epoch [28/40], Step[20/483], loss: 0.3017
 Epoch [28/40], Step[30/483], loss: 0.3340
 Epoch [28/40], Step[40/483], loss: 0.3202
 Epoch [28/40], Step[50/483], loss: 0.4749
 Epoch [28/40], Step[60/483], loss: 0.4267
 Epoch [28/40], Step[70/483], loss: 0.3269
 Epoch [28/40], Step[80/483], loss: 0.4356
 Epoch [28/40], Step[90/483], loss: 0.4257
 Epoch [28/40], Step[100/483], loss: 0.3498
 Epoch [28/40], Step[110/483], loss: 0.3548
 Epoch [28/40], Step[120/483], loss: 0.3188
 Epoch [28/40], Step[130/483], loss: 0.2795
 Epoch [28/40], Step[140/483], loss: 0.4394
 Epoch [28/40], Step[150/483], loss: 0.4029
 Epoch [28/40], Step[160/483], loss: 0.2906
 Epoch [28/40], Step[170/483], loss: 0.3332
 Epoch [28/40], Step[180/483], loss: 0.2702
 Epoch [28/40], Step[190/483], loss: 0.3684
 Epoch [28/40], Step[200/483], loss: 0.3847
 Epoch [28/40], Step[210/483], loss: 0.2337
 Epoch [28/40], Step[220/483], loss: 0.3518
 Epoch [28/40], Step[230/483], loss: 0.3890
 Epoch [28/40], Step[240/483], loss: 0.3184
 Epoch [28/40], Step[250/483], loss: 0.3843
 Epoch [28/40], Step[260/483], loss: 0.3371
 Epoch [28/40], Step[270/483], loss: 0.3508
 Epoch [28/40], Step[280/483], loss: 0.3611
 Epoch [28/40], Step[290/483], loss: 0.3597
 Epoch [28/40], Step[300/483], loss: 0.3170
 Epoch [28/40], Step[310/483], loss: 0.4136
 Epoch [28/40], Step[320/483], loss: 0.3044
 Epoch [28/40], Step[330/483], loss: 0.3886
 Epoch [28/40], Step[340/483], loss: 0.3527
 Epoch [28/40], Step[350/483], loss: 0.6083
 Epoch [28/40], Step[360/483], loss: 0.3420
 Epoch [28/40], Step[370/483], loss: 0.4359
 Epoch [28/40], Step[380/483], loss: 0.4451
 Epoch [28/40], Step[390/483], loss: 0.4623
 Epoch [28/40], Step[400/483], loss: 0.3948
 Epoch [28/40], Step[410/483], loss: 0.3146
 Epoch [28/40], Step[420/483], loss: 0.3451
 Epoch [28/40], Step[430/483], loss: 0.3512
 Epoch [28/40], Step[440/483], loss: 0.4327
 Epoch [28/40], Step[450/483], loss: 0.2828
 Epoch [28/40], Step[460/483], loss: 0.6314
 Epoch [28/40], Step[470/483], loss: 0.3371
 Epoch [28/40], Step[480/483], loss: 0.3388
 ====> Epoch 28: Training loss: 176.2992
 Training Accuracy: 0.941615
 ====> Epoch 28: Validation loss: 23.5083
 Validation Accuracy: 0.949000
 Epoch [29/40], Step[0/483], loss: 0.3464
 Epoch [29/40], Step[10/483], loss: 0.4057
 Epoch [29/40], Step[20/483], loss: 0.3496
 Epoch [29/40], Step[30/483], loss: 0.3388
 Epoch [29/40], Step[40/483], loss: 0.4144
 Epoch [29/40], Step[50/483], loss: 0.4097
 Epoch [29/40], Step[60/483], loss: 0.6483
 Epoch [29/40], Step[70/483], loss: 0.2999
 Epoch [29/40], Step[80/483], loss: 0.3614
 Epoch [29/40], Step[90/483], loss: 0.3747
 Epoch [29/40], Step[100/483], loss: 0.3537
 Epoch [29/40], Step[110/483], loss: 0.3437
 Epoch [29/40], Step[120/483], loss: 0.4412
 Epoch [29/40], Step[130/483], loss: 0.2691
 Epoch [29/40], Step[140/483], loss: 0.3031
 Epoch [29/40], Step[150/483], loss: 0.4505
 Epoch [29/40], Step[160/483], loss: 0.3453
 Epoch [29/40], Step[170/483], loss: 0.3802
 Epoch [29/40], Step[180/483], loss: 0.3232
 Epoch [29/40], Step[190/483], loss: 0.3662
 Epoch [29/40], Step[200/483], loss: 0.3593
 Epoch [29/40], Step[210/483], loss: 0.2528
 Epoch [29/40], Step[220/483], loss: 0.3602
 Epoch [29/40], Step[230/483], loss: 0.4997
 Epoch [29/40], Step[240/483], loss: 0.2870
 Epoch [29/40], Step[250/483], loss: 0.4877
 Epoch [29/40], Step[260/483], loss: 0.3226
 Epoch [29/40], Step[270/483], loss: 0.3821
 Epoch [29/40], Step[280/483], loss: 0.4329
 Epoch [29/40], Step[290/483], loss: 0.3286
 Epoch [29/40], Step[300/483], loss: 0.3873
 Epoch [29/40], Step[310/483], loss: 0.3412
 Epoch [29/40], Step[320/483], loss: 0.3284
 Epoch [29/40], Step[330/483], loss: 0.3453
 Epoch [29/40], Step[340/483], loss: 0.3925
 Epoch [29/40], Step[350/483], loss: 0.4084
 Epoch [29/40], Step[360/483], loss: 0.3515
 Epoch [29/40], Step[370/483], loss: 0.3627
 Epoch [29/40], Step[380/483], loss: 0.3821
 Epoch [29/40], Step[390/483], loss: 0.4437
 Epoch [29/40], Step[400/483], loss: 0.3592
 Epoch [29/40], Step[410/483], loss: 0.4468
 Epoch [29/40], Step[420/483], loss: 0.3460
 Epoch [29/40], Step[430/483], loss: 0.3290
 Epoch [29/40], Step[440/483], loss: 0.3909
 Epoch [29/40], Step[450/483], loss: 0.2864
 Epoch [29/40], Step[460/483], loss: 0.5166
 Epoch [29/40], Step[470/483], loss: 0.3792
 Epoch [29/40], Step[480/483], loss: 0.3892
 ====> Epoch 29: Training loss: 180.0818
 Training Accuracy: 0.943499
 ====> Epoch 29: Validation loss: 23.0253
 Validation Accuracy: 0.933833
 Epoch [30/40], Step[0/483], loss: 0.3532
 Epoch [30/40], Step[10/483], loss: 0.3167
 Epoch [30/40], Step[20/483], loss: 0.3240
 Epoch [30/40], Step[30/483], loss: 0.3244
 Epoch [30/40], Step[40/483], loss: 0.2350
 Epoch [30/40], Step[50/483], loss: 0.4302
 Epoch [30/40], Step[60/483], loss: 0.5288
 Epoch [30/40], Step[70/483], loss: 0.4347
 Epoch [30/40], Step[80/483], loss: 0.3312
 Epoch [30/40], Step[90/483], loss: 0.4512
 Epoch [30/40], Step[100/483], loss: 0.4341
 Epoch [30/40], Step[110/483], loss: 0.3482
 Epoch [30/40], Step[120/483], loss: 0.3696
 Epoch [30/40], Step[130/483], loss: 0.2970
 Epoch [30/40], Step[140/483], loss: 0.3440
 Epoch [30/40], Step[150/483], loss: 0.3510
 Epoch [30/40], Step[160/483], loss: 0.3902
 Epoch [30/40], Step[170/483], loss: 0.3258
 Epoch [30/40], Step[180/483], loss: 0.3325
 Epoch [30/40], Step[190/483], loss: 0.3753
 Epoch [30/40], Step[200/483], loss: 0.3507
 Epoch [30/40], Step[210/483], loss: 0.2931
 Epoch [30/40], Step[220/483], loss: 0.3447
 Epoch [30/40], Step[230/483], loss: 0.3764
 Epoch [30/40], Step[240/483], loss: 0.2562
 Epoch [30/40], Step[250/483], loss: 0.3521
 Epoch [30/40], Step[260/483], loss: 0.2892
 Epoch [30/40], Step[270/483], loss: 0.3579
 Epoch [30/40], Step[280/483], loss: 0.4660
 Epoch [30/40], Step[290/483], loss: 0.3289
 Epoch [30/40], Step[300/483], loss: 0.3794
 Epoch [30/40], Step[310/483], loss: 0.3767
 Epoch [30/40], Step[320/483], loss: 0.3227
 Epoch [30/40], Step[330/483], loss: 0.3429
 Epoch [30/40], Step[340/483], loss: 0.3156
 Epoch [30/40], Step[350/483], loss: 0.4005
 Epoch [30/40], Step[360/483], loss: 0.4239
 Epoch [30/40], Step[370/483], loss: 0.4039
 Epoch [30/40], Step[380/483], loss: 0.3776
 Epoch [30/40], Step[390/483], loss: 0.3728
 Epoch [30/40], Step[400/483], loss: 0.4124
 Epoch [30/40], Step[410/483], loss: 0.3892
 Epoch [30/40], Step[420/483], loss: 0.4192
 Epoch [30/40], Step[430/483], loss: 0.3832
 Epoch [30/40], Step[440/483], loss: 0.3425
 Epoch [30/40], Step[450/483], loss: 0.3066
 Epoch [30/40], Step[460/483], loss: 0.5236
 Epoch [30/40], Step[470/483], loss: 0.3838
 Epoch [30/40], Step[480/483], loss: 0.3656
 ====> Epoch 30: Training loss: 175.1442
 Training Accuracy: 0.945093
 ====> Epoch 30: Validation loss: 23.7391
 Validation Accuracy: 0.922333
 Epoch [31/40], Step[0/483], loss: 0.2812
 Epoch [31/40], Step[10/483], loss: 0.4022
 Epoch [31/40], Step[20/483], loss: 0.3982
 Epoch [31/40], Step[30/483], loss: 0.3210
 Epoch [31/40], Step[40/483], loss: 0.3180
 Epoch [31/40], Step[50/483], loss: 0.3553
 Epoch [31/40], Step[60/483], loss: 0.5433
 Epoch [31/40], Step[70/483], loss: 0.2899
 Epoch [31/40], Step[80/483], loss: 0.3377
 Epoch [31/40], Step[90/483], loss: 0.3581
 Epoch [31/40], Step[100/483], loss: 0.3544
 Epoch [31/40], Step[110/483], loss: 0.3373
 Epoch [31/40], Step[120/483], loss: 0.3037
 Epoch [31/40], Step[130/483], loss: 0.2871
 Epoch [31/40], Step[140/483], loss: 0.3198
 Epoch [31/40], Step[150/483], loss: 0.2533
 Epoch [31/40], Step[160/483], loss: 0.4345
 Epoch [31/40], Step[170/483], loss: 0.3175
 Epoch [31/40], Step[180/483], loss: 0.2980
 Epoch [31/40], Step[190/483], loss: 0.4805
 Epoch [31/40], Step[200/483], loss: 0.3255
 Epoch [31/40], Step[210/483], loss: 0.2640
 Epoch [31/40], Step[220/483], loss: 0.4403
 Epoch [31/40], Step[230/483], loss: 0.4055
 Epoch [31/40], Step[240/483], loss: 0.3627
 Epoch [31/40], Step[250/483], loss: 0.4155
 Epoch [31/40], Step[260/483], loss: 0.4793
 Epoch [31/40], Step[270/483], loss: 0.3093
 Epoch [31/40], Step[280/483], loss: 0.4124
 Epoch [31/40], Step[290/483], loss: 0.3819
 Epoch [31/40], Step[300/483], loss: 0.3257
 Epoch [31/40], Step[310/483], loss: 0.2768
 Epoch [31/40], Step[320/483], loss: 0.3274
 Epoch [31/40], Step[330/483], loss: 0.3726
 Epoch [31/40], Step[340/483], loss: 0.2399
 Epoch [31/40], Step[350/483], loss: 0.3988
 Epoch [31/40], Step[360/483], loss: 0.3213
 Epoch [31/40], Step[370/483], loss: 0.3805
 Epoch [31/40], Step[380/483], loss: 0.3967
 Epoch [31/40], Step[390/483], loss: 0.4491
 Epoch [31/40], Step[400/483], loss: 0.3783
 Epoch [31/40], Step[410/483], loss: 0.3489
 Epoch [31/40], Step[420/483], loss: 0.3823
 Epoch [31/40], Step[430/483], loss: 0.3126
 Epoch [31/40], Step[440/483], loss: 0.3217
 Epoch [31/40], Step[450/483], loss: 0.3065
 Epoch [31/40], Step[460/483], loss: 0.2996
 Epoch [31/40], Step[470/483], loss: 0.3381
 Epoch [31/40], Step[480/483], loss: 0.3710
 ====> Epoch 31: Training loss: 179.6767
 Training Accuracy: 0.944969
 ====> Epoch 31: Validation loss: 22.9723
 Validation Accuracy: 0.972167
 Epoch [32/40], Step[0/483], loss: 0.3367
 Epoch [32/40], Step[10/483], loss: 0.4068
 Epoch [32/40], Step[20/483], loss: 0.4114
 Epoch [32/40], Step[30/483], loss: 0.3420
 Epoch [32/40], Step[40/483], loss: 0.4000
 Epoch [32/40], Step[50/483], loss: 0.3512
 Epoch [32/40], Step[60/483], loss: 0.3754
 Epoch [32/40], Step[70/483], loss: 0.3297
 Epoch [32/40], Step[80/483], loss: 0.3505
 Epoch [32/40], Step[90/483], loss: 0.3051
 Epoch [32/40], Step[100/483], loss: 0.3574
 Epoch [32/40], Step[110/483], loss: 0.3770
 Epoch [32/40], Step[120/483], loss: 0.3322
 Epoch [32/40], Step[130/483], loss: 0.2906
 Epoch [32/40], Step[140/483], loss: 0.3421
 Epoch [32/40], Step[150/483], loss: 0.2503
 Epoch [32/40], Step[160/483], loss: 0.3262
 Epoch [32/40], Step[170/483], loss: 0.2931
 Epoch [32/40], Step[180/483], loss: 0.3537
 Epoch [32/40], Step[190/483], loss: 0.3707
 Epoch [32/40], Step[200/483], loss: 0.3050
 Epoch [32/40], Step[210/483], loss: 0.2595
 Epoch [32/40], Step[220/483], loss: 0.3442
 Epoch [32/40], Step[230/483], loss: 0.4504
 Epoch [32/40], Step[240/483], loss: 0.3160
 Epoch [32/40], Step[250/483], loss: 0.3560
 Epoch [32/40], Step[260/483], loss: 0.2990
 Epoch [32/40], Step[270/483], loss: 0.3991
 Epoch [32/40], Step[280/483], loss: 0.4272
 Epoch [32/40], Step[290/483], loss: 0.3529
 Epoch [32/40], Step[300/483], loss: 0.3583
 Epoch [32/40], Step[310/483], loss: 0.3550
 Epoch [32/40], Step[320/483], loss: 0.2917
 Epoch [32/40], Step[330/483], loss: 0.3525
 Epoch [32/40], Step[340/483], loss: 0.2782
 Epoch [32/40], Step[350/483], loss: 0.4451
 Epoch [32/40], Step[360/483], loss: 0.2948
 Epoch [32/40], Step[370/483], loss: 0.3543
 Epoch [32/40], Step[380/483], loss: 0.4280
 Epoch [32/40], Step[390/483], loss: 0.3608
 Epoch [32/40], Step[400/483], loss: 0.3819
 Epoch [32/40], Step[410/483], loss: 0.3050
 Epoch [32/40], Step[420/483], loss: 0.3395
 Epoch [32/40], Step[430/483], loss: 0.3713
 Epoch [32/40], Step[440/483], loss: 0.3813
 Epoch [32/40], Step[450/483], loss: 0.3391
 Epoch [32/40], Step[460/483], loss: 0.4162
 Epoch [32/40], Step[470/483], loss: 0.3672
 Epoch [32/40], Step[480/483], loss: 0.3336
 ====> Epoch 32: Training loss: 177.0066
 Training Accuracy: 0.949337
 ====> Epoch 32: Validation loss: 22.7025
 Validation Accuracy: 0.944000
 Epoch [33/40], Step[0/483], loss: 0.3730
 Epoch [33/40], Step[10/483], loss: 0.3473
 Epoch [33/40], Step[20/483], loss: 0.3736
 Epoch [33/40], Step[30/483], loss: 0.3481
 Epoch [33/40], Step[40/483], loss: 0.3609
 Epoch [33/40], Step[50/483], loss: 0.4294
 Epoch [33/40], Step[60/483], loss: 0.5273
 Epoch [33/40], Step[70/483], loss: 0.3476
 Epoch [33/40], Step[80/483], loss: 0.4009
 Epoch [33/40], Step[90/483], loss: 0.3003
 Epoch [33/40], Step[100/483], loss: 0.4119
 Epoch [33/40], Step[110/483], loss: 0.3777
 Epoch [33/40], Step[120/483], loss: 0.4930
 Epoch [33/40], Step[130/483], loss: 0.3559
 Epoch [33/40], Step[140/483], loss: 0.3763
 Epoch [33/40], Step[150/483], loss: 0.3767
 Epoch [33/40], Step[160/483], loss: 0.3686
 Epoch [33/40], Step[170/483], loss: 0.3242
 Epoch [33/40], Step[180/483], loss: 0.3671
 Epoch [33/40], Step[190/483], loss: 0.4134
 Epoch [33/40], Step[200/483], loss: 0.2965
 Epoch [33/40], Step[210/483], loss: 0.2142
 Epoch [33/40], Step[220/483], loss: 0.3605
 Epoch [33/40], Step[230/483], loss: 0.3907
 Epoch [33/40], Step[240/483], loss: 0.3709
 Epoch [33/40], Step[250/483], loss: 0.3390
 Epoch [33/40], Step[260/483], loss: 0.3054
 Epoch [33/40], Step[270/483], loss: 0.3291
 Epoch [33/40], Step[280/483], loss: 0.4365
 Epoch [33/40], Step[290/483], loss: 0.4018
 Epoch [33/40], Step[300/483], loss: 0.3595
 Epoch [33/40], Step[310/483], loss: 0.3428
 Epoch [33/40], Step[320/483], loss: 0.3449
 Epoch [33/40], Step[330/483], loss: 0.3899
 Epoch [33/40], Step[340/483], loss: 0.3158
 Epoch [33/40], Step[350/483], loss: 0.4572
 Epoch [33/40], Step[360/483], loss: 0.3545
 Epoch [33/40], Step[370/483], loss: 0.3672
 Epoch [33/40], Step[380/483], loss: 0.3624
 Epoch [33/40], Step[390/483], loss: 0.3623
 Epoch [33/40], Step[400/483], loss: 0.4165
 Epoch [33/40], Step[410/483], loss: 0.3002
 Epoch [33/40], Step[420/483], loss: 0.3295
 Epoch [33/40], Step[430/483], loss: 0.4386
 Epoch [33/40], Step[440/483], loss: 0.3875
 Epoch [33/40], Step[450/483], loss: 0.4166
 Epoch [33/40], Step[460/483], loss: 0.5547
 Epoch [33/40], Step[470/483], loss: 0.3219
 Epoch [33/40], Step[480/483], loss: 0.3316
 ====> Epoch 33: Training loss: 177.4988
 Training Accuracy: 0.950021
 ====> Epoch 33: Validation loss: 22.6916
 Validation Accuracy: 0.954500
 Epoch [34/40], Step[0/483], loss: 0.3216
 Epoch [34/40], Step[10/483], loss: 0.3542
 Epoch [34/40], Step[20/483], loss: 0.3291
 Epoch [34/40], Step[30/483], loss: 0.3753
 Epoch [34/40], Step[40/483], loss: 0.3914
 Epoch [34/40], Step[50/483], loss: 0.5091
 Epoch [34/40], Step[60/483], loss: 0.3944
 Epoch [34/40], Step[70/483], loss: 0.2944
 Epoch [34/40], Step[80/483], loss: 0.4243
 Epoch [34/40], Step[90/483], loss: 0.3119
 Epoch [34/40], Step[100/483], loss: 0.5046
 Epoch [34/40], Step[110/483], loss: 0.3871
 Epoch [34/40], Step[120/483], loss: 0.3411
 Epoch [34/40], Step[130/483], loss: 0.2546
 Epoch [34/40], Step[140/483], loss: 0.4135
 Epoch [34/40], Step[150/483], loss: 0.3490
 Epoch [34/40], Step[160/483], loss: 0.3754
 Epoch [34/40], Step[170/483], loss: 0.3552
 Epoch [34/40], Step[180/483], loss: 0.3495
 Epoch [34/40], Step[190/483], loss: 0.4048
 Epoch [34/40], Step[200/483], loss: 0.4007
 Epoch [34/40], Step[210/483], loss: 0.3081
 Epoch [34/40], Step[220/483], loss: 0.3650
 Epoch [34/40], Step[230/483], loss: 0.3913
 Epoch [34/40], Step[240/483], loss: 0.3118
 Epoch [34/40], Step[250/483], loss: 0.3363
 Epoch [34/40], Step[260/483], loss: 0.3045
 Epoch [34/40], Step[270/483], loss: 0.3228
 Epoch [34/40], Step[280/483], loss: 0.3694
 Epoch [34/40], Step[290/483], loss: 0.4201
 Epoch [34/40], Step[300/483], loss: 0.3115
 Epoch [34/40], Step[310/483], loss: 0.3801
 Epoch [34/40], Step[320/483], loss: 0.3187
 Epoch [34/40], Step[330/483], loss: 0.3490
 Epoch [34/40], Step[340/483], loss: 0.2678
 Epoch [34/40], Step[350/483], loss: 0.4014
 Epoch [34/40], Step[360/483], loss: 0.3618
 Epoch [34/40], Step[370/483], loss: 0.3688
 Epoch [34/40], Step[380/483], loss: 0.3680
 Epoch [34/40], Step[390/483], loss: 0.3788
 Epoch [34/40], Step[400/483], loss: 0.3489
 Epoch [34/40], Step[410/483], loss: 0.3334
 Epoch [34/40], Step[420/483], loss: 0.2857
 Epoch [34/40], Step[430/483], loss: 0.3942
 Epoch [34/40], Step[440/483], loss: 0.3427
 Epoch [34/40], Step[450/483], loss: 0.4048
 Epoch [34/40], Step[460/483], loss: 0.4892
 Epoch [34/40], Step[470/483], loss: 0.3325
 Epoch [34/40], Step[480/483], loss: 0.4049
 ====> Epoch 34: Training loss: 178.5416
 Training Accuracy: 0.947474
 ====> Epoch 34: Validation loss: 23.0968
 Validation Accuracy: 0.948833
 Epoch [35/40], Step[0/483], loss: 0.3656
 Epoch [35/40], Step[10/483], loss: 0.4893
 Epoch [35/40], Step[20/483], loss: 0.3205
 Epoch [35/40], Step[30/483], loss: 0.3290
 Epoch [35/40], Step[40/483], loss: 0.3705
 Epoch [35/40], Step[50/483], loss: 0.3872
 Epoch [35/40], Step[60/483], loss: 0.3594
 Epoch [35/40], Step[70/483], loss: 0.3305
 Epoch [35/40], Step[80/483], loss: 0.3177
 Epoch [35/40], Step[90/483], loss: 0.3302
 Epoch [35/40], Step[100/483], loss: 0.2797
 Epoch [35/40], Step[110/483], loss: 0.3602
 Epoch [35/40], Step[120/483], loss: 0.5270
 Epoch [35/40], Step[130/483], loss: 0.3673
 Epoch [35/40], Step[140/483], loss: 0.4360
 Epoch [35/40], Step[150/483], loss: 0.3510
 Epoch [35/40], Step[160/483], loss: 0.3445
 Epoch [35/40], Step[170/483], loss: 0.4062
 Epoch [35/40], Step[180/483], loss: 0.3698
 Epoch [35/40], Step[190/483], loss: 0.3471
 Epoch [35/40], Step[200/483], loss: 0.3554
 Epoch [35/40], Step[210/483], loss: 0.2283
 Epoch [35/40], Step[220/483], loss: 0.3867
 Epoch [35/40], Step[230/483], loss: 0.3954
 Epoch [35/40], Step[240/483], loss: 0.3352
 Epoch [35/40], Step[250/483], loss: 0.3898
 Epoch [35/40], Step[260/483], loss: 0.3257
 Epoch [35/40], Step[270/483], loss: 0.2787
 Epoch [35/40], Step[280/483], loss: 0.6298
 Epoch [35/40], Step[290/483], loss: 0.3726
 Epoch [35/40], Step[300/483], loss: 0.2961
 Epoch [35/40], Step[310/483], loss: 0.4498
 Epoch [35/40], Step[320/483], loss: 0.3639
 Epoch [35/40], Step[330/483], loss: 0.4354
 Epoch [35/40], Step[340/483], loss: 0.2670
 Epoch [35/40], Step[350/483], loss: 0.3906
 Epoch [35/40], Step[360/483], loss: 0.3538
 Epoch [35/40], Step[370/483], loss: 0.3445
 Epoch [35/40], Step[380/483], loss: 0.4585
 Epoch [35/40], Step[390/483], loss: 0.5650
 Epoch [35/40], Step[400/483], loss: 0.3469
 Epoch [35/40], Step[410/483], loss: 0.3731
 Epoch [35/40], Step[420/483], loss: 0.3287
 Epoch [35/40], Step[430/483], loss: 0.3552
 Epoch [35/40], Step[440/483], loss: 0.3791
 Epoch [35/40], Step[450/483], loss: 0.3304
 Epoch [35/40], Step[460/483], loss: 0.4046
 Epoch [35/40], Step[470/483], loss: 0.2924
 Epoch [35/40], Step[480/483], loss: 0.4449
 ====> Epoch 35: Training loss: 178.8295
 Training Accuracy: 0.947764
 ====> Epoch 35: Validation loss: 22.7234
 Validation Accuracy: 0.956333
 Epoch [36/40], Step[0/483], loss: 0.3813
 Epoch [36/40], Step[10/483], loss: 0.3179
 Epoch [36/40], Step[20/483], loss: 0.3823
 Epoch [36/40], Step[30/483], loss: 0.4115
 Epoch [36/40], Step[40/483], loss: 0.2721
 Epoch [36/40], Step[50/483], loss: 0.3427
 Epoch [36/40], Step[60/483], loss: 0.4235
 Epoch [36/40], Step[70/483], loss: 0.2653
 Epoch [36/40], Step[80/483], loss: 0.3696
 Epoch [36/40], Step[90/483], loss: 0.2872
 Epoch [36/40], Step[100/483], loss: 0.4160
 Epoch [36/40], Step[110/483], loss: 0.4418
 Epoch [36/40], Step[120/483], loss: 0.2654
 Epoch [36/40], Step[130/483], loss: 0.3097
 Epoch [36/40], Step[140/483], loss: 0.3534
 Epoch [36/40], Step[150/483], loss: 0.5846
 Epoch [36/40], Step[160/483], loss: 0.4014
 Epoch [36/40], Step[170/483], loss: 0.4127
 Epoch [36/40], Step[180/483], loss: 0.3497
 Epoch [36/40], Step[190/483], loss: 0.3483
 Epoch [36/40], Step[200/483], loss: 0.3917
 Epoch [36/40], Step[210/483], loss: 0.2938
 Epoch [36/40], Step[220/483], loss: 0.4082
 Epoch [36/40], Step[230/483], loss: 0.6594
 Epoch [36/40], Step[240/483], loss: 0.3380
 Epoch [36/40], Step[250/483], loss: 0.4162
 Epoch [36/40], Step[260/483], loss: 0.3245
 Epoch [36/40], Step[270/483], loss: 0.3359
 Epoch [36/40], Step[280/483], loss: 0.4597
 Epoch [36/40], Step[290/483], loss: 0.3399
 Epoch [36/40], Step[300/483], loss: 0.2954
 Epoch [36/40], Step[310/483], loss: 0.3755
 Epoch [36/40], Step[320/483], loss: 0.3648
 Epoch [36/40], Step[330/483], loss: 0.3868
 Epoch [36/40], Step[340/483], loss: 0.3280
 Epoch [36/40], Step[350/483], loss: 0.3688
 Epoch [36/40], Step[360/483], loss: 0.3512
 Epoch [36/40], Step[370/483], loss: 0.3238
 Epoch [36/40], Step[380/483], loss: 0.3547
 Epoch [36/40], Step[390/483], loss: 0.4750
 Epoch [36/40], Step[400/483], loss: 0.6356
 Epoch [36/40], Step[410/483], loss: 0.3056
 Epoch [36/40], Step[420/483], loss: 0.3387
 Epoch [36/40], Step[430/483], loss: 0.3313
 Epoch [36/40], Step[440/483], loss: 0.3557
 Epoch [36/40], Step[450/483], loss: 0.3810
 Epoch [36/40], Step[460/483], loss: 0.4404
 Epoch [36/40], Step[470/483], loss: 0.4377
 Epoch [36/40], Step[480/483], loss: 0.2940
 ====> Epoch 36: Training loss: 173.7937
 Training Accuracy: 0.954203
 ====> Epoch 36: Validation loss: 23.1578
 Validation Accuracy: 0.961333
 Epoch [37/40], Step[0/483], loss: 0.3250
 Epoch [37/40], Step[10/483], loss: 0.3565
 Epoch [37/40], Step[20/483], loss: 0.3425
 Epoch [37/40], Step[30/483], loss: 0.3581
 Epoch [37/40], Step[40/483], loss: 0.2803
 Epoch [37/40], Step[50/483], loss: 0.3499
 Epoch [37/40], Step[60/483], loss: 0.2938
 Epoch [37/40], Step[70/483], loss: 0.3274
 Epoch [37/40], Step[80/483], loss: 0.3695
 Epoch [37/40], Step[90/483], loss: 0.3325
 Epoch [37/40], Step[100/483], loss: 0.2792
 Epoch [37/40], Step[110/483], loss: 0.3913
 Epoch [37/40], Step[120/483], loss: 0.3008
 Epoch [37/40], Step[130/483], loss: 0.2750
 Epoch [37/40], Step[140/483], loss: 0.4766
 Epoch [37/40], Step[150/483], loss: 0.3028
 Epoch [37/40], Step[160/483], loss: 0.3510
 Epoch [37/40], Step[170/483], loss: 0.3535
 Epoch [37/40], Step[180/483], loss: 0.2771
 Epoch [37/40], Step[190/483], loss: 0.3811
 Epoch [37/40], Step[200/483], loss: 0.3943
 Epoch [37/40], Step[210/483], loss: 0.2168
 Epoch [37/40], Step[220/483], loss: 0.3611
 Epoch [37/40], Step[230/483], loss: 0.4046
 Epoch [37/40], Step[240/483], loss: 0.2824
 Epoch [37/40], Step[250/483], loss: 0.3901
 Epoch [37/40], Step[260/483], loss: 0.3356
 Epoch [37/40], Step[270/483], loss: 0.2898
 Epoch [37/40], Step[280/483], loss: 0.6539
 Epoch [37/40], Step[290/483], loss: 0.3541
 Epoch [37/40], Step[300/483], loss: 0.3300
 Epoch [37/40], Step[310/483], loss: 0.3550
 Epoch [37/40], Step[320/483], loss: 0.2798
 Epoch [37/40], Step[330/483], loss: 0.3595
 Epoch [37/40], Step[340/483], loss: 0.3108
 Epoch [37/40], Step[350/483], loss: 0.3601
 Epoch [37/40], Step[360/483], loss: 0.3432
 Epoch [37/40], Step[370/483], loss: 0.3138
 Epoch [37/40], Step[380/483], loss: 0.3819
 Epoch [37/40], Step[390/483], loss: 0.4323
 Epoch [37/40], Step[400/483], loss: 0.2794
 Epoch [37/40], Step[410/483], loss: 0.3131
 Epoch [37/40], Step[420/483], loss: 0.3284
 Epoch [37/40], Step[430/483], loss: 0.2922
 Epoch [37/40], Step[440/483], loss: 0.3432
 Epoch [37/40], Step[450/483], loss: 0.3202
 Epoch [37/40], Step[460/483], loss: 0.4527
 Epoch [37/40], Step[470/483], loss: 0.3168
 Epoch [37/40], Step[480/483], loss: 0.3217
 ====> Epoch 37: Training loss: 173.4247
 Training Accuracy: 0.956957
 ====> Epoch 37: Validation loss: 24.7759
 Validation Accuracy: 0.953833
 Epoch [38/40], Step[0/483], loss: 0.4265
 Epoch [38/40], Step[10/483], loss: 0.3258
 Epoch [38/40], Step[20/483], loss: 0.3105
 Epoch [38/40], Step[30/483], loss: 0.4566
 Epoch [38/40], Step[40/483], loss: 0.3612
 Epoch [38/40], Step[50/483], loss: 0.3061
 Epoch [38/40], Step[60/483], loss: 0.5830
 Epoch [38/40], Step[70/483], loss: 0.3009
 Epoch [38/40], Step[80/483], loss: 0.3690
 Epoch [38/40], Step[90/483], loss: 0.3326
 Epoch [38/40], Step[100/483], loss: 0.3831
 Epoch [38/40], Step[110/483], loss: 0.3132
 Epoch [38/40], Step[120/483], loss: 0.3678
 Epoch [38/40], Step[130/483], loss: 0.3088
 Epoch [38/40], Step[140/483], loss: 0.4034
 Epoch [38/40], Step[150/483], loss: 0.3968
 Epoch [38/40], Step[160/483], loss: 0.3657
 Epoch [38/40], Step[170/483], loss: 0.2774
 Epoch [38/40], Step[180/483], loss: 0.3289
 Epoch [38/40], Step[190/483], loss: 0.3470
 Epoch [38/40], Step[200/483], loss: 0.3670
 Epoch [38/40], Step[210/483], loss: 0.2647
 Epoch [38/40], Step[220/483], loss: 0.3846
 Epoch [38/40], Step[230/483], loss: 0.4049
 Epoch [38/40], Step[240/483], loss: 0.3402
 Epoch [38/40], Step[250/483], loss: 0.3525
 Epoch [38/40], Step[260/483], loss: 0.3015
 Epoch [38/40], Step[270/483], loss: 0.2787
 Epoch [38/40], Step[280/483], loss: 0.4773
 Epoch [38/40], Step[290/483], loss: 0.3402
 Epoch [38/40], Step[300/483], loss: 0.2976
 Epoch [38/40], Step[310/483], loss: 0.3869
 Epoch [38/40], Step[320/483], loss: 0.2949
 Epoch [38/40], Step[330/483], loss: 0.3473
 Epoch [38/40], Step[340/483], loss: 0.2879
 Epoch [38/40], Step[350/483], loss: 0.4862
 Epoch [38/40], Step[360/483], loss: 0.3136
 Epoch [38/40], Step[370/483], loss: 0.3216
 Epoch [38/40], Step[380/483], loss: 0.4505
 Epoch [38/40], Step[390/483], loss: 0.4173
 Epoch [38/40], Step[400/483], loss: 0.3937
 Epoch [38/40], Step[410/483], loss: 0.3038
 Epoch [38/40], Step[420/483], loss: 0.3694
 Epoch [38/40], Step[430/483], loss: 0.3112
 Epoch [38/40], Step[440/483], loss: 0.3503
 Epoch [38/40], Step[450/483], loss: 0.2905
 Epoch [38/40], Step[460/483], loss: 0.4632
 Epoch [38/40], Step[470/483], loss: 0.3428
 Epoch [38/40], Step[480/483], loss: 0.3429
 ====> Epoch 38: Training loss: 175.4222
 Training Accuracy: 0.958282
 ====> Epoch 38: Validation loss: 23.1279
 Validation Accuracy: 0.964000
 Epoch [39/40], Step[0/483], loss: 0.3801
 Epoch [39/40], Step[10/483], loss: 0.3356
 Epoch [39/40], Step[20/483], loss: 0.3758
 Epoch [39/40], Step[30/483], loss: 0.3615
 Epoch [39/40], Step[40/483], loss: 0.2937
 Epoch [39/40], Step[50/483], loss: 0.3783
 Epoch [39/40], Step[60/483], loss: 0.4178
 Epoch [39/40], Step[70/483], loss: 0.2831
 Epoch [39/40], Step[80/483], loss: 0.3664
 Epoch [39/40], Step[90/483], loss: 0.2983
 Epoch [39/40], Step[100/483], loss: 0.3544
 Epoch [39/40], Step[110/483], loss: 0.3769
 Epoch [39/40], Step[120/483], loss: 0.3648
 Epoch [39/40], Step[130/483], loss: 0.2485
 Epoch [39/40], Step[140/483], loss: 0.4584
 Epoch [39/40], Step[150/483], loss: 0.3802
 Epoch [39/40], Step[160/483], loss: 0.3575
 Epoch [39/40], Step[170/483], loss: 0.3457
 Epoch [39/40], Step[180/483], loss: 0.4665
 Epoch [39/40], Step[190/483], loss: 0.3784
 Epoch [39/40], Step[200/483], loss: 0.3784
 Epoch [39/40], Step[210/483], loss: 0.2819
 Epoch [39/40], Step[220/483], loss: 0.4148
 Epoch [39/40], Step[230/483], loss: 0.5177
 Epoch [39/40], Step[240/483], loss: 0.3092
 Epoch [39/40], Step[250/483], loss: 0.3577
 Epoch [39/40], Step[260/483], loss: 0.3099
 Epoch [39/40], Step[270/483], loss: 0.3806
 Epoch [39/40], Step[280/483], loss: 0.4091
 Epoch [39/40], Step[290/483], loss: 0.3153
 Epoch [39/40], Step[300/483], loss: 0.3276
 Epoch [39/40], Step[310/483], loss: 0.3367
 Epoch [39/40], Step[320/483], loss: 0.3450
 Epoch [39/40], Step[330/483], loss: 0.4649
 Epoch [39/40], Step[340/483], loss: 0.3327
 Epoch [39/40], Step[350/483], loss: 0.4192
 Epoch [39/40], Step[360/483], loss: 0.3366
 Epoch [39/40], Step[370/483], loss: 0.3339
 Epoch [39/40], Step[380/483], loss: 0.3643
 Epoch [39/40], Step[390/483], loss: 0.4472
 Epoch [39/40], Step[400/483], loss: 0.3730
 Epoch [39/40], Step[410/483], loss: 0.3797
 Epoch [39/40], Step[420/483], loss: 0.3444
 Epoch [39/40], Step[430/483], loss: 0.3479
 Epoch [39/40], Step[440/483], loss: 0.3856
 Epoch [39/40], Step[450/483], loss: 0.2823
 Epoch [39/40], Step[460/483], loss: 0.3626
 Epoch [39/40], Step[470/483], loss: 0.2999
 Epoch [39/40], Step[480/483], loss: 0.3142
 ====> Epoch 39: Training loss: 175.9616
 Training Accuracy: 0.964306
 ====> Epoch 39: Validation loss: 23.5353
 Validation Accuracy: 0.969167
 Epoch [40/40], Step[0/483], loss: 0.3535
 Epoch [40/40], Step[10/483], loss: 0.3613
 Epoch [40/40], Step[20/483], loss: 0.2814
 Epoch [40/40], Step[30/483], loss: 0.3517
 Epoch [40/40], Step[40/483], loss: 0.2297
 Epoch [40/40], Step[50/483], loss: 0.3333
 Epoch [40/40], Step[60/483], loss: 0.4184
 Epoch [40/40], Step[70/483], loss: 0.3230
 Epoch [40/40], Step[80/483], loss: 0.3657
 Epoch [40/40], Step[90/483], loss: 0.2990
 Epoch [40/40], Step[100/483], loss: 0.3086
 Epoch [40/40], Step[110/483], loss: 0.3309
 Epoch [40/40], Step[120/483], loss: 0.4574
 Epoch [40/40], Step[130/483], loss: 0.3489
 Epoch [40/40], Step[140/483], loss: 0.3123
 Epoch [40/40], Step[150/483], loss: 0.3757
 Epoch [40/40], Step[160/483], loss: 0.4157
 Epoch [40/40], Step[170/483], loss: 0.2898
 Epoch [40/40], Step[180/483], loss: 0.3411
 Epoch [40/40], Step[190/483], loss: 0.3826
 Epoch [40/40], Step[200/483], loss: 0.3604
 Epoch [40/40], Step[210/483], loss: 0.3502
 Epoch [40/40], Step[220/483], loss: 0.3226
 Epoch [40/40], Step[230/483], loss: 0.3887
 Epoch [40/40], Step[240/483], loss: 0.3683
 Epoch [40/40], Step[250/483], loss: 0.3811
 Epoch [40/40], Step[260/483], loss: 0.2944
 Epoch [40/40], Step[270/483], loss: 0.3209
 Epoch [40/40], Step[280/483], loss: 0.3889
 Epoch [40/40], Step[290/483], loss: 0.3403
 Epoch [40/40], Step[300/483], loss: 0.3807
 Epoch [40/40], Step[310/483], loss: 0.3067
 Epoch [40/40], Step[320/483], loss: 0.3187
 Epoch [40/40], Step[330/483], loss: 0.3230
 Epoch [40/40], Step[340/483], loss: 0.3264
 Epoch [40/40], Step[350/483], loss: 0.3526
 Epoch [40/40], Step[360/483], loss: 0.4263
 Epoch [40/40], Step[370/483], loss: 0.3432
 Epoch [40/40], Step[380/483], loss: 0.4109
 Epoch [40/40], Step[390/483], loss: 0.4199
 Epoch [40/40], Step[400/483], loss: 0.3122
 Epoch [40/40], Step[410/483], loss: 0.3529
 Epoch [40/40], Step[420/483], loss: 0.3396
 Epoch [40/40], Step[430/483], loss: 0.3415
 Epoch [40/40], Step[440/483], loss: 0.3750
 Epoch [40/40], Step[450/483], loss: 0.3049
 Epoch [40/40], Step[460/483], loss: 0.4474
 Epoch [40/40], Step[470/483], loss: 0.2968
 Epoch [40/40], Step[480/483], loss: 0.3292
 ====> Epoch 40: Training loss: 173.0166
 Training Accuracy: 0.961905
 ====> Epoch 40: Validation loss: 23.1067
 Validation Accuracy: 0.961333
 Saved model to models/l0209.pth
