 Loading feature files...
 <s> = 1
 </s> = 2
 All scenes loaded.
 Hyperparameters:Namespace(LR=0.01, alternatives=1, batch_size=100, dec='LSTM', dropout=0.0, epochs=40, hidden_sz=50, load=None, log_interval=10, model='s0', no_cuda=False, save=None, seed=1)
 Speaker0: Speaker0Model(
  (scene_encoder): LinearSceneEncoder(
    (fc): Linear(in_features=280, out_features=50)
  )
  (string_decoder): LSTMStringDecoder(
    (embedding): Embedding(1063, 50)
    (lstm): LSTM(50, 50, num_layers=2, batch_first=True)
    (linear): Linear(in_features=50, out_features=1063)
    (dropout): Dropout(p=0.0)
  )
)
 Training Speaker0...
 Epoch [1/40], Step[0/483], loss: 6.9787
 Epoch [1/40], Step[10/483], loss: 3.3589
 Epoch [1/40], Step[20/483], loss: 2.6905
 Epoch [1/40], Step[30/483], loss: 2.1513
 Epoch [1/40], Step[40/483], loss: 2.0298
 Epoch [1/40], Step[50/483], loss: 2.1236
 Epoch [1/40], Step[60/483], loss: 2.0355
 Epoch [1/40], Step[70/483], loss: 1.8283
 Epoch [1/40], Step[80/483], loss: 1.9678
 Epoch [1/40], Step[90/483], loss: 1.3406
 Epoch [1/40], Step[100/483], loss: 1.3005
 Epoch [1/40], Step[110/483], loss: 1.4793
 Epoch [1/40], Step[120/483], loss: 1.5486
 Epoch [1/40], Step[130/483], loss: 1.2632
 Epoch [1/40], Step[140/483], loss: 1.4460
 Epoch [1/40], Step[150/483], loss: 1.4689
 Epoch [1/40], Step[160/483], loss: 1.5717
 Epoch [1/40], Step[170/483], loss: 1.0401
 Epoch [1/40], Step[180/483], loss: 1.4318
 Epoch [1/40], Step[190/483], loss: 1.3908
 Epoch [1/40], Step[200/483], loss: 0.9824
 Epoch [1/40], Step[210/483], loss: 1.2420
 Epoch [1/40], Step[220/483], loss: 1.0832
 Epoch [1/40], Step[230/483], loss: 1.0144
 Epoch [1/40], Step[240/483], loss: 1.2390
 Epoch [1/40], Step[250/483], loss: 1.3060
 Epoch [1/40], Step[260/483], loss: 0.8265
 Epoch [1/40], Step[270/483], loss: 1.2411
 Epoch [1/40], Step[280/483], loss: 1.0094
 Epoch [1/40], Step[290/483], loss: 0.8568
 Epoch [1/40], Step[300/483], loss: 1.2299
 Epoch [1/40], Step[310/483], loss: 1.1932
 Epoch [1/40], Step[320/483], loss: 1.3041
 Epoch [1/40], Step[330/483], loss: 1.1583
 Epoch [1/40], Step[340/483], loss: 1.2442
 Epoch [1/40], Step[350/483], loss: 1.1908
 Epoch [1/40], Step[360/483], loss: 0.9106
 Epoch [1/40], Step[370/483], loss: 0.7565
 Epoch [1/40], Step[380/483], loss: 1.0127
 Epoch [1/40], Step[390/483], loss: 1.1141
 Epoch [1/40], Step[400/483], loss: 1.1041
 Epoch [1/40], Step[410/483], loss: 0.8784
 Epoch [1/40], Step[420/483], loss: 1.0669
 Epoch [1/40], Step[430/483], loss: 1.0542
 Epoch [1/40], Step[440/483], loss: 1.1077
 Epoch [1/40], Step[450/483], loss: 0.9162
 Epoch [1/40], Step[460/483], loss: 1.2264
 Epoch [1/40], Step[470/483], loss: 1.3120
 Epoch [1/40], Step[480/483], loss: 0.7407
 ====> Epoch 1: Training loss: 685.7151
 ====> Epoch 1: Validation loss: 66.1405
 Epoch [2/40], Step[0/483], loss: 0.9280
 Epoch [2/40], Step[10/483], loss: 1.0862
 Epoch [2/40], Step[20/483], loss: 1.1601
 Epoch [2/40], Step[30/483], loss: 1.1086
 Epoch [2/40], Step[40/483], loss: 1.1375
 Epoch [2/40], Step[50/483], loss: 1.2244
 Epoch [2/40], Step[60/483], loss: 1.3365
 Epoch [2/40], Step[70/483], loss: 1.1879
 Epoch [2/40], Step[80/483], loss: 1.3795
 Epoch [2/40], Step[90/483], loss: 0.9108
 Epoch [2/40], Step[100/483], loss: 0.9240
 Epoch [2/40], Step[110/483], loss: 1.1047
 Epoch [2/40], Step[120/483], loss: 1.1887
 Epoch [2/40], Step[130/483], loss: 0.9957
 Epoch [2/40], Step[140/483], loss: 1.1489
 Epoch [2/40], Step[150/483], loss: 1.1607
 Epoch [2/40], Step[160/483], loss: 1.2883
 Epoch [2/40], Step[170/483], loss: 0.8449
 Epoch [2/40], Step[180/483], loss: 1.1824
 Epoch [2/40], Step[190/483], loss: 1.1845
 Epoch [2/40], Step[200/483], loss: 0.8446
 Epoch [2/40], Step[210/483], loss: 1.0298
 Epoch [2/40], Step[220/483], loss: 0.9482
 Epoch [2/40], Step[230/483], loss: 0.8386
 Epoch [2/40], Step[240/483], loss: 1.0630
 Epoch [2/40], Step[250/483], loss: 1.0983
 Epoch [2/40], Step[260/483], loss: 0.7028
 Epoch [2/40], Step[270/483], loss: 1.0659
 Epoch [2/40], Step[280/483], loss: 0.9108
 Epoch [2/40], Step[290/483], loss: 0.7439
 Epoch [2/40], Step[300/483], loss: 1.0877
 Epoch [2/40], Step[310/483], loss: 1.0706
 Epoch [2/40], Step[320/483], loss: 1.1224
 Epoch [2/40], Step[330/483], loss: 1.0422
 Epoch [2/40], Step[340/483], loss: 1.0880
 Epoch [2/40], Step[350/483], loss: 1.0563
 Epoch [2/40], Step[360/483], loss: 0.8086
 Epoch [2/40], Step[370/483], loss: 0.6854
 Epoch [2/40], Step[380/483], loss: 0.9269
 Epoch [2/40], Step[390/483], loss: 1.0176
 Epoch [2/40], Step[400/483], loss: 0.9648
 Epoch [2/40], Step[410/483], loss: 0.7878
 Epoch [2/40], Step[420/483], loss: 0.9545
 Epoch [2/40], Step[430/483], loss: 0.9747
 Epoch [2/40], Step[440/483], loss: 0.9899
 Epoch [2/40], Step[450/483], loss: 0.8238
 Epoch [2/40], Step[460/483], loss: 1.1169
 Epoch [2/40], Step[470/483], loss: 1.1590
 Epoch [2/40], Step[480/483], loss: 0.6815
 ====> Epoch 2: Training loss: 507.0355
 ====> Epoch 2: Validation loss: 61.0496
 Epoch [3/40], Step[0/483], loss: 0.8546
 Epoch [3/40], Step[10/483], loss: 0.9757
 Epoch [3/40], Step[20/483], loss: 1.0451
 Epoch [3/40], Step[30/483], loss: 1.0203
 Epoch [3/40], Step[40/483], loss: 1.0534
 Epoch [3/40], Step[50/483], loss: 1.1164
 Epoch [3/40], Step[60/483], loss: 1.2164
 Epoch [3/40], Step[70/483], loss: 1.0907
 Epoch [3/40], Step[80/483], loss: 1.2504
 Epoch [3/40], Step[90/483], loss: 0.8350
 Epoch [3/40], Step[100/483], loss: 0.8619
 Epoch [3/40], Step[110/483], loss: 1.0139
 Epoch [3/40], Step[120/483], loss: 1.1011
 Epoch [3/40], Step[130/483], loss: 0.9191
 Epoch [3/40], Step[140/483], loss: 1.0677
 Epoch [3/40], Step[150/483], loss: 1.0723
 Epoch [3/40], Step[160/483], loss: 1.1902
 Epoch [3/40], Step[170/483], loss: 0.7926
 Epoch [3/40], Step[180/483], loss: 1.1007
 Epoch [3/40], Step[190/483], loss: 1.1101
 Epoch [3/40], Step[200/483], loss: 0.7908
 Epoch [3/40], Step[210/483], loss: 0.9787
 Epoch [3/40], Step[220/483], loss: 0.8993
 Epoch [3/40], Step[230/483], loss: 0.7914
 Epoch [3/40], Step[240/483], loss: 1.0016
 Epoch [3/40], Step[250/483], loss: 1.0153
 Epoch [3/40], Step[260/483], loss: 0.6606
 Epoch [3/40], Step[270/483], loss: 0.9929
 Epoch [3/40], Step[280/483], loss: 0.8553
 Epoch [3/40], Step[290/483], loss: 0.6962
 Epoch [3/40], Step[300/483], loss: 1.0321
 Epoch [3/40], Step[310/483], loss: 0.9948
 Epoch [3/40], Step[320/483], loss: 1.0536
 Epoch [3/40], Step[330/483], loss: 0.9727
 Epoch [3/40], Step[340/483], loss: 1.0258
 Epoch [3/40], Step[350/483], loss: 0.9912
 Epoch [3/40], Step[360/483], loss: 0.7488
 Epoch [3/40], Step[370/483], loss: 0.6561
 Epoch [3/40], Step[380/483], loss: 0.8678
 Epoch [3/40], Step[390/483], loss: 0.9717
 Epoch [3/40], Step[400/483], loss: 0.9049
 Epoch [3/40], Step[410/483], loss: 0.7457
 Epoch [3/40], Step[420/483], loss: 0.9082
 Epoch [3/40], Step[430/483], loss: 0.9285
 Epoch [3/40], Step[440/483], loss: 0.9333
 Epoch [3/40], Step[450/483], loss: 0.7620
 Epoch [3/40], Step[460/483], loss: 1.0605
 Epoch [3/40], Step[470/483], loss: 1.0712
 Epoch [3/40], Step[480/483], loss: 0.6430
 ====> Epoch 3: Training loss: 472.8237
 ====> Epoch 3: Validation loss: 58.5894
 Epoch [4/40], Step[0/483], loss: 0.8108
 Epoch [4/40], Step[10/483], loss: 0.9201
 Epoch [4/40], Step[20/483], loss: 0.9874
 Epoch [4/40], Step[30/483], loss: 0.9614
 Epoch [4/40], Step[40/483], loss: 1.0016
 Epoch [4/40], Step[50/483], loss: 1.0490
 Epoch [4/40], Step[60/483], loss: 1.1625
 Epoch [4/40], Step[70/483], loss: 1.0365
 Epoch [4/40], Step[80/483], loss: 1.1964
 Epoch [4/40], Step[90/483], loss: 0.8016
 Epoch [4/40], Step[100/483], loss: 0.8218
 Epoch [4/40], Step[110/483], loss: 0.9693
 Epoch [4/40], Step[120/483], loss: 1.0512
 Epoch [4/40], Step[130/483], loss: 0.8810
 Epoch [4/40], Step[140/483], loss: 1.0185
 Epoch [4/40], Step[150/483], loss: 1.0173
 Epoch [4/40], Step[160/483], loss: 1.1331
 Epoch [4/40], Step[170/483], loss: 0.7524
 Epoch [4/40], Step[180/483], loss: 1.0567
 Epoch [4/40], Step[190/483], loss: 1.0574
 Epoch [4/40], Step[200/483], loss: 0.7606
 Epoch [4/40], Step[210/483], loss: 0.9281
 Epoch [4/40], Step[220/483], loss: 0.8647
 Epoch [4/40], Step[230/483], loss: 0.7555
 Epoch [4/40], Step[240/483], loss: 0.9591
 Epoch [4/40], Step[250/483], loss: 0.9797
 Epoch [4/40], Step[260/483], loss: 0.6319
 Epoch [4/40], Step[270/483], loss: 0.9584
 Epoch [4/40], Step[280/483], loss: 0.8117
 Epoch [4/40], Step[290/483], loss: 0.6620
 Epoch [4/40], Step[300/483], loss: 0.9919
 Epoch [4/40], Step[310/483], loss: 0.9582
 Epoch [4/40], Step[320/483], loss: 1.0132
 Epoch [4/40], Step[330/483], loss: 0.9331
 Epoch [4/40], Step[340/483], loss: 0.9516
 Epoch [4/40], Step[350/483], loss: 0.9330
 Epoch [4/40], Step[360/483], loss: 0.7050
 Epoch [4/40], Step[370/483], loss: 0.6314
 Epoch [4/40], Step[380/483], loss: 0.8303
 Epoch [4/40], Step[390/483], loss: 0.9366
 Epoch [4/40], Step[400/483], loss: 0.8866
 Epoch [4/40], Step[410/483], loss: 0.7272
 Epoch [4/40], Step[420/483], loss: 0.8659
 Epoch [4/40], Step[430/483], loss: 0.8868
 Epoch [4/40], Step[440/483], loss: 0.9085
 Epoch [4/40], Step[450/483], loss: 0.7371
 Epoch [4/40], Step[460/483], loss: 1.0249
 Epoch [4/40], Step[470/483], loss: 1.0332
 Epoch [4/40], Step[480/483], loss: 0.6249
 ====> Epoch 4: Training loss: 451.2912
 ====> Epoch 4: Validation loss: 57.3947
 Epoch [5/40], Step[0/483], loss: 0.7870
 Epoch [5/40], Step[10/483], loss: 0.8984
 Epoch [5/40], Step[20/483], loss: 0.9514
 Epoch [5/40], Step[30/483], loss: 0.9414
 Epoch [5/40], Step[40/483], loss: 0.9677
 Epoch [5/40], Step[50/483], loss: 1.0202
 Epoch [5/40], Step[60/483], loss: 1.1196
 Epoch [5/40], Step[70/483], loss: 1.0047
 Epoch [5/40], Step[80/483], loss: 1.1543
 Epoch [5/40], Step[90/483], loss: 0.7793
 Epoch [5/40], Step[100/483], loss: 0.7995
 Epoch [5/40], Step[110/483], loss: 0.9364
 Epoch [5/40], Step[120/483], loss: 1.0183
 Epoch [5/40], Step[130/483], loss: 0.8592
 Epoch [5/40], Step[140/483], loss: 0.9883
 Epoch [5/40], Step[150/483], loss: 0.9746
 Epoch [5/40], Step[160/483], loss: 1.0868
 Epoch [5/40], Step[170/483], loss: 0.7348
 Epoch [5/40], Step[180/483], loss: 1.0299
 Epoch [5/40], Step[190/483], loss: 1.0303
 Epoch [5/40], Step[200/483], loss: 0.7411
 Epoch [5/40], Step[210/483], loss: 0.8993
 Epoch [5/40], Step[220/483], loss: 0.8309
 Epoch [5/40], Step[230/483], loss: 0.7414
 Epoch [5/40], Step[240/483], loss: 0.9233
 Epoch [5/40], Step[250/483], loss: 0.9536
 Epoch [5/40], Step[260/483], loss: 0.6136
 Epoch [5/40], Step[270/483], loss: 0.9123
 Epoch [5/40], Step[280/483], loss: 0.7977
 Epoch [5/40], Step[290/483], loss: 0.6529
 Epoch [5/40], Step[300/483], loss: 0.9522
 Epoch [5/40], Step[310/483], loss: 0.9299
 Epoch [5/40], Step[320/483], loss: 1.0053
 Epoch [5/40], Step[330/483], loss: 0.9142
 Epoch [5/40], Step[340/483], loss: 0.9382
 Epoch [5/40], Step[350/483], loss: 0.9068
 Epoch [5/40], Step[360/483], loss: 0.6898
 Epoch [5/40], Step[370/483], loss: 0.6136
 Epoch [5/40], Step[380/483], loss: 0.8133
 Epoch [5/40], Step[390/483], loss: 0.9017
 Epoch [5/40], Step[400/483], loss: 0.8808
 Epoch [5/40], Step[410/483], loss: 0.7000
 Epoch [5/40], Step[420/483], loss: 0.8331
 Epoch [5/40], Step[430/483], loss: 0.8651
 Epoch [5/40], Step[440/483], loss: 0.8772
 Epoch [5/40], Step[450/483], loss: 0.7236
 Epoch [5/40], Step[460/483], loss: 0.9997
 Epoch [5/40], Step[470/483], loss: 1.0125
 Epoch [5/40], Step[480/483], loss: 0.6066
 ====> Epoch 5: Training loss: 437.5192
 ====> Epoch 5: Validation loss: 56.8293
 Epoch [6/40], Step[0/483], loss: 0.7653
 Epoch [6/40], Step[10/483], loss: 0.8747
 Epoch [6/40], Step[20/483], loss: 0.9270
 Epoch [6/40], Step[30/483], loss: 0.9093
 Epoch [6/40], Step[40/483], loss: 0.9417
 Epoch [6/40], Step[50/483], loss: 0.9880
 Epoch [6/40], Step[60/483], loss: 1.0898
 Epoch [6/40], Step[70/483], loss: 0.9832
 Epoch [6/40], Step[80/483], loss: 1.1402
 Epoch [6/40], Step[90/483], loss: 0.7667
 Epoch [6/40], Step[100/483], loss: 0.7781
 Epoch [6/40], Step[110/483], loss: 0.9154
 Epoch [6/40], Step[120/483], loss: 1.0039
 Epoch [6/40], Step[130/483], loss: 0.8457
 Epoch [6/40], Step[140/483], loss: 0.9545
 Epoch [6/40], Step[150/483], loss: 0.9515
 Epoch [6/40], Step[160/483], loss: 1.0681
 Epoch [6/40], Step[170/483], loss: 0.7170
 Epoch [6/40], Step[180/483], loss: 1.0004
 Epoch [6/40], Step[190/483], loss: 1.0134
 Epoch [6/40], Step[200/483], loss: 0.7238
 Epoch [6/40], Step[210/483], loss: 0.8816
 Epoch [6/40], Step[220/483], loss: 0.8062
 Epoch [6/40], Step[230/483], loss: 0.7322
 Epoch [6/40], Step[240/483], loss: 0.9075
 Epoch [6/40], Step[250/483], loss: 0.9427
 Epoch [6/40], Step[260/483], loss: 0.6073
 Epoch [6/40], Step[270/483], loss: 0.8869
 Epoch [6/40], Step[280/483], loss: 0.7761
 Epoch [6/40], Step[290/483], loss: 0.6415
 Epoch [6/40], Step[300/483], loss: 0.9272
 Epoch [6/40], Step[310/483], loss: 0.9091
 Epoch [6/40], Step[320/483], loss: 0.9733
 Epoch [6/40], Step[330/483], loss: 0.9051
 Epoch [6/40], Step[340/483], loss: 0.9204
 Epoch [6/40], Step[350/483], loss: 0.8819
 Epoch [6/40], Step[360/483], loss: 0.6728
 Epoch [6/40], Step[370/483], loss: 0.6077
 Epoch [6/40], Step[380/483], loss: 0.7958
 Epoch [6/40], Step[390/483], loss: 0.8861
 Epoch [6/40], Step[400/483], loss: 0.8561
 Epoch [6/40], Step[410/483], loss: 0.6912
 Epoch [6/40], Step[420/483], loss: 0.8031
 Epoch [6/40], Step[430/483], loss: 0.8518
 Epoch [6/40], Step[440/483], loss: 0.8571
 Epoch [6/40], Step[450/483], loss: 0.6976
 Epoch [6/40], Step[460/483], loss: 0.9898
 Epoch [6/40], Step[470/483], loss: 0.9863
 Epoch [6/40], Step[480/483], loss: 0.5956
 ====> Epoch 6: Training loss: 427.5523
 ====> Epoch 6: Validation loss: 56.3843
 Epoch [7/40], Step[0/483], loss: 0.7525
 Epoch [7/40], Step[10/483], loss: 0.8621
 Epoch [7/40], Step[20/483], loss: 0.9212
 Epoch [7/40], Step[30/483], loss: 0.8876
 Epoch [7/40], Step[40/483], loss: 0.9178
 Epoch [7/40], Step[50/483], loss: 0.9645
 Epoch [7/40], Step[60/483], loss: 1.0630
 Epoch [7/40], Step[70/483], loss: 0.9700
 Epoch [7/40], Step[80/483], loss: 1.1123
 Epoch [7/40], Step[90/483], loss: 0.7538
 Epoch [7/40], Step[100/483], loss: 0.7583
 Epoch [7/40], Step[110/483], loss: 0.9009
 Epoch [7/40], Step[120/483], loss: 0.9872
 Epoch [7/40], Step[130/483], loss: 0.8336
 Epoch [7/40], Step[140/483], loss: 0.9457
 Epoch [7/40], Step[150/483], loss: 0.9427
 Epoch [7/40], Step[160/483], loss: 1.0321
 Epoch [7/40], Step[170/483], loss: 0.7048
 Epoch [7/40], Step[180/483], loss: 0.9953
 Epoch [7/40], Step[190/483], loss: 0.9811
 Epoch [7/40], Step[200/483], loss: 0.7238
 Epoch [7/40], Step[210/483], loss: 0.8768
 Epoch [7/40], Step[220/483], loss: 0.7827
 Epoch [7/40], Step[230/483], loss: 0.7207
 Epoch [7/40], Step[240/483], loss: 0.8996
 Epoch [7/40], Step[250/483], loss: 0.9267
 Epoch [7/40], Step[260/483], loss: 0.5985
 Epoch [7/40], Step[270/483], loss: 0.8753
 Epoch [7/40], Step[280/483], loss: 0.7572
 Epoch [7/40], Step[290/483], loss: 0.6430
 Epoch [7/40], Step[300/483], loss: 0.9041
 Epoch [7/40], Step[310/483], loss: 0.8939
 Epoch [7/40], Step[320/483], loss: 0.9510
 Epoch [7/40], Step[330/483], loss: 0.9063
 Epoch [7/40], Step[340/483], loss: 0.8922
 Epoch [7/40], Step[350/483], loss: 0.8651
 Epoch [7/40], Step[360/483], loss: 0.6684
 Epoch [7/40], Step[370/483], loss: 0.6051
 Epoch [7/40], Step[380/483], loss: 0.7928
 Epoch [7/40], Step[390/483], loss: 0.8667
 Epoch [7/40], Step[400/483], loss: 0.8330
 Epoch [7/40], Step[410/483], loss: 0.6854
 Epoch [7/40], Step[420/483], loss: 0.8046
 Epoch [7/40], Step[430/483], loss: 0.8335
 Epoch [7/40], Step[440/483], loss: 0.8504
 Epoch [7/40], Step[450/483], loss: 0.6919
 Epoch [7/40], Step[460/483], loss: 0.9619
 Epoch [7/40], Step[470/483], loss: 0.9686
 Epoch [7/40], Step[480/483], loss: 0.5894
 ====> Epoch 7: Training loss: 420.3684
 ====> Epoch 7: Validation loss: 56.1490
 Epoch [8/40], Step[0/483], loss: 0.7430
 Epoch [8/40], Step[10/483], loss: 0.8512
 Epoch [8/40], Step[20/483], loss: 0.9143
 Epoch [8/40], Step[30/483], loss: 0.8731
 Epoch [8/40], Step[40/483], loss: 0.8902
 Epoch [8/40], Step[50/483], loss: 0.9352
 Epoch [8/40], Step[60/483], loss: 1.0439
 Epoch [8/40], Step[70/483], loss: 0.9614
 Epoch [8/40], Step[80/483], loss: 1.0786
 Epoch [8/40], Step[90/483], loss: 0.7484
 Epoch [8/40], Step[100/483], loss: 0.7451
 Epoch [8/40], Step[110/483], loss: 0.8855
 Epoch [8/40], Step[120/483], loss: 0.9760
 Epoch [8/40], Step[130/483], loss: 0.8248
 Epoch [8/40], Step[140/483], loss: 0.9286
 Epoch [8/40], Step[150/483], loss: 0.9286
 Epoch [8/40], Step[160/483], loss: 1.0139
 Epoch [8/40], Step[170/483], loss: 0.7043
 Epoch [8/40], Step[180/483], loss: 0.9810
 Epoch [8/40], Step[190/483], loss: 0.9648
 Epoch [8/40], Step[200/483], loss: 0.7143
 Epoch [8/40], Step[210/483], loss: 0.8488
 Epoch [8/40], Step[220/483], loss: 0.7699
 Epoch [8/40], Step[230/483], loss: 0.7116
 Epoch [8/40], Step[240/483], loss: 0.8891
 Epoch [8/40], Step[250/483], loss: 0.9185
 Epoch [8/40], Step[260/483], loss: 0.5873
 Epoch [8/40], Step[270/483], loss: 0.8609
 Epoch [8/40], Step[280/483], loss: 0.7451
 Epoch [8/40], Step[290/483], loss: 0.6251
 Epoch [8/40], Step[300/483], loss: 0.8959
 Epoch [8/40], Step[310/483], loss: 0.8764
 Epoch [8/40], Step[320/483], loss: 0.9546
 Epoch [8/40], Step[330/483], loss: 0.8848
 Epoch [8/40], Step[340/483], loss: 0.8798
 Epoch [8/40], Step[350/483], loss: 0.8476
 Epoch [8/40], Step[360/483], loss: 0.6552
 Epoch [8/40], Step[370/483], loss: 0.5940
 Epoch [8/40], Step[380/483], loss: 0.7868
 Epoch [8/40], Step[390/483], loss: 0.8481
 Epoch [8/40], Step[400/483], loss: 0.8284
 Epoch [8/40], Step[410/483], loss: 0.6855
 Epoch [8/40], Step[420/483], loss: 0.7913
 Epoch [8/40], Step[430/483], loss: 0.8317
 Epoch [8/40], Step[440/483], loss: 0.8244
 Epoch [8/40], Step[450/483], loss: 0.6892
 Epoch [8/40], Step[460/483], loss: 0.9423
 Epoch [8/40], Step[470/483], loss: 0.9687
 Epoch [8/40], Step[480/483], loss: 0.5791
 ====> Epoch 8: Training loss: 414.2740
 ====> Epoch 8: Validation loss: 56.0948
 Epoch [9/40], Step[0/483], loss: 0.7347
 Epoch [9/40], Step[10/483], loss: 0.8368
 Epoch [9/40], Step[20/483], loss: 0.8965
 Epoch [9/40], Step[30/483], loss: 0.8688
 Epoch [9/40], Step[40/483], loss: 0.8828
 Epoch [9/40], Step[50/483], loss: 0.9406
 Epoch [9/40], Step[60/483], loss: 1.0329
 Epoch [9/40], Step[70/483], loss: 0.9502
 Epoch [9/40], Step[80/483], loss: 1.0602
 Epoch [9/40], Step[90/483], loss: 0.7503
 Epoch [9/40], Step[100/483], loss: 0.7515
 Epoch [9/40], Step[110/483], loss: 0.8835
 Epoch [9/40], Step[120/483], loss: 0.9505
 Epoch [9/40], Step[130/483], loss: 0.8211
 Epoch [9/40], Step[140/483], loss: 0.9183
 Epoch [9/40], Step[150/483], loss: 0.9190
 Epoch [9/40], Step[160/483], loss: 0.9973
 Epoch [9/40], Step[170/483], loss: 0.6850
 Epoch [9/40], Step[180/483], loss: 0.9753
 Epoch [9/40], Step[190/483], loss: 0.9562
 Epoch [9/40], Step[200/483], loss: 0.7166
 Epoch [9/40], Step[210/483], loss: 0.8467
 Epoch [9/40], Step[220/483], loss: 0.7694
 Epoch [9/40], Step[230/483], loss: 0.6979
 Epoch [9/40], Step[240/483], loss: 0.8707
 Epoch [9/40], Step[250/483], loss: 0.9069
 Epoch [9/40], Step[260/483], loss: 0.5823
 Epoch [9/40], Step[270/483], loss: 0.8567
 Epoch [9/40], Step[280/483], loss: 0.7354
 Epoch [9/40], Step[290/483], loss: 0.6235
 Epoch [9/40], Step[300/483], loss: 0.8820
 Epoch [9/40], Step[310/483], loss: 0.8681
 Epoch [9/40], Step[320/483], loss: 0.9486
 Epoch [9/40], Step[330/483], loss: 0.8729
 Epoch [9/40], Step[340/483], loss: 0.8837
 Epoch [9/40], Step[350/483], loss: 0.8371
 Epoch [9/40], Step[360/483], loss: 0.6365
 Epoch [9/40], Step[370/483], loss: 0.5855
 Epoch [9/40], Step[380/483], loss: 0.7594
 Epoch [9/40], Step[390/483], loss: 0.8332
 Epoch [9/40], Step[400/483], loss: 0.8221
 Epoch [9/40], Step[410/483], loss: 0.6762
 Epoch [9/40], Step[420/483], loss: 0.7941
 Epoch [9/40], Step[430/483], loss: 0.8290
 Epoch [9/40], Step[440/483], loss: 0.8088
 Epoch [9/40], Step[450/483], loss: 0.6812
 Epoch [9/40], Step[460/483], loss: 0.9484
 Epoch [9/40], Step[470/483], loss: 0.9453
 Epoch [9/40], Step[480/483], loss: 0.5752
 ====> Epoch 9: Training loss: 409.6219
 ====> Epoch 9: Validation loss: 56.0485
 Epoch [10/40], Step[0/483], loss: 0.7259
 Epoch [10/40], Step[10/483], loss: 0.8404
 Epoch [10/40], Step[20/483], loss: 0.9016
 Epoch [10/40], Step[30/483], loss: 0.8570
 Epoch [10/40], Step[40/483], loss: 0.8730
 Epoch [10/40], Step[50/483], loss: 0.9204
 Epoch [10/40], Step[60/483], loss: 1.0324
 Epoch [10/40], Step[70/483], loss: 0.9302
 Epoch [10/40], Step[80/483], loss: 1.0427
 Epoch [10/40], Step[90/483], loss: 0.7298
 Epoch [10/40], Step[100/483], loss: 0.7345
 Epoch [10/40], Step[110/483], loss: 0.8820
 Epoch [10/40], Step[120/483], loss: 0.9456
 Epoch [10/40], Step[130/483], loss: 0.8008
 Epoch [10/40], Step[140/483], loss: 0.8999
 Epoch [10/40], Step[150/483], loss: 0.9258
 Epoch [10/40], Step[160/483], loss: 0.9829
 Epoch [10/40], Step[170/483], loss: 0.6762
 Epoch [10/40], Step[180/483], loss: 0.9595
 Epoch [10/40], Step[190/483], loss: 0.9539
 Epoch [10/40], Step[200/483], loss: 0.7102
 Epoch [10/40], Step[210/483], loss: 0.8461
 Epoch [10/40], Step[220/483], loss: 0.7665
 Epoch [10/40], Step[230/483], loss: 0.6983
 Epoch [10/40], Step[240/483], loss: 0.8664
 Epoch [10/40], Step[250/483], loss: 0.8990
 Epoch [10/40], Step[260/483], loss: 0.5787
 Epoch [10/40], Step[270/483], loss: 0.8442
 Epoch [10/40], Step[280/483], loss: 0.7342
 Epoch [10/40], Step[290/483], loss: 0.6186
 Epoch [10/40], Step[300/483], loss: 0.8715
 Epoch [10/40], Step[310/483], loss: 0.8556
 Epoch [10/40], Step[320/483], loss: 0.9134
 Epoch [10/40], Step[330/483], loss: 0.8729
 Epoch [10/40], Step[340/483], loss: 0.8718
 Epoch [10/40], Step[350/483], loss: 0.8263
 Epoch [10/40], Step[360/483], loss: 0.6338
 Epoch [10/40], Step[370/483], loss: 0.5796
 Epoch [10/40], Step[380/483], loss: 0.7663
 Epoch [10/40], Step[390/483], loss: 0.8331
 Epoch [10/40], Step[400/483], loss: 0.8029
 Epoch [10/40], Step[410/483], loss: 0.6775
 Epoch [10/40], Step[420/483], loss: 0.7858
 Epoch [10/40], Step[430/483], loss: 0.8127
 Epoch [10/40], Step[440/483], loss: 0.8037
 Epoch [10/40], Step[450/483], loss: 0.6772
 Epoch [10/40], Step[460/483], loss: 0.9535
 Epoch [10/40], Step[470/483], loss: 0.9599
 Epoch [10/40], Step[480/483], loss: 0.5848
 ====> Epoch 10: Training loss: 406.0655
 ====> Epoch 10: Validation loss: 56.1246
 Epoch [11/40], Step[0/483], loss: 0.7151
 Epoch [11/40], Step[10/483], loss: 0.8332
 Epoch [11/40], Step[20/483], loss: 0.8953
 Epoch [11/40], Step[30/483], loss: 0.8535
 Epoch [11/40], Step[40/483], loss: 0.8647
 Epoch [11/40], Step[50/483], loss: 0.9245
 Epoch [11/40], Step[60/483], loss: 1.0177
 Epoch [11/40], Step[70/483], loss: 0.9225
 Epoch [11/40], Step[80/483], loss: 1.0278
 Epoch [11/40], Step[90/483], loss: 0.7173
 Epoch [11/40], Step[100/483], loss: 0.7370
 Epoch [11/40], Step[110/483], loss: 0.8660
 Epoch [11/40], Step[120/483], loss: 0.9306
 Epoch [11/40], Step[130/483], loss: 0.7831
 Epoch [11/40], Step[140/483], loss: 0.8998
 Epoch [11/40], Step[150/483], loss: 0.9124
 Epoch [11/40], Step[160/483], loss: 0.9959
 Epoch [11/40], Step[170/483], loss: 0.6738
 Epoch [11/40], Step[180/483], loss: 0.9446
 Epoch [11/40], Step[190/483], loss: 0.9403
 Epoch [11/40], Step[200/483], loss: 0.7008
 Epoch [11/40], Step[210/483], loss: 0.8341
 Epoch [11/40], Step[220/483], loss: 0.7525
 Epoch [11/40], Step[230/483], loss: 0.6971
 Epoch [11/40], Step[240/483], loss: 0.8483
 Epoch [11/40], Step[250/483], loss: 0.8949
 Epoch [11/40], Step[260/483], loss: 0.5663
 Epoch [11/40], Step[270/483], loss: 0.8505
 Epoch [11/40], Step[280/483], loss: 0.7246
 Epoch [11/40], Step[290/483], loss: 0.6159
 Epoch [11/40], Step[300/483], loss: 0.8525
 Epoch [11/40], Step[310/483], loss: 0.8577
 Epoch [11/40], Step[320/483], loss: 0.9273
 Epoch [11/40], Step[330/483], loss: 0.8525
 Epoch [11/40], Step[340/483], loss: 0.8590
 Epoch [11/40], Step[350/483], loss: 0.8215
 Epoch [11/40], Step[360/483], loss: 0.6297
 Epoch [11/40], Step[370/483], loss: 0.5788
 Epoch [11/40], Step[380/483], loss: 0.7494
 Epoch [11/40], Step[390/483], loss: 0.8350
 Epoch [11/40], Step[400/483], loss: 0.7995
 Epoch [11/40], Step[410/483], loss: 0.6724
 Epoch [11/40], Step[420/483], loss: 0.7690
 Epoch [11/40], Step[430/483], loss: 0.8255
 Epoch [11/40], Step[440/483], loss: 0.7975
 Epoch [11/40], Step[450/483], loss: 0.6673
 Epoch [11/40], Step[460/483], loss: 0.9291
 Epoch [11/40], Step[470/483], loss: 0.9513
 Epoch [11/40], Step[480/483], loss: 0.5791
 ====> Epoch 11: Training loss: 402.8301
 ====> Epoch 11: Validation loss: 56.0585
 Epoch [12/40], Step[0/483], loss: 0.7106
 Epoch [12/40], Step[10/483], loss: 0.8261
 Epoch [12/40], Step[20/483], loss: 0.8837
 Epoch [12/40], Step[30/483], loss: 0.8494
 Epoch [12/40], Step[40/483], loss: 0.8558
 Epoch [12/40], Step[50/483], loss: 0.9076
 Epoch [12/40], Step[60/483], loss: 1.0152
 Epoch [12/40], Step[70/483], loss: 0.9217
 Epoch [12/40], Step[80/483], loss: 1.0205
 Epoch [12/40], Step[90/483], loss: 0.7278
 Epoch [12/40], Step[100/483], loss: 0.7314
 Epoch [12/40], Step[110/483], loss: 0.8683
 Epoch [12/40], Step[120/483], loss: 0.9228
 Epoch [12/40], Step[130/483], loss: 0.7943
 Epoch [12/40], Step[140/483], loss: 0.9045
 Epoch [12/40], Step[150/483], loss: 0.8991
 Epoch [12/40], Step[160/483], loss: 0.9803
 Epoch [12/40], Step[170/483], loss: 0.6579
 Epoch [12/40], Step[180/483], loss: 0.9332
 Epoch [12/40], Step[190/483], loss: 0.9373
 Epoch [12/40], Step[200/483], loss: 0.6961
 Epoch [12/40], Step[210/483], loss: 0.8284
 Epoch [12/40], Step[220/483], loss: 0.7438
 Epoch [12/40], Step[230/483], loss: 0.6907
 Epoch [12/40], Step[240/483], loss: 0.8544
 Epoch [12/40], Step[250/483], loss: 0.8968
 Epoch [12/40], Step[260/483], loss: 0.5695
 Epoch [12/40], Step[270/483], loss: 0.8318
 Epoch [12/40], Step[280/483], loss: 0.7175
 Epoch [12/40], Step[290/483], loss: 0.6111
 Epoch [12/40], Step[300/483], loss: 0.8635
 Epoch [12/40], Step[310/483], loss: 0.8457
 Epoch [12/40], Step[320/483], loss: 0.9145
 Epoch [12/40], Step[330/483], loss: 0.8563
 Epoch [12/40], Step[340/483], loss: 0.8557
 Epoch [12/40], Step[350/483], loss: 0.8138
 Epoch [12/40], Step[360/483], loss: 0.6247
 Epoch [12/40], Step[370/483], loss: 0.5729
 Epoch [12/40], Step[380/483], loss: 0.7559
 Epoch [12/40], Step[390/483], loss: 0.8215
 Epoch [12/40], Step[400/483], loss: 0.7902
 Epoch [12/40], Step[410/483], loss: 0.6757
 Epoch [12/40], Step[420/483], loss: 0.7636
 Epoch [12/40], Step[430/483], loss: 0.8101
 Epoch [12/40], Step[440/483], loss: 0.7933
 Epoch [12/40], Step[450/483], loss: 0.6642
 Epoch [12/40], Step[460/483], loss: 0.9285
 Epoch [12/40], Step[470/483], loss: 0.9269
 Epoch [12/40], Step[480/483], loss: 0.5715
 ====> Epoch 12: Training loss: 399.8679
 ====> Epoch 12: Validation loss: 56.0433
 Epoch [13/40], Step[0/483], loss: 0.7185
 Epoch [13/40], Step[10/483], loss: 0.8292
 Epoch [13/40], Step[20/483], loss: 0.8785
 Epoch [13/40], Step[30/483], loss: 0.8379
 Epoch [13/40], Step[40/483], loss: 0.8518
 Epoch [13/40], Step[50/483], loss: 0.9087
 Epoch [13/40], Step[60/483], loss: 1.0010
 Epoch [13/40], Step[70/483], loss: 0.9155
 Epoch [13/40], Step[80/483], loss: 1.0222
 Epoch [13/40], Step[90/483], loss: 0.7173
 Epoch [13/40], Step[100/483], loss: 0.7294
 Epoch [13/40], Step[110/483], loss: 0.8502
 Epoch [13/40], Step[120/483], loss: 0.9191
 Epoch [13/40], Step[130/483], loss: 0.7877
 Epoch [13/40], Step[140/483], loss: 0.8858
 Epoch [13/40], Step[150/483], loss: 0.9024
 Epoch [13/40], Step[160/483], loss: 0.9654
 Epoch [13/40], Step[170/483], loss: 0.6669
 Epoch [13/40], Step[180/483], loss: 0.9392
 Epoch [13/40], Step[190/483], loss: 0.9219
 Epoch [13/40], Step[200/483], loss: 0.6987
 Epoch [13/40], Step[210/483], loss: 0.8193
 Epoch [13/40], Step[220/483], loss: 0.7454
 Epoch [13/40], Step[230/483], loss: 0.6960
 Epoch [13/40], Step[240/483], loss: 0.8435
 Epoch [13/40], Step[250/483], loss: 0.8874
 Epoch [13/40], Step[260/483], loss: 0.5689
 Epoch [13/40], Step[270/483], loss: 0.8275
 Epoch [13/40], Step[280/483], loss: 0.7166
 Epoch [13/40], Step[290/483], loss: 0.6071
 Epoch [13/40], Step[300/483], loss: 0.8593
 Epoch [13/40], Step[310/483], loss: 0.8504
 Epoch [13/40], Step[320/483], loss: 0.9117
 Epoch [13/40], Step[330/483], loss: 0.8535
 Epoch [13/40], Step[340/483], loss: 0.8505
 Epoch [13/40], Step[350/483], loss: 0.8139
 Epoch [13/40], Step[360/483], loss: 0.6236
 Epoch [13/40], Step[370/483], loss: 0.5640
 Epoch [13/40], Step[380/483], loss: 0.7454
 Epoch [13/40], Step[390/483], loss: 0.8204
 Epoch [13/40], Step[400/483], loss: 0.7869
 Epoch [13/40], Step[410/483], loss: 0.6644
 Epoch [13/40], Step[420/483], loss: 0.7589
 Epoch [13/40], Step[430/483], loss: 0.8012
 Epoch [13/40], Step[440/483], loss: 0.7960
 Epoch [13/40], Step[450/483], loss: 0.6639
 Epoch [13/40], Step[460/483], loss: 0.9182
 Epoch [13/40], Step[470/483], loss: 0.9265
 Epoch [13/40], Step[480/483], loss: 0.5655
 ====> Epoch 13: Training loss: 397.4402
 ====> Epoch 13: Validation loss: 56.1829
 Epoch [14/40], Step[0/483], loss: 0.7152
 Epoch [14/40], Step[10/483], loss: 0.8201
 Epoch [14/40], Step[20/483], loss: 0.8642
 Epoch [14/40], Step[30/483], loss: 0.8296
 Epoch [14/40], Step[40/483], loss: 0.8446
 Epoch [14/40], Step[50/483], loss: 0.9042
 Epoch [14/40], Step[60/483], loss: 0.9971
 Epoch [14/40], Step[70/483], loss: 0.9153
 Epoch [14/40], Step[80/483], loss: 1.0082
 Epoch [14/40], Step[90/483], loss: 0.7311
 Epoch [14/40], Step[100/483], loss: 0.7250
 Epoch [14/40], Step[110/483], loss: 0.8503
 Epoch [14/40], Step[120/483], loss: 0.9112
 Epoch [14/40], Step[130/483], loss: 0.7853
 Epoch [14/40], Step[140/483], loss: 0.8914
 Epoch [14/40], Step[150/483], loss: 0.8968
 Epoch [14/40], Step[160/483], loss: 0.9486
 Epoch [14/40], Step[170/483], loss: 0.6561
 Epoch [14/40], Step[180/483], loss: 0.9147
 Epoch [14/40], Step[190/483], loss: 0.9101
 Epoch [14/40], Step[200/483], loss: 0.6910
 Epoch [14/40], Step[210/483], loss: 0.8181
 Epoch [14/40], Step[220/483], loss: 0.7234
 Epoch [14/40], Step[230/483], loss: 0.7002
 Epoch [14/40], Step[240/483], loss: 0.8460
 Epoch [14/40], Step[250/483], loss: 0.8831
 Epoch [14/40], Step[260/483], loss: 0.5736
 Epoch [14/40], Step[270/483], loss: 0.8310
 Epoch [14/40], Step[280/483], loss: 0.7225
 Epoch [14/40], Step[290/483], loss: 0.6097
 Epoch [14/40], Step[300/483], loss: 0.8469
 Epoch [14/40], Step[310/483], loss: 0.8591
 Epoch [14/40], Step[320/483], loss: 0.9013
 Epoch [14/40], Step[330/483], loss: 0.8427
 Epoch [14/40], Step[340/483], loss: 0.8594
 Epoch [14/40], Step[350/483], loss: 0.8120
 Epoch [14/40], Step[360/483], loss: 0.6318
 Epoch [14/40], Step[370/483], loss: 0.5741
 Epoch [14/40], Step[380/483], loss: 0.7433
 Epoch [14/40], Step[390/483], loss: 0.8160
 Epoch [14/40], Step[400/483], loss: 0.7879
 Epoch [14/40], Step[410/483], loss: 0.6588
 Epoch [14/40], Step[420/483], loss: 0.7617
 Epoch [14/40], Step[430/483], loss: 0.8102
 Epoch [14/40], Step[440/483], loss: 0.8016
 Epoch [14/40], Step[450/483], loss: 0.6616
 Epoch [14/40], Step[460/483], loss: 0.9259
 Epoch [14/40], Step[470/483], loss: 0.9199
 Epoch [14/40], Step[480/483], loss: 0.5589
 ====> Epoch 14: Training loss: 395.4521
 ====> Epoch 14: Validation loss: 56.1287
 Epoch [15/40], Step[0/483], loss: 0.7118
 Epoch [15/40], Step[10/483], loss: 0.8105
 Epoch [15/40], Step[20/483], loss: 0.8683
 Epoch [15/40], Step[30/483], loss: 0.8200
 Epoch [15/40], Step[40/483], loss: 0.8380
 Epoch [15/40], Step[50/483], loss: 0.8936
 Epoch [15/40], Step[60/483], loss: 0.9859
 Epoch [15/40], Step[70/483], loss: 0.9144
 Epoch [15/40], Step[80/483], loss: 1.0049
 Epoch [15/40], Step[90/483], loss: 0.7083
 Epoch [15/40], Step[100/483], loss: 0.7261
 Epoch [15/40], Step[110/483], loss: 0.8647
 Epoch [15/40], Step[120/483], loss: 0.9119
 Epoch [15/40], Step[130/483], loss: 0.7717
 Epoch [15/40], Step[140/483], loss: 0.8883
 Epoch [15/40], Step[150/483], loss: 0.8910
 Epoch [15/40], Step[160/483], loss: 0.9428
 Epoch [15/40], Step[170/483], loss: 0.6578
 Epoch [15/40], Step[180/483], loss: 0.9194
 Epoch [15/40], Step[190/483], loss: 0.9208
 Epoch [15/40], Step[200/483], loss: 0.6793
 Epoch [15/40], Step[210/483], loss: 0.8157
 Epoch [15/40], Step[220/483], loss: 0.7286
 Epoch [15/40], Step[230/483], loss: 0.6893
 Epoch [15/40], Step[240/483], loss: 0.8293
 Epoch [15/40], Step[250/483], loss: 0.8757
 Epoch [15/40], Step[260/483], loss: 0.5601
 Epoch [15/40], Step[270/483], loss: 0.8290
 Epoch [15/40], Step[280/483], loss: 0.7174
 Epoch [15/40], Step[290/483], loss: 0.6168
 Epoch [15/40], Step[300/483], loss: 0.8523
 Epoch [15/40], Step[310/483], loss: 0.8304
 Epoch [15/40], Step[320/483], loss: 0.8864
 Epoch [15/40], Step[330/483], loss: 0.8569
 Epoch [15/40], Step[340/483], loss: 0.8414
 Epoch [15/40], Step[350/483], loss: 0.8116
 Epoch [15/40], Step[360/483], loss: 0.6138
 Epoch [15/40], Step[370/483], loss: 0.5697
 Epoch [15/40], Step[380/483], loss: 0.7455
 Epoch [15/40], Step[390/483], loss: 0.8262
 Epoch [15/40], Step[400/483], loss: 0.7830
 Epoch [15/40], Step[410/483], loss: 0.6533
 Epoch [15/40], Step[420/483], loss: 0.7492
 Epoch [15/40], Step[430/483], loss: 0.7887
 Epoch [15/40], Step[440/483], loss: 0.7945
 Epoch [15/40], Step[450/483], loss: 0.6668
 Epoch [15/40], Step[460/483], loss: 0.9207
 Epoch [15/40], Step[470/483], loss: 0.9274
 Epoch [15/40], Step[480/483], loss: 0.5698
 ====> Epoch 15: Training loss: 393.6987
 ====> Epoch 15: Validation loss: 56.2428
 Epoch [16/40], Step[0/483], loss: 0.7103
 Epoch [16/40], Step[10/483], loss: 0.8207
 Epoch [16/40], Step[20/483], loss: 0.8619
 Epoch [16/40], Step[30/483], loss: 0.8288
 Epoch [16/40], Step[40/483], loss: 0.8312
 Epoch [16/40], Step[50/483], loss: 0.8948
 Epoch [16/40], Step[60/483], loss: 0.9810
 Epoch [16/40], Step[70/483], loss: 0.9085
 Epoch [16/40], Step[80/483], loss: 0.9997
 Epoch [16/40], Step[90/483], loss: 0.7112
 Epoch [16/40], Step[100/483], loss: 0.7216
 Epoch [16/40], Step[110/483], loss: 0.8472
 Epoch [16/40], Step[120/483], loss: 0.9121
 Epoch [16/40], Step[130/483], loss: 0.7680
 Epoch [16/40], Step[140/483], loss: 0.8767
 Epoch [16/40], Step[150/483], loss: 0.9021
 Epoch [16/40], Step[160/483], loss: 0.9353
 Epoch [16/40], Step[170/483], loss: 0.6386
 Epoch [16/40], Step[180/483], loss: 0.9204
 Epoch [16/40], Step[190/483], loss: 0.9132
 Epoch [16/40], Step[200/483], loss: 0.6730
 Epoch [16/40], Step[210/483], loss: 0.8149
 Epoch [16/40], Step[220/483], loss: 0.7296
 Epoch [16/40], Step[230/483], loss: 0.6721
 Epoch [16/40], Step[240/483], loss: 0.8265
 Epoch [16/40], Step[250/483], loss: 0.8861
 Epoch [16/40], Step[260/483], loss: 0.5660
 Epoch [16/40], Step[270/483], loss: 0.8184
 Epoch [16/40], Step[280/483], loss: 0.7195
 Epoch [16/40], Step[290/483], loss: 0.6114
 Epoch [16/40], Step[300/483], loss: 0.8449
 Epoch [16/40], Step[310/483], loss: 0.8380
 Epoch [16/40], Step[320/483], loss: 0.8819
 Epoch [16/40], Step[330/483], loss: 0.8317
 Epoch [16/40], Step[340/483], loss: 0.8354
 Epoch [16/40], Step[350/483], loss: 0.8045
 Epoch [16/40], Step[360/483], loss: 0.6168
 Epoch [16/40], Step[370/483], loss: 0.5748
 Epoch [16/40], Step[380/483], loss: 0.7300
 Epoch [16/40], Step[390/483], loss: 0.8236
 Epoch [16/40], Step[400/483], loss: 0.7837
 Epoch [16/40], Step[410/483], loss: 0.6427
 Epoch [16/40], Step[420/483], loss: 0.7411
 Epoch [16/40], Step[430/483], loss: 0.7972
 Epoch [16/40], Step[440/483], loss: 0.7912
 Epoch [16/40], Step[450/483], loss: 0.6526
 Epoch [16/40], Step[460/483], loss: 0.9171
 Epoch [16/40], Step[470/483], loss: 0.9348
 Epoch [16/40], Step[480/483], loss: 0.5626
 ====> Epoch 16: Training loss: 391.8832
 ====> Epoch 16: Validation loss: 56.0193
 Epoch [17/40], Step[0/483], loss: 0.6998
 Epoch [17/40], Step[10/483], loss: 0.8135
 Epoch [17/40], Step[20/483], loss: 0.8450
 Epoch [17/40], Step[30/483], loss: 0.8183
 Epoch [17/40], Step[40/483], loss: 0.8480
 Epoch [17/40], Step[50/483], loss: 0.8899
 Epoch [17/40], Step[60/483], loss: 0.9648
 Epoch [17/40], Step[70/483], loss: 0.9062
 Epoch [17/40], Step[80/483], loss: 1.0070
 Epoch [17/40], Step[90/483], loss: 0.7068
 Epoch [17/40], Step[100/483], loss: 0.7126
 Epoch [17/40], Step[110/483], loss: 0.8441
 Epoch [17/40], Step[120/483], loss: 0.9002
 Epoch [17/40], Step[130/483], loss: 0.7654
 Epoch [17/40], Step[140/483], loss: 0.8719
 Epoch [17/40], Step[150/483], loss: 0.8904
 Epoch [17/40], Step[160/483], loss: 0.9287
 Epoch [17/40], Step[170/483], loss: 0.6424
 Epoch [17/40], Step[180/483], loss: 0.9095
 Epoch [17/40], Step[190/483], loss: 0.9117
 Epoch [17/40], Step[200/483], loss: 0.6795
 Epoch [17/40], Step[210/483], loss: 0.8109
 Epoch [17/40], Step[220/483], loss: 0.7141
 Epoch [17/40], Step[230/483], loss: 0.6821
 Epoch [17/40], Step[240/483], loss: 0.8172
 Epoch [17/40], Step[250/483], loss: 0.8695
 Epoch [17/40], Step[260/483], loss: 0.5599
 Epoch [17/40], Step[270/483], loss: 0.8366
 Epoch [17/40], Step[280/483], loss: 0.7131
 Epoch [17/40], Step[290/483], loss: 0.6072
 Epoch [17/40], Step[300/483], loss: 0.8349
 Epoch [17/40], Step[310/483], loss: 0.8264
 Epoch [17/40], Step[320/483], loss: 0.8786
 Epoch [17/40], Step[330/483], loss: 0.8237
 Epoch [17/40], Step[340/483], loss: 0.8426
 Epoch [17/40], Step[350/483], loss: 0.7953
 Epoch [17/40], Step[360/483], loss: 0.6112
 Epoch [17/40], Step[370/483], loss: 0.5693
 Epoch [17/40], Step[380/483], loss: 0.7419
 Epoch [17/40], Step[390/483], loss: 0.8111
 Epoch [17/40], Step[400/483], loss: 0.7658
 Epoch [17/40], Step[410/483], loss: 0.6577
 Epoch [17/40], Step[420/483], loss: 0.7408
 Epoch [17/40], Step[430/483], loss: 0.8019
 Epoch [17/40], Step[440/483], loss: 0.7806
 Epoch [17/40], Step[450/483], loss: 0.6503
 Epoch [17/40], Step[460/483], loss: 0.9210
 Epoch [17/40], Step[470/483], loss: 0.9231
 Epoch [17/40], Step[480/483], loss: 0.5581
 ====> Epoch 17: Training loss: 390.1648
 ====> Epoch 17: Validation loss: 56.4134
 Epoch [18/40], Step[0/483], loss: 0.6921
 Epoch [18/40], Step[10/483], loss: 0.7985
 Epoch [18/40], Step[20/483], loss: 0.8525
 Epoch [18/40], Step[30/483], loss: 0.8250
 Epoch [18/40], Step[40/483], loss: 0.8553
 Epoch [18/40], Step[50/483], loss: 0.9010
 Epoch [18/40], Step[60/483], loss: 0.9771
 Epoch [18/40], Step[70/483], loss: 0.8961
 Epoch [18/40], Step[80/483], loss: 0.9806
 Epoch [18/40], Step[90/483], loss: 0.7066
 Epoch [18/40], Step[100/483], loss: 0.7161
 Epoch [18/40], Step[110/483], loss: 0.8588
 Epoch [18/40], Step[120/483], loss: 0.9114
 Epoch [18/40], Step[130/483], loss: 0.7681
 Epoch [18/40], Step[140/483], loss: 0.8720
 Epoch [18/40], Step[150/483], loss: 0.8922
 Epoch [18/40], Step[160/483], loss: 0.9331
 Epoch [18/40], Step[170/483], loss: 0.6540
 Epoch [18/40], Step[180/483], loss: 0.8948
 Epoch [18/40], Step[190/483], loss: 0.9247
 Epoch [18/40], Step[200/483], loss: 0.6852
 Epoch [18/40], Step[210/483], loss: 0.7876
 Epoch [18/40], Step[220/483], loss: 0.7140
 Epoch [18/40], Step[230/483], loss: 0.6790
 Epoch [18/40], Step[240/483], loss: 0.8071
 Epoch [18/40], Step[250/483], loss: 0.8693
 Epoch [18/40], Step[260/483], loss: 0.5505
 Epoch [18/40], Step[270/483], loss: 0.8185
 Epoch [18/40], Step[280/483], loss: 0.7254
 Epoch [18/40], Step[290/483], loss: 0.6164
 Epoch [18/40], Step[300/483], loss: 0.8474
 Epoch [18/40], Step[310/483], loss: 0.8249
 Epoch [18/40], Step[320/483], loss: 0.8629
 Epoch [18/40], Step[330/483], loss: 0.8363
 Epoch [18/40], Step[340/483], loss: 0.8389
 Epoch [18/40], Step[350/483], loss: 0.7881
 Epoch [18/40], Step[360/483], loss: 0.6011
 Epoch [18/40], Step[370/483], loss: 0.5669
 Epoch [18/40], Step[380/483], loss: 0.7342
 Epoch [18/40], Step[390/483], loss: 0.8154
 Epoch [18/40], Step[400/483], loss: 0.7641
 Epoch [18/40], Step[410/483], loss: 0.6496
 Epoch [18/40], Step[420/483], loss: 0.7251
 Epoch [18/40], Step[430/483], loss: 0.7905
 Epoch [18/40], Step[440/483], loss: 0.7778
 Epoch [18/40], Step[450/483], loss: 0.6562
 Epoch [18/40], Step[460/483], loss: 0.9128
 Epoch [18/40], Step[470/483], loss: 0.9156
 Epoch [18/40], Step[480/483], loss: 0.5607
 ====> Epoch 18: Training loss: 389.0520
 ====> Epoch 18: Validation loss: 56.6851
 Epoch [19/40], Step[0/483], loss: 0.7004
 Epoch [19/40], Step[10/483], loss: 0.8002
 Epoch [19/40], Step[20/483], loss: 0.8642
 Epoch [19/40], Step[30/483], loss: 0.8189
 Epoch [19/40], Step[40/483], loss: 0.8358
 Epoch [19/40], Step[50/483], loss: 0.8856
 Epoch [19/40], Step[60/483], loss: 0.9691
 Epoch [19/40], Step[70/483], loss: 0.8951
 Epoch [19/40], Step[80/483], loss: 0.9891
 Epoch [19/40], Step[90/483], loss: 0.7173
 Epoch [19/40], Step[100/483], loss: 0.7048
 Epoch [19/40], Step[110/483], loss: 0.8445
 Epoch [19/40], Step[120/483], loss: 0.9029
 Epoch [19/40], Step[130/483], loss: 0.7564
 Epoch [19/40], Step[140/483], loss: 0.8717
 Epoch [19/40], Step[150/483], loss: 0.8781
 Epoch [19/40], Step[160/483], loss: 0.9413
 Epoch [19/40], Step[170/483], loss: 0.6402
 Epoch [19/40], Step[180/483], loss: 0.9032
 Epoch [19/40], Step[190/483], loss: 0.8982
 Epoch [19/40], Step[200/483], loss: 0.6802
 Epoch [19/40], Step[210/483], loss: 0.7946
 Epoch [19/40], Step[220/483], loss: 0.7093
 Epoch [19/40], Step[230/483], loss: 0.6848
 Epoch [19/40], Step[240/483], loss: 0.8232
 Epoch [19/40], Step[250/483], loss: 0.8630
 Epoch [19/40], Step[260/483], loss: 0.5590
 Epoch [19/40], Step[270/483], loss: 0.8144
 Epoch [19/40], Step[280/483], loss: 0.7198
 Epoch [19/40], Step[290/483], loss: 0.6151
 Epoch [19/40], Step[300/483], loss: 0.8358
 Epoch [19/40], Step[310/483], loss: 0.8321
 Epoch [19/40], Step[320/483], loss: 0.8619
 Epoch [19/40], Step[330/483], loss: 0.8323
 Epoch [19/40], Step[340/483], loss: 0.8325
 Epoch [19/40], Step[350/483], loss: 0.8128
 Epoch [19/40], Step[360/483], loss: 0.6035
 Epoch [19/40], Step[370/483], loss: 0.5714
 Epoch [19/40], Step[380/483], loss: 0.7335
 Epoch [19/40], Step[390/483], loss: 0.7991
 Epoch [19/40], Step[400/483], loss: 0.7614
 Epoch [19/40], Step[410/483], loss: 0.6462
 Epoch [19/40], Step[420/483], loss: 0.7364
 Epoch [19/40], Step[430/483], loss: 0.8011
 Epoch [19/40], Step[440/483], loss: 0.7815
 Epoch [19/40], Step[450/483], loss: 0.6528
 Epoch [19/40], Step[460/483], loss: 0.8984
 Epoch [19/40], Step[470/483], loss: 0.9117
 Epoch [19/40], Step[480/483], loss: 0.5551
 ====> Epoch 19: Training loss: 387.7931
 ====> Epoch 19: Validation loss: 56.6142
 Epoch [20/40], Step[0/483], loss: 0.6999
 Epoch [20/40], Step[10/483], loss: 0.8037
 Epoch [20/40], Step[20/483], loss: 0.8525
 Epoch [20/40], Step[30/483], loss: 0.8116
 Epoch [20/40], Step[40/483], loss: 0.8338
 Epoch [20/40], Step[50/483], loss: 0.8752
 Epoch [20/40], Step[60/483], loss: 0.9735
 Epoch [20/40], Step[70/483], loss: 0.8730
 Epoch [20/40], Step[80/483], loss: 0.9943
 Epoch [20/40], Step[90/483], loss: 0.7034
 Epoch [20/40], Step[100/483], loss: 0.7066
 Epoch [20/40], Step[110/483], loss: 0.8346
 Epoch [20/40], Step[120/483], loss: 0.8954
 Epoch [20/40], Step[130/483], loss: 0.7650
 Epoch [20/40], Step[140/483], loss: 0.8606
 Epoch [20/40], Step[150/483], loss: 0.8651
 Epoch [20/40], Step[160/483], loss: 0.9284
 Epoch [20/40], Step[170/483], loss: 0.6445
 Epoch [20/40], Step[180/483], loss: 0.9010
 Epoch [20/40], Step[190/483], loss: 0.9185
 Epoch [20/40], Step[200/483], loss: 0.6793
 Epoch [20/40], Step[210/483], loss: 0.7864
 Epoch [20/40], Step[220/483], loss: 0.7094
 Epoch [20/40], Step[230/483], loss: 0.6870
 Epoch [20/40], Step[240/483], loss: 0.8196
 Epoch [20/40], Step[250/483], loss: 0.8498
 Epoch [20/40], Step[260/483], loss: 0.5495
 Epoch [20/40], Step[270/483], loss: 0.8178
 Epoch [20/40], Step[280/483], loss: 0.7176
 Epoch [20/40], Step[290/483], loss: 0.6040
 Epoch [20/40], Step[300/483], loss: 0.8254
 Epoch [20/40], Step[310/483], loss: 0.8191
 Epoch [20/40], Step[320/483], loss: 0.8757
 Epoch [20/40], Step[330/483], loss: 0.8349
 Epoch [20/40], Step[340/483], loss: 0.8479
 Epoch [20/40], Step[350/483], loss: 0.7900
 Epoch [20/40], Step[360/483], loss: 0.6017
 Epoch [20/40], Step[370/483], loss: 0.5601
 Epoch [20/40], Step[380/483], loss: 0.7338
 Epoch [20/40], Step[390/483], loss: 0.7981
 Epoch [20/40], Step[400/483], loss: 0.7586
 Epoch [20/40], Step[410/483], loss: 0.6495
 Epoch [20/40], Step[420/483], loss: 0.7174
 Epoch [20/40], Step[430/483], loss: 0.7898
 Epoch [20/40], Step[440/483], loss: 0.7669
 Epoch [20/40], Step[450/483], loss: 0.6474
 Epoch [20/40], Step[460/483], loss: 0.9122
 Epoch [20/40], Step[470/483], loss: 0.9304
 Epoch [20/40], Step[480/483], loss: 0.5540
 ====> Epoch 20: Training loss: 386.6984
 ====> Epoch 20: Validation loss: 56.6155
 Epoch [21/40], Step[0/483], loss: 0.6973
 Epoch [21/40], Step[10/483], loss: 0.7968
 Epoch [21/40], Step[20/483], loss: 0.8554
 Epoch [21/40], Step[30/483], loss: 0.8121
 Epoch [21/40], Step[40/483], loss: 0.8304
 Epoch [21/40], Step[50/483], loss: 0.8749
 Epoch [21/40], Step[60/483], loss: 0.9709
 Epoch [21/40], Step[70/483], loss: 0.8895
 Epoch [21/40], Step[80/483], loss: 0.9775
 Epoch [21/40], Step[90/483], loss: 0.7041
 Epoch [21/40], Step[100/483], loss: 0.7036
 Epoch [21/40], Step[110/483], loss: 0.8339
 Epoch [21/40], Step[120/483], loss: 0.9027
 Epoch [21/40], Step[130/483], loss: 0.7648
 Epoch [21/40], Step[140/483], loss: 0.8595
 Epoch [21/40], Step[150/483], loss: 0.8843
 Epoch [21/40], Step[160/483], loss: 0.9272
 Epoch [21/40], Step[170/483], loss: 0.6343
 Epoch [21/40], Step[180/483], loss: 0.8900
 Epoch [21/40], Step[190/483], loss: 0.9070
 Epoch [21/40], Step[200/483], loss: 0.6880
 Epoch [21/40], Step[210/483], loss: 0.7894
 Epoch [21/40], Step[220/483], loss: 0.6959
 Epoch [21/40], Step[230/483], loss: 0.6731
 Epoch [21/40], Step[240/483], loss: 0.8097
 Epoch [21/40], Step[250/483], loss: 0.8310
 Epoch [21/40], Step[260/483], loss: 0.5449
 Epoch [21/40], Step[270/483], loss: 0.8145
 Epoch [21/40], Step[280/483], loss: 0.7085
 Epoch [21/40], Step[290/483], loss: 0.6116
 Epoch [21/40], Step[300/483], loss: 0.8302
 Epoch [21/40], Step[310/483], loss: 0.8161
 Epoch [21/40], Step[320/483], loss: 0.8701
 Epoch [21/40], Step[330/483], loss: 0.8214
 Epoch [21/40], Step[340/483], loss: 0.8455
 Epoch [21/40], Step[350/483], loss: 0.7871
 Epoch [21/40], Step[360/483], loss: 0.6024
 Epoch [21/40], Step[370/483], loss: 0.5629
 Epoch [21/40], Step[380/483], loss: 0.7260
 Epoch [21/40], Step[390/483], loss: 0.8015
 Epoch [21/40], Step[400/483], loss: 0.7536
 Epoch [21/40], Step[410/483], loss: 0.6447
 Epoch [21/40], Step[420/483], loss: 0.7282
 Epoch [21/40], Step[430/483], loss: 0.7948
 Epoch [21/40], Step[440/483], loss: 0.7678
 Epoch [21/40], Step[450/483], loss: 0.6490
 Epoch [21/40], Step[460/483], loss: 0.8934
 Epoch [21/40], Step[470/483], loss: 0.9106
 Epoch [21/40], Step[480/483], loss: 0.5591
 ====> Epoch 21: Training loss: 385.5121
 ====> Epoch 21: Validation loss: 56.4877
 Epoch [22/40], Step[0/483], loss: 0.6987
 Epoch [22/40], Step[10/483], loss: 0.7845
 Epoch [22/40], Step[20/483], loss: 0.8526
 Epoch [22/40], Step[30/483], loss: 0.8111
 Epoch [22/40], Step[40/483], loss: 0.8136
 Epoch [22/40], Step[50/483], loss: 0.8731
 Epoch [22/40], Step[60/483], loss: 0.9697
 Epoch [22/40], Step[70/483], loss: 0.8895
 Epoch [22/40], Step[80/483], loss: 0.9874
 Epoch [22/40], Step[90/483], loss: 0.7112
 Epoch [22/40], Step[100/483], loss: 0.7053
 Epoch [22/40], Step[110/483], loss: 0.8234
 Epoch [22/40], Step[120/483], loss: 0.8894
 Epoch [22/40], Step[130/483], loss: 0.7574
 Epoch [22/40], Step[140/483], loss: 0.8616
 Epoch [22/40], Step[150/483], loss: 0.8835
 Epoch [22/40], Step[160/483], loss: 0.9398
 Epoch [22/40], Step[170/483], loss: 0.6267
 Epoch [22/40], Step[180/483], loss: 0.8907
 Epoch [22/40], Step[190/483], loss: 0.9052
 Epoch [22/40], Step[200/483], loss: 0.6726
 Epoch [22/40], Step[210/483], loss: 0.7889
 Epoch [22/40], Step[220/483], loss: 0.6987
 Epoch [22/40], Step[230/483], loss: 0.6745
 Epoch [22/40], Step[240/483], loss: 0.8125
 Epoch [22/40], Step[250/483], loss: 0.8395
 Epoch [22/40], Step[260/483], loss: 0.5534
 Epoch [22/40], Step[270/483], loss: 0.8158
 Epoch [22/40], Step[280/483], loss: 0.7141
 Epoch [22/40], Step[290/483], loss: 0.6050
 Epoch [22/40], Step[300/483], loss: 0.8311
 Epoch [22/40], Step[310/483], loss: 0.8152
 Epoch [22/40], Step[320/483], loss: 0.8694
 Epoch [22/40], Step[330/483], loss: 0.8348
 Epoch [22/40], Step[340/483], loss: 0.8439
 Epoch [22/40], Step[350/483], loss: 0.7898
 Epoch [22/40], Step[360/483], loss: 0.6017
 Epoch [22/40], Step[370/483], loss: 0.5521
 Epoch [22/40], Step[380/483], loss: 0.7297
 Epoch [22/40], Step[390/483], loss: 0.7942
 Epoch [22/40], Step[400/483], loss: 0.7580
 Epoch [22/40], Step[410/483], loss: 0.6532
 Epoch [22/40], Step[420/483], loss: 0.7255
 Epoch [22/40], Step[430/483], loss: 0.7869
 Epoch [22/40], Step[440/483], loss: 0.7681
 Epoch [22/40], Step[450/483], loss: 0.6526
 Epoch [22/40], Step[460/483], loss: 0.9037
 Epoch [22/40], Step[470/483], loss: 0.9056
 Epoch [22/40], Step[480/483], loss: 0.5624
 ====> Epoch 22: Training loss: 384.5270
 ====> Epoch 22: Validation loss: 56.8426
 Epoch [23/40], Step[0/483], loss: 0.6835
 Epoch [23/40], Step[10/483], loss: 0.7975
 Epoch [23/40], Step[20/483], loss: 0.8487
 Epoch [23/40], Step[30/483], loss: 0.8139
 Epoch [23/40], Step[40/483], loss: 0.8290
 Epoch [23/40], Step[50/483], loss: 0.8701
 Epoch [23/40], Step[60/483], loss: 0.9785
 Epoch [23/40], Step[70/483], loss: 0.8928
 Epoch [23/40], Step[80/483], loss: 0.9849
 Epoch [23/40], Step[90/483], loss: 0.6974
 Epoch [23/40], Step[100/483], loss: 0.7026
 Epoch [23/40], Step[110/483], loss: 0.8245
 Epoch [23/40], Step[120/483], loss: 0.9100
 Epoch [23/40], Step[130/483], loss: 0.7558
 Epoch [23/40], Step[140/483], loss: 0.8624
 Epoch [23/40], Step[150/483], loss: 0.8834
 Epoch [23/40], Step[160/483], loss: 0.9252
 Epoch [23/40], Step[170/483], loss: 0.6282
 Epoch [23/40], Step[180/483], loss: 0.8879
 Epoch [23/40], Step[190/483], loss: 0.9186
 Epoch [23/40], Step[200/483], loss: 0.6825
 Epoch [23/40], Step[210/483], loss: 0.7867
 Epoch [23/40], Step[220/483], loss: 0.6952
 Epoch [23/40], Step[230/483], loss: 0.6774
 Epoch [23/40], Step[240/483], loss: 0.7989
 Epoch [23/40], Step[250/483], loss: 0.8446
 Epoch [23/40], Step[260/483], loss: 0.5470
 Epoch [23/40], Step[270/483], loss: 0.8257
 Epoch [23/40], Step[280/483], loss: 0.7133
 Epoch [23/40], Step[290/483], loss: 0.6064
 Epoch [23/40], Step[300/483], loss: 0.8288
 Epoch [23/40], Step[310/483], loss: 0.8180
 Epoch [23/40], Step[320/483], loss: 0.8643
 Epoch [23/40], Step[330/483], loss: 0.8210
 Epoch [23/40], Step[340/483], loss: 0.8246
 Epoch [23/40], Step[350/483], loss: 0.7778
 Epoch [23/40], Step[360/483], loss: 0.6013
 Epoch [23/40], Step[370/483], loss: 0.5627
 Epoch [23/40], Step[380/483], loss: 0.7345
 Epoch [23/40], Step[390/483], loss: 0.7991
 Epoch [23/40], Step[400/483], loss: 0.7541
 Epoch [23/40], Step[410/483], loss: 0.6519
 Epoch [23/40], Step[420/483], loss: 0.7240
 Epoch [23/40], Step[430/483], loss: 0.7918
 Epoch [23/40], Step[440/483], loss: 0.7704
 Epoch [23/40], Step[450/483], loss: 0.6483
 Epoch [23/40], Step[460/483], loss: 0.8820
 Epoch [23/40], Step[470/483], loss: 0.8975
 Epoch [23/40], Step[480/483], loss: 0.5545
 ====> Epoch 23: Training loss: 384.3174
 ====> Epoch 23: Validation loss: 56.9131
 Epoch [24/40], Step[0/483], loss: 0.6862
 Epoch [24/40], Step[10/483], loss: 0.8064
 Epoch [24/40], Step[20/483], loss: 0.8355
 Epoch [24/40], Step[30/483], loss: 0.8101
 Epoch [24/40], Step[40/483], loss: 0.8293
 Epoch [24/40], Step[50/483], loss: 0.8721
 Epoch [24/40], Step[60/483], loss: 0.9667
 Epoch [24/40], Step[70/483], loss: 0.8905
 Epoch [24/40], Step[80/483], loss: 0.9678
 Epoch [24/40], Step[90/483], loss: 0.6950
 Epoch [24/40], Step[100/483], loss: 0.7138
 Epoch [24/40], Step[110/483], loss: 0.8252
 Epoch [24/40], Step[120/483], loss: 0.8938
 Epoch [24/40], Step[130/483], loss: 0.7691
 Epoch [24/40], Step[140/483], loss: 0.8538
 Epoch [24/40], Step[150/483], loss: 0.8884
 Epoch [24/40], Step[160/483], loss: 0.9007
 Epoch [24/40], Step[170/483], loss: 0.6386
 Epoch [24/40], Step[180/483], loss: 0.9003
 Epoch [24/40], Step[190/483], loss: 0.8977
 Epoch [24/40], Step[200/483], loss: 0.6659
 Epoch [24/40], Step[210/483], loss: 0.7837
 Epoch [24/40], Step[220/483], loss: 0.6908
 Epoch [24/40], Step[230/483], loss: 0.6658
 Epoch [24/40], Step[240/483], loss: 0.8038
 Epoch [24/40], Step[250/483], loss: 0.8463
 Epoch [24/40], Step[260/483], loss: 0.5461
 Epoch [24/40], Step[270/483], loss: 0.8188
 Epoch [24/40], Step[280/483], loss: 0.7128
 Epoch [24/40], Step[290/483], loss: 0.6097
 Epoch [24/40], Step[300/483], loss: 0.8289
 Epoch [24/40], Step[310/483], loss: 0.8106
 Epoch [24/40], Step[320/483], loss: 0.8519
 Epoch [24/40], Step[330/483], loss: 0.8137
 Epoch [24/40], Step[340/483], loss: 0.8373
 Epoch [24/40], Step[350/483], loss: 0.7853
 Epoch [24/40], Step[360/483], loss: 0.5966
 Epoch [24/40], Step[370/483], loss: 0.5671
 Epoch [24/40], Step[380/483], loss: 0.7361
 Epoch [24/40], Step[390/483], loss: 0.7819
 Epoch [24/40], Step[400/483], loss: 0.7572
 Epoch [24/40], Step[410/483], loss: 0.6493
 Epoch [24/40], Step[420/483], loss: 0.7193
 Epoch [24/40], Step[430/483], loss: 0.7880
 Epoch [24/40], Step[440/483], loss: 0.7695
 Epoch [24/40], Step[450/483], loss: 0.6411
 Epoch [24/40], Step[460/483], loss: 0.8878
 Epoch [24/40], Step[470/483], loss: 0.9109
 Epoch [24/40], Step[480/483], loss: 0.5420
 ====> Epoch 24: Training loss: 383.2300
 ====> Epoch 24: Validation loss: 56.8948
 Epoch [25/40], Step[0/483], loss: 0.6834
 Epoch [25/40], Step[10/483], loss: 0.8114
 Epoch [25/40], Step[20/483], loss: 0.8351
 Epoch [25/40], Step[30/483], loss: 0.8115
 Epoch [25/40], Step[40/483], loss: 0.8344
 Epoch [25/40], Step[50/483], loss: 0.8667
 Epoch [25/40], Step[60/483], loss: 0.9560
 Epoch [25/40], Step[70/483], loss: 0.8861
 Epoch [25/40], Step[80/483], loss: 0.9574
 Epoch [25/40], Step[90/483], loss: 0.6914
 Epoch [25/40], Step[100/483], loss: 0.7055
 Epoch [25/40], Step[110/483], loss: 0.8058
 Epoch [25/40], Step[120/483], loss: 0.8928
 Epoch [25/40], Step[130/483], loss: 0.7536
 Epoch [25/40], Step[140/483], loss: 0.8391
 Epoch [25/40], Step[150/483], loss: 0.8743
 Epoch [25/40], Step[160/483], loss: 0.9193
 Epoch [25/40], Step[170/483], loss: 0.6161
 Epoch [25/40], Step[180/483], loss: 0.8901
 Epoch [25/40], Step[190/483], loss: 0.8994
 Epoch [25/40], Step[200/483], loss: 0.6733
 Epoch [25/40], Step[210/483], loss: 0.7851
 Epoch [25/40], Step[220/483], loss: 0.6907
 Epoch [25/40], Step[230/483], loss: 0.6686
 Epoch [25/40], Step[240/483], loss: 0.8012
 Epoch [25/40], Step[250/483], loss: 0.8471
 Epoch [25/40], Step[260/483], loss: 0.5493
 Epoch [25/40], Step[270/483], loss: 0.8073
 Epoch [25/40], Step[280/483], loss: 0.7066
 Epoch [25/40], Step[290/483], loss: 0.6062
 Epoch [25/40], Step[300/483], loss: 0.8228
 Epoch [25/40], Step[310/483], loss: 0.8113
 Epoch [25/40], Step[320/483], loss: 0.8644
 Epoch [25/40], Step[330/483], loss: 0.8114
 Epoch [25/40], Step[340/483], loss: 0.8390
 Epoch [25/40], Step[350/483], loss: 0.7779
 Epoch [25/40], Step[360/483], loss: 0.5843
 Epoch [25/40], Step[370/483], loss: 0.5581
 Epoch [25/40], Step[380/483], loss: 0.7169
 Epoch [25/40], Step[390/483], loss: 0.7721
 Epoch [25/40], Step[400/483], loss: 0.7450
 Epoch [25/40], Step[410/483], loss: 0.6377
 Epoch [25/40], Step[420/483], loss: 0.7081
 Epoch [25/40], Step[430/483], loss: 0.7931
 Epoch [25/40], Step[440/483], loss: 0.7638
 Epoch [25/40], Step[450/483], loss: 0.6431
 Epoch [25/40], Step[460/483], loss: 0.8969
 Epoch [25/40], Step[470/483], loss: 0.9137
 Epoch [25/40], Step[480/483], loss: 0.5426
 ====> Epoch 25: Training loss: 382.5701
 ====> Epoch 25: Validation loss: 56.9182
 Epoch [26/40], Step[0/483], loss: 0.7000
 Epoch [26/40], Step[10/483], loss: 0.7958
 Epoch [26/40], Step[20/483], loss: 0.8545
 Epoch [26/40], Step[30/483], loss: 0.8068
 Epoch [26/40], Step[40/483], loss: 0.8240
 Epoch [26/40], Step[50/483], loss: 0.8737
 Epoch [26/40], Step[60/483], loss: 0.9451
 Epoch [26/40], Step[70/483], loss: 0.8764
 Epoch [26/40], Step[80/483], loss: 0.9527
 Epoch [26/40], Step[90/483], loss: 0.7094
 Epoch [26/40], Step[100/483], loss: 0.7138
 Epoch [26/40], Step[110/483], loss: 0.8106
 Epoch [26/40], Step[120/483], loss: 0.8927
 Epoch [26/40], Step[130/483], loss: 0.7554
 Epoch [26/40], Step[140/483], loss: 0.8442
 Epoch [26/40], Step[150/483], loss: 0.8911
 Epoch [26/40], Step[160/483], loss: 0.9128
 Epoch [26/40], Step[170/483], loss: 0.6325
 Epoch [26/40], Step[180/483], loss: 0.8948
 Epoch [26/40], Step[190/483], loss: 0.9030
 Epoch [26/40], Step[200/483], loss: 0.6719
 Epoch [26/40], Step[210/483], loss: 0.7846
 Epoch [26/40], Step[220/483], loss: 0.6909
 Epoch [26/40], Step[230/483], loss: 0.6821
 Epoch [26/40], Step[240/483], loss: 0.7995
 Epoch [26/40], Step[250/483], loss: 0.8546
 Epoch [26/40], Step[260/483], loss: 0.5510
 Epoch [26/40], Step[270/483], loss: 0.8190
 Epoch [26/40], Step[280/483], loss: 0.7085
 Epoch [26/40], Step[290/483], loss: 0.6123
 Epoch [26/40], Step[300/483], loss: 0.8188
 Epoch [26/40], Step[310/483], loss: 0.8081
 Epoch [26/40], Step[320/483], loss: 0.8462
 Epoch [26/40], Step[330/483], loss: 0.8216
 Epoch [26/40], Step[340/483], loss: 0.8274
 Epoch [26/40], Step[350/483], loss: 0.7761
 Epoch [26/40], Step[360/483], loss: 0.5922
 Epoch [26/40], Step[370/483], loss: 0.5633
 Epoch [26/40], Step[380/483], loss: 0.7269
 Epoch [26/40], Step[390/483], loss: 0.7864
 Epoch [26/40], Step[400/483], loss: 0.7528
 Epoch [26/40], Step[410/483], loss: 0.6292
 Epoch [26/40], Step[420/483], loss: 0.7149
 Epoch [26/40], Step[430/483], loss: 0.7863
 Epoch [26/40], Step[440/483], loss: 0.7749
 Epoch [26/40], Step[450/483], loss: 0.6487
 Epoch [26/40], Step[460/483], loss: 0.8787
 Epoch [26/40], Step[470/483], loss: 0.9124
 Epoch [26/40], Step[480/483], loss: 0.5516
 ====> Epoch 26: Training loss: 381.8710
 ====> Epoch 26: Validation loss: 56.8744
 Epoch [27/40], Step[0/483], loss: 0.6897
 Epoch [27/40], Step[10/483], loss: 0.8048
 Epoch [27/40], Step[20/483], loss: 0.8412
 Epoch [27/40], Step[30/483], loss: 0.8042
 Epoch [27/40], Step[40/483], loss: 0.8262
 Epoch [27/40], Step[50/483], loss: 0.8561
 Epoch [27/40], Step[60/483], loss: 0.9508
 Epoch [27/40], Step[70/483], loss: 0.8724
 Epoch [27/40], Step[80/483], loss: 0.9508
 Epoch [27/40], Step[90/483], loss: 0.7100
 Epoch [27/40], Step[100/483], loss: 0.7114
 Epoch [27/40], Step[110/483], loss: 0.8195
 Epoch [27/40], Step[120/483], loss: 0.8914
 Epoch [27/40], Step[130/483], loss: 0.7570
 Epoch [27/40], Step[140/483], loss: 0.8465
 Epoch [27/40], Step[150/483], loss: 0.8694
 Epoch [27/40], Step[160/483], loss: 0.9225
 Epoch [27/40], Step[170/483], loss: 0.6339
 Epoch [27/40], Step[180/483], loss: 0.8890
 Epoch [27/40], Step[190/483], loss: 0.9107
 Epoch [27/40], Step[200/483], loss: 0.6631
 Epoch [27/40], Step[210/483], loss: 0.7821
 Epoch [27/40], Step[220/483], loss: 0.6870
 Epoch [27/40], Step[230/483], loss: 0.6680
 Epoch [27/40], Step[240/483], loss: 0.8114
 Epoch [27/40], Step[250/483], loss: 0.8476
 Epoch [27/40], Step[260/483], loss: 0.5462
 Epoch [27/40], Step[270/483], loss: 0.8160
 Epoch [27/40], Step[280/483], loss: 0.7089
 Epoch [27/40], Step[290/483], loss: 0.5986
 Epoch [27/40], Step[300/483], loss: 0.8349
 Epoch [27/40], Step[310/483], loss: 0.8023
 Epoch [27/40], Step[320/483], loss: 0.8537
 Epoch [27/40], Step[330/483], loss: 0.8051
 Epoch [27/40], Step[340/483], loss: 0.8022
 Epoch [27/40], Step[350/483], loss: 0.7718
 Epoch [27/40], Step[360/483], loss: 0.5974
 Epoch [27/40], Step[370/483], loss: 0.5602
 Epoch [27/40], Step[380/483], loss: 0.7105
 Epoch [27/40], Step[390/483], loss: 0.7817
 Epoch [27/40], Step[400/483], loss: 0.7438
 Epoch [27/40], Step[410/483], loss: 0.6360
 Epoch [27/40], Step[420/483], loss: 0.7155
 Epoch [27/40], Step[430/483], loss: 0.7850
 Epoch [27/40], Step[440/483], loss: 0.7717
 Epoch [27/40], Step[450/483], loss: 0.6456
 Epoch [27/40], Step[460/483], loss: 0.8936
 Epoch [27/40], Step[470/483], loss: 0.9162
 Epoch [27/40], Step[480/483], loss: 0.5497
 ====> Epoch 27: Training loss: 381.8081
 ====> Epoch 27: Validation loss: 56.9105
 Epoch [28/40], Step[0/483], loss: 0.6900
 Epoch [28/40], Step[10/483], loss: 0.7873
 Epoch [28/40], Step[20/483], loss: 0.8529
 Epoch [28/40], Step[30/483], loss: 0.8062
 Epoch [28/40], Step[40/483], loss: 0.8156
 Epoch [28/40], Step[50/483], loss: 0.8765
 Epoch [28/40], Step[60/483], loss: 0.9536
 Epoch [28/40], Step[70/483], loss: 0.8781
 Epoch [28/40], Step[80/483], loss: 0.9912
 Epoch [28/40], Step[90/483], loss: 0.6947
 Epoch [28/40], Step[100/483], loss: 0.7058
 Epoch [28/40], Step[110/483], loss: 0.8338
 Epoch [28/40], Step[120/483], loss: 0.9056
 Epoch [28/40], Step[130/483], loss: 0.7480
 Epoch [28/40], Step[140/483], loss: 0.8336
 Epoch [28/40], Step[150/483], loss: 0.8752
 Epoch [28/40], Step[160/483], loss: 0.9097
 Epoch [28/40], Step[170/483], loss: 0.6228
 Epoch [28/40], Step[180/483], loss: 0.8908
 Epoch [28/40], Step[190/483], loss: 0.9057
 Epoch [28/40], Step[200/483], loss: 0.6639
 Epoch [28/40], Step[210/483], loss: 0.7658
 Epoch [28/40], Step[220/483], loss: 0.7022
 Epoch [28/40], Step[230/483], loss: 0.6654
 Epoch [28/40], Step[240/483], loss: 0.8022
 Epoch [28/40], Step[250/483], loss: 0.8432
 Epoch [28/40], Step[260/483], loss: 0.5399
 Epoch [28/40], Step[270/483], loss: 0.7967
 Epoch [28/40], Step[280/483], loss: 0.7099
 Epoch [28/40], Step[290/483], loss: 0.5935
 Epoch [28/40], Step[300/483], loss: 0.8185
 Epoch [28/40], Step[310/483], loss: 0.7951
 Epoch [28/40], Step[320/483], loss: 0.8529
 Epoch [28/40], Step[330/483], loss: 0.8190
 Epoch [28/40], Step[340/483], loss: 0.8174
 Epoch [28/40], Step[350/483], loss: 0.7891
 Epoch [28/40], Step[360/483], loss: 0.5754
 Epoch [28/40], Step[370/483], loss: 0.5633
 Epoch [28/40], Step[380/483], loss: 0.7253
 Epoch [28/40], Step[390/483], loss: 0.7779
 Epoch [28/40], Step[400/483], loss: 0.7542
 Epoch [28/40], Step[410/483], loss: 0.6441
 Epoch [28/40], Step[420/483], loss: 0.7097
 Epoch [28/40], Step[430/483], loss: 0.7818
 Epoch [28/40], Step[440/483], loss: 0.7643
 Epoch [28/40], Step[450/483], loss: 0.6456
 Epoch [28/40], Step[460/483], loss: 0.8858
 Epoch [28/40], Step[470/483], loss: 0.8778
 Epoch [28/40], Step[480/483], loss: 0.5558
 ====> Epoch 28: Training loss: 380.5563
 ====> Epoch 28: Validation loss: 57.1062
 Epoch [29/40], Step[0/483], loss: 0.6774
 Epoch [29/40], Step[10/483], loss: 0.8049
 Epoch [29/40], Step[20/483], loss: 0.8354
 Epoch [29/40], Step[30/483], loss: 0.7979
 Epoch [29/40], Step[40/483], loss: 0.8172
 Epoch [29/40], Step[50/483], loss: 0.8714
 Epoch [29/40], Step[60/483], loss: 0.9647
 Epoch [29/40], Step[70/483], loss: 0.8841
 Epoch [29/40], Step[80/483], loss: 0.9840
 Epoch [29/40], Step[90/483], loss: 0.6975
 Epoch [29/40], Step[100/483], loss: 0.7079
 Epoch [29/40], Step[110/483], loss: 0.8306
 Epoch [29/40], Step[120/483], loss: 0.9082
 Epoch [29/40], Step[130/483], loss: 0.7475
 Epoch [29/40], Step[140/483], loss: 0.8264
 Epoch [29/40], Step[150/483], loss: 0.8704
 Epoch [29/40], Step[160/483], loss: 0.9051
 Epoch [29/40], Step[170/483], loss: 0.6190
 Epoch [29/40], Step[180/483], loss: 0.8922
 Epoch [29/40], Step[190/483], loss: 0.8934
 Epoch [29/40], Step[200/483], loss: 0.6647
 Epoch [29/40], Step[210/483], loss: 0.7821
 Epoch [29/40], Step[220/483], loss: 0.6936
 Epoch [29/40], Step[230/483], loss: 0.6610
 Epoch [29/40], Step[240/483], loss: 0.8046
 Epoch [29/40], Step[250/483], loss: 0.8355
 Epoch [29/40], Step[260/483], loss: 0.5509
 Epoch [29/40], Step[270/483], loss: 0.8015
 Epoch [29/40], Step[280/483], loss: 0.7082
 Epoch [29/40], Step[290/483], loss: 0.5998
 Epoch [29/40], Step[300/483], loss: 0.8250
 Epoch [29/40], Step[310/483], loss: 0.7994
 Epoch [29/40], Step[320/483], loss: 0.8458
 Epoch [29/40], Step[330/483], loss: 0.8070
 Epoch [29/40], Step[340/483], loss: 0.8257
 Epoch [29/40], Step[350/483], loss: 0.7760
 Epoch [29/40], Step[360/483], loss: 0.5895
 Epoch [29/40], Step[370/483], loss: 0.5630
 Epoch [29/40], Step[380/483], loss: 0.7214
 Epoch [29/40], Step[390/483], loss: 0.7725
 Epoch [29/40], Step[400/483], loss: 0.7452
 Epoch [29/40], Step[410/483], loss: 0.6373
 Epoch [29/40], Step[420/483], loss: 0.7044
 Epoch [29/40], Step[430/483], loss: 0.7787
 Epoch [29/40], Step[440/483], loss: 0.7619
 Epoch [29/40], Step[450/483], loss: 0.6350
 Epoch [29/40], Step[460/483], loss: 0.9097
 Epoch [29/40], Step[470/483], loss: 0.9024
 Epoch [29/40], Step[480/483], loss: 0.5528
 ====> Epoch 29: Training loss: 380.4131
 ====> Epoch 29: Validation loss: 57.2000
 Epoch [30/40], Step[0/483], loss: 0.6800
 Epoch [30/40], Step[10/483], loss: 0.7973
 Epoch [30/40], Step[20/483], loss: 0.8269
 Epoch [30/40], Step[30/483], loss: 0.7839
 Epoch [30/40], Step[40/483], loss: 0.8001
 Epoch [30/40], Step[50/483], loss: 0.8490
 Epoch [30/40], Step[60/483], loss: 0.9325
 Epoch [30/40], Step[70/483], loss: 0.8743
 Epoch [30/40], Step[80/483], loss: 0.9536
 Epoch [30/40], Step[90/483], loss: 0.7027
 Epoch [30/40], Step[100/483], loss: 0.7149
 Epoch [30/40], Step[110/483], loss: 0.8199
 Epoch [30/40], Step[120/483], loss: 0.8873
 Epoch [30/40], Step[130/483], loss: 0.7472
 Epoch [30/40], Step[140/483], loss: 0.8368
 Epoch [30/40], Step[150/483], loss: 0.8554
 Epoch [30/40], Step[160/483], loss: 0.8884
 Epoch [30/40], Step[170/483], loss: 0.6100
 Epoch [30/40], Step[180/483], loss: 0.8884
 Epoch [30/40], Step[190/483], loss: 0.8916
 Epoch [30/40], Step[200/483], loss: 0.6577
 Epoch [30/40], Step[210/483], loss: 0.7698
 Epoch [30/40], Step[220/483], loss: 0.6800
 Epoch [30/40], Step[230/483], loss: 0.6659
 Epoch [30/40], Step[240/483], loss: 0.7948
 Epoch [30/40], Step[250/483], loss: 0.8316
 Epoch [30/40], Step[260/483], loss: 0.5426
 Epoch [30/40], Step[270/483], loss: 0.8074
 Epoch [30/40], Step[280/483], loss: 0.7070
 Epoch [30/40], Step[290/483], loss: 0.6029
 Epoch [30/40], Step[300/483], loss: 0.8237
 Epoch [30/40], Step[310/483], loss: 0.8079
 Epoch [30/40], Step[320/483], loss: 0.8453
 Epoch [30/40], Step[330/483], loss: 0.8009
 Epoch [30/40], Step[340/483], loss: 0.8143
 Epoch [30/40], Step[350/483], loss: 0.7785
 Epoch [30/40], Step[360/483], loss: 0.6010
 Epoch [30/40], Step[370/483], loss: 0.5641
 Epoch [30/40], Step[380/483], loss: 0.7088
 Epoch [30/40], Step[390/483], loss: 0.7758
 Epoch [30/40], Step[400/483], loss: 0.7452
 Epoch [30/40], Step[410/483], loss: 0.6304
 Epoch [30/40], Step[420/483], loss: 0.7174
 Epoch [30/40], Step[430/483], loss: 0.7810
 Epoch [30/40], Step[440/483], loss: 0.7446
 Epoch [30/40], Step[450/483], loss: 0.6417
 Epoch [30/40], Step[460/483], loss: 0.8833
 Epoch [30/40], Step[470/483], loss: 0.8837
 Epoch [30/40], Step[480/483], loss: 0.5439
 ====> Epoch 30: Training loss: 379.2235
 ====> Epoch 30: Validation loss: 57.3049
 Epoch [31/40], Step[0/483], loss: 0.6796
 Epoch [31/40], Step[10/483], loss: 0.7846
 Epoch [31/40], Step[20/483], loss: 0.8246
 Epoch [31/40], Step[30/483], loss: 0.7896
 Epoch [31/40], Step[40/483], loss: 0.8164
 Epoch [31/40], Step[50/483], loss: 0.8576
 Epoch [31/40], Step[60/483], loss: 0.9499
 Epoch [31/40], Step[70/483], loss: 0.8715
 Epoch [31/40], Step[80/483], loss: 0.9647
 Epoch [31/40], Step[90/483], loss: 0.6885
 Epoch [31/40], Step[100/483], loss: 0.7130
 Epoch [31/40], Step[110/483], loss: 0.8189
 Epoch [31/40], Step[120/483], loss: 0.8792
 Epoch [31/40], Step[130/483], loss: 0.7478
 Epoch [31/40], Step[140/483], loss: 0.8189
 Epoch [31/40], Step[150/483], loss: 0.8657
 Epoch [31/40], Step[160/483], loss: 0.9066
 Epoch [31/40], Step[170/483], loss: 0.6196
 Epoch [31/40], Step[180/483], loss: 0.8926
 Epoch [31/40], Step[190/483], loss: 0.8947
 Epoch [31/40], Step[200/483], loss: 0.6749
 Epoch [31/40], Step[210/483], loss: 0.7797
 Epoch [31/40], Step[220/483], loss: 0.6972
 Epoch [31/40], Step[230/483], loss: 0.6715
 Epoch [31/40], Step[240/483], loss: 0.8017
 Epoch [31/40], Step[250/483], loss: 0.8516
 Epoch [31/40], Step[260/483], loss: 0.5607
 Epoch [31/40], Step[270/483], loss: 0.8090
 Epoch [31/40], Step[280/483], loss: 0.7050
 Epoch [31/40], Step[290/483], loss: 0.5981
 Epoch [31/40], Step[300/483], loss: 0.8189
 Epoch [31/40], Step[310/483], loss: 0.7931
 Epoch [31/40], Step[320/483], loss: 0.8440
 Epoch [31/40], Step[330/483], loss: 0.8077
 Epoch [31/40], Step[340/483], loss: 0.8097
 Epoch [31/40], Step[350/483], loss: 0.7783
 Epoch [31/40], Step[360/483], loss: 0.5962
 Epoch [31/40], Step[370/483], loss: 0.5515
 Epoch [31/40], Step[380/483], loss: 0.7125
 Epoch [31/40], Step[390/483], loss: 0.7727
 Epoch [31/40], Step[400/483], loss: 0.7365
 Epoch [31/40], Step[410/483], loss: 0.6428
 Epoch [31/40], Step[420/483], loss: 0.7154
 Epoch [31/40], Step[430/483], loss: 0.7743
 Epoch [31/40], Step[440/483], loss: 0.7801
 Epoch [31/40], Step[450/483], loss: 0.6383
 Epoch [31/40], Step[460/483], loss: 0.8940
 Epoch [31/40], Step[470/483], loss: 0.8991
 Epoch [31/40], Step[480/483], loss: 0.5498
 ====> Epoch 31: Training loss: 379.8692
 ====> Epoch 31: Validation loss: 57.3329
 Epoch [32/40], Step[0/483], loss: 0.6771
 Epoch [32/40], Step[10/483], loss: 0.7930
 Epoch [32/40], Step[20/483], loss: 0.8252
 Epoch [32/40], Step[30/483], loss: 0.8181
 Epoch [32/40], Step[40/483], loss: 0.8116
 Epoch [32/40], Step[50/483], loss: 0.8578
 Epoch [32/40], Step[60/483], loss: 0.9518
 Epoch [32/40], Step[70/483], loss: 0.8719
 Epoch [32/40], Step[80/483], loss: 0.9661
 Epoch [32/40], Step[90/483], loss: 0.7011
 Epoch [32/40], Step[100/483], loss: 0.7073
 Epoch [32/40], Step[110/483], loss: 0.8331
 Epoch [32/40], Step[120/483], loss: 0.9004
 Epoch [32/40], Step[130/483], loss: 0.7448
 Epoch [32/40], Step[140/483], loss: 0.8429
 Epoch [32/40], Step[150/483], loss: 0.8747
 Epoch [32/40], Step[160/483], loss: 0.9087
 Epoch [32/40], Step[170/483], loss: 0.6205
 Epoch [32/40], Step[180/483], loss: 0.8902
 Epoch [32/40], Step[190/483], loss: 0.9194
 Epoch [32/40], Step[200/483], loss: 0.6769
 Epoch [32/40], Step[210/483], loss: 0.7646
 Epoch [32/40], Step[220/483], loss: 0.6978
 Epoch [32/40], Step[230/483], loss: 0.6822
 Epoch [32/40], Step[240/483], loss: 0.7911
 Epoch [32/40], Step[250/483], loss: 0.8391
 Epoch [32/40], Step[260/483], loss: 0.5558
 Epoch [32/40], Step[270/483], loss: 0.7938
 Epoch [32/40], Step[280/483], loss: 0.6939
 Epoch [32/40], Step[290/483], loss: 0.5910
 Epoch [32/40], Step[300/483], loss: 0.8273
 Epoch [32/40], Step[310/483], loss: 0.8032
 Epoch [32/40], Step[320/483], loss: 0.8432
 Epoch [32/40], Step[330/483], loss: 0.7866
 Epoch [32/40], Step[340/483], loss: 0.8203
 Epoch [32/40], Step[350/483], loss: 0.7858
 Epoch [32/40], Step[360/483], loss: 0.5969
 Epoch [32/40], Step[370/483], loss: 0.5622
 Epoch [32/40], Step[380/483], loss: 0.7083
 Epoch [32/40], Step[390/483], loss: 0.7729
 Epoch [32/40], Step[400/483], loss: 0.7385
 Epoch [32/40], Step[410/483], loss: 0.6393
 Epoch [32/40], Step[420/483], loss: 0.7175
 Epoch [32/40], Step[430/483], loss: 0.7710
 Epoch [32/40], Step[440/483], loss: 0.7682
 Epoch [32/40], Step[450/483], loss: 0.6461
 Epoch [32/40], Step[460/483], loss: 0.8861
 Epoch [32/40], Step[470/483], loss: 0.9053
 Epoch [32/40], Step[480/483], loss: 0.5566
 ====> Epoch 32: Training loss: 379.5461
 ====> Epoch 32: Validation loss: 57.2140
 Epoch [33/40], Step[0/483], loss: 0.6837
 Epoch [33/40], Step[10/483], loss: 0.7969
 Epoch [33/40], Step[20/483], loss: 0.8402
 Epoch [33/40], Step[30/483], loss: 0.7916
 Epoch [33/40], Step[40/483], loss: 0.8210
 Epoch [33/40], Step[50/483], loss: 0.8403
 Epoch [33/40], Step[60/483], loss: 0.9352
 Epoch [33/40], Step[70/483], loss: 0.8666
 Epoch [33/40], Step[80/483], loss: 0.9769
 Epoch [33/40], Step[90/483], loss: 0.6957
 Epoch [33/40], Step[100/483], loss: 0.7099
 Epoch [33/40], Step[110/483], loss: 0.8120
 Epoch [33/40], Step[120/483], loss: 0.8975
 Epoch [33/40], Step[130/483], loss: 0.7515
 Epoch [33/40], Step[140/483], loss: 0.8275
 Epoch [33/40], Step[150/483], loss: 0.8822
 Epoch [33/40], Step[160/483], loss: 0.9034
 Epoch [33/40], Step[170/483], loss: 0.6256
 Epoch [33/40], Step[180/483], loss: 0.9053
 Epoch [33/40], Step[190/483], loss: 0.8875
 Epoch [33/40], Step[200/483], loss: 0.6664
 Epoch [33/40], Step[210/483], loss: 0.7703
 Epoch [33/40], Step[220/483], loss: 0.6828
 Epoch [33/40], Step[230/483], loss: 0.6746
 Epoch [33/40], Step[240/483], loss: 0.7984
 Epoch [33/40], Step[250/483], loss: 0.8325
 Epoch [33/40], Step[260/483], loss: 0.5459
 Epoch [33/40], Step[270/483], loss: 0.7976
 Epoch [33/40], Step[280/483], loss: 0.7096
 Epoch [33/40], Step[290/483], loss: 0.5980
 Epoch [33/40], Step[300/483], loss: 0.8148
 Epoch [33/40], Step[310/483], loss: 0.7956
 Epoch [33/40], Step[320/483], loss: 0.8399
 Epoch [33/40], Step[330/483], loss: 0.7926
 Epoch [33/40], Step[340/483], loss: 0.8118
 Epoch [33/40], Step[350/483], loss: 0.7776
 Epoch [33/40], Step[360/483], loss: 0.5837
 Epoch [33/40], Step[370/483], loss: 0.5556
 Epoch [33/40], Step[380/483], loss: 0.7188
 Epoch [33/40], Step[390/483], loss: 0.7519
 Epoch [33/40], Step[400/483], loss: 0.7197
 Epoch [33/40], Step[410/483], loss: 0.6403
 Epoch [33/40], Step[420/483], loss: 0.7195
 Epoch [33/40], Step[430/483], loss: 0.7739
 Epoch [33/40], Step[440/483], loss: 0.7598
 Epoch [33/40], Step[450/483], loss: 0.6364
 Epoch [33/40], Step[460/483], loss: 0.8698
 Epoch [33/40], Step[470/483], loss: 0.8926
 Epoch [33/40], Step[480/483], loss: 0.5422
 ====> Epoch 33: Training loss: 378.4247
 ====> Epoch 33: Validation loss: 57.3071
 Epoch [34/40], Step[0/483], loss: 0.6814
 Epoch [34/40], Step[10/483], loss: 0.7961
 Epoch [34/40], Step[20/483], loss: 0.8343
 Epoch [34/40], Step[30/483], loss: 0.7864
 Epoch [34/40], Step[40/483], loss: 0.8304
 Epoch [34/40], Step[50/483], loss: 0.8630
 Epoch [34/40], Step[60/483], loss: 0.9391
 Epoch [34/40], Step[70/483], loss: 0.9104
 Epoch [34/40], Step[80/483], loss: 0.9549
 Epoch [34/40], Step[90/483], loss: 0.6923
 Epoch [34/40], Step[100/483], loss: 0.7034
 Epoch [34/40], Step[110/483], loss: 0.8248
 Epoch [34/40], Step[120/483], loss: 0.8803
 Epoch [34/40], Step[130/483], loss: 0.7553
 Epoch [34/40], Step[140/483], loss: 0.8172
 Epoch [34/40], Step[150/483], loss: 0.8792
 Epoch [34/40], Step[160/483], loss: 0.8879
 Epoch [34/40], Step[170/483], loss: 0.6178
 Epoch [34/40], Step[180/483], loss: 0.8877
 Epoch [34/40], Step[190/483], loss: 0.8927
 Epoch [34/40], Step[200/483], loss: 0.6691
 Epoch [34/40], Step[210/483], loss: 0.7748
 Epoch [34/40], Step[220/483], loss: 0.6850
 Epoch [34/40], Step[230/483], loss: 0.6767
 Epoch [34/40], Step[240/483], loss: 0.7965
 Epoch [34/40], Step[250/483], loss: 0.8371
 Epoch [34/40], Step[260/483], loss: 0.5456
 Epoch [34/40], Step[270/483], loss: 0.7807
 Epoch [34/40], Step[280/483], loss: 0.7152
 Epoch [34/40], Step[290/483], loss: 0.5851
 Epoch [34/40], Step[300/483], loss: 0.8000
 Epoch [34/40], Step[310/483], loss: 0.7995
 Epoch [34/40], Step[320/483], loss: 0.8612
 Epoch [34/40], Step[330/483], loss: 0.8093
 Epoch [34/40], Step[340/483], loss: 0.8230
 Epoch [34/40], Step[350/483], loss: 0.7695
 Epoch [34/40], Step[360/483], loss: 0.5894
 Epoch [34/40], Step[370/483], loss: 0.5599
 Epoch [34/40], Step[380/483], loss: 0.7103
 Epoch [34/40], Step[390/483], loss: 0.7591
 Epoch [34/40], Step[400/483], loss: 0.7255
 Epoch [34/40], Step[410/483], loss: 0.6393
 Epoch [34/40], Step[420/483], loss: 0.7250
 Epoch [34/40], Step[430/483], loss: 0.7644
 Epoch [34/40], Step[440/483], loss: 0.7757
 Epoch [34/40], Step[450/483], loss: 0.6371
 Epoch [34/40], Step[460/483], loss: 0.8587
 Epoch [34/40], Step[470/483], loss: 0.8957
 Epoch [34/40], Step[480/483], loss: 0.5417
 ====> Epoch 34: Training loss: 377.7734
 ====> Epoch 34: Validation loss: 57.3366
 Epoch [35/40], Step[0/483], loss: 0.6870
 Epoch [35/40], Step[10/483], loss: 0.7876
 Epoch [35/40], Step[20/483], loss: 0.8298
 Epoch [35/40], Step[30/483], loss: 0.7899
 Epoch [35/40], Step[40/483], loss: 0.8285
 Epoch [35/40], Step[50/483], loss: 0.8620
 Epoch [35/40], Step[60/483], loss: 0.9514
 Epoch [35/40], Step[70/483], loss: 0.8871
 Epoch [35/40], Step[80/483], loss: 0.9773
 Epoch [35/40], Step[90/483], loss: 0.7009
 Epoch [35/40], Step[100/483], loss: 0.7031
 Epoch [35/40], Step[110/483], loss: 0.8045
 Epoch [35/40], Step[120/483], loss: 0.8871
 Epoch [35/40], Step[130/483], loss: 0.7464
 Epoch [35/40], Step[140/483], loss: 0.8350
 Epoch [35/40], Step[150/483], loss: 0.8807
 Epoch [35/40], Step[160/483], loss: 0.9047
 Epoch [35/40], Step[170/483], loss: 0.6188
 Epoch [35/40], Step[180/483], loss: 0.8783
 Epoch [35/40], Step[190/483], loss: 0.9024
 Epoch [35/40], Step[200/483], loss: 0.6688
 Epoch [35/40], Step[210/483], loss: 0.7768
 Epoch [35/40], Step[220/483], loss: 0.6998
 Epoch [35/40], Step[230/483], loss: 0.6771
 Epoch [35/40], Step[240/483], loss: 0.7976
 Epoch [35/40], Step[250/483], loss: 0.8412
 Epoch [35/40], Step[260/483], loss: 0.5520
 Epoch [35/40], Step[270/483], loss: 0.7905
 Epoch [35/40], Step[280/483], loss: 0.7085
 Epoch [35/40], Step[290/483], loss: 0.5876
 Epoch [35/40], Step[300/483], loss: 0.8233
 Epoch [35/40], Step[310/483], loss: 0.7940
 Epoch [35/40], Step[320/483], loss: 0.8380
 Epoch [35/40], Step[330/483], loss: 0.8103
 Epoch [35/40], Step[340/483], loss: 0.8168
 Epoch [35/40], Step[350/483], loss: 0.7731
 Epoch [35/40], Step[360/483], loss: 0.5953
 Epoch [35/40], Step[370/483], loss: 0.5553
 Epoch [35/40], Step[380/483], loss: 0.7157
 Epoch [35/40], Step[390/483], loss: 0.7663
 Epoch [35/40], Step[400/483], loss: 0.7325
 Epoch [35/40], Step[410/483], loss: 0.6352
 Epoch [35/40], Step[420/483], loss: 0.7163
 Epoch [35/40], Step[430/483], loss: 0.7728
 Epoch [35/40], Step[440/483], loss: 0.7709
 Epoch [35/40], Step[450/483], loss: 0.6302
 Epoch [35/40], Step[460/483], loss: 0.8877
 Epoch [35/40], Step[470/483], loss: 0.8956
 Epoch [35/40], Step[480/483], loss: 0.5384
 ====> Epoch 35: Training loss: 377.9864
 ====> Epoch 35: Validation loss: 57.2592
 Epoch [36/40], Step[0/483], loss: 0.6857
 Epoch [36/40], Step[10/483], loss: 0.7996
 Epoch [36/40], Step[20/483], loss: 0.8221
 Epoch [36/40], Step[30/483], loss: 0.7858
 Epoch [36/40], Step[40/483], loss: 0.8149
 Epoch [36/40], Step[50/483], loss: 0.8471
 Epoch [36/40], Step[60/483], loss: 0.9565
 Epoch [36/40], Step[70/483], loss: 0.8834
 Epoch [36/40], Step[80/483], loss: 0.9422
 Epoch [36/40], Step[90/483], loss: 0.6972
 Epoch [36/40], Step[100/483], loss: 0.6982
 Epoch [36/40], Step[110/483], loss: 0.8230
 Epoch [36/40], Step[120/483], loss: 0.8841
 Epoch [36/40], Step[130/483], loss: 0.7410
 Epoch [36/40], Step[140/483], loss: 0.8191
 Epoch [36/40], Step[150/483], loss: 0.8814
 Epoch [36/40], Step[160/483], loss: 0.8829
 Epoch [36/40], Step[170/483], loss: 0.6295
 Epoch [36/40], Step[180/483], loss: 0.8670
 Epoch [36/40], Step[190/483], loss: 0.8991
 Epoch [36/40], Step[200/483], loss: 0.6609
 Epoch [36/40], Step[210/483], loss: 0.7758
 Epoch [36/40], Step[220/483], loss: 0.7048
 Epoch [36/40], Step[230/483], loss: 0.6849
 Epoch [36/40], Step[240/483], loss: 0.7970
 Epoch [36/40], Step[250/483], loss: 0.8534
 Epoch [36/40], Step[260/483], loss: 0.5532
 Epoch [36/40], Step[270/483], loss: 0.7930
 Epoch [36/40], Step[280/483], loss: 0.7159
 Epoch [36/40], Step[290/483], loss: 0.5915
 Epoch [36/40], Step[300/483], loss: 0.8208
 Epoch [36/40], Step[310/483], loss: 0.7852
 Epoch [36/40], Step[320/483], loss: 0.8476
 Epoch [36/40], Step[330/483], loss: 0.7984
 Epoch [36/40], Step[340/483], loss: 0.8186
 Epoch [36/40], Step[350/483], loss: 0.7912
 Epoch [36/40], Step[360/483], loss: 0.5819
 Epoch [36/40], Step[370/483], loss: 0.5534
 Epoch [36/40], Step[380/483], loss: 0.7009
 Epoch [36/40], Step[390/483], loss: 0.7626
 Epoch [36/40], Step[400/483], loss: 0.7172
 Epoch [36/40], Step[410/483], loss: 0.6266
 Epoch [36/40], Step[420/483], loss: 0.7009
 Epoch [36/40], Step[430/483], loss: 0.7690
 Epoch [36/40], Step[440/483], loss: 0.7722
 Epoch [36/40], Step[450/483], loss: 0.6406
 Epoch [36/40], Step[460/483], loss: 0.8782
 Epoch [36/40], Step[470/483], loss: 0.8825
 Epoch [36/40], Step[480/483], loss: 0.5446
 ====> Epoch 36: Training loss: 377.3330
 ====> Epoch 36: Validation loss: 57.2794
 Epoch [37/40], Step[0/483], loss: 0.6776
 Epoch [37/40], Step[10/483], loss: 0.7973
 Epoch [37/40], Step[20/483], loss: 0.8190
 Epoch [37/40], Step[30/483], loss: 0.7686
 Epoch [37/40], Step[40/483], loss: 0.8046
 Epoch [37/40], Step[50/483], loss: 0.8557
 Epoch [37/40], Step[60/483], loss: 0.9239
 Epoch [37/40], Step[70/483], loss: 0.8865
 Epoch [37/40], Step[80/483], loss: 0.9436
 Epoch [37/40], Step[90/483], loss: 0.7055
 Epoch [37/40], Step[100/483], loss: 0.6868
 Epoch [37/40], Step[110/483], loss: 0.8221
 Epoch [37/40], Step[120/483], loss: 0.8735
 Epoch [37/40], Step[130/483], loss: 0.7485
 Epoch [37/40], Step[140/483], loss: 0.8270
 Epoch [37/40], Step[150/483], loss: 0.8866
 Epoch [37/40], Step[160/483], loss: 0.8775
 Epoch [37/40], Step[170/483], loss: 0.6181
 Epoch [37/40], Step[180/483], loss: 0.8974
 Epoch [37/40], Step[190/483], loss: 0.8926
 Epoch [37/40], Step[200/483], loss: 0.6431
 Epoch [37/40], Step[210/483], loss: 0.7659
 Epoch [37/40], Step[220/483], loss: 0.6917
 Epoch [37/40], Step[230/483], loss: 0.6597
 Epoch [37/40], Step[240/483], loss: 0.7908
 Epoch [37/40], Step[250/483], loss: 0.8292
 Epoch [37/40], Step[260/483], loss: 0.5443
 Epoch [37/40], Step[270/483], loss: 0.7915
 Epoch [37/40], Step[280/483], loss: 0.7053
 Epoch [37/40], Step[290/483], loss: 0.5834
 Epoch [37/40], Step[300/483], loss: 0.7892
 Epoch [37/40], Step[310/483], loss: 0.8021
 Epoch [37/40], Step[320/483], loss: 0.8258
 Epoch [37/40], Step[330/483], loss: 0.8074
 Epoch [37/40], Step[340/483], loss: 0.8073
 Epoch [37/40], Step[350/483], loss: 0.7677
 Epoch [37/40], Step[360/483], loss: 0.5862
 Epoch [37/40], Step[370/483], loss: 0.5537
 Epoch [37/40], Step[380/483], loss: 0.7059
 Epoch [37/40], Step[390/483], loss: 0.7691
 Epoch [37/40], Step[400/483], loss: 0.7297
 Epoch [37/40], Step[410/483], loss: 0.6294
 Epoch [37/40], Step[420/483], loss: 0.7108
 Epoch [37/40], Step[430/483], loss: 0.7744
 Epoch [37/40], Step[440/483], loss: 0.7556
 Epoch [37/40], Step[450/483], loss: 0.6457
 Epoch [37/40], Step[460/483], loss: 0.8899
 Epoch [37/40], Step[470/483], loss: 0.8901
 Epoch [37/40], Step[480/483], loss: 0.5440
 ====> Epoch 37: Training loss: 376.9722
 ====> Epoch 37: Validation loss: 57.4651
 Epoch [38/40], Step[0/483], loss: 0.6801
 Epoch [38/40], Step[10/483], loss: 0.8031
 Epoch [38/40], Step[20/483], loss: 0.8266
 Epoch [38/40], Step[30/483], loss: 0.8011
 Epoch [38/40], Step[40/483], loss: 0.8014
 Epoch [38/40], Step[50/483], loss: 0.8473
 Epoch [38/40], Step[60/483], loss: 0.9571
 Epoch [38/40], Step[70/483], loss: 0.8794
 Epoch [38/40], Step[80/483], loss: 0.9373
 Epoch [38/40], Step[90/483], loss: 0.6875
 Epoch [38/40], Step[100/483], loss: 0.7035
 Epoch [38/40], Step[110/483], loss: 0.8035
 Epoch [38/40], Step[120/483], loss: 0.8770
 Epoch [38/40], Step[130/483], loss: 0.7488
 Epoch [38/40], Step[140/483], loss: 0.8278
 Epoch [38/40], Step[150/483], loss: 0.8770
 Epoch [38/40], Step[160/483], loss: 0.9040
 Epoch [38/40], Step[170/483], loss: 0.6193
 Epoch [38/40], Step[180/483], loss: 0.8805
 Epoch [38/40], Step[190/483], loss: 0.8893
 Epoch [38/40], Step[200/483], loss: 0.6643
 Epoch [38/40], Step[210/483], loss: 0.7712
 Epoch [38/40], Step[220/483], loss: 0.6850
 Epoch [38/40], Step[230/483], loss: 0.6616
 Epoch [38/40], Step[240/483], loss: 0.7883
 Epoch [38/40], Step[250/483], loss: 0.8310
 Epoch [38/40], Step[260/483], loss: 0.5445
 Epoch [38/40], Step[270/483], loss: 0.7760
 Epoch [38/40], Step[280/483], loss: 0.7079
 Epoch [38/40], Step[290/483], loss: 0.5886
 Epoch [38/40], Step[300/483], loss: 0.8075
 Epoch [38/40], Step[310/483], loss: 0.7925
 Epoch [38/40], Step[320/483], loss: 0.8498
 Epoch [38/40], Step[330/483], loss: 0.8019
 Epoch [38/40], Step[340/483], loss: 0.8094
 Epoch [38/40], Step[350/483], loss: 0.7670
 Epoch [38/40], Step[360/483], loss: 0.5929
 Epoch [38/40], Step[370/483], loss: 0.5461
 Epoch [38/40], Step[380/483], loss: 0.7131
 Epoch [38/40], Step[390/483], loss: 0.7552
 Epoch [38/40], Step[400/483], loss: 0.7167
 Epoch [38/40], Step[410/483], loss: 0.6361
 Epoch [38/40], Step[420/483], loss: 0.6955
 Epoch [38/40], Step[430/483], loss: 0.7777
 Epoch [38/40], Step[440/483], loss: 0.7724
 Epoch [38/40], Step[450/483], loss: 0.6458
 Epoch [38/40], Step[460/483], loss: 0.8778
 Epoch [38/40], Step[470/483], loss: 0.8913
 Epoch [38/40], Step[480/483], loss: 0.5470
 ====> Epoch 38: Training loss: 377.5381
 ====> Epoch 38: Validation loss: 57.6009
 Epoch [39/40], Step[0/483], loss: 0.6785
 Epoch [39/40], Step[10/483], loss: 0.7939
 Epoch [39/40], Step[20/483], loss: 0.8187
 Epoch [39/40], Step[30/483], loss: 0.7903
 Epoch [39/40], Step[40/483], loss: 0.8007
 Epoch [39/40], Step[50/483], loss: 0.8484
 Epoch [39/40], Step[60/483], loss: 0.9535
 Epoch [39/40], Step[70/483], loss: 0.8642
 Epoch [39/40], Step[80/483], loss: 0.9580
 Epoch [39/40], Step[90/483], loss: 0.6857
 Epoch [39/40], Step[100/483], loss: 0.7064
 Epoch [39/40], Step[110/483], loss: 0.8142
 Epoch [39/40], Step[120/483], loss: 0.8723
 Epoch [39/40], Step[130/483], loss: 0.7547
 Epoch [39/40], Step[140/483], loss: 0.8348
 Epoch [39/40], Step[150/483], loss: 0.8666
 Epoch [39/40], Step[160/483], loss: 0.9006
 Epoch [39/40], Step[170/483], loss: 0.6168
 Epoch [39/40], Step[180/483], loss: 0.9109
 Epoch [39/40], Step[190/483], loss: 0.8957
 Epoch [39/40], Step[200/483], loss: 0.6615
 Epoch [39/40], Step[210/483], loss: 0.7662
 Epoch [39/40], Step[220/483], loss: 0.7030
 Epoch [39/40], Step[230/483], loss: 0.6757
 Epoch [39/40], Step[240/483], loss: 0.8021
 Epoch [39/40], Step[250/483], loss: 0.8419
 Epoch [39/40], Step[260/483], loss: 0.5485
 Epoch [39/40], Step[270/483], loss: 0.7808
 Epoch [39/40], Step[280/483], loss: 0.6948
 Epoch [39/40], Step[290/483], loss: 0.5906
 Epoch [39/40], Step[300/483], loss: 0.8084
 Epoch [39/40], Step[310/483], loss: 0.7897
 Epoch [39/40], Step[320/483], loss: 0.8533
 Epoch [39/40], Step[330/483], loss: 0.8051
 Epoch [39/40], Step[340/483], loss: 0.8131
 Epoch [39/40], Step[350/483], loss: 0.7736
 Epoch [39/40], Step[360/483], loss: 0.5773
 Epoch [39/40], Step[370/483], loss: 0.5524
 Epoch [39/40], Step[380/483], loss: 0.6961
 Epoch [39/40], Step[390/483], loss: 0.7671
 Epoch [39/40], Step[400/483], loss: 0.7482
 Epoch [39/40], Step[410/483], loss: 0.6210
 Epoch [39/40], Step[420/483], loss: 0.7092
 Epoch [39/40], Step[430/483], loss: 0.7652
 Epoch [39/40], Step[440/483], loss: 0.7639
 Epoch [39/40], Step[450/483], loss: 0.6435
 Epoch [39/40], Step[460/483], loss: 0.8774
 Epoch [39/40], Step[470/483], loss: 0.8898
 Epoch [39/40], Step[480/483], loss: 0.5483
 ====> Epoch 39: Training loss: 377.5342
 ====> Epoch 39: Validation loss: 57.4282
 Epoch [40/40], Step[0/483], loss: 0.6838
 Epoch [40/40], Step[10/483], loss: 0.7875
 Epoch [40/40], Step[20/483], loss: 0.8243
 Epoch [40/40], Step[30/483], loss: 0.7967
 Epoch [40/40], Step[40/483], loss: 0.8165
 Epoch [40/40], Step[50/483], loss: 0.8370
 Epoch [40/40], Step[60/483], loss: 0.9319
 Epoch [40/40], Step[70/483], loss: 0.8649
 Epoch [40/40], Step[80/483], loss: 0.9575
 Epoch [40/40], Step[90/483], loss: 0.6885
 Epoch [40/40], Step[100/483], loss: 0.7049
 Epoch [40/40], Step[110/483], loss: 0.8049
 Epoch [40/40], Step[120/483], loss: 0.8790
 Epoch [40/40], Step[130/483], loss: 0.7359
 Epoch [40/40], Step[140/483], loss: 0.8424
 Epoch [40/40], Step[150/483], loss: 0.8695
 Epoch [40/40], Step[160/483], loss: 0.9079
 Epoch [40/40], Step[170/483], loss: 0.6149
 Epoch [40/40], Step[180/483], loss: 0.8894
 Epoch [40/40], Step[190/483], loss: 0.8900
 Epoch [40/40], Step[200/483], loss: 0.6544
 Epoch [40/40], Step[210/483], loss: 0.7687
 Epoch [40/40], Step[220/483], loss: 0.7003
 Epoch [40/40], Step[230/483], loss: 0.6654
 Epoch [40/40], Step[240/483], loss: 0.7933
 Epoch [40/40], Step[250/483], loss: 0.8337
 Epoch [40/40], Step[260/483], loss: 0.5485
 Epoch [40/40], Step[270/483], loss: 0.7941
 Epoch [40/40], Step[280/483], loss: 0.7041
 Epoch [40/40], Step[290/483], loss: 0.5942
 Epoch [40/40], Step[300/483], loss: 0.8043
 Epoch [40/40], Step[310/483], loss: 0.7756
 Epoch [40/40], Step[320/483], loss: 0.8323
 Epoch [40/40], Step[330/483], loss: 0.7996
 Epoch [40/40], Step[340/483], loss: 0.8110
 Epoch [40/40], Step[350/483], loss: 0.7652
 Epoch [40/40], Step[360/483], loss: 0.5808
 Epoch [40/40], Step[370/483], loss: 0.5589
 Epoch [40/40], Step[380/483], loss: 0.7079
 Epoch [40/40], Step[390/483], loss: 0.7609
 Epoch [40/40], Step[400/483], loss: 0.7449
 Epoch [40/40], Step[410/483], loss: 0.6158
 Epoch [40/40], Step[420/483], loss: 0.7074
 Epoch [40/40], Step[430/483], loss: 0.7594
 Epoch [40/40], Step[440/483], loss: 0.7535
 Epoch [40/40], Step[450/483], loss: 0.6480
 Epoch [40/40], Step[460/483], loss: 0.8859
 Epoch [40/40], Step[470/483], loss: 0.8920
 Epoch [40/40], Step[480/483], loss: 0.5324
 ====> Epoch 40: Training loss: 376.6881
 ====> Epoch 40: Validation loss: 57.3258
 Saved model to models/s0205.pth
