 Loading feature files...
 <s> = 1
 </s> = 2
 All scenes loaded.
 Hyperparameters:Namespace(LR=0.01, alternatives=1, batch_size=100, dec='LSTM', dropout=0.1, epochs=40, hidden_sz=50, load=None, log_interval=10, model='s0', no_cuda=False, save=None, seed=1)
 Speaker0: Speaker0Model(
  (scene_encoder): LinearSceneEncoder(
    (fc): Linear(in_features=280, out_features=50)
  )
  (string_decoder): LSTMStringDecoder(
    (embedding): Embedding(1063, 50)
    (lstm): LSTM(50, 50, num_layers=2, batch_first=True, dropout=0.1)
    (linear): Linear(in_features=50, out_features=1063)
    (dropout): Dropout(p=0.1)
  )
)
 Training Speaker0...
 Epoch [1/40], Step[0/483], loss: 6.9859
 Epoch [1/40], Step[10/483], loss: 3.3403
 Epoch [1/40], Step[20/483], loss: 2.5995
 Epoch [1/40], Step[30/483], loss: 2.1516
 Epoch [1/40], Step[40/483], loss: 2.0424
 Epoch [1/40], Step[50/483], loss: 2.1211
 Epoch [1/40], Step[60/483], loss: 2.0854
 Epoch [1/40], Step[70/483], loss: 1.8149
 Epoch [1/40], Step[80/483], loss: 1.9720
 Epoch [1/40], Step[90/483], loss: 1.3770
 Epoch [1/40], Step[100/483], loss: 1.3219
 Epoch [1/40], Step[110/483], loss: 1.5072
 Epoch [1/40], Step[120/483], loss: 1.6222
 Epoch [1/40], Step[130/483], loss: 1.2941
 Epoch [1/40], Step[140/483], loss: 1.5035
 Epoch [1/40], Step[150/483], loss: 1.5392
 Epoch [1/40], Step[160/483], loss: 1.6762
 Epoch [1/40], Step[170/483], loss: 1.0931
 Epoch [1/40], Step[180/483], loss: 1.4959
 Epoch [1/40], Step[190/483], loss: 1.4883
 Epoch [1/40], Step[200/483], loss: 1.0283
 Epoch [1/40], Step[210/483], loss: 1.2845
 Epoch [1/40], Step[220/483], loss: 1.1324
 Epoch [1/40], Step[230/483], loss: 1.0448
 Epoch [1/40], Step[240/483], loss: 1.3180
 Epoch [1/40], Step[250/483], loss: 1.3475
 Epoch [1/40], Step[260/483], loss: 0.8662
 Epoch [1/40], Step[270/483], loss: 1.3029
 Epoch [1/40], Step[280/483], loss: 1.0717
 Epoch [1/40], Step[290/483], loss: 0.9055
 Epoch [1/40], Step[300/483], loss: 1.3068
 Epoch [1/40], Step[310/483], loss: 1.2778
 Epoch [1/40], Step[320/483], loss: 1.3752
 Epoch [1/40], Step[330/483], loss: 1.2114
 Epoch [1/40], Step[340/483], loss: 1.2965
 Epoch [1/40], Step[350/483], loss: 1.2550
 Epoch [1/40], Step[360/483], loss: 0.9343
 Epoch [1/40], Step[370/483], loss: 0.8011
 Epoch [1/40], Step[380/483], loss: 1.0767
 Epoch [1/40], Step[390/483], loss: 1.1933
 Epoch [1/40], Step[400/483], loss: 1.1561
 Epoch [1/40], Step[410/483], loss: 0.8982
 Epoch [1/40], Step[420/483], loss: 1.1254
 Epoch [1/40], Step[430/483], loss: 1.0961
 Epoch [1/40], Step[440/483], loss: 1.1701
 Epoch [1/40], Step[450/483], loss: 0.9493
 Epoch [1/40], Step[460/483], loss: 1.2437
 Epoch [1/40], Step[470/483], loss: 1.3750
 Epoch [1/40], Step[480/483], loss: 0.7621
 ====> Epoch 1: Training loss: 709.8453
 ====> Epoch 1: Validation loss: 69.1697
 Epoch [2/40], Step[0/483], loss: 0.9648
 Epoch [2/40], Step[10/483], loss: 1.1503
 Epoch [2/40], Step[20/483], loss: 1.2147
 Epoch [2/40], Step[30/483], loss: 1.1721
 Epoch [2/40], Step[40/483], loss: 1.1787
 Epoch [2/40], Step[50/483], loss: 1.2712
 Epoch [2/40], Step[60/483], loss: 1.4038
 Epoch [2/40], Step[70/483], loss: 1.2528
 Epoch [2/40], Step[80/483], loss: 1.4089
 Epoch [2/40], Step[90/483], loss: 0.9618
 Epoch [2/40], Step[100/483], loss: 0.9717
 Epoch [2/40], Step[110/483], loss: 1.1493
 Epoch [2/40], Step[120/483], loss: 1.2416
 Epoch [2/40], Step[130/483], loss: 1.0326
 Epoch [2/40], Step[140/483], loss: 1.1947
 Epoch [2/40], Step[150/483], loss: 1.2346
 Epoch [2/40], Step[160/483], loss: 1.3498
 Epoch [2/40], Step[170/483], loss: 0.8817
 Epoch [2/40], Step[180/483], loss: 1.2534
 Epoch [2/40], Step[190/483], loss: 1.2221
 Epoch [2/40], Step[200/483], loss: 0.8673
 Epoch [2/40], Step[210/483], loss: 1.0932
 Epoch [2/40], Step[220/483], loss: 0.9924
 Epoch [2/40], Step[230/483], loss: 0.8725
 Epoch [2/40], Step[240/483], loss: 1.1175
 Epoch [2/40], Step[250/483], loss: 1.1446
 Epoch [2/40], Step[260/483], loss: 0.7365
 Epoch [2/40], Step[270/483], loss: 1.1161
 Epoch [2/40], Step[280/483], loss: 0.9355
 Epoch [2/40], Step[290/483], loss: 0.7899
 Epoch [2/40], Step[300/483], loss: 1.1477
 Epoch [2/40], Step[310/483], loss: 1.1267
 Epoch [2/40], Step[320/483], loss: 1.1812
 Epoch [2/40], Step[330/483], loss: 1.1011
 Epoch [2/40], Step[340/483], loss: 1.1507
 Epoch [2/40], Step[350/483], loss: 1.0944
 Epoch [2/40], Step[360/483], loss: 0.8371
 Epoch [2/40], Step[370/483], loss: 0.7126
 Epoch [2/40], Step[380/483], loss: 0.9832
 Epoch [2/40], Step[390/483], loss: 1.0682
 Epoch [2/40], Step[400/483], loss: 1.0434
 Epoch [2/40], Step[410/483], loss: 0.8058
 Epoch [2/40], Step[420/483], loss: 1.0088
 Epoch [2/40], Step[430/483], loss: 1.0007
 Epoch [2/40], Step[440/483], loss: 1.0479
 Epoch [2/40], Step[450/483], loss: 0.8757
 Epoch [2/40], Step[460/483], loss: 1.1451
 Epoch [2/40], Step[470/483], loss: 1.2479
 Epoch [2/40], Step[480/483], loss: 0.7143
 ====> Epoch 2: Training loss: 529.9737
 ====> Epoch 2: Validation loss: 63.8727
 Epoch [3/40], Step[0/483], loss: 0.8774
 Epoch [3/40], Step[10/483], loss: 1.0403
 Epoch [3/40], Step[20/483], loss: 1.1130
 Epoch [3/40], Step[30/483], loss: 1.0744
 Epoch [3/40], Step[40/483], loss: 1.0764
 Epoch [3/40], Step[50/483], loss: 1.1769
 Epoch [3/40], Step[60/483], loss: 1.2981
 Epoch [3/40], Step[70/483], loss: 1.1233
 Epoch [3/40], Step[80/483], loss: 1.3364
 Epoch [3/40], Step[90/483], loss: 0.9054
 Epoch [3/40], Step[100/483], loss: 0.9008
 Epoch [3/40], Step[110/483], loss: 1.0715
 Epoch [3/40], Step[120/483], loss: 1.1633
 Epoch [3/40], Step[130/483], loss: 0.9521
 Epoch [3/40], Step[140/483], loss: 1.1056
 Epoch [3/40], Step[150/483], loss: 1.1283
 Epoch [3/40], Step[160/483], loss: 1.2651
 Epoch [3/40], Step[170/483], loss: 0.8451
 Epoch [3/40], Step[180/483], loss: 1.1809
 Epoch [3/40], Step[190/483], loss: 1.1523
 Epoch [3/40], Step[200/483], loss: 0.8224
 Epoch [3/40], Step[210/483], loss: 1.0181
 Epoch [3/40], Step[220/483], loss: 0.9246
 Epoch [3/40], Step[230/483], loss: 0.8030
 Epoch [3/40], Step[240/483], loss: 1.0919
 Epoch [3/40], Step[250/483], loss: 1.0613
 Epoch [3/40], Step[260/483], loss: 0.6911
 Epoch [3/40], Step[270/483], loss: 1.0416
 Epoch [3/40], Step[280/483], loss: 0.8880
 Epoch [3/40], Step[290/483], loss: 0.7420
 Epoch [3/40], Step[300/483], loss: 1.0557
 Epoch [3/40], Step[310/483], loss: 1.0623
 Epoch [3/40], Step[320/483], loss: 1.1328
 Epoch [3/40], Step[330/483], loss: 1.0445
 Epoch [3/40], Step[340/483], loss: 1.0758
 Epoch [3/40], Step[350/483], loss: 1.0354
 Epoch [3/40], Step[360/483], loss: 0.7807
 Epoch [3/40], Step[370/483], loss: 0.6763
 Epoch [3/40], Step[380/483], loss: 0.9268
 Epoch [3/40], Step[390/483], loss: 1.0295
 Epoch [3/40], Step[400/483], loss: 0.9847
 Epoch [3/40], Step[410/483], loss: 0.8016
 Epoch [3/40], Step[420/483], loss: 0.9416
 Epoch [3/40], Step[430/483], loss: 0.9663
 Epoch [3/40], Step[440/483], loss: 1.0140
 Epoch [3/40], Step[450/483], loss: 0.8312
 Epoch [3/40], Step[460/483], loss: 1.0843
 Epoch [3/40], Step[470/483], loss: 1.1596
 Epoch [3/40], Step[480/483], loss: 0.6790
 ====> Epoch 3: Training loss: 498.8246
 ====> Epoch 3: Validation loss: 61.6662
 Epoch [4/40], Step[0/483], loss: 0.8601
 Epoch [4/40], Step[10/483], loss: 0.9965
 Epoch [4/40], Step[20/483], loss: 1.0843
 Epoch [4/40], Step[30/483], loss: 1.0102
 Epoch [4/40], Step[40/483], loss: 1.0320
 Epoch [4/40], Step[50/483], loss: 1.1237
 Epoch [4/40], Step[60/483], loss: 1.2257
 Epoch [4/40], Step[70/483], loss: 1.0889
 Epoch [4/40], Step[80/483], loss: 1.2525
 Epoch [4/40], Step[90/483], loss: 0.8724
 Epoch [4/40], Step[100/483], loss: 0.8729
 Epoch [4/40], Step[110/483], loss: 1.0102
 Epoch [4/40], Step[120/483], loss: 1.1262
 Epoch [4/40], Step[130/483], loss: 0.9224
 Epoch [4/40], Step[140/483], loss: 1.0779
 Epoch [4/40], Step[150/483], loss: 1.1023
 Epoch [4/40], Step[160/483], loss: 1.1988
 Epoch [4/40], Step[170/483], loss: 0.8034
 Epoch [4/40], Step[180/483], loss: 1.1165
 Epoch [4/40], Step[190/483], loss: 1.1168
 Epoch [4/40], Step[200/483], loss: 0.8075
 Epoch [4/40], Step[210/483], loss: 0.9889
 Epoch [4/40], Step[220/483], loss: 0.9045
 Epoch [4/40], Step[230/483], loss: 0.7895
 Epoch [4/40], Step[240/483], loss: 1.0346
 Epoch [4/40], Step[250/483], loss: 1.0354
 Epoch [4/40], Step[260/483], loss: 0.6745
 Epoch [4/40], Step[270/483], loss: 1.0121
 Epoch [4/40], Step[280/483], loss: 0.8757
 Epoch [4/40], Step[290/483], loss: 0.7279
 Epoch [4/40], Step[300/483], loss: 1.0416
 Epoch [4/40], Step[310/483], loss: 1.0323
 Epoch [4/40], Step[320/483], loss: 1.0741
 Epoch [4/40], Step[330/483], loss: 0.9964
 Epoch [4/40], Step[340/483], loss: 1.0646
 Epoch [4/40], Step[350/483], loss: 0.9868
 Epoch [4/40], Step[360/483], loss: 0.7701
 Epoch [4/40], Step[370/483], loss: 0.6566
 Epoch [4/40], Step[380/483], loss: 0.9129
 Epoch [4/40], Step[390/483], loss: 0.9932
 Epoch [4/40], Step[400/483], loss: 0.9404
 Epoch [4/40], Step[410/483], loss: 0.7916
 Epoch [4/40], Step[420/483], loss: 0.9026
 Epoch [4/40], Step[430/483], loss: 0.9397
 Epoch [4/40], Step[440/483], loss: 0.9428
 Epoch [4/40], Step[450/483], loss: 0.7954
 Epoch [4/40], Step[460/483], loss: 1.0637
 Epoch [4/40], Step[470/483], loss: 1.1204
 Epoch [4/40], Step[480/483], loss: 0.6711
 ====> Epoch 4: Training loss: 480.6931
 ====> Epoch 4: Validation loss: 60.6763
 Epoch [5/40], Step[0/483], loss: 0.8089
 Epoch [5/40], Step[10/483], loss: 0.9544
 Epoch [5/40], Step[20/483], loss: 1.0361
 Epoch [5/40], Step[30/483], loss: 0.9828
 Epoch [5/40], Step[40/483], loss: 1.0057
 Epoch [5/40], Step[50/483], loss: 1.0980
 Epoch [5/40], Step[60/483], loss: 1.1809
 Epoch [5/40], Step[70/483], loss: 1.0679
 Epoch [5/40], Step[80/483], loss: 1.2005
 Epoch [5/40], Step[90/483], loss: 0.8385
 Epoch [5/40], Step[100/483], loss: 0.8590
 Epoch [5/40], Step[110/483], loss: 0.9952
 Epoch [5/40], Step[120/483], loss: 1.0908
 Epoch [5/40], Step[130/483], loss: 0.9145
 Epoch [5/40], Step[140/483], loss: 1.0571
 Epoch [5/40], Step[150/483], loss: 1.0578
 Epoch [5/40], Step[160/483], loss: 1.1643
 Epoch [5/40], Step[170/483], loss: 0.7768
 Epoch [5/40], Step[180/483], loss: 1.1184
 Epoch [5/40], Step[190/483], loss: 1.0960
 Epoch [5/40], Step[200/483], loss: 0.7924
 Epoch [5/40], Step[210/483], loss: 0.9735
 Epoch [5/40], Step[220/483], loss: 0.8766
 Epoch [5/40], Step[230/483], loss: 0.7755
 Epoch [5/40], Step[240/483], loss: 1.0251
 Epoch [5/40], Step[250/483], loss: 1.0161
 Epoch [5/40], Step[260/483], loss: 0.6546
 Epoch [5/40], Step[270/483], loss: 1.0037
 Epoch [5/40], Step[280/483], loss: 0.8392
 Epoch [5/40], Step[290/483], loss: 0.7189
 Epoch [5/40], Step[300/483], loss: 1.0328
 Epoch [5/40], Step[310/483], loss: 0.9908
 Epoch [5/40], Step[320/483], loss: 1.0626
 Epoch [5/40], Step[330/483], loss: 0.9910
 Epoch [5/40], Step[340/483], loss: 1.0239
 Epoch [5/40], Step[350/483], loss: 0.9598
 Epoch [5/40], Step[360/483], loss: 0.7504
 Epoch [5/40], Step[370/483], loss: 0.6461
 Epoch [5/40], Step[380/483], loss: 0.8914
 Epoch [5/40], Step[390/483], loss: 0.9782
 Epoch [5/40], Step[400/483], loss: 0.9282
 Epoch [5/40], Step[410/483], loss: 0.7817
 Epoch [5/40], Step[420/483], loss: 0.8793
 Epoch [5/40], Step[430/483], loss: 0.9221
 Epoch [5/40], Step[440/483], loss: 0.9232
 Epoch [5/40], Step[450/483], loss: 0.7750
 Epoch [5/40], Step[460/483], loss: 1.0521
 Epoch [5/40], Step[470/483], loss: 1.1040
 Epoch [5/40], Step[480/483], loss: 0.6520
 ====> Epoch 5: Training loss: 468.7314
 ====> Epoch 5: Validation loss: 59.8430
 Epoch [6/40], Step[0/483], loss: 0.8073
 Epoch [6/40], Step[10/483], loss: 0.9443
 Epoch [6/40], Step[20/483], loss: 1.0222
 Epoch [6/40], Step[30/483], loss: 0.9697
 Epoch [6/40], Step[40/483], loss: 0.9933
 Epoch [6/40], Step[50/483], loss: 1.0875
 Epoch [6/40], Step[60/483], loss: 1.1784
 Epoch [6/40], Step[70/483], loss: 1.0421
 Epoch [6/40], Step[80/483], loss: 1.1968
 Epoch [6/40], Step[90/483], loss: 0.8160
 Epoch [6/40], Step[100/483], loss: 0.8389
 Epoch [6/40], Step[110/483], loss: 1.0076
 Epoch [6/40], Step[120/483], loss: 1.0617
 Epoch [6/40], Step[130/483], loss: 0.8959
 Epoch [6/40], Step[140/483], loss: 1.0425
 Epoch [6/40], Step[150/483], loss: 1.0420
 Epoch [6/40], Step[160/483], loss: 1.1479
 Epoch [6/40], Step[170/483], loss: 0.7575
 Epoch [6/40], Step[180/483], loss: 1.0898
 Epoch [6/40], Step[190/483], loss: 1.0734
 Epoch [6/40], Step[200/483], loss: 0.7740
 Epoch [6/40], Step[210/483], loss: 0.9519
 Epoch [6/40], Step[220/483], loss: 0.8542
 Epoch [6/40], Step[230/483], loss: 0.7704
 Epoch [6/40], Step[240/483], loss: 0.9924
 Epoch [6/40], Step[250/483], loss: 1.0033
 Epoch [6/40], Step[260/483], loss: 0.6478
 Epoch [6/40], Step[270/483], loss: 0.9849
 Epoch [6/40], Step[280/483], loss: 0.8417
 Epoch [6/40], Step[290/483], loss: 0.6986
 Epoch [6/40], Step[300/483], loss: 0.9919
 Epoch [6/40], Step[310/483], loss: 0.9859
 Epoch [6/40], Step[320/483], loss: 1.0555
 Epoch [6/40], Step[330/483], loss: 0.9599
 Epoch [6/40], Step[340/483], loss: 1.0071
 Epoch [6/40], Step[350/483], loss: 0.9257
 Epoch [6/40], Step[360/483], loss: 0.7263
 Epoch [6/40], Step[370/483], loss: 0.6261
 Epoch [6/40], Step[380/483], loss: 0.8775
 Epoch [6/40], Step[390/483], loss: 0.9587
 Epoch [6/40], Step[400/483], loss: 0.9013
 Epoch [6/40], Step[410/483], loss: 0.7660
 Epoch [6/40], Step[420/483], loss: 0.8671
 Epoch [6/40], Step[430/483], loss: 0.9222
 Epoch [6/40], Step[440/483], loss: 0.9231
 Epoch [6/40], Step[450/483], loss: 0.7798
 Epoch [6/40], Step[460/483], loss: 1.0439
 Epoch [6/40], Step[470/483], loss: 1.0797
 Epoch [6/40], Step[480/483], loss: 0.6398
 ====> Epoch 6: Training loss: 460.4141
 ====> Epoch 6: Validation loss: 59.2361
 Epoch [7/40], Step[0/483], loss: 0.7809
 Epoch [7/40], Step[10/483], loss: 0.9295
 Epoch [7/40], Step[20/483], loss: 1.0379
 Epoch [7/40], Step[30/483], loss: 0.9407
 Epoch [7/40], Step[40/483], loss: 0.9913
 Epoch [7/40], Step[50/483], loss: 1.0650
 Epoch [7/40], Step[60/483], loss: 1.1307
 Epoch [7/40], Step[70/483], loss: 1.0203
 Epoch [7/40], Step[80/483], loss: 1.1719
 Epoch [7/40], Step[90/483], loss: 0.8149
 Epoch [7/40], Step[100/483], loss: 0.8316
 Epoch [7/40], Step[110/483], loss: 0.9670
 Epoch [7/40], Step[120/483], loss: 1.0717
 Epoch [7/40], Step[130/483], loss: 0.8767
 Epoch [7/40], Step[140/483], loss: 1.0311
 Epoch [7/40], Step[150/483], loss: 1.0340
 Epoch [7/40], Step[160/483], loss: 1.1519
 Epoch [7/40], Step[170/483], loss: 0.7623
 Epoch [7/40], Step[180/483], loss: 1.0945
 Epoch [7/40], Step[190/483], loss: 1.0439
 Epoch [7/40], Step[200/483], loss: 0.7754
 Epoch [7/40], Step[210/483], loss: 0.9261
 Epoch [7/40], Step[220/483], loss: 0.8393
 Epoch [7/40], Step[230/483], loss: 0.7493
 Epoch [7/40], Step[240/483], loss: 0.9857
 Epoch [7/40], Step[250/483], loss: 0.9961
 Epoch [7/40], Step[260/483], loss: 0.6407
 Epoch [7/40], Step[270/483], loss: 0.9697
 Epoch [7/40], Step[280/483], loss: 0.8261
 Epoch [7/40], Step[290/483], loss: 0.7019
 Epoch [7/40], Step[300/483], loss: 0.9759
 Epoch [7/40], Step[310/483], loss: 0.9716
 Epoch [7/40], Step[320/483], loss: 1.0406
 Epoch [7/40], Step[330/483], loss: 0.9479
 Epoch [7/40], Step[340/483], loss: 0.9849
 Epoch [7/40], Step[350/483], loss: 0.9337
 Epoch [7/40], Step[360/483], loss: 0.7070
 Epoch [7/40], Step[370/483], loss: 0.6208
 Epoch [7/40], Step[380/483], loss: 0.8491
 Epoch [7/40], Step[390/483], loss: 0.9464
 Epoch [7/40], Step[400/483], loss: 0.8667
 Epoch [7/40], Step[410/483], loss: 0.7577
 Epoch [7/40], Step[420/483], loss: 0.8703
 Epoch [7/40], Step[430/483], loss: 0.9113
 Epoch [7/40], Step[440/483], loss: 0.8901
 Epoch [7/40], Step[450/483], loss: 0.7611
 Epoch [7/40], Step[460/483], loss: 1.0303
 Epoch [7/40], Step[470/483], loss: 1.0763
 Epoch [7/40], Step[480/483], loss: 0.6418
 ====> Epoch 7: Training loss: 453.8001
 ====> Epoch 7: Validation loss: 58.7966
 Epoch [8/40], Step[0/483], loss: 0.7764
 Epoch [8/40], Step[10/483], loss: 0.9134
 Epoch [8/40], Step[20/483], loss: 1.0161
 Epoch [8/40], Step[30/483], loss: 0.9524
 Epoch [8/40], Step[40/483], loss: 0.9719
 Epoch [8/40], Step[50/483], loss: 1.0412
 Epoch [8/40], Step[60/483], loss: 1.1338
 Epoch [8/40], Step[70/483], loss: 1.0097
 Epoch [8/40], Step[80/483], loss: 1.1481
 Epoch [8/40], Step[90/483], loss: 0.8055
 Epoch [8/40], Step[100/483], loss: 0.8094
 Epoch [8/40], Step[110/483], loss: 0.9603
 Epoch [8/40], Step[120/483], loss: 1.0502
 Epoch [8/40], Step[130/483], loss: 0.8630
 Epoch [8/40], Step[140/483], loss: 1.0189
 Epoch [8/40], Step[150/483], loss: 1.0210
 Epoch [8/40], Step[160/483], loss: 1.1017
 Epoch [8/40], Step[170/483], loss: 0.7423
 Epoch [8/40], Step[180/483], loss: 1.0638
 Epoch [8/40], Step[190/483], loss: 1.0534
 Epoch [8/40], Step[200/483], loss: 0.7532
 Epoch [8/40], Step[210/483], loss: 0.9428
 Epoch [8/40], Step[220/483], loss: 0.8253
 Epoch [8/40], Step[230/483], loss: 0.7492
 Epoch [8/40], Step[240/483], loss: 0.9514
 Epoch [8/40], Step[250/483], loss: 0.9902
 Epoch [8/40], Step[260/483], loss: 0.6422
 Epoch [8/40], Step[270/483], loss: 0.9682
 Epoch [8/40], Step[280/483], loss: 0.8272
 Epoch [8/40], Step[290/483], loss: 0.6812
 Epoch [8/40], Step[300/483], loss: 0.9786
 Epoch [8/40], Step[310/483], loss: 0.9482
 Epoch [8/40], Step[320/483], loss: 1.0111
 Epoch [8/40], Step[330/483], loss: 0.9583
 Epoch [8/40], Step[340/483], loss: 0.9527
 Epoch [8/40], Step[350/483], loss: 0.8944
 Epoch [8/40], Step[360/483], loss: 0.7069
 Epoch [8/40], Step[370/483], loss: 0.6152
 Epoch [8/40], Step[380/483], loss: 0.8462
 Epoch [8/40], Step[390/483], loss: 0.9304
 Epoch [8/40], Step[400/483], loss: 0.8947
 Epoch [8/40], Step[410/483], loss: 0.7390
 Epoch [8/40], Step[420/483], loss: 0.8708
 Epoch [8/40], Step[430/483], loss: 0.8919
 Epoch [8/40], Step[440/483], loss: 0.8977
 Epoch [8/40], Step[450/483], loss: 0.7371
 Epoch [8/40], Step[460/483], loss: 1.0313
 Epoch [8/40], Step[470/483], loss: 1.0340
 Epoch [8/40], Step[480/483], loss: 0.6174
 ====> Epoch 8: Training loss: 448.3660
 ====> Epoch 8: Validation loss: 58.4996
 Epoch [9/40], Step[0/483], loss: 0.7821
 Epoch [9/40], Step[10/483], loss: 0.8952
 Epoch [9/40], Step[20/483], loss: 1.0160
 Epoch [9/40], Step[30/483], loss: 0.9144
 Epoch [9/40], Step[40/483], loss: 0.9746
 Epoch [9/40], Step[50/483], loss: 1.0263
 Epoch [9/40], Step[60/483], loss: 1.1196
 Epoch [9/40], Step[70/483], loss: 1.0015
 Epoch [9/40], Step[80/483], loss: 1.1390
 Epoch [9/40], Step[90/483], loss: 0.7907
 Epoch [9/40], Step[100/483], loss: 0.7997
 Epoch [9/40], Step[110/483], loss: 0.9565
 Epoch [9/40], Step[120/483], loss: 1.0169
 Epoch [9/40], Step[130/483], loss: 0.8455
 Epoch [9/40], Step[140/483], loss: 1.0123
 Epoch [9/40], Step[150/483], loss: 1.0161
 Epoch [9/40], Step[160/483], loss: 1.0912
 Epoch [9/40], Step[170/483], loss: 0.7453
 Epoch [9/40], Step[180/483], loss: 1.0581
 Epoch [9/40], Step[190/483], loss: 1.0326
 Epoch [9/40], Step[200/483], loss: 0.7576
 Epoch [9/40], Step[210/483], loss: 0.9120
 Epoch [9/40], Step[220/483], loss: 0.8191
 Epoch [9/40], Step[230/483], loss: 0.7402
 Epoch [9/40], Step[240/483], loss: 0.9258
 Epoch [9/40], Step[250/483], loss: 0.9649
 Epoch [9/40], Step[260/483], loss: 0.6404
 Epoch [9/40], Step[270/483], loss: 0.9413
 Epoch [9/40], Step[280/483], loss: 0.8194
 Epoch [9/40], Step[290/483], loss: 0.6884
 Epoch [9/40], Step[300/483], loss: 0.9806
 Epoch [9/40], Step[310/483], loss: 0.9569
 Epoch [9/40], Step[320/483], loss: 0.9849
 Epoch [9/40], Step[330/483], loss: 0.9409
 Epoch [9/40], Step[340/483], loss: 0.9453
 Epoch [9/40], Step[350/483], loss: 0.9151
 Epoch [9/40], Step[360/483], loss: 0.6902
 Epoch [9/40], Step[370/483], loss: 0.5961
 Epoch [9/40], Step[380/483], loss: 0.8420
 Epoch [9/40], Step[390/483], loss: 0.9431
 Epoch [9/40], Step[400/483], loss: 0.8694
 Epoch [9/40], Step[410/483], loss: 0.7396
 Epoch [9/40], Step[420/483], loss: 0.8654
 Epoch [9/40], Step[430/483], loss: 0.8847
 Epoch [9/40], Step[440/483], loss: 0.8819
 Epoch [9/40], Step[450/483], loss: 0.7408
 Epoch [9/40], Step[460/483], loss: 1.0038
 Epoch [9/40], Step[470/483], loss: 1.0537
 Epoch [9/40], Step[480/483], loss: 0.6202
 ====> Epoch 9: Training loss: 443.9552
 ====> Epoch 9: Validation loss: 58.3717
 Epoch [10/40], Step[0/483], loss: 0.7866
 Epoch [10/40], Step[10/483], loss: 0.8890
 Epoch [10/40], Step[20/483], loss: 0.9862
 Epoch [10/40], Step[30/483], loss: 0.9286
 Epoch [10/40], Step[40/483], loss: 0.9659
 Epoch [10/40], Step[50/483], loss: 1.0301
 Epoch [10/40], Step[60/483], loss: 1.1155
 Epoch [10/40], Step[70/483], loss: 1.0022
 Epoch [10/40], Step[80/483], loss: 1.1412
 Epoch [10/40], Step[90/483], loss: 0.7849
 Epoch [10/40], Step[100/483], loss: 0.8174
 Epoch [10/40], Step[110/483], loss: 0.9302
 Epoch [10/40], Step[120/483], loss: 1.0136
 Epoch [10/40], Step[130/483], loss: 0.8597
 Epoch [10/40], Step[140/483], loss: 1.0057
 Epoch [10/40], Step[150/483], loss: 0.9852
 Epoch [10/40], Step[160/483], loss: 1.0905
 Epoch [10/40], Step[170/483], loss: 0.7391
 Epoch [10/40], Step[180/483], loss: 1.0387
 Epoch [10/40], Step[190/483], loss: 1.0437
 Epoch [10/40], Step[200/483], loss: 0.7526
 Epoch [10/40], Step[210/483], loss: 0.8992
 Epoch [10/40], Step[220/483], loss: 0.8088
 Epoch [10/40], Step[230/483], loss: 0.7300
 Epoch [10/40], Step[240/483], loss: 0.9213
 Epoch [10/40], Step[250/483], loss: 0.9480
 Epoch [10/40], Step[260/483], loss: 0.6242
 Epoch [10/40], Step[270/483], loss: 0.9552
 Epoch [10/40], Step[280/483], loss: 0.8233
 Epoch [10/40], Step[290/483], loss: 0.6694
 Epoch [10/40], Step[300/483], loss: 0.9407
 Epoch [10/40], Step[310/483], loss: 0.9297
 Epoch [10/40], Step[320/483], loss: 0.9861
 Epoch [10/40], Step[330/483], loss: 0.9375
 Epoch [10/40], Step[340/483], loss: 0.9319
 Epoch [10/40], Step[350/483], loss: 0.9022
 Epoch [10/40], Step[360/483], loss: 0.6983
 Epoch [10/40], Step[370/483], loss: 0.6097
 Epoch [10/40], Step[380/483], loss: 0.8223
 Epoch [10/40], Step[390/483], loss: 0.9239
 Epoch [10/40], Step[400/483], loss: 0.8859
 Epoch [10/40], Step[410/483], loss: 0.7402
 Epoch [10/40], Step[420/483], loss: 0.8678
 Epoch [10/40], Step[430/483], loss: 0.8642
 Epoch [10/40], Step[440/483], loss: 0.8889
 Epoch [10/40], Step[450/483], loss: 0.7497
 Epoch [10/40], Step[460/483], loss: 0.9810
 Epoch [10/40], Step[470/483], loss: 1.0446
 Epoch [10/40], Step[480/483], loss: 0.6166
 ====> Epoch 10: Training loss: 440.3263
 ====> Epoch 10: Validation loss: 58.2429
 Epoch [11/40], Step[0/483], loss: 0.7554
 Epoch [11/40], Step[10/483], loss: 0.8788
 Epoch [11/40], Step[20/483], loss: 0.9898
 Epoch [11/40], Step[30/483], loss: 0.9188
 Epoch [11/40], Step[40/483], loss: 0.9319
 Epoch [11/40], Step[50/483], loss: 1.0281
 Epoch [11/40], Step[60/483], loss: 1.1220
 Epoch [11/40], Step[70/483], loss: 1.0124
 Epoch [11/40], Step[80/483], loss: 1.1351
 Epoch [11/40], Step[90/483], loss: 0.7909
 Epoch [11/40], Step[100/483], loss: 0.7789
 Epoch [11/40], Step[110/483], loss: 0.9494
 Epoch [11/40], Step[120/483], loss: 1.0245
 Epoch [11/40], Step[130/483], loss: 0.8352
 Epoch [11/40], Step[140/483], loss: 1.0061
 Epoch [11/40], Step[150/483], loss: 0.9739
 Epoch [11/40], Step[160/483], loss: 1.0803
 Epoch [11/40], Step[170/483], loss: 0.7117
 Epoch [11/40], Step[180/483], loss: 1.0658
 Epoch [11/40], Step[190/483], loss: 1.0283
 Epoch [11/40], Step[200/483], loss: 0.7400
 Epoch [11/40], Step[210/483], loss: 0.9095
 Epoch [11/40], Step[220/483], loss: 0.8073
 Epoch [11/40], Step[230/483], loss: 0.7523
 Epoch [11/40], Step[240/483], loss: 0.9164
 Epoch [11/40], Step[250/483], loss: 0.9816
 Epoch [11/40], Step[260/483], loss: 0.6168
 Epoch [11/40], Step[270/483], loss: 0.9372
 Epoch [11/40], Step[280/483], loss: 0.8185
 Epoch [11/40], Step[290/483], loss: 0.6624
 Epoch [11/40], Step[300/483], loss: 0.9200
 Epoch [11/40], Step[310/483], loss: 0.9386
 Epoch [11/40], Step[320/483], loss: 0.9827
 Epoch [11/40], Step[330/483], loss: 0.9340
 Epoch [11/40], Step[340/483], loss: 0.9394
 Epoch [11/40], Step[350/483], loss: 0.8901
 Epoch [11/40], Step[360/483], loss: 0.7021
 Epoch [11/40], Step[370/483], loss: 0.6036
 Epoch [11/40], Step[380/483], loss: 0.8308
 Epoch [11/40], Step[390/483], loss: 0.9233
 Epoch [11/40], Step[400/483], loss: 0.8439
 Epoch [11/40], Step[410/483], loss: 0.7495
 Epoch [11/40], Step[420/483], loss: 0.8400
 Epoch [11/40], Step[430/483], loss: 0.8791
 Epoch [11/40], Step[440/483], loss: 0.8677
 Epoch [11/40], Step[450/483], loss: 0.7195
 Epoch [11/40], Step[460/483], loss: 0.9846
 Epoch [11/40], Step[470/483], loss: 1.0338
 Epoch [11/40], Step[480/483], loss: 0.6095
 ====> Epoch 11: Training loss: 437.6634
 ====> Epoch 11: Validation loss: 58.0561
 Epoch [12/40], Step[0/483], loss: 0.7680
 Epoch [12/40], Step[10/483], loss: 0.9007
 Epoch [12/40], Step[20/483], loss: 0.9751
 Epoch [12/40], Step[30/483], loss: 0.9098
 Epoch [12/40], Step[40/483], loss: 0.9430
 Epoch [12/40], Step[50/483], loss: 1.0003
 Epoch [12/40], Step[60/483], loss: 1.0999
 Epoch [12/40], Step[70/483], loss: 0.9949
 Epoch [12/40], Step[80/483], loss: 1.1079
 Epoch [12/40], Step[90/483], loss: 0.8014
 Epoch [12/40], Step[100/483], loss: 0.7749
 Epoch [12/40], Step[110/483], loss: 0.9160
 Epoch [12/40], Step[120/483], loss: 1.0304
 Epoch [12/40], Step[130/483], loss: 0.8410
 Epoch [12/40], Step[140/483], loss: 0.9889
 Epoch [12/40], Step[150/483], loss: 0.9769
 Epoch [12/40], Step[160/483], loss: 1.0533
 Epoch [12/40], Step[170/483], loss: 0.7306
 Epoch [12/40], Step[180/483], loss: 1.0561
 Epoch [12/40], Step[190/483], loss: 1.0289
 Epoch [12/40], Step[200/483], loss: 0.7286
 Epoch [12/40], Step[210/483], loss: 0.9095
 Epoch [12/40], Step[220/483], loss: 0.8148
 Epoch [12/40], Step[230/483], loss: 0.7294
 Epoch [12/40], Step[240/483], loss: 0.9141
 Epoch [12/40], Step[250/483], loss: 0.9795
 Epoch [12/40], Step[260/483], loss: 0.6150
 Epoch [12/40], Step[270/483], loss: 0.9393
 Epoch [12/40], Step[280/483], loss: 0.8058
 Epoch [12/40], Step[290/483], loss: 0.6511
 Epoch [12/40], Step[300/483], loss: 0.9259
 Epoch [12/40], Step[310/483], loss: 0.9372
 Epoch [12/40], Step[320/483], loss: 0.9822
 Epoch [12/40], Step[330/483], loss: 0.9268
 Epoch [12/40], Step[340/483], loss: 0.9407
 Epoch [12/40], Step[350/483], loss: 0.8714
 Epoch [12/40], Step[360/483], loss: 0.7013
 Epoch [12/40], Step[370/483], loss: 0.5963
 Epoch [12/40], Step[380/483], loss: 0.8171
 Epoch [12/40], Step[390/483], loss: 0.8982
 Epoch [12/40], Step[400/483], loss: 0.8730
 Epoch [12/40], Step[410/483], loss: 0.7363
 Epoch [12/40], Step[420/483], loss: 0.8378
 Epoch [12/40], Step[430/483], loss: 0.8606
 Epoch [12/40], Step[440/483], loss: 0.8603
 Epoch [12/40], Step[450/483], loss: 0.7368
 Epoch [12/40], Step[460/483], loss: 0.9933
 Epoch [12/40], Step[470/483], loss: 1.0486
 Epoch [12/40], Step[480/483], loss: 0.6003
 ====> Epoch 12: Training loss: 435.2378
 ====> Epoch 12: Validation loss: 58.0724
 Epoch [13/40], Step[0/483], loss: 0.7663
 Epoch [13/40], Step[10/483], loss: 0.8888
 Epoch [13/40], Step[20/483], loss: 0.9787
 Epoch [13/40], Step[30/483], loss: 0.9039
 Epoch [13/40], Step[40/483], loss: 0.9243
 Epoch [13/40], Step[50/483], loss: 1.0122
 Epoch [13/40], Step[60/483], loss: 1.1045
 Epoch [13/40], Step[70/483], loss: 0.9761
 Epoch [13/40], Step[80/483], loss: 1.1328
 Epoch [13/40], Step[90/483], loss: 0.7788
 Epoch [13/40], Step[100/483], loss: 0.7797
 Epoch [13/40], Step[110/483], loss: 0.9361
 Epoch [13/40], Step[120/483], loss: 1.0249
 Epoch [13/40], Step[130/483], loss: 0.8576
 Epoch [13/40], Step[140/483], loss: 1.0008
 Epoch [13/40], Step[150/483], loss: 0.9773
 Epoch [13/40], Step[160/483], loss: 1.0547
 Epoch [13/40], Step[170/483], loss: 0.7136
 Epoch [13/40], Step[180/483], loss: 1.0239
 Epoch [13/40], Step[190/483], loss: 1.0291
 Epoch [13/40], Step[200/483], loss: 0.7456
 Epoch [13/40], Step[210/483], loss: 0.8842
 Epoch [13/40], Step[220/483], loss: 0.8215
 Epoch [13/40], Step[230/483], loss: 0.7328
 Epoch [13/40], Step[240/483], loss: 0.8896
 Epoch [13/40], Step[250/483], loss: 0.9565
 Epoch [13/40], Step[260/483], loss: 0.6171
 Epoch [13/40], Step[270/483], loss: 0.9312
 Epoch [13/40], Step[280/483], loss: 0.8036
 Epoch [13/40], Step[290/483], loss: 0.6518
 Epoch [13/40], Step[300/483], loss: 0.9263
 Epoch [13/40], Step[310/483], loss: 0.9362
 Epoch [13/40], Step[320/483], loss: 0.9817
 Epoch [13/40], Step[330/483], loss: 0.9234
 Epoch [13/40], Step[340/483], loss: 0.9085
 Epoch [13/40], Step[350/483], loss: 0.8780
 Epoch [13/40], Step[360/483], loss: 0.6831
 Epoch [13/40], Step[370/483], loss: 0.6032
 Epoch [13/40], Step[380/483], loss: 0.8163
 Epoch [13/40], Step[390/483], loss: 0.8996
 Epoch [13/40], Step[400/483], loss: 0.8386
 Epoch [13/40], Step[410/483], loss: 0.7180
 Epoch [13/40], Step[420/483], loss: 0.8453
 Epoch [13/40], Step[430/483], loss: 0.8498
 Epoch [13/40], Step[440/483], loss: 0.8639
 Epoch [13/40], Step[450/483], loss: 0.7426
 Epoch [13/40], Step[460/483], loss: 0.9885
 Epoch [13/40], Step[470/483], loss: 1.0403
 Epoch [13/40], Step[480/483], loss: 0.6005
 ====> Epoch 13: Training loss: 433.3360
 ====> Epoch 13: Validation loss: 57.8951
 Epoch [14/40], Step[0/483], loss: 0.7425
 Epoch [14/40], Step[10/483], loss: 0.8793
 Epoch [14/40], Step[20/483], loss: 0.9618
 Epoch [14/40], Step[30/483], loss: 0.8922
 Epoch [14/40], Step[40/483], loss: 0.9321
 Epoch [14/40], Step[50/483], loss: 1.0127
 Epoch [14/40], Step[60/483], loss: 1.0973
 Epoch [14/40], Step[70/483], loss: 0.9717
 Epoch [14/40], Step[80/483], loss: 1.0589
 Epoch [14/40], Step[90/483], loss: 0.7787
 Epoch [14/40], Step[100/483], loss: 0.7827
 Epoch [14/40], Step[110/483], loss: 0.9296
 Epoch [14/40], Step[120/483], loss: 1.0157
 Epoch [14/40], Step[130/483], loss: 0.8197
 Epoch [14/40], Step[140/483], loss: 0.9739
 Epoch [14/40], Step[150/483], loss: 0.9559
 Epoch [14/40], Step[160/483], loss: 1.0370
 Epoch [14/40], Step[170/483], loss: 0.7201
 Epoch [14/40], Step[180/483], loss: 1.0272
 Epoch [14/40], Step[190/483], loss: 1.0324
 Epoch [14/40], Step[200/483], loss: 0.7407
 Epoch [14/40], Step[210/483], loss: 0.8897
 Epoch [14/40], Step[220/483], loss: 0.7963
 Epoch [14/40], Step[230/483], loss: 0.7126
 Epoch [14/40], Step[240/483], loss: 0.8953
 Epoch [14/40], Step[250/483], loss: 0.9597
 Epoch [14/40], Step[260/483], loss: 0.6135
 Epoch [14/40], Step[270/483], loss: 0.9425
 Epoch [14/40], Step[280/483], loss: 0.8166
 Epoch [14/40], Step[290/483], loss: 0.6521
 Epoch [14/40], Step[300/483], loss: 0.9212
 Epoch [14/40], Step[310/483], loss: 0.9189
 Epoch [14/40], Step[320/483], loss: 0.9795
 Epoch [14/40], Step[330/483], loss: 0.9116
 Epoch [14/40], Step[340/483], loss: 0.9133
 Epoch [14/40], Step[350/483], loss: 0.8984
 Epoch [14/40], Step[360/483], loss: 0.6862
 Epoch [14/40], Step[370/483], loss: 0.6063
 Epoch [14/40], Step[380/483], loss: 0.8192
 Epoch [14/40], Step[390/483], loss: 0.9021
 Epoch [14/40], Step[400/483], loss: 0.8679
 Epoch [14/40], Step[410/483], loss: 0.7339
 Epoch [14/40], Step[420/483], loss: 0.8425
 Epoch [14/40], Step[430/483], loss: 0.8610
 Epoch [14/40], Step[440/483], loss: 0.8570
 Epoch [14/40], Step[450/483], loss: 0.7325
 Epoch [14/40], Step[460/483], loss: 0.9535
 Epoch [14/40], Step[470/483], loss: 1.0547
 Epoch [14/40], Step[480/483], loss: 0.5869
 ====> Epoch 14: Training loss: 431.2792
 ====> Epoch 14: Validation loss: 57.8465
 Epoch [15/40], Step[0/483], loss: 0.7643
 Epoch [15/40], Step[10/483], loss: 0.8730
 Epoch [15/40], Step[20/483], loss: 0.9675
 Epoch [15/40], Step[30/483], loss: 0.9059
 Epoch [15/40], Step[40/483], loss: 0.9317
 Epoch [15/40], Step[50/483], loss: 0.9868
 Epoch [15/40], Step[60/483], loss: 1.0741
 Epoch [15/40], Step[70/483], loss: 0.9738
 Epoch [15/40], Step[80/483], loss: 1.1163
 Epoch [15/40], Step[90/483], loss: 0.7723
 Epoch [15/40], Step[100/483], loss: 0.7750
 Epoch [15/40], Step[110/483], loss: 0.9285
 Epoch [15/40], Step[120/483], loss: 0.9934
 Epoch [15/40], Step[130/483], loss: 0.8228
 Epoch [15/40], Step[140/483], loss: 0.9632
 Epoch [15/40], Step[150/483], loss: 0.9553
 Epoch [15/40], Step[160/483], loss: 1.0576
 Epoch [15/40], Step[170/483], loss: 0.7126
 Epoch [15/40], Step[180/483], loss: 1.0233
 Epoch [15/40], Step[190/483], loss: 1.0182
 Epoch [15/40], Step[200/483], loss: 0.7470
 Epoch [15/40], Step[210/483], loss: 0.8748
 Epoch [15/40], Step[220/483], loss: 0.7905
 Epoch [15/40], Step[230/483], loss: 0.7267
 Epoch [15/40], Step[240/483], loss: 0.8846
 Epoch [15/40], Step[250/483], loss: 0.9612
 Epoch [15/40], Step[260/483], loss: 0.6108
 Epoch [15/40], Step[270/483], loss: 0.9219
 Epoch [15/40], Step[280/483], loss: 0.8003
 Epoch [15/40], Step[290/483], loss: 0.6585
 Epoch [15/40], Step[300/483], loss: 0.9228
 Epoch [15/40], Step[310/483], loss: 0.9150
 Epoch [15/40], Step[320/483], loss: 0.9716
 Epoch [15/40], Step[330/483], loss: 0.9309
 Epoch [15/40], Step[340/483], loss: 0.9008
 Epoch [15/40], Step[350/483], loss: 0.8606
 Epoch [15/40], Step[360/483], loss: 0.6810
 Epoch [15/40], Step[370/483], loss: 0.5925
 Epoch [15/40], Step[380/483], loss: 0.8272
 Epoch [15/40], Step[390/483], loss: 0.9012
 Epoch [15/40], Step[400/483], loss: 0.8519
 Epoch [15/40], Step[410/483], loss: 0.7168
 Epoch [15/40], Step[420/483], loss: 0.8290
 Epoch [15/40], Step[430/483], loss: 0.8624
 Epoch [15/40], Step[440/483], loss: 0.8621
 Epoch [15/40], Step[450/483], loss: 0.7132
 Epoch [15/40], Step[460/483], loss: 0.9577
 Epoch [15/40], Step[470/483], loss: 1.0502
 Epoch [15/40], Step[480/483], loss: 0.6033
 ====> Epoch 15: Training loss: 429.6781
 ====> Epoch 15: Validation loss: 57.7124
 Epoch [16/40], Step[0/483], loss: 0.7409
 Epoch [16/40], Step[10/483], loss: 0.8805
 Epoch [16/40], Step[20/483], loss: 0.9515
 Epoch [16/40], Step[30/483], loss: 0.8927
 Epoch [16/40], Step[40/483], loss: 0.8984
 Epoch [16/40], Step[50/483], loss: 1.0008
 Epoch [16/40], Step[60/483], loss: 1.0508
 Epoch [16/40], Step[70/483], loss: 0.9943
 Epoch [16/40], Step[80/483], loss: 1.1228
 Epoch [16/40], Step[90/483], loss: 0.7685
 Epoch [16/40], Step[100/483], loss: 0.7650
 Epoch [16/40], Step[110/483], loss: 0.9217
 Epoch [16/40], Step[120/483], loss: 1.0165
 Epoch [16/40], Step[130/483], loss: 0.8210
 Epoch [16/40], Step[140/483], loss: 0.9717
 Epoch [16/40], Step[150/483], loss: 0.9656
 Epoch [16/40], Step[160/483], loss: 1.0449
 Epoch [16/40], Step[170/483], loss: 0.7225
 Epoch [16/40], Step[180/483], loss: 1.0262
 Epoch [16/40], Step[190/483], loss: 1.0116
 Epoch [16/40], Step[200/483], loss: 0.7278
 Epoch [16/40], Step[210/483], loss: 0.9003
 Epoch [16/40], Step[220/483], loss: 0.7998
 Epoch [16/40], Step[230/483], loss: 0.7238
 Epoch [16/40], Step[240/483], loss: 0.9006
 Epoch [16/40], Step[250/483], loss: 0.9756
 Epoch [16/40], Step[260/483], loss: 0.6229
 Epoch [16/40], Step[270/483], loss: 0.9205
 Epoch [16/40], Step[280/483], loss: 0.7739
 Epoch [16/40], Step[290/483], loss: 0.6488
 Epoch [16/40], Step[300/483], loss: 0.9408
 Epoch [16/40], Step[310/483], loss: 0.9333
 Epoch [16/40], Step[320/483], loss: 0.9556
 Epoch [16/40], Step[330/483], loss: 0.9146
 Epoch [16/40], Step[340/483], loss: 0.8981
 Epoch [16/40], Step[350/483], loss: 0.8578
 Epoch [16/40], Step[360/483], loss: 0.6885
 Epoch [16/40], Step[370/483], loss: 0.5990
 Epoch [16/40], Step[380/483], loss: 0.8063
 Epoch [16/40], Step[390/483], loss: 0.8864
 Epoch [16/40], Step[400/483], loss: 0.8336
 Epoch [16/40], Step[410/483], loss: 0.7288
 Epoch [16/40], Step[420/483], loss: 0.8437
 Epoch [16/40], Step[430/483], loss: 0.8552
 Epoch [16/40], Step[440/483], loss: 0.8653
 Epoch [16/40], Step[450/483], loss: 0.7107
 Epoch [16/40], Step[460/483], loss: 0.9663
 Epoch [16/40], Step[470/483], loss: 1.0307
 Epoch [16/40], Step[480/483], loss: 0.5943
 ====> Epoch 16: Training loss: 427.8983
 ====> Epoch 16: Validation loss: 57.5906
 Epoch [17/40], Step[0/483], loss: 0.7508
 Epoch [17/40], Step[10/483], loss: 0.8746
 Epoch [17/40], Step[20/483], loss: 0.9481
 Epoch [17/40], Step[30/483], loss: 0.8784
 Epoch [17/40], Step[40/483], loss: 0.9112
 Epoch [17/40], Step[50/483], loss: 0.9888
 Epoch [17/40], Step[60/483], loss: 1.0853
 Epoch [17/40], Step[70/483], loss: 0.9687
 Epoch [17/40], Step[80/483], loss: 1.0996
 Epoch [17/40], Step[90/483], loss: 0.7789
 Epoch [17/40], Step[100/483], loss: 0.7777
 Epoch [17/40], Step[110/483], loss: 0.9021
 Epoch [17/40], Step[120/483], loss: 1.0072
 Epoch [17/40], Step[130/483], loss: 0.8428
 Epoch [17/40], Step[140/483], loss: 0.9828
 Epoch [17/40], Step[150/483], loss: 0.9744
 Epoch [17/40], Step[160/483], loss: 1.0354
 Epoch [17/40], Step[170/483], loss: 0.7169
 Epoch [17/40], Step[180/483], loss: 1.0428
 Epoch [17/40], Step[190/483], loss: 1.0032
 Epoch [17/40], Step[200/483], loss: 0.7237
 Epoch [17/40], Step[210/483], loss: 0.9005
 Epoch [17/40], Step[220/483], loss: 0.7855
 Epoch [17/40], Step[230/483], loss: 0.7240
 Epoch [17/40], Step[240/483], loss: 0.8923
 Epoch [17/40], Step[250/483], loss: 0.9553
 Epoch [17/40], Step[260/483], loss: 0.6021
 Epoch [17/40], Step[270/483], loss: 0.9303
 Epoch [17/40], Step[280/483], loss: 0.8032
 Epoch [17/40], Step[290/483], loss: 0.6576
 Epoch [17/40], Step[300/483], loss: 0.9146
 Epoch [17/40], Step[310/483], loss: 0.9141
 Epoch [17/40], Step[320/483], loss: 0.9449
 Epoch [17/40], Step[330/483], loss: 0.9169
 Epoch [17/40], Step[340/483], loss: 0.9044
 Epoch [17/40], Step[350/483], loss: 0.8524
 Epoch [17/40], Step[360/483], loss: 0.6793
 Epoch [17/40], Step[370/483], loss: 0.5913
 Epoch [17/40], Step[380/483], loss: 0.8018
 Epoch [17/40], Step[390/483], loss: 0.9063
 Epoch [17/40], Step[400/483], loss: 0.8313
 Epoch [17/40], Step[410/483], loss: 0.7189
 Epoch [17/40], Step[420/483], loss: 0.8393
 Epoch [17/40], Step[430/483], loss: 0.8464
 Epoch [17/40], Step[440/483], loss: 0.8656
 Epoch [17/40], Step[450/483], loss: 0.7227
 Epoch [17/40], Step[460/483], loss: 0.9492
 Epoch [17/40], Step[470/483], loss: 1.0662
 Epoch [17/40], Step[480/483], loss: 0.6091
 ====> Epoch 17: Training loss: 426.7609
 ====> Epoch 17: Validation loss: 57.7478
 Epoch [18/40], Step[0/483], loss: 0.7488
 Epoch [18/40], Step[10/483], loss: 0.8744
 Epoch [18/40], Step[20/483], loss: 0.9470
 Epoch [18/40], Step[30/483], loss: 0.8941
 Epoch [18/40], Step[40/483], loss: 0.9084
 Epoch [18/40], Step[50/483], loss: 0.9806
 Epoch [18/40], Step[60/483], loss: 1.0822
 Epoch [18/40], Step[70/483], loss: 0.9730
 Epoch [18/40], Step[80/483], loss: 1.0859
 Epoch [18/40], Step[90/483], loss: 0.7585
 Epoch [18/40], Step[100/483], loss: 0.7682
 Epoch [18/40], Step[110/483], loss: 0.9061
 Epoch [18/40], Step[120/483], loss: 0.9812
 Epoch [18/40], Step[130/483], loss: 0.8233
 Epoch [18/40], Step[140/483], loss: 0.9911
 Epoch [18/40], Step[150/483], loss: 0.9680
 Epoch [18/40], Step[160/483], loss: 1.0545
 Epoch [18/40], Step[170/483], loss: 0.7229
 Epoch [18/40], Step[180/483], loss: 1.0023
 Epoch [18/40], Step[190/483], loss: 1.0056
 Epoch [18/40], Step[200/483], loss: 0.7353
 Epoch [18/40], Step[210/483], loss: 0.9048
 Epoch [18/40], Step[220/483], loss: 0.7859
 Epoch [18/40], Step[230/483], loss: 0.7169
 Epoch [18/40], Step[240/483], loss: 0.8896
 Epoch [18/40], Step[250/483], loss: 0.9714
 Epoch [18/40], Step[260/483], loss: 0.6098
 Epoch [18/40], Step[270/483], loss: 0.9088
 Epoch [18/40], Step[280/483], loss: 0.7666
 Epoch [18/40], Step[290/483], loss: 0.6509
 Epoch [18/40], Step[300/483], loss: 0.9186
 Epoch [18/40], Step[310/483], loss: 0.9288
 Epoch [18/40], Step[320/483], loss: 0.9613
 Epoch [18/40], Step[330/483], loss: 0.9056
 Epoch [18/40], Step[340/483], loss: 0.8947
 Epoch [18/40], Step[350/483], loss: 0.8654
 Epoch [18/40], Step[360/483], loss: 0.6826
 Epoch [18/40], Step[370/483], loss: 0.5960
 Epoch [18/40], Step[380/483], loss: 0.8012
 Epoch [18/40], Step[390/483], loss: 0.8738
 Epoch [18/40], Step[400/483], loss: 0.8321
 Epoch [18/40], Step[410/483], loss: 0.7213
 Epoch [18/40], Step[420/483], loss: 0.8367
 Epoch [18/40], Step[430/483], loss: 0.8501
 Epoch [18/40], Step[440/483], loss: 0.8573
 Epoch [18/40], Step[450/483], loss: 0.7121
 Epoch [18/40], Step[460/483], loss: 0.9499
 Epoch [18/40], Step[470/483], loss: 1.0412
 Epoch [18/40], Step[480/483], loss: 0.5946
 ====> Epoch 18: Training loss: 425.5886
 ====> Epoch 18: Validation loss: 57.7108
 Epoch [19/40], Step[0/483], loss: 0.7431
 Epoch [19/40], Step[10/483], loss: 0.8803
 Epoch [19/40], Step[20/483], loss: 0.9512
 Epoch [19/40], Step[30/483], loss: 0.8757
 Epoch [19/40], Step[40/483], loss: 0.9205
 Epoch [19/40], Step[50/483], loss: 0.9768
 Epoch [19/40], Step[60/483], loss: 1.0471
 Epoch [19/40], Step[70/483], loss: 0.9695
 Epoch [19/40], Step[80/483], loss: 1.1023
 Epoch [19/40], Step[90/483], loss: 0.7554
 Epoch [19/40], Step[100/483], loss: 0.7866
 Epoch [19/40], Step[110/483], loss: 0.8784
 Epoch [19/40], Step[120/483], loss: 0.9653
 Epoch [19/40], Step[130/483], loss: 0.8226
 Epoch [19/40], Step[140/483], loss: 0.9582
 Epoch [19/40], Step[150/483], loss: 0.9481
 Epoch [19/40], Step[160/483], loss: 1.0238
 Epoch [19/40], Step[170/483], loss: 0.7051
 Epoch [19/40], Step[180/483], loss: 1.0133
 Epoch [19/40], Step[190/483], loss: 1.0180
 Epoch [19/40], Step[200/483], loss: 0.7197
 Epoch [19/40], Step[210/483], loss: 0.8874
 Epoch [19/40], Step[220/483], loss: 0.7829
 Epoch [19/40], Step[230/483], loss: 0.7142
 Epoch [19/40], Step[240/483], loss: 0.8785
 Epoch [19/40], Step[250/483], loss: 0.9421
 Epoch [19/40], Step[260/483], loss: 0.6173
 Epoch [19/40], Step[270/483], loss: 0.9079
 Epoch [19/40], Step[280/483], loss: 0.7867
 Epoch [19/40], Step[290/483], loss: 0.6368
 Epoch [19/40], Step[300/483], loss: 0.9125
 Epoch [19/40], Step[310/483], loss: 0.9170
 Epoch [19/40], Step[320/483], loss: 0.9625
 Epoch [19/40], Step[330/483], loss: 0.9083
 Epoch [19/40], Step[340/483], loss: 0.8953
 Epoch [19/40], Step[350/483], loss: 0.8672
 Epoch [19/40], Step[360/483], loss: 0.6667
 Epoch [19/40], Step[370/483], loss: 0.5873
 Epoch [19/40], Step[380/483], loss: 0.8019
 Epoch [19/40], Step[390/483], loss: 0.9049
 Epoch [19/40], Step[400/483], loss: 0.8561
 Epoch [19/40], Step[410/483], loss: 0.7168
 Epoch [19/40], Step[420/483], loss: 0.8379
 Epoch [19/40], Step[430/483], loss: 0.8563
 Epoch [19/40], Step[440/483], loss: 0.8598
 Epoch [19/40], Step[450/483], loss: 0.7162
 Epoch [19/40], Step[460/483], loss: 0.9554
 Epoch [19/40], Step[470/483], loss: 1.0400
 Epoch [19/40], Step[480/483], loss: 0.6050
 ====> Epoch 19: Training loss: 424.1881
 ====> Epoch 19: Validation loss: 57.6386
 Epoch [20/40], Step[0/483], loss: 0.7455
 Epoch [20/40], Step[10/483], loss: 0.8708
 Epoch [20/40], Step[20/483], loss: 0.9380
 Epoch [20/40], Step[30/483], loss: 0.8764
 Epoch [20/40], Step[40/483], loss: 0.9255
 Epoch [20/40], Step[50/483], loss: 0.9663
 Epoch [20/40], Step[60/483], loss: 1.0735
 Epoch [20/40], Step[70/483], loss: 0.9774
 Epoch [20/40], Step[80/483], loss: 1.0843
 Epoch [20/40], Step[90/483], loss: 0.7835
 Epoch [20/40], Step[100/483], loss: 0.7782
 Epoch [20/40], Step[110/483], loss: 0.8932
 Epoch [20/40], Step[120/483], loss: 0.9935
 Epoch [20/40], Step[130/483], loss: 0.8144
 Epoch [20/40], Step[140/483], loss: 0.9708
 Epoch [20/40], Step[150/483], loss: 0.9523
 Epoch [20/40], Step[160/483], loss: 1.0072
 Epoch [20/40], Step[170/483], loss: 0.6997
 Epoch [20/40], Step[180/483], loss: 1.0158
 Epoch [20/40], Step[190/483], loss: 1.0042
 Epoch [20/40], Step[200/483], loss: 0.7235
 Epoch [20/40], Step[210/483], loss: 0.9005
 Epoch [20/40], Step[220/483], loss: 0.7913
 Epoch [20/40], Step[230/483], loss: 0.7230
 Epoch [20/40], Step[240/483], loss: 0.8777
 Epoch [20/40], Step[250/483], loss: 0.9625
 Epoch [20/40], Step[260/483], loss: 0.6068
 Epoch [20/40], Step[270/483], loss: 0.9106
 Epoch [20/40], Step[280/483], loss: 0.8028
 Epoch [20/40], Step[290/483], loss: 0.6494
 Epoch [20/40], Step[300/483], loss: 0.8872
 Epoch [20/40], Step[310/483], loss: 0.9161
 Epoch [20/40], Step[320/483], loss: 0.9538
 Epoch [20/40], Step[330/483], loss: 0.9145
 Epoch [20/40], Step[340/483], loss: 0.8953
 Epoch [20/40], Step[350/483], loss: 0.8714
 Epoch [20/40], Step[360/483], loss: 0.6834
 Epoch [20/40], Step[370/483], loss: 0.5877
 Epoch [20/40], Step[380/483], loss: 0.8113
 Epoch [20/40], Step[390/483], loss: 0.8900
 Epoch [20/40], Step[400/483], loss: 0.8521
 Epoch [20/40], Step[410/483], loss: 0.7045
 Epoch [20/40], Step[420/483], loss: 0.8181
 Epoch [20/40], Step[430/483], loss: 0.8481
 Epoch [20/40], Step[440/483], loss: 0.8524
 Epoch [20/40], Step[450/483], loss: 0.7069
 Epoch [20/40], Step[460/483], loss: 0.9326
 Epoch [20/40], Step[470/483], loss: 1.0362
 Epoch [20/40], Step[480/483], loss: 0.6005
 ====> Epoch 20: Training loss: 423.7528
 ====> Epoch 20: Validation loss: 57.5131
 Epoch [21/40], Step[0/483], loss: 0.7419
 Epoch [21/40], Step[10/483], loss: 0.8791
 Epoch [21/40], Step[20/483], loss: 0.9405
 Epoch [21/40], Step[30/483], loss: 0.8664
 Epoch [21/40], Step[40/483], loss: 0.9116
 Epoch [21/40], Step[50/483], loss: 0.9429
 Epoch [21/40], Step[60/483], loss: 1.0620
 Epoch [21/40], Step[70/483], loss: 0.9800
 Epoch [21/40], Step[80/483], loss: 1.0981
 Epoch [21/40], Step[90/483], loss: 0.7748
 Epoch [21/40], Step[100/483], loss: 0.7733
 Epoch [21/40], Step[110/483], loss: 0.8950
 Epoch [21/40], Step[120/483], loss: 0.9878
 Epoch [21/40], Step[130/483], loss: 0.8245
 Epoch [21/40], Step[140/483], loss: 0.9511
 Epoch [21/40], Step[150/483], loss: 0.9736
 Epoch [21/40], Step[160/483], loss: 1.0068
 Epoch [21/40], Step[170/483], loss: 0.7171
 Epoch [21/40], Step[180/483], loss: 1.0266
 Epoch [21/40], Step[190/483], loss: 0.9862
 Epoch [21/40], Step[200/483], loss: 0.7307
 Epoch [21/40], Step[210/483], loss: 0.8835
 Epoch [21/40], Step[220/483], loss: 0.7842
 Epoch [21/40], Step[230/483], loss: 0.7124
 Epoch [21/40], Step[240/483], loss: 0.8667
 Epoch [21/40], Step[250/483], loss: 0.9615
 Epoch [21/40], Step[260/483], loss: 0.6045
 Epoch [21/40], Step[270/483], loss: 0.8961
 Epoch [21/40], Step[280/483], loss: 0.7783
 Epoch [21/40], Step[290/483], loss: 0.6471
 Epoch [21/40], Step[300/483], loss: 0.9036
 Epoch [21/40], Step[310/483], loss: 0.9124
 Epoch [21/40], Step[320/483], loss: 0.9771
 Epoch [21/40], Step[330/483], loss: 0.9025
 Epoch [21/40], Step[340/483], loss: 0.8994
 Epoch [21/40], Step[350/483], loss: 0.8591
 Epoch [21/40], Step[360/483], loss: 0.6717
 Epoch [21/40], Step[370/483], loss: 0.5917
 Epoch [21/40], Step[380/483], loss: 0.7970
 Epoch [21/40], Step[390/483], loss: 0.8724
 Epoch [21/40], Step[400/483], loss: 0.8404
 Epoch [21/40], Step[410/483], loss: 0.7172
 Epoch [21/40], Step[420/483], loss: 0.8244
 Epoch [21/40], Step[430/483], loss: 0.8373
 Epoch [21/40], Step[440/483], loss: 0.8579
 Epoch [21/40], Step[450/483], loss: 0.7082
 Epoch [21/40], Step[460/483], loss: 0.9346
 Epoch [21/40], Step[470/483], loss: 1.0184
 Epoch [21/40], Step[480/483], loss: 0.6119
 ====> Epoch 21: Training loss: 422.7540
 ====> Epoch 21: Validation loss: 57.6817
 Epoch [22/40], Step[0/483], loss: 0.7384
 Epoch [22/40], Step[10/483], loss: 0.8805
 Epoch [22/40], Step[20/483], loss: 0.9442
 Epoch [22/40], Step[30/483], loss: 0.8672
 Epoch [22/40], Step[40/483], loss: 0.8922
 Epoch [22/40], Step[50/483], loss: 0.9785
 Epoch [22/40], Step[60/483], loss: 1.0621
 Epoch [22/40], Step[70/483], loss: 0.9857
 Epoch [22/40], Step[80/483], loss: 1.0823
 Epoch [22/40], Step[90/483], loss: 0.7720
 Epoch [22/40], Step[100/483], loss: 0.7804
 Epoch [22/40], Step[110/483], loss: 0.8947
 Epoch [22/40], Step[120/483], loss: 0.9773
 Epoch [22/40], Step[130/483], loss: 0.8180
 Epoch [22/40], Step[140/483], loss: 0.9571
 Epoch [22/40], Step[150/483], loss: 0.9534
 Epoch [22/40], Step[160/483], loss: 1.0240
 Epoch [22/40], Step[170/483], loss: 0.6917
 Epoch [22/40], Step[180/483], loss: 1.0099
 Epoch [22/40], Step[190/483], loss: 0.9981
 Epoch [22/40], Step[200/483], loss: 0.7371
 Epoch [22/40], Step[210/483], loss: 0.8841
 Epoch [22/40], Step[220/483], loss: 0.7731
 Epoch [22/40], Step[230/483], loss: 0.7063
 Epoch [22/40], Step[240/483], loss: 0.8760
 Epoch [22/40], Step[250/483], loss: 0.9539
 Epoch [22/40], Step[260/483], loss: 0.6044
 Epoch [22/40], Step[270/483], loss: 0.9263
 Epoch [22/40], Step[280/483], loss: 0.7811
 Epoch [22/40], Step[290/483], loss: 0.6515
 Epoch [22/40], Step[300/483], loss: 0.8937
 Epoch [22/40], Step[310/483], loss: 0.9127
 Epoch [22/40], Step[320/483], loss: 0.9623
 Epoch [22/40], Step[330/483], loss: 0.8768
 Epoch [22/40], Step[340/483], loss: 0.9136
 Epoch [22/40], Step[350/483], loss: 0.8694
 Epoch [22/40], Step[360/483], loss: 0.6800
 Epoch [22/40], Step[370/483], loss: 0.6078
 Epoch [22/40], Step[380/483], loss: 0.7909
 Epoch [22/40], Step[390/483], loss: 0.9064
 Epoch [22/40], Step[400/483], loss: 0.8357
 Epoch [22/40], Step[410/483], loss: 0.7171
 Epoch [22/40], Step[420/483], loss: 0.8402
 Epoch [22/40], Step[430/483], loss: 0.8525
 Epoch [22/40], Step[440/483], loss: 0.8459
 Epoch [22/40], Step[450/483], loss: 0.7006
 Epoch [22/40], Step[460/483], loss: 0.9651
 Epoch [22/40], Step[470/483], loss: 1.0363
 Epoch [22/40], Step[480/483], loss: 0.5870
 ====> Epoch 22: Training loss: 422.3936
 ====> Epoch 22: Validation loss: 57.4795
 Epoch [23/40], Step[0/483], loss: 0.7476
 Epoch [23/40], Step[10/483], loss: 0.8842
 Epoch [23/40], Step[20/483], loss: 0.9283
 Epoch [23/40], Step[30/483], loss: 0.8881
 Epoch [23/40], Step[40/483], loss: 0.9214
 Epoch [23/40], Step[50/483], loss: 0.9688
 Epoch [23/40], Step[60/483], loss: 1.0356
 Epoch [23/40], Step[70/483], loss: 0.9716
 Epoch [23/40], Step[80/483], loss: 1.0952
 Epoch [23/40], Step[90/483], loss: 0.7595
 Epoch [23/40], Step[100/483], loss: 0.7676
 Epoch [23/40], Step[110/483], loss: 0.8899
 Epoch [23/40], Step[120/483], loss: 1.0125
 Epoch [23/40], Step[130/483], loss: 0.8247
 Epoch [23/40], Step[140/483], loss: 0.9545
 Epoch [23/40], Step[150/483], loss: 0.9534
 Epoch [23/40], Step[160/483], loss: 1.0259
 Epoch [23/40], Step[170/483], loss: 0.6985
 Epoch [23/40], Step[180/483], loss: 0.9995
 Epoch [23/40], Step[190/483], loss: 1.0015
 Epoch [23/40], Step[200/483], loss: 0.7139
 Epoch [23/40], Step[210/483], loss: 0.8992
 Epoch [23/40], Step[220/483], loss: 0.7719
 Epoch [23/40], Step[230/483], loss: 0.6952
 Epoch [23/40], Step[240/483], loss: 0.8591
 Epoch [23/40], Step[250/483], loss: 0.9413
 Epoch [23/40], Step[260/483], loss: 0.6015
 Epoch [23/40], Step[270/483], loss: 0.9177
 Epoch [23/40], Step[280/483], loss: 0.7587
 Epoch [23/40], Step[290/483], loss: 0.6453
 Epoch [23/40], Step[300/483], loss: 0.8941
 Epoch [23/40], Step[310/483], loss: 0.8936
 Epoch [23/40], Step[320/483], loss: 0.9590
 Epoch [23/40], Step[330/483], loss: 0.8748
 Epoch [23/40], Step[340/483], loss: 0.8966
 Epoch [23/40], Step[350/483], loss: 0.8757
 Epoch [23/40], Step[360/483], loss: 0.6749
 Epoch [23/40], Step[370/483], loss: 0.5852
 Epoch [23/40], Step[380/483], loss: 0.7900
 Epoch [23/40], Step[390/483], loss: 0.8780
 Epoch [23/40], Step[400/483], loss: 0.8327
 Epoch [23/40], Step[410/483], loss: 0.7132
 Epoch [23/40], Step[420/483], loss: 0.7972
 Epoch [23/40], Step[430/483], loss: 0.8471
 Epoch [23/40], Step[440/483], loss: 0.8382
 Epoch [23/40], Step[450/483], loss: 0.7085
 Epoch [23/40], Step[460/483], loss: 0.9913
 Epoch [23/40], Step[470/483], loss: 1.0360
 Epoch [23/40], Step[480/483], loss: 0.5965
 ====> Epoch 23: Training loss: 420.8766
 ====> Epoch 23: Validation loss: 57.6236
 Epoch [24/40], Step[0/483], loss: 0.7235
 Epoch [24/40], Step[10/483], loss: 0.8788
 Epoch [24/40], Step[20/483], loss: 0.9423
 Epoch [24/40], Step[30/483], loss: 0.8737
 Epoch [24/40], Step[40/483], loss: 0.9073
 Epoch [24/40], Step[50/483], loss: 0.9502
 Epoch [24/40], Step[60/483], loss: 1.0593
 Epoch [24/40], Step[70/483], loss: 0.9497
 Epoch [24/40], Step[80/483], loss: 1.0864
 Epoch [24/40], Step[90/483], loss: 0.7790
 Epoch [24/40], Step[100/483], loss: 0.7570
 Epoch [24/40], Step[110/483], loss: 0.8921
 Epoch [24/40], Step[120/483], loss: 0.9638
 Epoch [24/40], Step[130/483], loss: 0.8064
 Epoch [24/40], Step[140/483], loss: 0.9462
 Epoch [24/40], Step[150/483], loss: 0.9639
 Epoch [24/40], Step[160/483], loss: 1.0096
 Epoch [24/40], Step[170/483], loss: 0.7143
 Epoch [24/40], Step[180/483], loss: 1.0172
 Epoch [24/40], Step[190/483], loss: 1.0077
 Epoch [24/40], Step[200/483], loss: 0.7226
 Epoch [24/40], Step[210/483], loss: 0.8852
 Epoch [24/40], Step[220/483], loss: 0.7785
 Epoch [24/40], Step[230/483], loss: 0.7182
 Epoch [24/40], Step[240/483], loss: 0.8735
 Epoch [24/40], Step[250/483], loss: 0.9495
 Epoch [24/40], Step[260/483], loss: 0.6050
 Epoch [24/40], Step[270/483], loss: 0.8940
 Epoch [24/40], Step[280/483], loss: 0.7799
 Epoch [24/40], Step[290/483], loss: 0.6366
 Epoch [24/40], Step[300/483], loss: 0.8942
 Epoch [24/40], Step[310/483], loss: 0.8900
 Epoch [24/40], Step[320/483], loss: 0.9702
 Epoch [24/40], Step[330/483], loss: 0.9040
 Epoch [24/40], Step[340/483], loss: 0.8648
 Epoch [24/40], Step[350/483], loss: 0.8605
 Epoch [24/40], Step[360/483], loss: 0.6796
 Epoch [24/40], Step[370/483], loss: 0.5957
 Epoch [24/40], Step[380/483], loss: 0.7932
 Epoch [24/40], Step[390/483], loss: 0.8962
 Epoch [24/40], Step[400/483], loss: 0.8511
 Epoch [24/40], Step[410/483], loss: 0.7061
 Epoch [24/40], Step[420/483], loss: 0.8146
 Epoch [24/40], Step[430/483], loss: 0.8600
 Epoch [24/40], Step[440/483], loss: 0.8346
 Epoch [24/40], Step[450/483], loss: 0.7187
 Epoch [24/40], Step[460/483], loss: 0.9618
 Epoch [24/40], Step[470/483], loss: 1.0182
 Epoch [24/40], Step[480/483], loss: 0.6043
 ====> Epoch 24: Training loss: 420.3240
 ====> Epoch 24: Validation loss: 57.5608
 Epoch [25/40], Step[0/483], loss: 0.7310
 Epoch [25/40], Step[10/483], loss: 0.8766
 Epoch [25/40], Step[20/483], loss: 0.9555
 Epoch [25/40], Step[30/483], loss: 0.8768
 Epoch [25/40], Step[40/483], loss: 0.8989
 Epoch [25/40], Step[50/483], loss: 0.9716
 Epoch [25/40], Step[60/483], loss: 1.0446
 Epoch [25/40], Step[70/483], loss: 0.9510
 Epoch [25/40], Step[80/483], loss: 1.0860
 Epoch [25/40], Step[90/483], loss: 0.7636
 Epoch [25/40], Step[100/483], loss: 0.7777
 Epoch [25/40], Step[110/483], loss: 0.8915
 Epoch [25/40], Step[120/483], loss: 0.9756
 Epoch [25/40], Step[130/483], loss: 0.8142
 Epoch [25/40], Step[140/483], loss: 0.9498
 Epoch [25/40], Step[150/483], loss: 0.9500
 Epoch [25/40], Step[160/483], loss: 1.0058
 Epoch [25/40], Step[170/483], loss: 0.7201
 Epoch [25/40], Step[180/483], loss: 1.0048
 Epoch [25/40], Step[190/483], loss: 0.9898
 Epoch [25/40], Step[200/483], loss: 0.7340
 Epoch [25/40], Step[210/483], loss: 0.8885
 Epoch [25/40], Step[220/483], loss: 0.7749
 Epoch [25/40], Step[230/483], loss: 0.7393
 Epoch [25/40], Step[240/483], loss: 0.8698
 Epoch [25/40], Step[250/483], loss: 0.9474
 Epoch [25/40], Step[260/483], loss: 0.6047
 Epoch [25/40], Step[270/483], loss: 0.9000
 Epoch [25/40], Step[280/483], loss: 0.7545
 Epoch [25/40], Step[290/483], loss: 0.6497
 Epoch [25/40], Step[300/483], loss: 0.8960
 Epoch [25/40], Step[310/483], loss: 0.8900
 Epoch [25/40], Step[320/483], loss: 0.9560
 Epoch [25/40], Step[330/483], loss: 0.8966
 Epoch [25/40], Step[340/483], loss: 0.8951
 Epoch [25/40], Step[350/483], loss: 0.8446
 Epoch [25/40], Step[360/483], loss: 0.6703
 Epoch [25/40], Step[370/483], loss: 0.5854
 Epoch [25/40], Step[380/483], loss: 0.7937
 Epoch [25/40], Step[390/483], loss: 0.8746
 Epoch [25/40], Step[400/483], loss: 0.8227
 Epoch [25/40], Step[410/483], loss: 0.7207
 Epoch [25/40], Step[420/483], loss: 0.8273
 Epoch [25/40], Step[430/483], loss: 0.8439
 Epoch [25/40], Step[440/483], loss: 0.8482
 Epoch [25/40], Step[450/483], loss: 0.7252
 Epoch [25/40], Step[460/483], loss: 0.9518
 Epoch [25/40], Step[470/483], loss: 1.0420
 Epoch [25/40], Step[480/483], loss: 0.5942
 ====> Epoch 25: Training loss: 419.4389
 ====> Epoch 25: Validation loss: 57.4550
 Epoch [26/40], Step[0/483], loss: 0.7223
 Epoch [26/40], Step[10/483], loss: 0.8680
 Epoch [26/40], Step[20/483], loss: 0.9501
 Epoch [26/40], Step[30/483], loss: 0.8582
 Epoch [26/40], Step[40/483], loss: 0.9040
 Epoch [26/40], Step[50/483], loss: 0.9351
 Epoch [26/40], Step[60/483], loss: 1.0636
 Epoch [26/40], Step[70/483], loss: 0.9529
 Epoch [26/40], Step[80/483], loss: 1.0594
 Epoch [26/40], Step[90/483], loss: 0.7667
 Epoch [26/40], Step[100/483], loss: 0.7576
 Epoch [26/40], Step[110/483], loss: 0.9011
 Epoch [26/40], Step[120/483], loss: 0.9762
 Epoch [26/40], Step[130/483], loss: 0.8091
 Epoch [26/40], Step[140/483], loss: 0.9304
 Epoch [26/40], Step[150/483], loss: 0.9651
 Epoch [26/40], Step[160/483], loss: 0.9955
 Epoch [26/40], Step[170/483], loss: 0.6901
 Epoch [26/40], Step[180/483], loss: 0.9958
 Epoch [26/40], Step[190/483], loss: 1.0020
 Epoch [26/40], Step[200/483], loss: 0.7230
 Epoch [26/40], Step[210/483], loss: 0.8781
 Epoch [26/40], Step[220/483], loss: 0.7715
 Epoch [26/40], Step[230/483], loss: 0.6991
 Epoch [26/40], Step[240/483], loss: 0.8827
 Epoch [26/40], Step[250/483], loss: 0.9610
 Epoch [26/40], Step[260/483], loss: 0.6076
 Epoch [26/40], Step[270/483], loss: 0.8924
 Epoch [26/40], Step[280/483], loss: 0.7629
 Epoch [26/40], Step[290/483], loss: 0.6510
 Epoch [26/40], Step[300/483], loss: 0.8796
 Epoch [26/40], Step[310/483], loss: 0.8900
 Epoch [26/40], Step[320/483], loss: 0.9591
 Epoch [26/40], Step[330/483], loss: 0.8994
 Epoch [26/40], Step[340/483], loss: 0.8971
 Epoch [26/40], Step[350/483], loss: 0.8587
 Epoch [26/40], Step[360/483], loss: 0.6717
 Epoch [26/40], Step[370/483], loss: 0.5942
 Epoch [26/40], Step[380/483], loss: 0.7860
 Epoch [26/40], Step[390/483], loss: 0.8787
 Epoch [26/40], Step[400/483], loss: 0.8387
 Epoch [26/40], Step[410/483], loss: 0.6982
 Epoch [26/40], Step[420/483], loss: 0.8248
 Epoch [26/40], Step[430/483], loss: 0.8580
 Epoch [26/40], Step[440/483], loss: 0.8431
 Epoch [26/40], Step[450/483], loss: 0.7175
 Epoch [26/40], Step[460/483], loss: 0.9579
 Epoch [26/40], Step[470/483], loss: 1.0170
 Epoch [26/40], Step[480/483], loss: 0.5940
 ====> Epoch 26: Training loss: 419.1464
 ====> Epoch 26: Validation loss: 57.3568
 Epoch [27/40], Step[0/483], loss: 0.7342
 Epoch [27/40], Step[10/483], loss: 0.8684
 Epoch [27/40], Step[20/483], loss: 0.9482
 Epoch [27/40], Step[30/483], loss: 0.8828
 Epoch [27/40], Step[40/483], loss: 0.9074
 Epoch [27/40], Step[50/483], loss: 0.9436
 Epoch [27/40], Step[60/483], loss: 1.0685
 Epoch [27/40], Step[70/483], loss: 0.9544
 Epoch [27/40], Step[80/483], loss: 1.0731
 Epoch [27/40], Step[90/483], loss: 0.7492
 Epoch [27/40], Step[100/483], loss: 0.7576
 Epoch [27/40], Step[110/483], loss: 0.8809
 Epoch [27/40], Step[120/483], loss: 0.9660
 Epoch [27/40], Step[130/483], loss: 0.8003
 Epoch [27/40], Step[140/483], loss: 0.9659
 Epoch [27/40], Step[150/483], loss: 0.9525
 Epoch [27/40], Step[160/483], loss: 0.9929
 Epoch [27/40], Step[170/483], loss: 0.7023
 Epoch [27/40], Step[180/483], loss: 0.9858
 Epoch [27/40], Step[190/483], loss: 1.0052
 Epoch [27/40], Step[200/483], loss: 0.7099
 Epoch [27/40], Step[210/483], loss: 0.8687
 Epoch [27/40], Step[220/483], loss: 0.7742
 Epoch [27/40], Step[230/483], loss: 0.7085
 Epoch [27/40], Step[240/483], loss: 0.8693
 Epoch [27/40], Step[250/483], loss: 0.9316
 Epoch [27/40], Step[260/483], loss: 0.6056
 Epoch [27/40], Step[270/483], loss: 0.9028
 Epoch [27/40], Step[280/483], loss: 0.7526
 Epoch [27/40], Step[290/483], loss: 0.6463
 Epoch [27/40], Step[300/483], loss: 0.9038
 Epoch [27/40], Step[310/483], loss: 0.8890
 Epoch [27/40], Step[320/483], loss: 0.9743
 Epoch [27/40], Step[330/483], loss: 0.8901
 Epoch [27/40], Step[340/483], loss: 0.8846
 Epoch [27/40], Step[350/483], loss: 0.8683
 Epoch [27/40], Step[360/483], loss: 0.6674
 Epoch [27/40], Step[370/483], loss: 0.5905
 Epoch [27/40], Step[380/483], loss: 0.7845
 Epoch [27/40], Step[390/483], loss: 0.8816
 Epoch [27/40], Step[400/483], loss: 0.8386
 Epoch [27/40], Step[410/483], loss: 0.6865
 Epoch [27/40], Step[420/483], loss: 0.7999
 Epoch [27/40], Step[430/483], loss: 0.8393
 Epoch [27/40], Step[440/483], loss: 0.8314
 Epoch [27/40], Step[450/483], loss: 0.7049
 Epoch [27/40], Step[460/483], loss: 0.9674
 Epoch [27/40], Step[470/483], loss: 1.0256
 Epoch [27/40], Step[480/483], loss: 0.5808
 ====> Epoch 27: Training loss: 418.8336
 ====> Epoch 27: Validation loss: 57.5982
 Epoch [28/40], Step[0/483], loss: 0.7380
 Epoch [28/40], Step[10/483], loss: 0.8803
 Epoch [28/40], Step[20/483], loss: 0.9146
 Epoch [28/40], Step[30/483], loss: 0.8624
 Epoch [28/40], Step[40/483], loss: 0.8900
 Epoch [28/40], Step[50/483], loss: 0.9421
 Epoch [28/40], Step[60/483], loss: 1.0588
 Epoch [28/40], Step[70/483], loss: 0.9328
 Epoch [28/40], Step[80/483], loss: 1.0632
 Epoch [28/40], Step[90/483], loss: 0.7606
 Epoch [28/40], Step[100/483], loss: 0.7663
 Epoch [28/40], Step[110/483], loss: 0.8956
 Epoch [28/40], Step[120/483], loss: 0.9867
 Epoch [28/40], Step[130/483], loss: 0.8164
 Epoch [28/40], Step[140/483], loss: 0.9442
 Epoch [28/40], Step[150/483], loss: 0.9504
 Epoch [28/40], Step[160/483], loss: 1.0137
 Epoch [28/40], Step[170/483], loss: 0.6950
 Epoch [28/40], Step[180/483], loss: 0.9681
 Epoch [28/40], Step[190/483], loss: 0.9872
 Epoch [28/40], Step[200/483], loss: 0.7275
 Epoch [28/40], Step[210/483], loss: 0.8870
 Epoch [28/40], Step[220/483], loss: 0.7787
 Epoch [28/40], Step[230/483], loss: 0.7014
 Epoch [28/40], Step[240/483], loss: 0.8851
 Epoch [28/40], Step[250/483], loss: 0.9610
 Epoch [28/40], Step[260/483], loss: 0.5940
 Epoch [28/40], Step[270/483], loss: 0.8931
 Epoch [28/40], Step[280/483], loss: 0.7582
 Epoch [28/40], Step[290/483], loss: 0.6374
 Epoch [28/40], Step[300/483], loss: 0.9032
 Epoch [28/40], Step[310/483], loss: 0.8960
 Epoch [28/40], Step[320/483], loss: 0.9592
 Epoch [28/40], Step[330/483], loss: 0.8972
 Epoch [28/40], Step[340/483], loss: 0.8848
 Epoch [28/40], Step[350/483], loss: 0.8410
 Epoch [28/40], Step[360/483], loss: 0.6580
 Epoch [28/40], Step[370/483], loss: 0.5738
 Epoch [28/40], Step[380/483], loss: 0.8065
 Epoch [28/40], Step[390/483], loss: 0.8762
 Epoch [28/40], Step[400/483], loss: 0.8508
 Epoch [28/40], Step[410/483], loss: 0.7092
 Epoch [28/40], Step[420/483], loss: 0.7964
 Epoch [28/40], Step[430/483], loss: 0.8404
 Epoch [28/40], Step[440/483], loss: 0.8472
 Epoch [28/40], Step[450/483], loss: 0.6934
 Epoch [28/40], Step[460/483], loss: 0.9694
 Epoch [28/40], Step[470/483], loss: 1.0188
 Epoch [28/40], Step[480/483], loss: 0.5946
 ====> Epoch 28: Training loss: 418.2083
 ====> Epoch 28: Validation loss: 57.4323
 Epoch [29/40], Step[0/483], loss: 0.7250
 Epoch [29/40], Step[10/483], loss: 0.8636
 Epoch [29/40], Step[20/483], loss: 0.9158
 Epoch [29/40], Step[30/483], loss: 0.8702
 Epoch [29/40], Step[40/483], loss: 0.9049
 Epoch [29/40], Step[50/483], loss: 0.9428
 Epoch [29/40], Step[60/483], loss: 1.0673
 Epoch [29/40], Step[70/483], loss: 0.9486
 Epoch [29/40], Step[80/483], loss: 1.0519
 Epoch [29/40], Step[90/483], loss: 0.7667
 Epoch [29/40], Step[100/483], loss: 0.7583
 Epoch [29/40], Step[110/483], loss: 0.9021
 Epoch [29/40], Step[120/483], loss: 0.9627
 Epoch [29/40], Step[130/483], loss: 0.8155
 Epoch [29/40], Step[140/483], loss: 0.9452
 Epoch [29/40], Step[150/483], loss: 0.9552
 Epoch [29/40], Step[160/483], loss: 0.9955
 Epoch [29/40], Step[170/483], loss: 0.6830
 Epoch [29/40], Step[180/483], loss: 1.0072
 Epoch [29/40], Step[190/483], loss: 0.9922
 Epoch [29/40], Step[200/483], loss: 0.7236
 Epoch [29/40], Step[210/483], loss: 0.8828
 Epoch [29/40], Step[220/483], loss: 0.7525
 Epoch [29/40], Step[230/483], loss: 0.6943
 Epoch [29/40], Step[240/483], loss: 0.8721
 Epoch [29/40], Step[250/483], loss: 0.9598
 Epoch [29/40], Step[260/483], loss: 0.5990
 Epoch [29/40], Step[270/483], loss: 0.8817
 Epoch [29/40], Step[280/483], loss: 0.7371
 Epoch [29/40], Step[290/483], loss: 0.6527
 Epoch [29/40], Step[300/483], loss: 0.8884
 Epoch [29/40], Step[310/483], loss: 0.8895
 Epoch [29/40], Step[320/483], loss: 0.9476
 Epoch [29/40], Step[330/483], loss: 0.8978
 Epoch [29/40], Step[340/483], loss: 0.8859
 Epoch [29/40], Step[350/483], loss: 0.8380
 Epoch [29/40], Step[360/483], loss: 0.6468
 Epoch [29/40], Step[370/483], loss: 0.5860
 Epoch [29/40], Step[380/483], loss: 0.7783
 Epoch [29/40], Step[390/483], loss: 0.8639
 Epoch [29/40], Step[400/483], loss: 0.8336
 Epoch [29/40], Step[410/483], loss: 0.7004
 Epoch [29/40], Step[420/483], loss: 0.8253
 Epoch [29/40], Step[430/483], loss: 0.8343
 Epoch [29/40], Step[440/483], loss: 0.8429
 Epoch [29/40], Step[450/483], loss: 0.7021
 Epoch [29/40], Step[460/483], loss: 0.9516
 Epoch [29/40], Step[470/483], loss: 1.0312
 Epoch [29/40], Step[480/483], loss: 0.5918
 ====> Epoch 29: Training loss: 417.4385
 ====> Epoch 29: Validation loss: 57.4350
 Epoch [30/40], Step[0/483], loss: 0.7157
 Epoch [30/40], Step[10/483], loss: 0.8857
 Epoch [30/40], Step[20/483], loss: 0.9393
 Epoch [30/40], Step[30/483], loss: 0.8571
 Epoch [30/40], Step[40/483], loss: 0.9052
 Epoch [30/40], Step[50/483], loss: 0.9388
 Epoch [30/40], Step[60/483], loss: 1.0470
 Epoch [30/40], Step[70/483], loss: 0.9534
 Epoch [30/40], Step[80/483], loss: 1.0669
 Epoch [30/40], Step[90/483], loss: 0.7505
 Epoch [30/40], Step[100/483], loss: 0.7676
 Epoch [30/40], Step[110/483], loss: 0.8959
 Epoch [30/40], Step[120/483], loss: 0.9500
 Epoch [30/40], Step[130/483], loss: 0.8215
 Epoch [30/40], Step[140/483], loss: 0.9594
 Epoch [30/40], Step[150/483], loss: 0.9372
 Epoch [30/40], Step[160/483], loss: 1.0203
 Epoch [30/40], Step[170/483], loss: 0.6910
 Epoch [30/40], Step[180/483], loss: 0.9616
 Epoch [30/40], Step[190/483], loss: 0.9977
 Epoch [30/40], Step[200/483], loss: 0.7207
 Epoch [30/40], Step[210/483], loss: 0.8617
 Epoch [30/40], Step[220/483], loss: 0.7780
 Epoch [30/40], Step[230/483], loss: 0.7053
 Epoch [30/40], Step[240/483], loss: 0.8746
 Epoch [30/40], Step[250/483], loss: 0.9288
 Epoch [30/40], Step[260/483], loss: 0.5944
 Epoch [30/40], Step[270/483], loss: 0.9049
 Epoch [30/40], Step[280/483], loss: 0.7551
 Epoch [30/40], Step[290/483], loss: 0.6537
 Epoch [30/40], Step[300/483], loss: 0.8747
 Epoch [30/40], Step[310/483], loss: 0.8888
 Epoch [30/40], Step[320/483], loss: 0.9203
 Epoch [30/40], Step[330/483], loss: 0.9068
 Epoch [30/40], Step[340/483], loss: 0.8837
 Epoch [30/40], Step[350/483], loss: 0.8397
 Epoch [30/40], Step[360/483], loss: 0.6543
 Epoch [30/40], Step[370/483], loss: 0.5946
 Epoch [30/40], Step[380/483], loss: 0.7914
 Epoch [30/40], Step[390/483], loss: 0.8697
 Epoch [30/40], Step[400/483], loss: 0.8276
 Epoch [30/40], Step[410/483], loss: 0.6992
 Epoch [30/40], Step[420/483], loss: 0.8151
 Epoch [30/40], Step[430/483], loss: 0.8306
 Epoch [30/40], Step[440/483], loss: 0.8408
 Epoch [30/40], Step[450/483], loss: 0.7086
 Epoch [30/40], Step[460/483], loss: 0.9420
 Epoch [30/40], Step[470/483], loss: 1.0394
 Epoch [30/40], Step[480/483], loss: 0.5854
 ====> Epoch 30: Training loss: 417.0594
 ====> Epoch 30: Validation loss: 57.5571
 Epoch [31/40], Step[0/483], loss: 0.7193
 Epoch [31/40], Step[10/483], loss: 0.8667
 Epoch [31/40], Step[20/483], loss: 0.9249
 Epoch [31/40], Step[30/483], loss: 0.8809
 Epoch [31/40], Step[40/483], loss: 0.8793
 Epoch [31/40], Step[50/483], loss: 0.9366
 Epoch [31/40], Step[60/483], loss: 1.0396
 Epoch [31/40], Step[70/483], loss: 0.9633
 Epoch [31/40], Step[80/483], loss: 1.0740
 Epoch [31/40], Step[90/483], loss: 0.7713
 Epoch [31/40], Step[100/483], loss: 0.7490
 Epoch [31/40], Step[110/483], loss: 0.8822
 Epoch [31/40], Step[120/483], loss: 0.9799
 Epoch [31/40], Step[130/483], loss: 0.8135
 Epoch [31/40], Step[140/483], loss: 0.9320
 Epoch [31/40], Step[150/483], loss: 0.9594
 Epoch [31/40], Step[160/483], loss: 0.9993
 Epoch [31/40], Step[170/483], loss: 0.6881
 Epoch [31/40], Step[180/483], loss: 0.9926
 Epoch [31/40], Step[190/483], loss: 0.9993
 Epoch [31/40], Step[200/483], loss: 0.7222
 Epoch [31/40], Step[210/483], loss: 0.8762
 Epoch [31/40], Step[220/483], loss: 0.7533
 Epoch [31/40], Step[230/483], loss: 0.7090
 Epoch [31/40], Step[240/483], loss: 0.8949
 Epoch [31/40], Step[250/483], loss: 0.9444
 Epoch [31/40], Step[260/483], loss: 0.5979
 Epoch [31/40], Step[270/483], loss: 0.8980
 Epoch [31/40], Step[280/483], loss: 0.7635
 Epoch [31/40], Step[290/483], loss: 0.6446
 Epoch [31/40], Step[300/483], loss: 0.8946
 Epoch [31/40], Step[310/483], loss: 0.8879
 Epoch [31/40], Step[320/483], loss: 0.9269
 Epoch [31/40], Step[330/483], loss: 0.8746
 Epoch [31/40], Step[340/483], loss: 0.9070
 Epoch [31/40], Step[350/483], loss: 0.8388
 Epoch [31/40], Step[360/483], loss: 0.6620
 Epoch [31/40], Step[370/483], loss: 0.5889
 Epoch [31/40], Step[380/483], loss: 0.7855
 Epoch [31/40], Step[390/483], loss: 0.8710
 Epoch [31/40], Step[400/483], loss: 0.8186
 Epoch [31/40], Step[410/483], loss: 0.6854
 Epoch [31/40], Step[420/483], loss: 0.7992
 Epoch [31/40], Step[430/483], loss: 0.8269
 Epoch [31/40], Step[440/483], loss: 0.8398
 Epoch [31/40], Step[450/483], loss: 0.6973
 Epoch [31/40], Step[460/483], loss: 0.9424
 Epoch [31/40], Step[470/483], loss: 1.0269
 Epoch [31/40], Step[480/483], loss: 0.5931
 ====> Epoch 31: Training loss: 416.6242
 ====> Epoch 31: Validation loss: 57.5409
 Epoch [32/40], Step[0/483], loss: 0.7225
 Epoch [32/40], Step[10/483], loss: 0.8907
 Epoch [32/40], Step[20/483], loss: 0.9221
 Epoch [32/40], Step[30/483], loss: 0.8716
 Epoch [32/40], Step[40/483], loss: 0.8963
 Epoch [32/40], Step[50/483], loss: 0.9492
 Epoch [32/40], Step[60/483], loss: 1.0721
 Epoch [32/40], Step[70/483], loss: 0.9660
 Epoch [32/40], Step[80/483], loss: 1.0511
 Epoch [32/40], Step[90/483], loss: 0.7690
 Epoch [32/40], Step[100/483], loss: 0.7455
 Epoch [32/40], Step[110/483], loss: 0.8778
 Epoch [32/40], Step[120/483], loss: 0.9633
 Epoch [32/40], Step[130/483], loss: 0.8081
 Epoch [32/40], Step[140/483], loss: 0.9519
 Epoch [32/40], Step[150/483], loss: 0.9552
 Epoch [32/40], Step[160/483], loss: 1.0337
 Epoch [32/40], Step[170/483], loss: 0.6926
 Epoch [32/40], Step[180/483], loss: 0.9846
 Epoch [32/40], Step[190/483], loss: 0.9770
 Epoch [32/40], Step[200/483], loss: 0.7295
 Epoch [32/40], Step[210/483], loss: 0.8678
 Epoch [32/40], Step[220/483], loss: 0.7693
 Epoch [32/40], Step[230/483], loss: 0.7202
 Epoch [32/40], Step[240/483], loss: 0.8801
 Epoch [32/40], Step[250/483], loss: 0.9670
 Epoch [32/40], Step[260/483], loss: 0.6046
 Epoch [32/40], Step[270/483], loss: 0.8819
 Epoch [32/40], Step[280/483], loss: 0.7524
 Epoch [32/40], Step[290/483], loss: 0.6384
 Epoch [32/40], Step[300/483], loss: 0.9147
 Epoch [32/40], Step[310/483], loss: 0.8916
 Epoch [32/40], Step[320/483], loss: 0.9484
 Epoch [32/40], Step[330/483], loss: 0.8953
 Epoch [32/40], Step[340/483], loss: 0.9021
 Epoch [32/40], Step[350/483], loss: 0.8377
 Epoch [32/40], Step[360/483], loss: 0.6574
 Epoch [32/40], Step[370/483], loss: 0.5704
 Epoch [32/40], Step[380/483], loss: 0.7959
 Epoch [32/40], Step[390/483], loss: 0.8471
 Epoch [32/40], Step[400/483], loss: 0.8267
 Epoch [32/40], Step[410/483], loss: 0.6908
 Epoch [32/40], Step[420/483], loss: 0.8147
 Epoch [32/40], Step[430/483], loss: 0.8263
 Epoch [32/40], Step[440/483], loss: 0.8401
 Epoch [32/40], Step[450/483], loss: 0.7089
 Epoch [32/40], Step[460/483], loss: 0.9344
 Epoch [32/40], Step[470/483], loss: 1.0193
 Epoch [32/40], Step[480/483], loss: 0.5909
 ====> Epoch 32: Training loss: 416.5256
 ====> Epoch 32: Validation loss: 57.4886
 Epoch [33/40], Step[0/483], loss: 0.7301
 Epoch [33/40], Step[10/483], loss: 0.8697
 Epoch [33/40], Step[20/483], loss: 0.9326
 Epoch [33/40], Step[30/483], loss: 0.8658
 Epoch [33/40], Step[40/483], loss: 0.8986
 Epoch [33/40], Step[50/483], loss: 0.9409
 Epoch [33/40], Step[60/483], loss: 1.0624
 Epoch [33/40], Step[70/483], loss: 0.9509
 Epoch [33/40], Step[80/483], loss: 1.0681
 Epoch [33/40], Step[90/483], loss: 0.7813
 Epoch [33/40], Step[100/483], loss: 0.7603
 Epoch [33/40], Step[110/483], loss: 0.8847
 Epoch [33/40], Step[120/483], loss: 0.9630
 Epoch [33/40], Step[130/483], loss: 0.7943
 Epoch [33/40], Step[140/483], loss: 0.9342
 Epoch [33/40], Step[150/483], loss: 0.9410
 Epoch [33/40], Step[160/483], loss: 0.9783
 Epoch [33/40], Step[170/483], loss: 0.6824
 Epoch [33/40], Step[180/483], loss: 0.9749
 Epoch [33/40], Step[190/483], loss: 0.9692
 Epoch [33/40], Step[200/483], loss: 0.7325
 Epoch [33/40], Step[210/483], loss: 0.8819
 Epoch [33/40], Step[220/483], loss: 0.7688
 Epoch [33/40], Step[230/483], loss: 0.7161
 Epoch [33/40], Step[240/483], loss: 0.8701
 Epoch [33/40], Step[250/483], loss: 0.9499
 Epoch [33/40], Step[260/483], loss: 0.5972
 Epoch [33/40], Step[270/483], loss: 0.9087
 Epoch [33/40], Step[280/483], loss: 0.7530
 Epoch [33/40], Step[290/483], loss: 0.6494
 Epoch [33/40], Step[300/483], loss: 0.8975
 Epoch [33/40], Step[310/483], loss: 0.8670
 Epoch [33/40], Step[320/483], loss: 0.9469
 Epoch [33/40], Step[330/483], loss: 0.8975
 Epoch [33/40], Step[340/483], loss: 0.8785
 Epoch [33/40], Step[350/483], loss: 0.8528
 Epoch [33/40], Step[360/483], loss: 0.6700
 Epoch [33/40], Step[370/483], loss: 0.5848
 Epoch [33/40], Step[380/483], loss: 0.7853
 Epoch [33/40], Step[390/483], loss: 0.8618
 Epoch [33/40], Step[400/483], loss: 0.8298
 Epoch [33/40], Step[410/483], loss: 0.6990
 Epoch [33/40], Step[420/483], loss: 0.8182
 Epoch [33/40], Step[430/483], loss: 0.8316
 Epoch [33/40], Step[440/483], loss: 0.8193
 Epoch [33/40], Step[450/483], loss: 0.7059
 Epoch [33/40], Step[460/483], loss: 0.9242
 Epoch [33/40], Step[470/483], loss: 1.0211
 Epoch [33/40], Step[480/483], loss: 0.5878
 ====> Epoch 33: Training loss: 415.6326
 ====> Epoch 33: Validation loss: 57.6338
 Epoch [34/40], Step[0/483], loss: 0.7255
 Epoch [34/40], Step[10/483], loss: 0.8672
 Epoch [34/40], Step[20/483], loss: 0.9108
 Epoch [34/40], Step[30/483], loss: 0.8875
 Epoch [34/40], Step[40/483], loss: 0.9218
 Epoch [34/40], Step[50/483], loss: 0.9394
 Epoch [34/40], Step[60/483], loss: 1.0533
 Epoch [34/40], Step[70/483], loss: 0.9436
 Epoch [34/40], Step[80/483], loss: 1.0586
 Epoch [34/40], Step[90/483], loss: 0.7667
 Epoch [34/40], Step[100/483], loss: 0.7441
 Epoch [34/40], Step[110/483], loss: 0.8947
 Epoch [34/40], Step[120/483], loss: 0.9884
 Epoch [34/40], Step[130/483], loss: 0.7843
 Epoch [34/40], Step[140/483], loss: 0.9475
 Epoch [34/40], Step[150/483], loss: 0.9299
 Epoch [34/40], Step[160/483], loss: 1.0401
 Epoch [34/40], Step[170/483], loss: 0.6872
 Epoch [34/40], Step[180/483], loss: 0.9779
 Epoch [34/40], Step[190/483], loss: 0.9935
 Epoch [34/40], Step[200/483], loss: 0.7119
 Epoch [34/40], Step[210/483], loss: 0.8656
 Epoch [34/40], Step[220/483], loss: 0.7901
 Epoch [34/40], Step[230/483], loss: 0.7097
 Epoch [34/40], Step[240/483], loss: 0.8912
 Epoch [34/40], Step[250/483], loss: 0.9358
 Epoch [34/40], Step[260/483], loss: 0.5890
 Epoch [34/40], Step[270/483], loss: 0.8979
 Epoch [34/40], Step[280/483], loss: 0.7487
 Epoch [34/40], Step[290/483], loss: 0.6406
 Epoch [34/40], Step[300/483], loss: 0.8778
 Epoch [34/40], Step[310/483], loss: 0.8646
 Epoch [34/40], Step[320/483], loss: 0.9736
 Epoch [34/40], Step[330/483], loss: 0.8871
 Epoch [34/40], Step[340/483], loss: 0.8917
 Epoch [34/40], Step[350/483], loss: 0.8513
 Epoch [34/40], Step[360/483], loss: 0.6577
 Epoch [34/40], Step[370/483], loss: 0.5771
 Epoch [34/40], Step[380/483], loss: 0.7742
 Epoch [34/40], Step[390/483], loss: 0.8511
 Epoch [34/40], Step[400/483], loss: 0.8343
 Epoch [34/40], Step[410/483], loss: 0.6956
 Epoch [34/40], Step[420/483], loss: 0.7918
 Epoch [34/40], Step[430/483], loss: 0.8355
 Epoch [34/40], Step[440/483], loss: 0.8381
 Epoch [34/40], Step[450/483], loss: 0.6897
 Epoch [34/40], Step[460/483], loss: 0.9715
 Epoch [34/40], Step[470/483], loss: 1.0400
 Epoch [34/40], Step[480/483], loss: 0.5787
 ====> Epoch 34: Training loss: 415.8359
 ====> Epoch 34: Validation loss: 57.5082
 Epoch [35/40], Step[0/483], loss: 0.7195
 Epoch [35/40], Step[10/483], loss: 0.8724
 Epoch [35/40], Step[20/483], loss: 0.8980
 Epoch [35/40], Step[30/483], loss: 0.8689
 Epoch [35/40], Step[40/483], loss: 0.8819
 Epoch [35/40], Step[50/483], loss: 0.9312
 Epoch [35/40], Step[60/483], loss: 1.0381
 Epoch [35/40], Step[70/483], loss: 0.9395
 Epoch [35/40], Step[80/483], loss: 1.0638
 Epoch [35/40], Step[90/483], loss: 0.7661
 Epoch [35/40], Step[100/483], loss: 0.7646
 Epoch [35/40], Step[110/483], loss: 0.8907
 Epoch [35/40], Step[120/483], loss: 0.9725
 Epoch [35/40], Step[130/483], loss: 0.7920
 Epoch [35/40], Step[140/483], loss: 0.9515
 Epoch [35/40], Step[150/483], loss: 0.9394
 Epoch [35/40], Step[160/483], loss: 1.0046
 Epoch [35/40], Step[170/483], loss: 0.6791
 Epoch [35/40], Step[180/483], loss: 0.9861
 Epoch [35/40], Step[190/483], loss: 0.9911
 Epoch [35/40], Step[200/483], loss: 0.7233
 Epoch [35/40], Step[210/483], loss: 0.9029
 Epoch [35/40], Step[220/483], loss: 0.7883
 Epoch [35/40], Step[230/483], loss: 0.7036
 Epoch [35/40], Step[240/483], loss: 0.8669
 Epoch [35/40], Step[250/483], loss: 0.9402
 Epoch [35/40], Step[260/483], loss: 0.5912
 Epoch [35/40], Step[270/483], loss: 0.9094
 Epoch [35/40], Step[280/483], loss: 0.7544
 Epoch [35/40], Step[290/483], loss: 0.6299
 Epoch [35/40], Step[300/483], loss: 0.8850
 Epoch [35/40], Step[310/483], loss: 0.8792
 Epoch [35/40], Step[320/483], loss: 0.9533
 Epoch [35/40], Step[330/483], loss: 0.8785
 Epoch [35/40], Step[340/483], loss: 0.8825
 Epoch [35/40], Step[350/483], loss: 0.8419
 Epoch [35/40], Step[360/483], loss: 0.6609
 Epoch [35/40], Step[370/483], loss: 0.5554
 Epoch [35/40], Step[380/483], loss: 0.7888
 Epoch [35/40], Step[390/483], loss: 0.8647
 Epoch [35/40], Step[400/483], loss: 0.8372
 Epoch [35/40], Step[410/483], loss: 0.6870
 Epoch [35/40], Step[420/483], loss: 0.8165
 Epoch [35/40], Step[430/483], loss: 0.8239
 Epoch [35/40], Step[440/483], loss: 0.8344
 Epoch [35/40], Step[450/483], loss: 0.6978
 Epoch [35/40], Step[460/483], loss: 0.9473
 Epoch [35/40], Step[470/483], loss: 1.0129
 Epoch [35/40], Step[480/483], loss: 0.5889
 ====> Epoch 35: Training loss: 415.2124
 ====> Epoch 35: Validation loss: 57.3051
 Epoch [36/40], Step[0/483], loss: 0.7132
 Epoch [36/40], Step[10/483], loss: 0.9022
 Epoch [36/40], Step[20/483], loss: 0.9157
 Epoch [36/40], Step[30/483], loss: 0.8625
 Epoch [36/40], Step[40/483], loss: 0.8984
 Epoch [36/40], Step[50/483], loss: 0.9444
 Epoch [36/40], Step[60/483], loss: 1.0567
 Epoch [36/40], Step[70/483], loss: 0.9583
 Epoch [36/40], Step[80/483], loss: 1.0231
 Epoch [36/40], Step[90/483], loss: 0.7676
 Epoch [36/40], Step[100/483], loss: 0.7578
 Epoch [36/40], Step[110/483], loss: 0.8842
 Epoch [36/40], Step[120/483], loss: 0.9701
 Epoch [36/40], Step[130/483], loss: 0.7735
 Epoch [36/40], Step[140/483], loss: 0.9385
 Epoch [36/40], Step[150/483], loss: 0.9208
 Epoch [36/40], Step[160/483], loss: 1.0082
 Epoch [36/40], Step[170/483], loss: 0.6777
 Epoch [36/40], Step[180/483], loss: 0.9723
 Epoch [36/40], Step[190/483], loss: 0.9901
 Epoch [36/40], Step[200/483], loss: 0.7478
 Epoch [36/40], Step[210/483], loss: 0.8716
 Epoch [36/40], Step[220/483], loss: 0.7745
 Epoch [36/40], Step[230/483], loss: 0.7046
 Epoch [36/40], Step[240/483], loss: 0.8760
 Epoch [36/40], Step[250/483], loss: 0.9425
 Epoch [36/40], Step[260/483], loss: 0.5903
 Epoch [36/40], Step[270/483], loss: 0.8780
 Epoch [36/40], Step[280/483], loss: 0.7456
 Epoch [36/40], Step[290/483], loss: 0.6258
 Epoch [36/40], Step[300/483], loss: 0.8809
 Epoch [36/40], Step[310/483], loss: 0.8691
 Epoch [36/40], Step[320/483], loss: 0.9307
 Epoch [36/40], Step[330/483], loss: 0.8987
 Epoch [36/40], Step[340/483], loss: 0.8849
 Epoch [36/40], Step[350/483], loss: 0.8459
 Epoch [36/40], Step[360/483], loss: 0.6696
 Epoch [36/40], Step[370/483], loss: 0.5827
 Epoch [36/40], Step[380/483], loss: 0.7720
 Epoch [36/40], Step[390/483], loss: 0.8774
 Epoch [36/40], Step[400/483], loss: 0.8243
 Epoch [36/40], Step[410/483], loss: 0.6974
 Epoch [36/40], Step[420/483], loss: 0.8034
 Epoch [36/40], Step[430/483], loss: 0.8319
 Epoch [36/40], Step[440/483], loss: 0.8343
 Epoch [36/40], Step[450/483], loss: 0.6991
 Epoch [36/40], Step[460/483], loss: 0.9439
 Epoch [36/40], Step[470/483], loss: 1.0188
 Epoch [36/40], Step[480/483], loss: 0.5875
 ====> Epoch 36: Training loss: 415.5563
 ====> Epoch 36: Validation loss: 57.4999
 Epoch [37/40], Step[0/483], loss: 0.7310
 Epoch [37/40], Step[10/483], loss: 0.8745
 Epoch [37/40], Step[20/483], loss: 0.9211
 Epoch [37/40], Step[30/483], loss: 0.8749
 Epoch [37/40], Step[40/483], loss: 0.8987
 Epoch [37/40], Step[50/483], loss: 0.9471
 Epoch [37/40], Step[60/483], loss: 1.0678
 Epoch [37/40], Step[70/483], loss: 0.9569
 Epoch [37/40], Step[80/483], loss: 1.0476
 Epoch [37/40], Step[90/483], loss: 0.7738
 Epoch [37/40], Step[100/483], loss: 0.7662
 Epoch [37/40], Step[110/483], loss: 0.8837
 Epoch [37/40], Step[120/483], loss: 0.9679
 Epoch [37/40], Step[130/483], loss: 0.8136
 Epoch [37/40], Step[140/483], loss: 0.9527
 Epoch [37/40], Step[150/483], loss: 0.9397
 Epoch [37/40], Step[160/483], loss: 1.0108
 Epoch [37/40], Step[170/483], loss: 0.6817
 Epoch [37/40], Step[180/483], loss: 1.0016
 Epoch [37/40], Step[190/483], loss: 0.9993
 Epoch [37/40], Step[200/483], loss: 0.7093
 Epoch [37/40], Step[210/483], loss: 0.8607
 Epoch [37/40], Step[220/483], loss: 0.7653
 Epoch [37/40], Step[230/483], loss: 0.7088
 Epoch [37/40], Step[240/483], loss: 0.8911
 Epoch [37/40], Step[250/483], loss: 0.9282
 Epoch [37/40], Step[260/483], loss: 0.6075
 Epoch [37/40], Step[270/483], loss: 0.9100
 Epoch [37/40], Step[280/483], loss: 0.7567
 Epoch [37/40], Step[290/483], loss: 0.6367
 Epoch [37/40], Step[300/483], loss: 0.8823
 Epoch [37/40], Step[310/483], loss: 0.8954
 Epoch [37/40], Step[320/483], loss: 0.9368
 Epoch [37/40], Step[330/483], loss: 0.8988
 Epoch [37/40], Step[340/483], loss: 0.8905
 Epoch [37/40], Step[350/483], loss: 0.8360
 Epoch [37/40], Step[360/483], loss: 0.6552
 Epoch [37/40], Step[370/483], loss: 0.5660
 Epoch [37/40], Step[380/483], loss: 0.7815
 Epoch [37/40], Step[390/483], loss: 0.8465
 Epoch [37/40], Step[400/483], loss: 0.8325
 Epoch [37/40], Step[410/483], loss: 0.6740
 Epoch [37/40], Step[420/483], loss: 0.8153
 Epoch [37/40], Step[430/483], loss: 0.8237
 Epoch [37/40], Step[440/483], loss: 0.8439
 Epoch [37/40], Step[450/483], loss: 0.6825
 Epoch [37/40], Step[460/483], loss: 0.9241
 Epoch [37/40], Step[470/483], loss: 1.0128
 Epoch [37/40], Step[480/483], loss: 0.5982
 ====> Epoch 37: Training loss: 414.5539
 ====> Epoch 37: Validation loss: 57.4718
 Epoch [38/40], Step[0/483], loss: 0.7176
 Epoch [38/40], Step[10/483], loss: 0.8683
 Epoch [38/40], Step[20/483], loss: 0.9149
 Epoch [38/40], Step[30/483], loss: 0.8663
 Epoch [38/40], Step[40/483], loss: 0.8880
 Epoch [38/40], Step[50/483], loss: 0.9252
 Epoch [38/40], Step[60/483], loss: 1.0584
 Epoch [38/40], Step[70/483], loss: 0.9558
 Epoch [38/40], Step[80/483], loss: 1.0466
 Epoch [38/40], Step[90/483], loss: 0.7549
 Epoch [38/40], Step[100/483], loss: 0.7507
 Epoch [38/40], Step[110/483], loss: 0.8877
 Epoch [38/40], Step[120/483], loss: 0.9451
 Epoch [38/40], Step[130/483], loss: 0.8071
 Epoch [38/40], Step[140/483], loss: 0.9417
 Epoch [38/40], Step[150/483], loss: 0.9445
 Epoch [38/40], Step[160/483], loss: 1.0049
 Epoch [38/40], Step[170/483], loss: 0.6707
 Epoch [38/40], Step[180/483], loss: 0.9968
 Epoch [38/40], Step[190/483], loss: 0.9854
 Epoch [38/40], Step[200/483], loss: 0.7339
 Epoch [38/40], Step[210/483], loss: 0.8617
 Epoch [38/40], Step[220/483], loss: 0.7726
 Epoch [38/40], Step[230/483], loss: 0.7053
 Epoch [38/40], Step[240/483], loss: 0.8848
 Epoch [38/40], Step[250/483], loss: 0.9209
 Epoch [38/40], Step[260/483], loss: 0.5923
 Epoch [38/40], Step[270/483], loss: 0.9013
 Epoch [38/40], Step[280/483], loss: 0.7621
 Epoch [38/40], Step[290/483], loss: 0.6372
 Epoch [38/40], Step[300/483], loss: 0.8740
 Epoch [38/40], Step[310/483], loss: 0.8728
 Epoch [38/40], Step[320/483], loss: 0.9692
 Epoch [38/40], Step[330/483], loss: 0.8805
 Epoch [38/40], Step[340/483], loss: 0.8900
 Epoch [38/40], Step[350/483], loss: 0.8555
 Epoch [38/40], Step[360/483], loss: 0.6577
 Epoch [38/40], Step[370/483], loss: 0.5757
 Epoch [38/40], Step[380/483], loss: 0.7577
 Epoch [38/40], Step[390/483], loss: 0.8431
 Epoch [38/40], Step[400/483], loss: 0.8328
 Epoch [38/40], Step[410/483], loss: 0.7006
 Epoch [38/40], Step[420/483], loss: 0.8072
 Epoch [38/40], Step[430/483], loss: 0.8136
 Epoch [38/40], Step[440/483], loss: 0.8304
 Epoch [38/40], Step[450/483], loss: 0.6987
 Epoch [38/40], Step[460/483], loss: 0.9382
 Epoch [38/40], Step[470/483], loss: 1.0090
 Epoch [38/40], Step[480/483], loss: 0.5764
 ====> Epoch 38: Training loss: 414.3332
 ====> Epoch 38: Validation loss: 57.4870
 Epoch [39/40], Step[0/483], loss: 0.7201
 Epoch [39/40], Step[10/483], loss: 0.8627
 Epoch [39/40], Step[20/483], loss: 0.9071
 Epoch [39/40], Step[30/483], loss: 0.8604
 Epoch [39/40], Step[40/483], loss: 0.9045
 Epoch [39/40], Step[50/483], loss: 0.9384
 Epoch [39/40], Step[60/483], loss: 1.0396
 Epoch [39/40], Step[70/483], loss: 0.9711
 Epoch [39/40], Step[80/483], loss: 1.0643
 Epoch [39/40], Step[90/483], loss: 0.7524
 Epoch [39/40], Step[100/483], loss: 0.7479
 Epoch [39/40], Step[110/483], loss: 0.8831
 Epoch [39/40], Step[120/483], loss: 0.9458
 Epoch [39/40], Step[130/483], loss: 0.8112
 Epoch [39/40], Step[140/483], loss: 0.9487
 Epoch [39/40], Step[150/483], loss: 0.9408
 Epoch [39/40], Step[160/483], loss: 1.0145
 Epoch [39/40], Step[170/483], loss: 0.6838
 Epoch [39/40], Step[180/483], loss: 0.9798
 Epoch [39/40], Step[190/483], loss: 1.0009
 Epoch [39/40], Step[200/483], loss: 0.7112
 Epoch [39/40], Step[210/483], loss: 0.8688
 Epoch [39/40], Step[220/483], loss: 0.7888
 Epoch [39/40], Step[230/483], loss: 0.7270
 Epoch [39/40], Step[240/483], loss: 0.8740
 Epoch [39/40], Step[250/483], loss: 0.9381
 Epoch [39/40], Step[260/483], loss: 0.5939
 Epoch [39/40], Step[270/483], loss: 0.8830
 Epoch [39/40], Step[280/483], loss: 0.7665
 Epoch [39/40], Step[290/483], loss: 0.6415
 Epoch [39/40], Step[300/483], loss: 0.8815
 Epoch [39/40], Step[310/483], loss: 0.8873
 Epoch [39/40], Step[320/483], loss: 0.9494
 Epoch [39/40], Step[330/483], loss: 0.9105
 Epoch [39/40], Step[340/483], loss: 0.8979
 Epoch [39/40], Step[350/483], loss: 0.8534
 Epoch [39/40], Step[360/483], loss: 0.6503
 Epoch [39/40], Step[370/483], loss: 0.5904
 Epoch [39/40], Step[380/483], loss: 0.7792
 Epoch [39/40], Step[390/483], loss: 0.8464
 Epoch [39/40], Step[400/483], loss: 0.8108
 Epoch [39/40], Step[410/483], loss: 0.6825
 Epoch [39/40], Step[420/483], loss: 0.7920
 Epoch [39/40], Step[430/483], loss: 0.8390
 Epoch [39/40], Step[440/483], loss: 0.8411
 Epoch [39/40], Step[450/483], loss: 0.6868
 Epoch [39/40], Step[460/483], loss: 0.9584
 Epoch [39/40], Step[470/483], loss: 1.0150
 Epoch [39/40], Step[480/483], loss: 0.5892
 ====> Epoch 39: Training loss: 414.5995
 ====> Epoch 39: Validation loss: 57.2935
 Epoch [40/40], Step[0/483], loss: 0.7081
 Epoch [40/40], Step[10/483], loss: 0.8495
 Epoch [40/40], Step[20/483], loss: 0.9385
 Epoch [40/40], Step[30/483], loss: 0.8521
 Epoch [40/40], Step[40/483], loss: 0.8991
 Epoch [40/40], Step[50/483], loss: 0.9302
 Epoch [40/40], Step[60/483], loss: 1.0350
 Epoch [40/40], Step[70/483], loss: 0.9505
 Epoch [40/40], Step[80/483], loss: 1.0602
 Epoch [40/40], Step[90/483], loss: 0.7697
 Epoch [40/40], Step[100/483], loss: 0.7462
 Epoch [40/40], Step[110/483], loss: 0.8630
 Epoch [40/40], Step[120/483], loss: 0.9465
 Epoch [40/40], Step[130/483], loss: 0.7778
 Epoch [40/40], Step[140/483], loss: 0.9454
 Epoch [40/40], Step[150/483], loss: 0.9141
 Epoch [40/40], Step[160/483], loss: 0.9904
 Epoch [40/40], Step[170/483], loss: 0.6788
 Epoch [40/40], Step[180/483], loss: 0.9824
 Epoch [40/40], Step[190/483], loss: 1.0069
 Epoch [40/40], Step[200/483], loss: 0.7138
 Epoch [40/40], Step[210/483], loss: 0.8720
 Epoch [40/40], Step[220/483], loss: 0.7680
 Epoch [40/40], Step[230/483], loss: 0.7143
 Epoch [40/40], Step[240/483], loss: 0.8675
 Epoch [40/40], Step[250/483], loss: 0.9575
 Epoch [40/40], Step[260/483], loss: 0.6026
 Epoch [40/40], Step[270/483], loss: 0.8812
 Epoch [40/40], Step[280/483], loss: 0.7455
 Epoch [40/40], Step[290/483], loss: 0.6446
 Epoch [40/40], Step[300/483], loss: 0.8604
 Epoch [40/40], Step[310/483], loss: 0.8726
 Epoch [40/40], Step[320/483], loss: 0.9321
 Epoch [40/40], Step[330/483], loss: 0.8903
 Epoch [40/40], Step[340/483], loss: 0.8900
 Epoch [40/40], Step[350/483], loss: 0.8426
 Epoch [40/40], Step[360/483], loss: 0.6511
 Epoch [40/40], Step[370/483], loss: 0.5759
 Epoch [40/40], Step[380/483], loss: 0.7771
 Epoch [40/40], Step[390/483], loss: 0.8630
 Epoch [40/40], Step[400/483], loss: 0.8101
 Epoch [40/40], Step[410/483], loss: 0.7137
 Epoch [40/40], Step[420/483], loss: 0.8065
 Epoch [40/40], Step[430/483], loss: 0.8280
 Epoch [40/40], Step[440/483], loss: 0.8449
 Epoch [40/40], Step[450/483], loss: 0.6717
 Epoch [40/40], Step[460/483], loss: 0.9351
 Epoch [40/40], Step[470/483], loss: 1.0237
 Epoch [40/40], Step[480/483], loss: 0.5912
 ====> Epoch 40: Training loss: 413.8767
 ====> Epoch 40: Validation loss: 57.2672
 Saved model to models/s0206.pth
