 Loading feature files...
 <s> = 1
 </s> = 2
 All scenes loaded.
 Hyperparameters:Namespace(LR=0.01, alternatives=1, batch_size=100, dec='LSTM', dropout=0.3, epochs=20, hidden_sz=50, load='True', log_interval=10, model='ss1', no_cuda=False, save=None, seed=1)
 Listener0: Listener0Model(
  (scene_encoder): LinearSceneEncoder(
    (fc): Linear(in_features=280, out_features=50)
  )
  (string_encoder): LinearStringEncoder(
    (fc): Linear(in_features=1063, out_features=50)
  )
  (scorer): MLPScorer(
    (dropout): Dropout(p=0.3)
    (linear_4): Linear(in_features=50, out_features=50)
    (linear_5): Linear(in_features=50, out_features=50)
    (linear_3): Linear(in_features=50, out_features=1)
  )
)
 Speaker0: Speaker0Model(
  (scene_encoder): LinearSceneEncoder(
    (fc): Linear(in_features=280, out_features=50)
  )
  (string_decoder): LSTMStringDecoder(
    (embedding): Embedding(1063, 50)
    (lstm): LSTM(50, 50, num_layers=2, batch_first=True, dropout=0.3)
    (linear): Linear(in_features=50, out_features=1063)
    (dropout): Dropout(p=0.3)
  )
)
 Loading saved model l0207.pth into Listener0 ...
 Model loaded.
 Loading saved model s0206.pth into Speaker0 ...
 Model loaded.
 SamplingSpeaker1Model: SamplingSpeaker1Model(
  (listener0): Listener0Model(
    (scene_encoder): LinearSceneEncoder(
      (fc): Linear(in_features=280, out_features=50)
    )
    (string_encoder): LinearStringEncoder(
      (fc): Linear(in_features=1063, out_features=50)
    )
    (scorer): MLPScorer(
      (dropout): Dropout(p=0.3)
      (linear_4): Linear(in_features=50, out_features=50)
      (linear_5): Linear(in_features=50, out_features=50)
      (linear_3): Linear(in_features=50, out_features=1)
    )
  )
  (speaker0): Speaker0Model(
    (scene_encoder): LinearSceneEncoder(
      (fc): Linear(in_features=280, out_features=50)
    )
    (string_decoder): LSTMStringDecoder(
      (embedding): Embedding(1063, 50)
      (lstm): LSTM(50, 50, num_layers=2, batch_first=True, dropout=0.3)
      (linear): Linear(in_features=50, out_features=1063)
      (dropout): Dropout(p=0.3)
    )
  )
)
 Training row 0
 ['<s>', 'pie', 'very', 'bite', 'duck', 'beanie', 'got', '</s>', '*invalid*', '*invalid*', '*invalid*', '*invalid*', '*invalid*', '*invalid*', '*invalid*', '*invalid*', '*invalid*', '*invalid*', '*invalid*', '*invalid*']
 Training row 1
 ['<s>', 'pie', 'very', 'bite', 'duck', 'beanie', 'got', '</s>', '*invalid*', '*invalid*', '*invalid*', '*invalid*', '*invalid*', '*invalid*', '*invalid*', '*invalid*', '*invalid*', '*invalid*', '*invalid*', '*invalid*']
 Training row 2
 ['<s>', 'pie', 'very', 'bite', 'duck', 'beanie', 'got', '</s>', '*invalid*', '*invalid*', '*invalid*', '*invalid*', '*invalid*', '*invalid*', '*invalid*', '*invalid*', '*invalid*', '*invalid*', '*invalid*', '*invalid*']
 Training row 3
 ['<s>', 'pie', 'very', 'bite', 'duck', 'beanie', 'got', '</s>', '*invalid*', '*invalid*', '*invalid*', '*invalid*', '*invalid*', '*invalid*', '*invalid*', '*invalid*', '*invalid*', '*invalid*', '*invalid*', '*invalid*']
 Training row 4
 ['<s>', 'pie', 'very', 'bite', 'duck', 'beanie', 'got', '</s>', '*invalid*', '*invalid*', '*invalid*', '*invalid*', '*invalid*', '*invalid*', '*invalid*', '*invalid*', '*invalid*', '*invalid*', '*invalid*', '*invalid*']
 Training row 5
 ['<s>', 'pie', 'very', 'bite', 'duck', 'beanie', 'got', '</s>', '*invalid*', '*invalid*', '*invalid*', '*invalid*', '*invalid*', '*invalid*', '*invalid*', '*invalid*', '*invalid*', '*invalid*', '*invalid*', '*invalid*']
 Training row 6
 ['<s>', 'pie', 'very', 'bite', 'duck', 'got', '</s>', '*invalid*', '*invalid*', '*invalid*', '*invalid*', '*invalid*', '*invalid*', '*invalid*', '*invalid*', '*invalid*', '*invalid*', '*invalid*', '*invalid*', '*invalid*']
 Training row 7
 ['<s>', 'pie', 'very', 'bite', 'duck', 'got', '</s>', '*invalid*', '*invalid*', '*invalid*', '*invalid*', '*invalid*', '*invalid*', '*invalid*', '*invalid*', '*invalid*', '*invalid*', '*invalid*', '*invalid*', '*invalid*']
 Training row 8
 ['<s>', 'pie', 'very', 'bite', 'duck', 'got', '</s>', '*invalid*', '*invalid*', '*invalid*', '*invalid*', '*invalid*', '*invalid*', '*invalid*', '*invalid*', '*invalid*', '*invalid*', '*invalid*', '*invalid*', '*invalid*']
 Training row 9
 ['<s>', 'pie', 'very', 'bite', 'duck', 'beanie', 'got', '</s>', '*invalid*', '*invalid*', '*invalid*', '*invalid*', '*invalid*', '*invalid*', '*invalid*', '*invalid*', '*invalid*', '*invalid*', '*invalid*', '*invalid*']
 Training row 10
 ['<s>', 'pie', 'very', 'bite', 'duck', 'beanie', 'got', '</s>', '*invalid*', '*invalid*', '*invalid*', '*invalid*', '*invalid*', '*invalid*', '*invalid*', '*invalid*', '*invalid*', '*invalid*', '*invalid*', '*invalid*']
 Training row 11
 ['<s>', 'pie', 'very', 'bite', 'duck', 'beanie', 'got', '</s>', '*invalid*', '*invalid*', '*invalid*', '*invalid*', '*invalid*', '*invalid*', '*invalid*', '*invalid*', '*invalid*', '*invalid*', '*invalid*', '*invalid*']
 Training row 12
 ['<s>', 'pie', 'very', 'bite', 'duck', 'beanie', 'got', '</s>', '*invalid*', '*invalid*', '*invalid*', '*invalid*', '*invalid*', '*invalid*', '*invalid*', '*invalid*', '*invalid*', '*invalid*', '*invalid*', '*invalid*']
 Training row 13
 ['<s>', 'pie', 'very', 'bite', 'duck', 'beanie', 'got', '</s>', '*invalid*', '*invalid*', '*invalid*', '*invalid*', '*invalid*', '*invalid*', '*invalid*', '*invalid*', '*invalid*', '*invalid*', '*invalid*', '*invalid*']
 Training row 14
 ['<s>', 'pie', 'very', 'bite', 'duck', 'beanie', 'got', '</s>', '*invalid*', '*invalid*', '*invalid*', '*invalid*', '*invalid*', '*invalid*', '*invalid*', '*invalid*', '*invalid*', '*invalid*', '*invalid*', '*invalid*']
 Training row 15
 ['<s>', 'pie', 'very', 'bite', 'duck', 'got', '</s>', '*invalid*', '*invalid*', '*invalid*', '*invalid*', '*invalid*', '*invalid*', '*invalid*', '*invalid*', '*invalid*', '*invalid*', '*invalid*', '*invalid*', '*invalid*']
 Training row 16
 ['<s>', 'pie', 'very', 'bite', 'duck', 'got', '</s>', '*invalid*', '*invalid*', '*invalid*', '*invalid*', '*invalid*', '*invalid*', '*invalid*', '*invalid*', '*invalid*', '*invalid*', '*invalid*', '*invalid*', '*invalid*']
 Training row 17
 ['<s>', 'pie', 'very', 'bite', 'duck', 'got', '</s>', '*invalid*', '*invalid*', '*invalid*', '*invalid*', '*invalid*', '*invalid*', '*invalid*', '*invalid*', '*invalid*', '*invalid*', '*invalid*', '*invalid*', '*invalid*']
 Training row 18
 ['<s>', 'pie', 'very', 'bite', 'duck', 'beanie', 'got', '</s>', '*invalid*', '*invalid*', '*invalid*', '*invalid*', '*invalid*', '*invalid*', '*invalid*', '*invalid*', '*invalid*', '*invalid*', '*invalid*', '*invalid*']
 Training row 19
 ['<s>', 'pie', 'very', 'bite', 'duck', 'beanie', 'got', '</s>', '*invalid*', '*invalid*', '*invalid*', '*invalid*', '*invalid*', '*invalid*', '*invalid*', '*invalid*', '*invalid*', '*invalid*', '*invalid*', '*invalid*']
 Training row 20
 ['<s>', 'pie', 'very', 'bite', 'duck', 'beanie', 'got', '</s>', '*invalid*', '*invalid*', '*invalid*', '*invalid*', '*invalid*', '*invalid*', '*invalid*', '*invalid*', '*invalid*', '*invalid*', '*invalid*', '*invalid*']
 Training row 21
 ['<s>', 'pie', 'very', 'bite', 'duck', 'beanie', 'got', '</s>', '*invalid*', '*invalid*', '*invalid*', '*invalid*', '*invalid*', '*invalid*', '*invalid*', '*invalid*', '*invalid*', '*invalid*', '*invalid*', '*invalid*']
 Training row 22
 ['<s>', 'pie', 'very', 'bite', 'duck', 'beanie', 'got', '</s>', '*invalid*', '*invalid*', '*invalid*', '*invalid*', '*invalid*', '*invalid*', '*invalid*', '*invalid*', '*invalid*', '*invalid*', '*invalid*', '*invalid*']
 Training row 23
 ['<s>', 'pie', 'very', 'bite', 'duck', 'beanie', 'got', '</s>', '*invalid*', '*invalid*', '*invalid*', '*invalid*', '*invalid*', '*invalid*', '*invalid*', '*invalid*', '*invalid*', '*invalid*', '*invalid*', '*invalid*']
 Training row 24
 ['<s>', 'knows', 'very', 'bite', 'duck', 'beanie', 'got', '</s>', '*invalid*', '*invalid*', '*invalid*', '*invalid*', '*invalid*', '*invalid*', '*invalid*', '*invalid*', '*invalid*', '*invalid*', '*invalid*', '*invalid*']
 Training row 25
 ['<s>', 'knows', 'very', 'bite', 'duck', 'beanie', 'got', '</s>', '*invalid*', '*invalid*', '*invalid*', '*invalid*', '*invalid*', '*invalid*', '*invalid*', '*invalid*', '*invalid*', '*invalid*', '*invalid*', '*invalid*']
 Training row 26
 ['<s>', 'knows', 'very', 'bite', 'duck', 'beanie', 'got', '</s>', '*invalid*', '*invalid*', '*invalid*', '*invalid*', '*invalid*', '*invalid*', '*invalid*', '*invalid*', '*invalid*', '*invalid*', '*invalid*', '*invalid*']
 Training row 27
 ['<s>', 'pie', 'very', 'bite', 'duck', 'got', '</s>', '*invalid*', '*invalid*', '*invalid*', '*invalid*', '*invalid*', '*invalid*', '*invalid*', '*invalid*', '*invalid*', '*invalid*', '*invalid*', '*invalid*', '*invalid*']
 Training row 28
 ['<s>', 'pie', 'very', 'bite', 'duck', 'got', '</s>', '*invalid*', '*invalid*', '*invalid*', '*invalid*', '*invalid*', '*invalid*', '*invalid*', '*invalid*', '*invalid*', '*invalid*', '*invalid*', '*invalid*', '*invalid*']
 Training row 29
 ['<s>', 'pie', 'very', 'bite', 'duck', 'got', '</s>', '*invalid*', '*invalid*', '*invalid*', '*invalid*', '*invalid*', '*invalid*', '*invalid*', '*invalid*', '*invalid*', '*invalid*', '*invalid*', '*invalid*', '*invalid*']
 Training row 30
 ['<s>', 'duck', 'lands', 'very', 'catsup', 'duck', 'kit', '</s>', '*invalid*', '*invalid*', '*invalid*', '*invalid*', '*invalid*', '*invalid*', '*invalid*', '*invalid*', '*invalid*', '*invalid*', '*invalid*', '*invalid*']
 Training row 31
 ['<s>', 'duck', 'lands', 'very', 'catsup', 'duck', 'kit', '</s>', '*invalid*', '*invalid*', '*invalid*', '*invalid*', '*invalid*', '*invalid*', '*invalid*', '*invalid*', '*invalid*', '*invalid*', '*invalid*', '*invalid*']
 Training row 32
 ['<s>', 'duck', 'lands', 'very', 'catsup', 'duck', 'kit', '</s>', '*invalid*', '*invalid*', '*invalid*', '*invalid*', '*invalid*', '*invalid*', '*invalid*', '*invalid*', '*invalid*', '*invalid*', '*invalid*', '*invalid*']
 Training row 33
 ['<s>', 'pie', 'very', 'soft', 'seems', 'duck', 'blue', '</s>', '*invalid*', '*invalid*', '*invalid*', '*invalid*', '*invalid*', '*invalid*', '*invalid*', '*invalid*', '*invalid*', '*invalid*', '*invalid*', '*invalid*']
 Training row 34
 ['<s>', 'pie', 'very', 'soft', 'seems', 'duck', 'blue', '</s>', '*invalid*', '*invalid*', '*invalid*', '*invalid*', '*invalid*', '*invalid*', '*invalid*', '*invalid*', '*invalid*', '*invalid*', '*invalid*', '*invalid*']
 Training row 35
 ['<s>', 'pie', 'very', 'soft', 'seems', 'duck', 'blue', '</s>', '*invalid*', '*invalid*', '*invalid*', '*invalid*', '*invalid*', '*invalid*', '*invalid*', '*invalid*', '*invalid*', '*invalid*', '*invalid*', '*invalid*']
 Training row 36
 ['<s>', 'pie', 'very', 'showing', 'much', 'calls', '</s>', '*invalid*', '*invalid*', '*invalid*', '*invalid*', '*invalid*', '*invalid*', '*invalid*', '*invalid*', '*invalid*', '*invalid*', '*invalid*', '*invalid*', '*invalid*']
 Training row 37
 ['<s>', 'pie', 'very', 'showing', 'much', 'calls', '</s>', '*invalid*', '*invalid*', '*invalid*', '*invalid*', '*invalid*', '*invalid*', '*invalid*', '*invalid*', '*invalid*', '*invalid*', '*invalid*', '*invalid*', '*invalid*']
 Training row 38
 ['<s>', 'pie', 'very', 'showing', 'much', 'calls', '</s>', '*invalid*', '*invalid*', '*invalid*', '*invalid*', '*invalid*', '*invalid*', '*invalid*', '*invalid*', '*invalid*', '*invalid*', '*invalid*', '*invalid*', '*invalid*']
 Training row 39
 ['<s>', 'knows', 'very', 'decide', 'much', 'sees', '</s>', '*invalid*', '*invalid*', '*invalid*', '*invalid*', '*invalid*', '*invalid*', '*invalid*', '*invalid*', '*invalid*', '*invalid*', '*invalid*', '*invalid*', '*invalid*']
 Training row 40
 ['<s>', 'knows', 'very', 'decide', 'much', 'sees', '</s>', '*invalid*', '*invalid*', '*invalid*', '*invalid*', '*invalid*', '*invalid*', '*invalid*', '*invalid*', '*invalid*', '*invalid*', '*invalid*', '*invalid*', '*invalid*']
 Training row 41
 ['<s>', 'knows', 'very', 'decide', 'much', 'sees', '</s>', '*invalid*', '*invalid*', '*invalid*', '*invalid*', '*invalid*', '*invalid*', '*invalid*', '*invalid*', '*invalid*', '*invalid*', '*invalid*', '*invalid*', '*invalid*']
 Training row 42
 ['<s>', 'pie', 'very', 'decide', 'much', 'sees', '</s>', '*invalid*', '*invalid*', '*invalid*', '*invalid*', '*invalid*', '*invalid*', '*invalid*', '*invalid*', '*invalid*', '*invalid*', '*invalid*', '*invalid*', '*invalid*']
 Training row 43
 ['<s>', 'pie', 'very', 'decide', 'much', 'sees', '</s>', '*invalid*', '*invalid*', '*invalid*', '*invalid*', '*invalid*', '*invalid*', '*invalid*', '*invalid*', '*invalid*', '*invalid*', '*invalid*', '*invalid*', '*invalid*']
 Training row 44
 ['<s>', 'pie', 'very', 'decide', 'much', 'sees', '</s>', '*invalid*', '*invalid*', '*invalid*', '*invalid*', '*invalid*', '*invalid*', '*invalid*', '*invalid*', '*invalid*', '*invalid*', '*invalid*', '*invalid*', '*invalid*']
 Training row 45
 ['<s>', 'knows', 'very', 'soft', 'catsup', 'duck', 'kit', '</s>', '*invalid*', '*invalid*', '*invalid*', '*invalid*', '*invalid*', '*invalid*', '*invalid*', '*invalid*', '*invalid*', '*invalid*', '*invalid*', '*invalid*']
 Training row 46
 ['<s>', 'knows', 'very', 'soft', 'catsup', 'duck', 'kit', '</s>', '*invalid*', '*invalid*', '*invalid*', '*invalid*', '*invalid*', '*invalid*', '*invalid*', '*invalid*', '*invalid*', '*invalid*', '*invalid*', '*invalid*']
 Training row 47
 ['<s>', 'knows', 'very', 'soft', 'catsup', 'duck', 'kit', '</s>', '*invalid*', '*invalid*', '*invalid*', '*invalid*', '*invalid*', '*invalid*', '*invalid*', '*invalid*', '*invalid*', '*invalid*', '*invalid*', '*invalid*']
 Training row 48
 ['<s>', 'pie', 'very', 'soft', 'seems', 'duck', 'blue', '</s>', '*invalid*', '*invalid*', '*invalid*', '*invalid*', '*invalid*', '*invalid*', '*invalid*', '*invalid*', '*invalid*', '*invalid*', '*invalid*', '*invalid*']
 Training row 49
 ['<s>', 'pie', 'very', 'soft', 'seems', 'duck', 'blue', '</s>', '*invalid*', '*invalid*', '*invalid*', '*invalid*', '*invalid*', '*invalid*', '*invalid*', '*invalid*', '*invalid*', '*invalid*', '*invalid*', '*invalid*']
 Training row 50
 ['<s>', 'pie', 'very', 'soft', 'seems', 'duck', 'blue', '</s>', '*invalid*', '*invalid*', '*invalid*', '*invalid*', '*invalid*', '*invalid*', '*invalid*', '*invalid*', '*invalid*', '*invalid*', '*invalid*', '*invalid*']
 Training row 51
 ['<s>', 'duck', 'lands', 'very', 'catsup', 'duck', 'kit', '</s>', '*invalid*', '*invalid*', '*invalid*', '*invalid*', '*invalid*', '*invalid*', '*invalid*', '*invalid*', '*invalid*', '*invalid*', '*invalid*', '*invalid*']
 Training row 52
 ['<s>', 'duck', 'lands', 'very', 'catsup', 'duck', 'kit', '</s>', '*invalid*', '*invalid*', '*invalid*', '*invalid*', '*invalid*', '*invalid*', '*invalid*', '*invalid*', '*invalid*', '*invalid*', '*invalid*', '*invalid*']
 Training row 53
 ['<s>', 'duck', 'lands', 'very', 'catsup', 'duck', 'kit', '</s>', '*invalid*', '*invalid*', '*invalid*', '*invalid*', '*invalid*', '*invalid*', '*invalid*', '*invalid*', '*invalid*', '*invalid*', '*invalid*', '*invalid*']
 Training row 54
 ['<s>', 'knows', 'very', 'fetch', 'bumble', '</s>', '*invalid*', '*invalid*', '*invalid*', '*invalid*', '*invalid*', '*invalid*', '*invalid*', '*invalid*', '*invalid*', '*invalid*', '*invalid*', '*invalid*', '*invalid*', '*invalid*']
 Training row 55
 ['<s>', 'knows', 'very', 'fetch', 'bumble', '</s>', '*invalid*', '*invalid*', '*invalid*', '*invalid*', '*invalid*', '*invalid*', '*invalid*', '*invalid*', '*invalid*', '*invalid*', '*invalid*', '*invalid*', '*invalid*', '*invalid*']
 Training row 56
 ['<s>', 'knows', 'very', 'fetch', 'bumble', '</s>', '*invalid*', '*invalid*', '*invalid*', '*invalid*', '*invalid*', '*invalid*', '*invalid*', '*invalid*', '*invalid*', '*invalid*', '*invalid*', '*invalid*', '*invalid*', '*invalid*']
 Training row 57
 ['<s>', 'knows', 'very', 'showing', 'much', 'calls', '</s>', '*invalid*', '*invalid*', '*invalid*', '*invalid*', '*invalid*', '*invalid*', '*invalid*', '*invalid*', '*invalid*', '*invalid*', '*invalid*', '*invalid*', '*invalid*']
 Training row 58
 ['<s>', 'knows', 'very', 'showing', 'much', 'calls', '</s>', '*invalid*', '*invalid*', '*invalid*', '*invalid*', '*invalid*', '*invalid*', '*invalid*', '*invalid*', '*invalid*', '*invalid*', '*invalid*', '*invalid*', '*invalid*']
 Training row 59
 ['<s>', 'knows', 'very', 'showing', 'much', 'calls', '</s>', '*invalid*', '*invalid*', '*invalid*', '*invalid*', '*invalid*', '*invalid*', '*invalid*', '*invalid*', '*invalid*', '*invalid*', '*invalid*', '*invalid*', '*invalid*']
 Training row 60
 ['<s>', 'knows', 'very', 'showing', 'much', 'calls', '</s>', '*invalid*', '*invalid*', '*invalid*', '*invalid*', '*invalid*', '*invalid*', '*invalid*', '*invalid*', '*invalid*', '*invalid*', '*invalid*', '*invalid*', '*invalid*']
 Training row 61
 ['<s>', 'knows', 'very', 'showing', 'much', 'calls', '</s>', '*invalid*', '*invalid*', '*invalid*', '*invalid*', '*invalid*', '*invalid*', '*invalid*', '*invalid*', '*invalid*', '*invalid*', '*invalid*', '*invalid*', '*invalid*']
 Training row 62
 ['<s>', 'knows', 'very', 'showing', 'much', 'calls', '</s>', '*invalid*', '*invalid*', '*invalid*', '*invalid*', '*invalid*', '*invalid*', '*invalid*', '*invalid*', '*invalid*', '*invalid*', '*invalid*', '*invalid*', '*invalid*']
 Training row 63
 ['<s>', 'pie', 'very', 'decide', 'duck', 'sees', '</s>', '*invalid*', '*invalid*', '*invalid*', '*invalid*', '*invalid*', '*invalid*', '*invalid*', '*invalid*', '*invalid*', '*invalid*', '*invalid*', '*invalid*', '*invalid*']
 Training row 64
 ['<s>', 'pie', 'very', 'decide', 'duck', 'sees', '</s>', '*invalid*', '*invalid*', '*invalid*', '*invalid*', '*invalid*', '*invalid*', '*invalid*', '*invalid*', '*invalid*', '*invalid*', '*invalid*', '*invalid*', '*invalid*']
 Training row 65
 ['<s>', 'pie', 'very', 'decide', 'duck', 'sees', '</s>', '*invalid*', '*invalid*', '*invalid*', '*invalid*', '*invalid*', '*invalid*', '*invalid*', '*invalid*', '*invalid*', '*invalid*', '*invalid*', '*invalid*', '*invalid*']
 Training row 66
 ['<s>', 'pie', 'paws', 'much', 'to', '</s>', '*invalid*', '*invalid*', '*invalid*', '*invalid*', '*invalid*', '*invalid*', '*invalid*', '*invalid*', '*invalid*', '*invalid*', '*invalid*', '*invalid*', '*invalid*', '*invalid*']
 Training row 67
 ['<s>', 'pie', 'paws', 'much', 'to', '</s>', '*invalid*', '*invalid*', '*invalid*', '*invalid*', '*invalid*', '*invalid*', '*invalid*', '*invalid*', '*invalid*', '*invalid*', '*invalid*', '*invalid*', '*invalid*', '*invalid*']
 Training row 68
 ['<s>', 'pie', 'paws', 'much', 'to', '</s>', '*invalid*', '*invalid*', '*invalid*', '*invalid*', '*invalid*', '*invalid*', '*invalid*', '*invalid*', '*invalid*', '*invalid*', '*invalid*', '*invalid*', '*invalid*', '*invalid*']
 Training row 69
 ['<s>', 'pie', 'very', 'showing', 'duck', 'jumped', '</s>', '*invalid*', '*invalid*', '*invalid*', '*invalid*', '*invalid*', '*invalid*', '*invalid*', '*invalid*', '*invalid*', '*invalid*', '*invalid*', '*invalid*', '*invalid*']
 Training row 70
 ['<s>', 'pie', 'very', 'showing', 'duck', 'jumped', '</s>', '*invalid*', '*invalid*', '*invalid*', '*invalid*', '*invalid*', '*invalid*', '*invalid*', '*invalid*', '*invalid*', '*invalid*', '*invalid*', '*invalid*', '*invalid*']
 Training row 71
 ['<s>', 'pie', 'very', 'showing', 'duck', 'jumped', '</s>', '*invalid*', '*invalid*', '*invalid*', '*invalid*', '*invalid*', '*invalid*', '*invalid*', '*invalid*', '*invalid*', '*invalid*', '*invalid*', '*invalid*', '*invalid*']
 Training row 72
 ['<s>', 'pie', 'paws', 'much', 'to', '</s>', '*invalid*', '*invalid*', '*invalid*', '*invalid*', '*invalid*', '*invalid*', '*invalid*', '*invalid*', '*invalid*', '*invalid*', '*invalid*', '*invalid*', '*invalid*', '*invalid*']
 Training row 73
 ['<s>', 'pie', 'paws', 'much', 'to', '</s>', '*invalid*', '*invalid*', '*invalid*', '*invalid*', '*invalid*', '*invalid*', '*invalid*', '*invalid*', '*invalid*', '*invalid*', '*invalid*', '*invalid*', '*invalid*', '*invalid*']
 Training row 74
 ['<s>', 'pie', 'paws', 'much', 'to', '</s>', '*invalid*', '*invalid*', '*invalid*', '*invalid*', '*invalid*', '*invalid*', '*invalid*', '*invalid*', '*invalid*', '*invalid*', '*invalid*', '*invalid*', '*invalid*', '*invalid*']
 Training row 75
 ['<s>', 'knows', 'very', 'showing', 'duck', 'to', '</s>', '*invalid*', '*invalid*', '*invalid*', '*invalid*', '*invalid*', '*invalid*', '*invalid*', '*invalid*', '*invalid*', '*invalid*', '*invalid*', '*invalid*', '*invalid*']
 Training row 76
 ['<s>', 'knows', 'very', 'showing', 'duck', 'to', '</s>', '*invalid*', '*invalid*', '*invalid*', '*invalid*', '*invalid*', '*invalid*', '*invalid*', '*invalid*', '*invalid*', '*invalid*', '*invalid*', '*invalid*', '*invalid*']
 Training row 77
 ['<s>', 'knows', 'very', 'showing', 'duck', 'to', '</s>', '*invalid*', '*invalid*', '*invalid*', '*invalid*', '*invalid*', '*invalid*', '*invalid*', '*invalid*', '*invalid*', '*invalid*', '*invalid*', '*invalid*', '*invalid*']
 Training row 78
 ['<s>', 'knows', 'very', 'showing', 'duck', 'to', '</s>', '*invalid*', '*invalid*', '*invalid*', '*invalid*', '*invalid*', '*invalid*', '*invalid*', '*invalid*', '*invalid*', '*invalid*', '*invalid*', '*invalid*', '*invalid*']
 Training row 79
 ['<s>', 'knows', 'very', 'showing', 'duck', 'to', '</s>', '*invalid*', '*invalid*', '*invalid*', '*invalid*', '*invalid*', '*invalid*', '*invalid*', '*invalid*', '*invalid*', '*invalid*', '*invalid*', '*invalid*', '*invalid*']
 Training row 80
 ['<s>', 'knows', 'very', 'showing', 'duck', 'to', '</s>', '*invalid*', '*invalid*', '*invalid*', '*invalid*', '*invalid*', '*invalid*', '*invalid*', '*invalid*', '*invalid*', '*invalid*', '*invalid*', '*invalid*', '*invalid*']
 Training row 81
 ['<s>', 'pie', 'very', 'showing', 'much', 'to', '</s>', '*invalid*', '*invalid*', '*invalid*', '*invalid*', '*invalid*', '*invalid*', '*invalid*', '*invalid*', '*invalid*', '*invalid*', '*invalid*', '*invalid*', '*invalid*']
 Training row 82
 ['<s>', 'pie', 'very', 'showing', 'much', 'to', '</s>', '*invalid*', '*invalid*', '*invalid*', '*invalid*', '*invalid*', '*invalid*', '*invalid*', '*invalid*', '*invalid*', '*invalid*', '*invalid*', '*invalid*', '*invalid*']
 Training row 83
 ['<s>', 'pie', 'very', 'showing', 'much', 'to', '</s>', '*invalid*', '*invalid*', '*invalid*', '*invalid*', '*invalid*', '*invalid*', '*invalid*', '*invalid*', '*invalid*', '*invalid*', '*invalid*', '*invalid*', '*invalid*']
 Training row 84
 ['<s>', 'pie', 'very', 'soft', 'catsup', 'duck', 'kit', '</s>', '*invalid*', '*invalid*', '*invalid*', '*invalid*', '*invalid*', '*invalid*', '*invalid*', '*invalid*', '*invalid*', '*invalid*', '*invalid*', '*invalid*']
 Training row 85
 ['<s>', 'pie', 'very', 'soft', 'catsup', 'duck', 'kit', '</s>', '*invalid*', '*invalid*', '*invalid*', '*invalid*', '*invalid*', '*invalid*', '*invalid*', '*invalid*', '*invalid*', '*invalid*', '*invalid*', '*invalid*']
 Training row 86
 ['<s>', 'pie', 'very', 'soft', 'catsup', 'duck', 'kit', '</s>', '*invalid*', '*invalid*', '*invalid*', '*invalid*', '*invalid*', '*invalid*', '*invalid*', '*invalid*', '*invalid*', '*invalid*', '*invalid*', '*invalid*']
 Training row 87
 ['<s>', 'pie', 'paws', 'much', 'to', '</s>', '*invalid*', '*invalid*', '*invalid*', '*invalid*', '*invalid*', '*invalid*', '*invalid*', '*invalid*', '*invalid*', '*invalid*', '*invalid*', '*invalid*', '*invalid*', '*invalid*']
 Training row 88
 ['<s>', 'pie', 'paws', 'much', 'to', '</s>', '*invalid*', '*invalid*', '*invalid*', '*invalid*', '*invalid*', '*invalid*', '*invalid*', '*invalid*', '*invalid*', '*invalid*', '*invalid*', '*invalid*', '*invalid*', '*invalid*']
 Training row 89
 ['<s>', 'pie', 'paws', 'much', 'to', '</s>', '*invalid*', '*invalid*', '*invalid*', '*invalid*', '*invalid*', '*invalid*', '*invalid*', '*invalid*', '*invalid*', '*invalid*', '*invalid*', '*invalid*', '*invalid*', '*invalid*']
 Training row 90
 ['<s>', 'pie', 'very', 'bite', 'duck', 'beanie', 'got', '</s>', '*invalid*', '*invalid*', '*invalid*', '*invalid*', '*invalid*', '*invalid*', '*invalid*', '*invalid*', '*invalid*', '*invalid*', '*invalid*', '*invalid*']
 Training row 91
 ['<s>', 'pie', 'very', 'bite', 'duck', 'beanie', 'got', '</s>', '*invalid*', '*invalid*', '*invalid*', '*invalid*', '*invalid*', '*invalid*', '*invalid*', '*invalid*', '*invalid*', '*invalid*', '*invalid*', '*invalid*']
 Training row 92
 ['<s>', 'pie', 'very', 'bite', 'duck', 'beanie', 'got', '</s>', '*invalid*', '*invalid*', '*invalid*', '*invalid*', '*invalid*', '*invalid*', '*invalid*', '*invalid*', '*invalid*', '*invalid*', '*invalid*', '*invalid*']
 Training row 93
 ['<s>', 'pie', 'very', 'bite', 'duck', 'beanie', 'got', '</s>', '*invalid*', '*invalid*', '*invalid*', '*invalid*', '*invalid*', '*invalid*', '*invalid*', '*invalid*', '*invalid*', '*invalid*', '*invalid*', '*invalid*']
 Training row 94
 ['<s>', 'pie', 'very', 'bite', 'duck', 'beanie', 'got', '</s>', '*invalid*', '*invalid*', '*invalid*', '*invalid*', '*invalid*', '*invalid*', '*invalid*', '*invalid*', '*invalid*', '*invalid*', '*invalid*', '*invalid*']
 Training row 95
 ['<s>', 'pie', 'very', 'bite', 'duck', 'beanie', 'got', '</s>', '*invalid*', '*invalid*', '*invalid*', '*invalid*', '*invalid*', '*invalid*', '*invalid*', '*invalid*', '*invalid*', '*invalid*', '*invalid*', '*invalid*']
 Training row 96
 ['<s>', 'pie', 'very', 'bite', 'duck', 'beanie', 'got', '</s>', '*invalid*', '*invalid*', '*invalid*', '*invalid*', '*invalid*', '*invalid*', '*invalid*', '*invalid*', '*invalid*', '*invalid*', '*invalid*', '*invalid*']
 Training row 97
 ['<s>', 'pie', 'very', 'bite', 'duck', 'beanie', 'got', '</s>', '*invalid*', '*invalid*', '*invalid*', '*invalid*', '*invalid*', '*invalid*', '*invalid*', '*invalid*', '*invalid*', '*invalid*', '*invalid*', '*invalid*']
 Training row 98
 ['<s>', 'pie', 'very', 'bite', 'duck', 'beanie', 'got', '</s>', '*invalid*', '*invalid*', '*invalid*', '*invalid*', '*invalid*', '*invalid*', '*invalid*', '*invalid*', '*invalid*', '*invalid*', '*invalid*', '*invalid*']
 Training row 99
 ['<s>', 'duck', 'take', 'very', 'with', 'catsup', 'duck', 'sharing', '</s>', '*invalid*', '*invalid*', '*invalid*', '*invalid*', '*invalid*', '*invalid*', '*invalid*', '*invalid*', '*invalid*', '*invalid*', '*invalid*']
 [(0, ('0_0', '455_1')), (1, ('0_0', '506_9')), (2, ('0_0', '4_8')), (3, ('0_1', '525_2')), (4, ('0_1', '686_1')), (5, ('0_1', '186_8')), (6, ('0_2', '285_2')), (7, ('0_2', '104_1')), (8, ('0_2', '245_2')), (9, ('0_3', '216_2')), (10, ('0_3', '146_8')), (11, ('0_3', '6_2')), (12, ('0_4', '780_9')), (13, ('0_4', '370_7')), (14, ('0_4', '466_3')), (15, ('0_5', '693_7')), (16, ('0_5', '338_7')), (17, ('0_5', '401_3')), (18, ('0_6', '364_2')), (19, ('0_6', '537_9')), (20, ('0_6', '643_7')), (21, ('0_7', '386_7')), (22, ('0_7', '193_2')), (23, ('0_7', '323_9')), (24, ('0_8', '75_5')), (25, ('0_8', '587_4')), (26, ('0_8', '29_7')), (27, ('0_9', '171_2')), (28, ('0_9', '239_4')), (29, ('0_9', '605_6')), (30, ('1_0', '736_3')), (31, ('1_0', '555_5')), (32, ('1_0', '782_4')), (33, ('1_1', '56_1')), (34, ('1_1', '705_7')), (35, ('1_1', '291_7')), (36, ('1_2', '227_9')), (37, ('1_2', '486_4')), (38, ('1_2', '629_0')), (39, ('1_3', '570_3')), (40, ('1_3', '300_4')), (41, ('1_3', '478_2')), (42, ('1_4', '542_1')), (43, ('1_4', '652_3')), (44, ('1_4', '216_9')), (45, ('1_5', '746_9')), (46, ('1_5', '157_7')), (47, ('1_5', '290_2')), (48, ('1_6', '308_3')), (49, ('1_6', '407_7')), (50, ('1_6', '223_8')), (51, ('1_7', '564_9')), (52, ('1_7', '338_5')), (53, ('1_7', '672_8')), (54, ('1_8', '62_3')), (55, ('1_8', '416_8')), (56, ('1_8', '94_3')), (57, ('1_9', '58_9')), (58, ('1_9', '571_5')), (59, ('1_9', '520_3')), (60, ('2_0', '574_4')), (61, ('2_0', '409_6')), (62, ('2_0', '28_8')), (63, ('2_1', '306_7')), (64, ('2_1', '441_7')), (65, ('2_1', '78_6')), (66, ('2_2', '636_1')), (67, ('2_2', '10_5')), (68, ('2_2', '570_6')), (69, ('2_3', '413_1')), (70, ('2_3', '609_7')), (71, ('2_3', '10_7')), (72, ('2_4', '532_0')), (73, ('2_4', '650_3')), (74, ('2_4', '455_8')), (75, ('2_5', '516_6')), (76, ('2_5', '519_1')), (77, ('2_5', '599_4')), (78, ('2_6', '632_1')), (79, ('2_6', '241_6')), (80, ('2_6', '461_1')), (81, ('2_7', '376_1')), (82, ('2_7', '368_1')), (83, ('2_7', '377_7')), (84, ('2_8', '752_9')), (85, ('2_8', '739_4')), (86, ('2_8', '474_4')), (87, ('2_9', '457_7')), (88, ('2_9', '570_3')), (89, ('2_9', '780_1')), (90, ('3_0', '585_7')), (91, ('3_0', '721_9')), (92, ('3_0', '690_8')), (93, ('3_1', '417_7')), (94, ('3_1', '590_5')), (95, ('3_1', '645_9')), (96, ('3_2', '119_8')), (97, ('3_2', '134_3')), (98, ('3_2', '249_7')), (99, ('3_3', '676_7'))]
