 Loading feature files...
 <s> = 1
 </s> = 2
 All scenes loaded.
 Hyperparameters:Namespace(LR=0.01, alternatives=1, batch_size=100, dec='LSTM', dropout=0.3, epochs=10, hidden_sz=100, k=20, load=None, log_interval=10, model='ss1', no_cuda=False, save=None, seed=1)
 Listener0: Listener0Model(
  (scene_encoder): LinearSceneEncoder(
    (fc): Linear(in_features=280, out_features=100)
  )
  (string_encoder): LinearStringEncoder(
    (fc): Linear(in_features=1063, out_features=100)
  )
  (scorer): MLPScorer(
    (dropout): Dropout(p=0.3)
    (linear_4): Linear(in_features=100, out_features=100)
    (linear_5): Linear(in_features=100, out_features=100)
    (linear_3): Linear(in_features=100, out_features=1)
  )
)
 Speaker0: Speaker0Model(
  (scene_encoder): LinearSceneEncoder(
    (fc): Linear(in_features=280, out_features=100)
  )
  (string_decoder): LSTMStringDecoder(
    (embedding): Embedding(1063, 100)
    (lstm): LSTM(100, 100, num_layers=2, batch_first=True, dropout=0.3)
    (linear): Linear(in_features=100, out_features=1063)
    (dropout): Dropout(p=0.3)
  )
)
 Training Listener0...
